e:\deu_trunk\deu3d_tools\datakeeper\bin\x64\debug\datakeeper.obj
e:\deu_trunk\deu3d_tools\datakeeper\bin\x64\debug\dataset.obj
e:\deu_trunk\deu3d_tools\datakeeper\bin\x64\debug\datasetmanager.obj
e:\deu_trunk\deu3d_tools\datakeeper\bin\x64\debug\datasetsegment.obj
e:\deu_trunk\deu3d_tools\datakeeper\bin\x64\debug\deudatalog.obj
e:\deu_trunk\deu3d_tools\datakeeper\bin\x64\debug\deudefine.obj
e:\deu_trunk\deu3d_tools\datakeeper\bin\x64\debug\deulocaldataset.obj
e:\deu_trunk\deu3d_tools\datakeeper\bin\x64\debug\deulog.obj
e:\deu_trunk\deu3d_tools\datakeeper\bin\x64\debug\deuurlserver.obj
e:\deu_trunk\deu3d_tools\datakeeper\bin\x64\debug\deuutils.obj
e:\deu_trunk\deu3d_tools\datakeeper\bin\x64\debug\service.obj
e:\deu_trunk\deu3d_tools\datakeeper\bin\x64\debug\servicemanager.obj
e:\deu_trunk\deu3d_tools\datakeeper\bin\x64\debug\verify.obj
e:\deu_trunk\deu3d_tools\datakeeper\bin\x64\debug\vc100.pdb
e:\deu_trunk\deu3d_tools\datakeeper\bin\x64\datakeeperd.lib
e:\deu_trunk\deu3d_tools\datakeeper\bin\x64\datakeeperd.exp
e:\deu_trunk\deu3d_tools\datakeeper\bin\x64\datakeeperd.ilk
e:\deu_trunk\deu3d_tools\datakeeper\bin\x64\datakeeperd.dll
e:\deu_trunk\deu3d_tools\datakeeper\bin\x64\debug\datakeeperd.dll.intermediate.manifest
e:\deu_trunk\deu3d_tools\datakeeper\bin\x64\datakeeperd.pdb
e:\deu_trunk\deu3d_tools\datakeeper\bin\x64\debug\datakeeperd.dll.embed.manifest
e:\deu_trunk\deu3d_tools\datakeeper\bin\x64\debug\deuglobeversioninfo.res
e:\deu_trunk\deu3d_tools\datakeeper\bin\x64\debug\datakeeperd.dll.embed.manifest.res
e:\deu_trunk\deu3d_tools\datakeeper\bin\x64\debug\cl.command.1.tlog
e:\deu_trunk\deu3d_tools\datakeeper\bin\x64\debug\cl.read.1.tlog
e:\deu_trunk\deu3d_tools\datakeeper\bin\x64\debug\cl.write.1.tlog
e:\deu_trunk\deu3d_tools\datakeeper\bin\x64\debug\datakeeper.write.1.tlog
e:\deu_trunk\deu3d_tools\datakeeper\bin\x64\debug\link-cvtres.read.1.tlog
e:\deu_trunk\deu3d_tools\datakeeper\bin\x64\debug\link-cvtres.write.1.tlog
e:\deu_trunk\deu3d_tools\datakeeper\bin\x64\debug\link.15504-cvtres.read.1.tlog
e:\deu_trunk\deu3d_tools\datakeeper\bin\x64\debug\link.15504-cvtres.write.1.tlog
e:\deu_trunk\deu3d_tools\datakeeper\bin\x64\debug\link.15504.read.1.tlog
e:\deu_trunk\deu3d_tools\datakeeper\bin\x64\debug\link.15504.write.1.tlog
e:\deu_trunk\deu3d_tools\datakeeper\bin\x64\debug\link.command.1.tlog
e:\deu_trunk\deu3d_tools\datakeeper\bin\x64\debug\link.read.1.tlog
e:\deu_trunk\deu3d_tools\datakeeper\bin\x64\debug\link.write.1.tlog
e:\deu_trunk\deu3d_tools\datakeeper\bin\x64\debug\mt.command.1.tlog
e:\deu_trunk\deu3d_tools\datakeeper\bin\x64\debug\mt.read.1.tlog
e:\deu_trunk\deu3d_tools\datakeeper\bin\x64\debug\mt.write.1.tlog
e:\deu_trunk\deu3d_tools\datakeeper\bin\x64\debug\rc.command.1.tlog
e:\deu_trunk\deu3d_tools\datakeeper\bin\x64\debug\rc.read.1.tlog
e:\deu_trunk\deu3d_tools\datakeeper\bin\x64\debug\rc.write.1.tlog
e:\deu_trunk\deu3d_tools\datakeeper\bin\x64\debug\vc100.idb
e:\deu_trunk\deu3d_tools\datakeeper\bin\x64\debug\datakeeperd_manifest.rc
