e:\deu_trunk\deu3d_osg\bin\win32\debug\engine\clampcolor.obj
e:\deu_trunk\deu3d_osg\bin\win32\debug\engine\cameraview.obj
e:\deu_trunk\deu3d_osg\bin\win32\debug\engine\camera.obj
e:\deu_trunk\deu3d_osg\bin\win32\debug\engine\bufferobject.obj
e:\deu_trunk\deu3d_osg\bin\win32\debug\engine\bufferindexbinding.obj
e:\deu_trunk\deu3d_osg\bin\win32\debug\engine\blendfunc.obj
e:\deu_trunk\deu3d_osg\bin\win32\debug\engine\blendequation.obj
e:\deu_trunk\deu3d_osg\bin\win32\debug\engine\blendcolor.obj
e:\deu_trunk\deu3d_osg\bin\win32\debug\engine\billboard.obj
e:\deu_trunk\deu3d_osg\bin\win32\debug\engine\autotransform.obj
e:\deu_trunk\deu3d_osg\bin\win32\debug\engine\arraydispatchers.obj
e:\deu_trunk\deu3d_osg\bin\win32\debug\engine\array.obj
e:\deu_trunk\deu3d_osg\bin\win32\debug\engine\animationpath.obj
e:\deu_trunk\deu3d_osg\bin\win32\debug\engine\alphafunc.obj
e:\deu_trunk\deu3d_osg\bin\win32\debug\engine\singlelinegeode.obj
e:\deu_trunk\deu3d_osg\bin\win32\debug\engine\sharedstateattributes.obj
e:\deu_trunk\deu3d_osg\bin\win32\debug\engine\sharedobjectpool.obj
e:\deu_trunk\deu3d_osg\bin\win32\debug\engine\pagedlod_multicenter.obj
e:\deu_trunk\deu3d_osg\bin\win32\debug\engine\multilinedrawable.obj
e:\deu_trunk\deu3d_osg\bin\win32\debug\engine\linenode.obj
e:\deu_trunk\deu3d_osg\bin\win32\debug\engine\drawpixels.obj
e:\deu_trunk\deu3d_osg\bin\win32\debug\engine\drawable.obj
e:\deu_trunk\deu3d_osg\bin\win32\debug\engine\displaysettings.obj
e:\deu_trunk\deu3d_osg\bin\win32\debug\engine\depth.obj
e:\deu_trunk\deu3d_osg\bin\win32\debug\engine\cullstack.obj
e:\deu_trunk\deu3d_osg\bin\win32\debug\engine\cullsettings.obj
e:\deu_trunk\deu3d_osg\bin\win32\debug\engine\cullingset.obj
e:\deu_trunk\deu3d_osg\bin\win32\debug\engine\cullface.obj
e:\deu_trunk\deu3d_osg\bin\win32\debug\engine\copyop.obj
e:\deu_trunk\deu3d_osg\bin\win32\debug\engine\coordinatesystemnode.obj
e:\deu_trunk\deu3d_osg\bin\win32\debug\engine\convexplanarpolygon.obj
e:\deu_trunk\deu3d_osg\bin\win32\debug\engine\convexplanaroccluder.obj
e:\deu_trunk\deu3d_osg\bin\win32\debug\engine\computeboundsvisitor.obj
e:\deu_trunk\deu3d_osg\bin\win32\debug\engine\colormatrix.obj
e:\deu_trunk\deu3d_osg\bin\win32\debug\engine\colormask.obj
e:\deu_trunk\deu3d_osg\bin\win32\debug\engine\collectoccludersvisitor.obj
e:\deu_trunk\deu3d_osg\bin\win32\debug\engine\clustercullingcallback.obj
e:\deu_trunk\deu3d_osg\bin\win32\debug\engine\clipplane.obj
e:\deu_trunk\deu3d_osg\bin\win32\debug\engine\clipnode.obj
e:\deu_trunk\deu3d_osg\bin\win32\debug\engine\clearnode.obj
e:\deu_trunk\deu3d_osg\bin\win32\debug\engine\kdtree.obj
e:\deu_trunk\deu3d_osg\bin\win32\debug\engine\imageutils.obj
e:\deu_trunk\deu3d_osg\bin\win32\debug\engine\image.obj
e:\deu_trunk\deu3d_osg\bin\win32\debug\engine\hint.obj
e:\deu_trunk\deu3d_osg\bin\win32\debug\engine\group.obj
e:\deu_trunk\deu3d_osg\bin\win32\debug\engine\graphicsthread.obj
e:\deu_trunk\deu3d_osg\bin\win32\debug\engine\graphicscontext.obj
e:\deu_trunk\deu3d_osg\bin\win32\debug\engine\glstaticlibrary.obj
e:\deu_trunk\deu3d_osg\bin\win32\debug\engine\globjects.obj
e:\deu_trunk\deu3d_osg\bin\win32\debug\engine\glbeginendadapter.obj
e:\deu_trunk\deu3d_osg\bin\win32\debug\engine\glextensions.obj
e:\deu_trunk\deu3d_osg\bin\win32\debug\engine\gl2extensions.obj
e:\deu_trunk\deu3d_osg\bin\win32\debug\engine\geometry.obj
e:\deu_trunk\deu3d_osg\bin\win32\debug\engine\geode.obj
e:\deu_trunk\deu3d_osg\bin\win32\debug\engine\frontface.obj
e:\deu_trunk\deu3d_osg\bin\win32\debug\engine\framestamp.obj
e:\deu_trunk\deu3d_osg\bin\win32\debug\engine\framebufferobject.obj
e:\deu_trunk\deu3d_osg\bin\win32\debug\engine\fragmentprogram.obj
e:\deu_trunk\deu3d_osg\bin\win32\debug\engine\fog.obj
e:\deu_trunk\deu3d_osg\bin\win32\debug\engine\dxtctool.obj
e:\deu_trunk\deu3d_osg\bin\win32\debug\engine\object.obj
e:\deu_trunk\deu3d_osg\bin\win32\debug\engine\notify.obj
e:\deu_trunk\deu3d_osg\bin\win32\debug\engine\nodevisitor.obj
e:\deu_trunk\deu3d_osg\bin\win32\debug\engine\node.obj
e:\deu_trunk\deu3d_osg\bin\win32\debug\engine\nodecallback.obj
e:\deu_trunk\deu3d_osg\bin\win32\debug\engine\multisample.obj
e:\deu_trunk\deu3d_osg\bin\win32\debug\engine\matrixtransform.obj
e:\deu_trunk\deu3d_osg\bin\win32\debug\engine\matrixf.obj
e:\deu_trunk\deu3d_osg\bin\win32\debug\engine\matrixdecomposition.obj
e:\deu_trunk\deu3d_osg\bin\win32\debug\engine\matrixd.obj
e:\deu_trunk\deu3d_osg\bin\win32\debug\engine\math.obj
e:\deu_trunk\deu3d_osg\bin\win32\debug\engine\material.obj
e:\deu_trunk\deu3d_osg\bin\win32\debug\engine\logicop.obj
e:\deu_trunk\deu3d_osg\bin\win32\debug\engine\lod.obj
e:\deu_trunk\deu3d_osg\bin\win32\debug\engine\linewidth.obj
e:\deu_trunk\deu3d_osg\bin\win32\debug\engine\linestipple.obj
e:\deu_trunk\deu3d_osg\bin\win32\debug\engine\linesegment.obj
e:\deu_trunk\deu3d_osg\bin\win32\debug\engine\lightsource.obj
e:\deu_trunk\deu3d_osg\bin\win32\debug\engine\lightmodel.obj
e:\deu_trunk\deu3d_osg\bin\win32\debug\engine\light.obj
e:\deu_trunk\deu3d_osg\bin\win32\debug\engine\shademodel.obj
e:\deu_trunk\deu3d_osg\bin\win32\debug\engine\sequence.obj
e:\deu_trunk\deu3d_osg\bin\win32\debug\engine\scissor.obj
e:\deu_trunk\deu3d_osg\bin\win32\debug\engine\referenced.obj
e:\deu_trunk\deu3d_osg\bin\win32\debug\engine\quat.obj
e:\deu_trunk\deu3d_osg\bin\win32\debug\engine\proxynode.obj
e:\deu_trunk\deu3d_osg\bin\win32\debug\engine\projection.obj
e:\deu_trunk\deu3d_osg\bin\win32\debug\engine\program.obj
e:\deu_trunk\deu3d_osg\bin\win32\debug\engine\primitiveset.obj
e:\deu_trunk\deu3d_osg\bin\win32\debug\engine\positionattitudetransform.obj
e:\deu_trunk\deu3d_osg\bin\win32\debug\engine\polygonstipple.obj
e:\deu_trunk\deu3d_osg\bin\win32\debug\engine\polygonoffset.obj
e:\deu_trunk\deu3d_osg\bin\win32\debug\engine\polygonmode.obj
e:\deu_trunk\deu3d_osg\bin\win32\debug\engine\pointsprite.obj
e:\deu_trunk\deu3d_osg\bin\win32\debug\engine\point.obj
e:\deu_trunk\deu3d_osg\bin\win32\debug\engine\pagedlod.obj
e:\deu_trunk\deu3d_osg\bin\win32\debug\engine\operationthread.obj
e:\deu_trunk\deu3d_osg\bin\win32\debug\engine\occlusionquerynode.obj
e:\deu_trunk\deu3d_osg\bin\win32\debug\engine\occludernode.obj
e:\deu_trunk\deu3d_osg\bin\win32\debug\engine\observernodepath.obj
e:\deu_trunk\deu3d_osg\bin\win32\debug\engine\texture1d.obj
e:\deu_trunk\deu3d_osg\bin\win32\debug\engine\texmat.obj
e:\deu_trunk\deu3d_osg\bin\win32\debug\engine\texgennode.obj
e:\deu_trunk\deu3d_osg\bin\win32\debug\engine\texgen.obj
e:\deu_trunk\deu3d_osg\bin\win32\debug\engine\texenvfilter.obj
e:\deu_trunk\deu3d_osg\bin\win32\debug\engine\texenv.obj
e:\deu_trunk\deu3d_osg\bin\win32\debug\engine\texenvcombine.obj
e:\deu_trunk\deu3d_osg\bin\win32\debug\engine\switch.obj
e:\deu_trunk\deu3d_osg\bin\win32\debug\engine\stenciltwosided.obj
e:\deu_trunk\deu3d_osg\bin\win32\debug\engine\stencil.obj
e:\deu_trunk\deu3d_osg\bin\win32\debug\engine\stats.obj
e:\deu_trunk\deu3d_osg\bin\win32\debug\engine\stateset.obj
e:\deu_trunk\deu3d_osg\bin\win32\debug\engine\state.obj
e:\deu_trunk\deu3d_osg\bin\win32\debug\engine\stateattribute.obj
e:\deu_trunk\deu3d_osg\bin\win32\debug\engine\shapedrawable.obj
e:\deu_trunk\deu3d_osg\bin\win32\debug\engine\shape.obj
e:\deu_trunk\deu3d_osg\bin\win32\debug\engine\shadowvolumeoccluder.obj
e:\deu_trunk\deu3d_osg\bin\win32\debug\engine\shadercomposer.obj
e:\deu_trunk\deu3d_osg\bin\win32\debug\engine\shaderattribute.obj
e:\deu_trunk\deu3d_osg\bin\win32\debug\engine\shader.obj
e:\deu_trunk\deu3d_osg\bin\win32\debug\engine\priorityq.obj
e:\deu_trunk\deu3d_osg\bin\win32\debug\engine\memalloc.obj
e:\deu_trunk\deu3d_osg\bin\win32\debug\engine\normal.obj
e:\deu_trunk\deu3d_osg\bin\win32\debug\engine\mipmap.obj
e:\deu_trunk\deu3d_osg\bin\win32\debug\engine\error.obj
e:\deu_trunk\deu3d_osg\bin\win32\debug\engine\viewport.obj
e:\deu_trunk\deu3d_osg\bin\win32\debug\engine\view.obj
e:\deu_trunk\deu3d_osg\bin\win32\debug\engine\vertexprogram.obj
e:\deu_trunk\deu3d_osg\bin\win32\debug\engine\version.obj
e:\deu_trunk\deu3d_osg\bin\win32\debug\engine\userdatacontainer.obj
e:\deu_trunk\deu3d_osg\bin\win32\debug\engine\uniform.obj
e:\deu_trunk\deu3d_osg\bin\win32\debug\engine\transform.obj
e:\deu_trunk\deu3d_osg\bin\win32\debug\engine\timer.obj
e:\deu_trunk\deu3d_osg\bin\win32\debug\engine\texturerectangle.obj
e:\deu_trunk\deu3d_osg\bin\win32\debug\engine\texturecubemap.obj
e:\deu_trunk\deu3d_osg\bin\win32\debug\engine\texture.obj
e:\deu_trunk\deu3d_osg\bin\win32\debug\engine\texture3d.obj
e:\deu_trunk\deu3d_osg\bin\win32\debug\engine\texture2dmultisample.obj
e:\deu_trunk\deu3d_osg\bin\win32\debug\engine\texture2d.obj
e:\deu_trunk\deu3d_osg\bin\win32\debug\engine\texture2darray.obj
e:\deu_trunk\deu3d_osg\bin\win32\debug\engine\tess.obj
e:\deu_trunk\deu3d_osg\bin\win32\debug\engine\geom.obj
e:\deu_trunk\deu3d_osg\bin\win32\debug\engine\dict.obj
e:\deu_trunk\deu3d_osg\bin\win32\debug\engine\sweep.obj
e:\deu_trunk\deu3d_osg\bin\win32\debug\engine\tessmono.obj
e:\deu_trunk\deu3d_osg\bin\win32\debug\engine\mesh.obj
e:\deu_trunk\deu3d_osg\bin\win32\debug\engine\render.obj
e:\deu_trunk\deu3d_osg\bin\win32\engined.pdb
e:\deu_trunk\deu3d_osg\bin\win32\engined.ilk
e:\deu_trunk\deu3d_osg\bin\win32\engined.dll
e:\deu_trunk\deu3d_osg\bin\win32\debug\engine\engined.dll.intermediate.manifest
e:\deu_trunk\deu3d_osg\bin\win32\debug\engine\engined.dll.embed.manifest
e:\deu_trunk\deu3d_osg\bin\win32\engined.lib
e:\deu_trunk\deu3d_osg\bin\win32\engined.exp
e:\deu_trunk\deu3d_osg\bin\win32\debug\engine\deuglobeversioninfo.res
e:\deu_trunk\deu3d_osg\bin\win32\debug\engine\engined.dll.embed.manifest.res
e:\deu_trunk\deu3d_osg\bin\win32\debug\engine\cl.command.1.tlog
e:\deu_trunk\deu3d_osg\bin\win32\debug\engine\cl.read.1.tlog
e:\deu_trunk\deu3d_osg\bin\win32\debug\engine\cl.write.1.tlog
e:\deu_trunk\deu3d_osg\bin\win32\debug\engine\link-cvtres.read.1.tlog
e:\deu_trunk\deu3d_osg\bin\win32\debug\engine\link-cvtres.write.1.tlog
e:\deu_trunk\deu3d_osg\bin\win32\debug\engine\link.5952-cvtres.read.1.tlog
e:\deu_trunk\deu3d_osg\bin\win32\debug\engine\link.5952-cvtres.write.1.tlog
e:\deu_trunk\deu3d_osg\bin\win32\debug\engine\link.5952.read.1.tlog
e:\deu_trunk\deu3d_osg\bin\win32\debug\engine\link.5952.write.1.tlog
e:\deu_trunk\deu3d_osg\bin\win32\debug\engine\link.command.1.tlog
e:\deu_trunk\deu3d_osg\bin\win32\debug\engine\link.read.1.tlog
e:\deu_trunk\deu3d_osg\bin\win32\debug\engine\link.write.1.tlog
e:\deu_trunk\deu3d_osg\bin\win32\debug\engine\mt.command.1.tlog
e:\deu_trunk\deu3d_osg\bin\win32\debug\engine\mt.read.1.tlog
e:\deu_trunk\deu3d_osg\bin\win32\debug\engine\mt.write.1.tlog
e:\deu_trunk\deu3d_osg\bin\win32\debug\engine\osg.write.1.tlog
e:\deu_trunk\deu3d_osg\bin\win32\debug\engine\rc.command.1.tlog
e:\deu_trunk\deu3d_osg\bin\win32\debug\engine\rc.read.1.tlog
e:\deu_trunk\deu3d_osg\bin\win32\debug\engine\rc.write.1.tlog
e:\deu_trunk\deu3d_osg\bin\win32\debug\engine\engined_manifest.rc
e:\deu_trunk\deu3d_osg\src\osg\..\..\bin\win32\engined.dll
