生成启动时间为 2017/12/23 13:57:50。
     1>项目“E:\DEU_Trunk\DEU3D_Common\DEUDB\DEUDB.vcxproj”在节点 3 上(build 个目标)。
     1>InitializeBuildStatus:
         正在创建“Bin\x64\Release\DEUDB.unsuccessfulbuild”，因为已指定“AlwaysCreate”。
       ClCompile:
         d:\Program Files (x86)\Microsoft Visual Studio 10.0\VC\bin\x86_amd64\CL.exe /c /I.\include /I..\..\DEU3D_3rdParty\3rdParty_DEU3D\Include /Zi /nologo /W3 /WX- /O2 /Oi /GL /D WIN32 /D NDEBUG /D _WINDOWS /D _USRDLL /D FILECACHE_EXPORTS /D _WINDLL /D _MBCS /Gm- /EHsc /MD /GS /Gy /fp:precise /Zc:wchar_t /Zc:forScope /Fo"Bin\x64\Release\\" /Fd"Bin\x64\Release\vc100.pdb" /Gd /TP /errorReport:prompt src\DataBase.cpp src\DatabaseFile.cpp src\FileCache.cpp src\RoutineManager.cpp src\WorkingThreads.cpp
         DataBase.cpp
         DatabaseFile.cpp
         FileCache.cpp
         RoutineManager.cpp
         WorkingThreads.cpp
       ResourceCompile:
         C:\Program Files (x86)\Microsoft SDKs\Windows\v7.0A\bin\rc.exe /l"0x0409" /nologo /fo"Bin\x64\Release\DEUGlobeVersionInfo.res" ..\..\DEU3D_VersionRes\DEUGlobeVersionInfo.rc 
       Link:
         d:\Program Files (x86)\Microsoft Visual Studio 10.0\VC\bin\x86_amd64\link.exe /ERRORREPORT:PROMPT /OUT:"Bin\x64\DEUDB.dll" /INCREMENTAL:NO /NOLOGO /LIBPATH:..\..\DEU3D_3rdParty\3rdParty_DEU3D\Lib\x64 OpenThreads.lib OpenSP.lib IDProvider.lib Common.lib kernel32.lib user32.lib gdi32.lib winspool.lib comdlg32.lib advapi32.lib shell32.lib ole32.lib oleaut32.lib uuid.lib odbc32.lib odbccp32.lib /MANIFEST /ManifestFile:"Bin\x64\Release\DEUDB.dll.intermediate.manifest" /MANIFESTUAC:"level='asInvoker' uiAccess='false'" /PDB:"E:\DEU_Trunk\DEU3D_Common\DEUDB\Bin\x64\DEUDB.pdb" /SUBSYSTEM:WINDOWS /OPT:REF /OPT:ICF /LTCG /TLBID:1 /DYNAMICBASE /NXCOMPAT /IMPLIB:"Bin\x64\DEUDB.lib" /MACHINE:X64 /DLL Bin\x64\Release\DEUGlobeVersionInfo.res
         Bin\x64\Release\DataBase.obj
         Bin\x64\Release\DatabaseFile.obj
         Bin\x64\Release\FileCache.obj
         Bin\x64\Release\RoutineManager.obj
         Bin\x64\Release\WorkingThreads.obj
            正在创建库 Bin\x64\DEUDB.lib 和对象 Bin\x64\DEUDB.exp
         正在生成代码
         已完成代码的生成
         DEUDB.vcxproj -> E:\DEU_Trunk\DEU3D_Common\DEUDB\Bin\x64\DEUDB.dll
       Manifest:
         C:\Program Files (x86)\Microsoft SDKs\Windows\v7.0A\bin\mt.exe /nologo /verbose /outputresource:"Bin\x64\DEUDB.dll;#2" /manifest Bin\x64\Release\DEUDB.dll.intermediate.manifest
       PostBuildEvent:
         copy E:\DEU_Trunk\DEU3D_Common\DEUDB\Bin\x64\DEUDB.dll ..\..\DEU3D_Bin\x64\ /Y
         copy E:\DEU_Trunk\DEU3D_Common\DEUDB\Bin\x64\DEUDB.lib ..\..\DEU3D_3rdParty\3rdParty_DEU3D\Lib\x64\ /Y
         :VCEnd
         已复制         1 个文件。
         已复制         1 个文件。
       FinalizeBuildStatus:
         正在删除文件“Bin\x64\Release\DEUDB.unsuccessfulbuild”。
         正在对“Bin\x64\Release\DEUDB.lastbuildstate”执行 Touch 任务。
     1>已完成生成项目“E:\DEU_Trunk\DEU3D_Common\DEUDB\DEUDB.vcxproj”(build 个目标)的操作。

生成成功。

已用时间 00:00:05.52
