Build started 2017/11/10 12:03:58.
     1>Project "E:\DEU_Trunk\DEU3D_Common\EventAdapter\EventAdapter.vcxproj" on node 3 (build target(s)).
     1>InitializeBuildStatus:
         Creating "Bin\Win32\Debug\EventAdapter.unsuccessfulbuild" because "AlwaysCreate" was specified.
       ClCompile:
         C:\Program Files (x86)\Microsoft Visual Studio 10.0\VC\bin\CL.exe /c /I.\include /I..\..\DEU3D_3rdParty\3rdParty_DEU3D\Include /ZI /nologo /W3 /WX- /Od /Oy- /D WIN32 /D _DEBUG /D _WINDOWS /D _USRDLL /D EVENTADAPTER_EXPORTS /D _WINDLL /D _MBCS /Gm /EHsc /RTC1 /MDd /GS /fp:precise /Zc:wchar_t /Zc:forScope /Fo"Bin\Win32\Debug\\" /Fd"Bin\Win32\Debug\vc100.pdb" /Gd /TP /wd4251 /analyze- /errorReport:prompt src\EventAdapter.cpp src\EventFilter.cpp src\EventObject.cpp
         EventAdapter.cpp
         正在生成代码...
         正在跳过...(未检测到相关更改)
         EventObject.cpp
         EventFilter.cpp
       ResourceCompile:
         All outputs are up-to-date.
       ManifestResourceCompile:
         All outputs are up-to-date.
       Link:
         C:\Program Files (x86)\Microsoft Visual Studio 10.0\VC\bin\link.exe /ERRORREPORT:PROMPT /OUT:"Bin\Win32\EventAdapterd.dll" /INCREMENTAL /NOLOGO /LIBPATH:..\..\DEU3D_3rdParty\3rdParty_DEU3D\Lib\Win32 OpenSPd.lib Commond.lib OpenThreadsd.lib kernel32.lib user32.lib gdi32.lib winspool.lib comdlg32.lib advapi32.lib shell32.lib ole32.lib oleaut32.lib uuid.lib odbc32.lib odbccp32.lib /MANIFEST /ManifestFile:"Bin\Win32\Debug\EventAdapterd.dll.intermediate.manifest" /MANIFESTUAC:"level='asInvoker' uiAccess='false'" /DEBUG /PDB:"E:\DEU_Trunk\DEU3D_Common\EventAdapter\Bin\Win32\EventAdapterd.pdb" /SUBSYSTEM:WINDOWS /TLBID:1 /DYNAMICBASE /NXCOMPAT /IMPLIB:"Bin\Win32\EventAdapterd.lib" /MACHINE:X86 /DLL Bin\Win32\Debug\DEUGlobeVersionInfo.res
         Bin\Win32\Debug\EventAdapterd.dll.embed.manifest.res
         Bin\Win32\Debug\EventAdapter.obj
         Bin\Win32\Debug\EventFilter.obj
         Bin\Win32\Debug\EventObject.obj
            正在创建库 Bin\Win32\EventAdapterd.lib 和对象 Bin\Win32\EventAdapterd.exp
       Manifest:
         C:\Program Files (x86)\Microsoft SDKs\Windows\v7.0A\bin\mt.exe /nologo /verbose /out:"Bin\Win32\Debug\EventAdapterd.dll.embed.manifest" /manifest Bin\Win32\Debug\EventAdapterd.dll.intermediate.manifest
         All outputs are up-to-date.
       LinkEmbedManifest:
         All outputs are up-to-date.
         EventAdapter.vcxproj -> E:\DEU_Trunk\DEU3D_Common\EventAdapter\Bin\Win32\EventAdapterd.dll
       PostBuildEvent:
         copy E:\DEU_Trunk\DEU3D_Common\EventAdapter\Bin\Win32\EventAdapterd.dll ..\..\DEU3D_Bin\Win32\ /Y
         copy E:\DEU_Trunk\DEU3D_Common\EventAdapter\Bin\Win32\EventAdapterd.lib ..\..\DEU3D_3rdParty\3rdParty_DEU3D\Lib\Win32\ /Y
         :VCEnd
         已复制         1 个文件。
         已复制         1 个文件。
       FinalizeBuildStatus:
         Deleting file "Bin\Win32\Debug\EventAdapter.unsuccessfulbuild".
         Touching "Bin\Win32\Debug\EventAdapter.lastbuildstate".
     1>Done Building Project "E:\DEU_Trunk\DEU3D_Common\EventAdapter\EventAdapter.vcxproj" (build target(s)).

生成成功。

Time Elapsed 00:00:02.40
