e:\deu_trunk\deu3d_osg\bin\x64\release\version.obj
e:\deu_trunk\deu3d_osg\bin\x64\release\geometrytechnique.obj
e:\deu_trunk\deu3d_osg\bin\x64\release\terraintechnique.obj
e:\deu_trunk\deu3d_osg\bin\x64\release\terraintile.obj
e:\deu_trunk\deu3d_osg\bin\x64\release\locator.obj
e:\deu_trunk\deu3d_osg\bin\x64\release\layer.obj
e:\deu_trunk\deu3d_osg\bin\x64\release\dataoutputstream.obj
e:\deu_trunk\deu3d_osg\bin\x64\release\datainputstream.obj
e:\deu_trunk\deu3d_osg\bin\x64\release\cullface.obj
e:\deu_trunk\deu3d_osg\bin\x64\release\coordinatesystemnode.obj
e:\deu_trunk\deu3d_osg\bin\x64\release\convexplanarpolygon.obj
e:\deu_trunk\deu3d_osg\bin\x64\release\convexplanaroccluder.obj
e:\deu_trunk\deu3d_osg\bin\x64\release\colormask.obj
e:\deu_trunk\deu3d_osg\bin\x64\release\clustercullingcallback.obj
e:\deu_trunk\deu3d_osg\bin\x64\release\clipplane.obj
e:\deu_trunk\deu3d_osg\bin\x64\release\clipnode.obj
e:\deu_trunk\deu3d_osg\bin\x64\release\cameraview.obj
e:\deu_trunk\deu3d_osg\bin\x64\release\camera.obj
e:\deu_trunk\deu3d_osg\bin\x64\release\blendfunc.obj
e:\deu_trunk\deu3d_osg\bin\x64\release\blendequation.obj
e:\deu_trunk\deu3d_osg\bin\x64\release\blendcolor.obj
e:\deu_trunk\deu3d_osg\bin\x64\release\billboard.obj
e:\deu_trunk\deu3d_osg\bin\x64\release\autotransform.obj
e:\deu_trunk\deu3d_osg\bin\x64\release\animationpathcallback.obj
e:\deu_trunk\deu3d_osg\bin\x64\release\animationpath.obj
e:\deu_trunk\deu3d_osg\bin\x64\release\alphafunc.obj
e:\deu_trunk\deu3d_osg\bin\x64\release\lightmodel.obj
e:\deu_trunk\deu3d_osg\bin\x64\release\light.obj
e:\deu_trunk\deu3d_osg\bin\x64\release\lod.obj
e:\deu_trunk\deu3d_osg\bin\x64\release\image.obj
e:\deu_trunk\deu3d_osg\bin\x64\release\group.obj
e:\deu_trunk\deu3d_osg\bin\x64\release\geometry.obj
e:\deu_trunk\deu3d_osg\bin\x64\release\geode.obj
e:\deu_trunk\deu3d_osg\bin\x64\release\frontface.obj
e:\deu_trunk\deu3d_osg\bin\x64\release\fragmentprogram.obj
e:\deu_trunk\deu3d_osg\bin\x64\release\fog.obj
e:\deu_trunk\deu3d_osg\bin\x64\release\fadetext.obj
e:\deu_trunk\deu3d_osg\bin\x64\release\exception.obj
e:\deu_trunk\deu3d_osg\bin\x64\release\ellipsoidmodel.obj
e:\deu_trunk\deu3d_osg\bin\x64\release\drawable.obj
e:\deu_trunk\deu3d_osg\bin\x64\release\drawelementsushort.obj
e:\deu_trunk\deu3d_osg\bin\x64\release\drawelementsuint.obj
e:\deu_trunk\deu3d_osg\bin\x64\release\drawelementsubyte.obj
e:\deu_trunk\deu3d_osg\bin\x64\release\drawarrays.obj
e:\deu_trunk\deu3d_osg\bin\x64\release\drawarraylengths.obj
e:\deu_trunk\deu3d_osg\bin\x64\release\depth.obj
e:\deu_trunk\deu3d_osg\bin\x64\release\proxynode.obj
e:\deu_trunk\deu3d_osg\bin\x64\release\program.obj
e:\deu_trunk\deu3d_osg\bin\x64\release\primitiveset.obj
e:\deu_trunk\deu3d_osg\bin\x64\release\positionattitudetransform.obj
e:\deu_trunk\deu3d_osg\bin\x64\release\polygonstipple.obj
e:\deu_trunk\deu3d_osg\bin\x64\release\polygonoffset.obj
e:\deu_trunk\deu3d_osg\bin\x64\release\polygonmode.obj
e:\deu_trunk\deu3d_osg\bin\x64\release\pointsprite.obj
e:\deu_trunk\deu3d_osg\bin\x64\release\point.obj
e:\deu_trunk\deu3d_osg\bin\x64\release\pagedlod.obj
e:\deu_trunk\deu3d_osg\bin\x64\release\occlusionquerynode.obj
e:\deu_trunk\deu3d_osg\bin\x64\release\occludernode.obj
e:\deu_trunk\deu3d_osg\bin\x64\release\object.obj
e:\deu_trunk\deu3d_osg\bin\x64\release\node.obj
e:\deu_trunk\deu3d_osg\bin\x64\release\multisample.obj
e:\deu_trunk\deu3d_osg\bin\x64\release\matrixtransform.obj
e:\deu_trunk\deu3d_osg\bin\x64\release\material.obj
e:\deu_trunk\deu3d_osg\bin\x64\release\linewidth.obj
e:\deu_trunk\deu3d_osg\bin\x64\release\linestipple.obj
e:\deu_trunk\deu3d_osg\bin\x64\release\lightsource.obj
e:\deu_trunk\deu3d_osg\bin\x64\release\texture2d.obj
e:\deu_trunk\deu3d_osg\bin\x64\release\texture1d.obj
e:\deu_trunk\deu3d_osg\bin\x64\release\texture.obj
e:\deu_trunk\deu3d_osg\bin\x64\release\text3d.obj
e:\deu_trunk\deu3d_osg\bin\x64\release\text.obj
e:\deu_trunk\deu3d_osg\bin\x64\release\texmat.obj
e:\deu_trunk\deu3d_osg\bin\x64\release\texgennode.obj
e:\deu_trunk\deu3d_osg\bin\x64\release\texgen.obj
e:\deu_trunk\deu3d_osg\bin\x64\release\texenvcombine.obj
e:\deu_trunk\deu3d_osg\bin\x64\release\texenv.obj
e:\deu_trunk\deu3d_osg\bin\x64\release\switch.obj
e:\deu_trunk\deu3d_osg\bin\x64\release\stencil.obj
e:\deu_trunk\deu3d_osg\bin\x64\release\stateset.obj
e:\deu_trunk\deu3d_osg\bin\x64\release\shapedrawable.obj
e:\deu_trunk\deu3d_osg\bin\x64\release\shape.obj
e:\deu_trunk\deu3d_osg\bin\x64\release\shader.obj
e:\deu_trunk\deu3d_osg\bin\x64\release\shademodel.obj
e:\deu_trunk\deu3d_osg\bin\x64\release\sequence.obj
e:\deu_trunk\deu3d_osg\bin\x64\release\scissor.obj
e:\deu_trunk\deu3d_osg\bin\x64\release\readerwriterive.obj
e:\deu_trunk\deu3d_osg\bin\x64\release\viewport.obj
e:\deu_trunk\deu3d_osg\bin\x64\release\vertexprogram.obj
e:\deu_trunk\deu3d_osg\bin\x64\release\uniform.obj
e:\deu_trunk\deu3d_osg\bin\x64\release\transform.obj
e:\deu_trunk\deu3d_osg\bin\x64\release\texturerectangle.obj
e:\deu_trunk\deu3d_osg\bin\x64\release\texturecubemap.obj
e:\deu_trunk\deu3d_osg\bin\x64\release\texture3d.obj
e:\deu_trunk\deu3d_osg\bin\x64\release\texture2darray.obj
e:\deu_trunk\deu3d_osg\bin\x64\engineterrain.dll
e:\deu_trunk\deu3d_osg\bin\x64\release\engineterrain.dll.intermediate.manifest
e:\deu_trunk\deu3d_osg\bin\x64\enginedb_ive.dll
e:\deu_trunk\deu3d_osg\bin\x64\release\enginedb_ive.dll.intermediate.manifest
e:\deu_trunk\deu3d_osg\bin\x64\engineterrain.lib
e:\deu_trunk\deu3d_osg\bin\x64\engineterrain.exp
e:\deu_trunk\deu3d_osg\bin\x64\release\deuglobeversioninfo.res
e:\deu_trunk\deu3d_osg\bin\x64\release\cl.command.1.tlog
e:\deu_trunk\deu3d_osg\bin\x64\release\cl.read.1.tlog
e:\deu_trunk\deu3d_osg\bin\x64\release\cl.write.1.tlog
e:\deu_trunk\deu3d_osg\bin\x64\release\link-cvtres.read.1.tlog
e:\deu_trunk\deu3d_osg\bin\x64\release\link-cvtres.write.1.tlog
e:\deu_trunk\deu3d_osg\bin\x64\release\link.command.1.tlog
e:\deu_trunk\deu3d_osg\bin\x64\release\link.read.1.tlog
e:\deu_trunk\deu3d_osg\bin\x64\release\link.write.1.tlog
e:\deu_trunk\deu3d_osg\bin\x64\release\mt.command.1.tlog
e:\deu_trunk\deu3d_osg\bin\x64\release\mt.read.1.tlog
e:\deu_trunk\deu3d_osg\bin\x64\release\mt.write.1.tlog
e:\deu_trunk\deu3d_osg\bin\x64\release\osgterrain.write.1.tlog
e:\deu_trunk\deu3d_osg\bin\x64\release\rc.command.1.tlog
e:\deu_trunk\deu3d_osg\bin\x64\release\rc.read.1.tlog
e:\deu_trunk\deu3d_osg\bin\x64\release\rc.write.1.tlog
e:\deu_trunk\deu3d_osg\src\osgplugins\ive\..\..\..\bin\x64\enginedb_ive.dll
