Build started 2017/11/10 12:04:50.
     1>Project "E:\DEU_Trunk\DEU3D_Common\DEUDBServer\DEUDBServer.vcxproj" on node 3 (build target(s)).
     1>InitializeBuildStatus:
         Creating "Bin\Win32\Release\DEUDBServer.unsuccessfulbuild" because "AlwaysCreate" was specified.
       ClCompile:
         C:\Program Files (x86)\Microsoft Visual Studio 10.0\VC\bin\CL.exe /c /I.\include /I..\..\DEU3D_3rdParty\3rdParty_DEU3D\Include /Zi /nologo /W3 /WX- /O2 /Oi /Oy- /GL /D x64 /D WIN32 /D _MBCS /D _MBCS /Gm- /EHsc /MD /GS /Gy /fp:precise /Zc:wchar_t /Zc:forScope /Fo"Bin\Win32\Release\\" /Fd"Bin\Win32\Release\vc100.pdb" /Gd /TP /analyze- /errorReport:prompt src\DEUSem.cpp src\DEUShareMem.cpp src\main.cpp
         DEUSem.cpp
         DEUShareMem.cpp
         main.cpp
       ResourceCompile:
         C:\Program Files (x86)\Microsoft SDKs\Windows\v7.0A\bin\rc.exe /l"0x0409" /nologo /fo"Bin\Win32\Release\DEUGlobeVersionInfo.res" ..\..\DEU3D_VersionRes\DEUGlobeVersionInfo.rc 
       Link:
         C:\Program Files (x86)\Microsoft Visual Studio 10.0\VC\bin\link.exe /ERRORREPORT:PROMPT /OUT:"Bin\Win32\DEUDBServer.exe" /NOLOGO /LIBPATH:..\..\DEU3D_3rdParty\3rdParty_DEU3D\Lib\Win32 Common.lib IDProvider.lib DEUDB.lib kernel32.lib user32.lib gdi32.lib winspool.lib comdlg32.lib advapi32.lib shell32.lib ole32.lib oleaut32.lib uuid.lib odbc32.lib odbccp32.lib /MANIFEST /ManifestFile:"Bin\Win32\Release\DEUDBServer.exe.intermediate.manifest" /MANIFESTUAC:"level='asInvoker' uiAccess='false'" /PDB:"E:\DEU_Trunk\DEU3D_Common\DEUDBServer\Bin\Win32\DEUDBServer.pdb" /OPT:REF /OPT:ICF /LTCG /TLBID:1 /DYNAMICBASE /NXCOMPAT /IMPLIB:"Bin\Win32\DEUDBServer.lib" /MACHINE:X86 Bin\Win32\Release\DEUGlobeVersionInfo.res
         Bin\Win32\Release\DEUSem.obj
         Bin\Win32\Release\DEUShareMem.obj
         Bin\Win32\Release\main.obj
         正在生成代码
         已完成代码的生成
         DEUDBServer.vcxproj -> E:\DEU_Trunk\DEU3D_Common\DEUDBServer\Bin\Win32\DEUDBServer.exe
       Manifest:
         C:\Program Files (x86)\Microsoft SDKs\Windows\v7.0A\bin\mt.exe /nologo /verbose /outputresource:"Bin\Win32\DEUDBServer.exe;#1" /manifest Bin\Win32\Release\DEUDBServer.exe.intermediate.manifest
       PostBuildEvent:
         copy E:\DEU_Trunk\DEU3D_Common\DEUDBServer\Bin\Win32\DEUDBServer.exe ..\..\DEU3D_Bin\Win32\ /Y
         :VCEnd
         已复制         1 个文件。
       FinalizeBuildStatus:
         Deleting file "Bin\Win32\Release\DEUDBServer.unsuccessfulbuild".
         Touching "Bin\Win32\Release\DEUDBServer.lastbuildstate".
     1>Done Building Project "E:\DEU_Trunk\DEU3D_Common\DEUDBServer\DEUDBServer.vcxproj" (build target(s)).

生成成功。

Time Elapsed 00:00:02.46
