生成启动时间为 2017/12/23 13:58:21。
     1>项目“E:\DEU_Trunk\DEU3D_Common\DEULog\DEULog.vcxproj”在节点 3 上(build 个目标)。
     1>InitializeBuildStatus:
         正在创建“Bin\x64\Release\DEULog.unsuccessfulbuild”，因为已指定“AlwaysCreate”。
       ClCompile:
         d:\Program Files (x86)\Microsoft Visual Studio 10.0\VC\bin\x86_amd64\CL.exe /c /I.\include /Zi /nologo /W3 /WX- /O2 /Oi /GL /D DEULOG_EXPORTS /D WIN32 /D NDEBUG /D _CONSOLE /D _WINDLL /D _MBCS /Gm- /EHsc /MD /GS /Gy /fp:precise /Zc:wchar_t /Zc:forScope /Fo"Bin\x64\Release\\" /Fd"Bin\x64\Release\vc100.pdb" /Gd /TC /errorReport:prompt include\json\cJSON.c
         cJSON.c
     1>include\json\cJSON.c(347): warning C4267: “+=”: 从“size_t”转换到“int”，可能丢失数据
     1>include\json\cJSON.c(437): warning C4267: “+=”: 从“size_t”转换到“int”，可能丢失数据
         d:\Program Files (x86)\Microsoft Visual Studio 10.0\VC\bin\x86_amd64\CL.exe /c /I.\include /Zi /nologo /W3 /WX- /O2 /Oi /GL /D DEULOG_EXPORTS /D WIN32 /D NDEBUG /D _CONSOLE /D _WINDLL /D _MBCS /Gm- /EHsc /MD /GS /Gy /fp:precise /Zc:wchar_t /Zc:forScope /Fo"Bin\x64\Release\\" /Fd"Bin\x64\Release\vc100.pdb" /Gd /TP /errorReport:prompt src\CDEULog.cpp src\stdafx.cpp
         CDEULog.cpp
     1>src\CDEULog.cpp(41): warning C4267: “初始化”: 从“size_t”转换到“int”，可能丢失数据
     1>src\CDEULog.cpp(109): warning C4267: “return”: 从“size_t”转换到“unsigned int”，可能丢失数据
     1>src\CDEULog.cpp(285): warning C4267: “return”: 从“size_t”转换到“unsigned int”，可能丢失数据
     1>src\CDEULog.cpp(445): warning C4267: “return”: 从“size_t”转换到“unsigned int”，可能丢失数据
     1>src\CDEULog.cpp(836): warning C4267: “=”: 从“size_t”转换到“int”，可能丢失数据
     1>src\CDEULog.cpp(915): warning C4267: “return”: 从“size_t”转换到“unsigned int”，可能丢失数据
         stdafx.cpp
       ResourceCompile:
         C:\Program Files (x86)\Microsoft SDKs\Windows\v7.0A\bin\rc.exe /l"0x0409" /nologo /fo"Bin\x64\Release\DEUGlobeVersionInfo.res" ..\..\DEU3D_VersionRes\DEUGlobeVersionInfo.rc 
       Link:
         d:\Program Files (x86)\Microsoft Visual Studio 10.0\VC\bin\x86_amd64\link.exe /ERRORREPORT:PROMPT /OUT:"Bin\x64\DEULog.dll" /INCREMENTAL:NO /NOLOGO kernel32.lib user32.lib gdi32.lib winspool.lib comdlg32.lib advapi32.lib shell32.lib ole32.lib oleaut32.lib uuid.lib odbc32.lib odbccp32.lib /MANIFEST /ManifestFile:"Bin\x64\Release\DEULog.dll.intermediate.manifest" /MANIFESTUAC:"level='asInvoker' uiAccess='false'" /PDB:"E:\DEU_Trunk\DEU3D_Common\DEULog\Bin\x64\DEULog.pdb" /SUBSYSTEM:CONSOLE /OPT:REF /OPT:ICF /LTCG /TLBID:1 /DYNAMICBASE /NXCOMPAT /IMPLIB:"Bin\x64\DEULog.lib" /MACHINE:X64 /DLL Bin\x64\Release\DEUGlobeVersionInfo.res
         Bin\x64\Release\cJSON.obj
         Bin\x64\Release\CDEULog.obj
         Bin\x64\Release\stdafx.obj
            正在创建库 Bin\x64\DEULog.lib 和对象 Bin\x64\DEULog.exp
         正在生成代码
         已完成代码的生成
         DEULog.vcxproj -> E:\DEU_Trunk\DEU3D_Common\DEULog\Bin\x64\DEULog.dll
       Manifest:
         C:\Program Files (x86)\Microsoft SDKs\Windows\v7.0A\bin\mt.exe /nologo /verbose /outputresource:"Bin\x64\DEULog.dll;#2" /manifest Bin\x64\Release\DEULog.dll.intermediate.manifest
       PostBuildEvent:
         copy E:\DEU_Trunk\DEU3D_Common\DEULog\Bin\x64\DEULog.dll ..\..\DEU3D_Bin\x64\ /Y
         copy E:\DEU_Trunk\DEU3D_Common\DEULog\Bin\x64\DEULog.lib ..\..\DEU3D_3rdParty\3rdParty_DEU3D\Lib\x64\ /Y
         :VCEnd
         已复制         1 个文件。
         已复制         1 个文件。
       FinalizeBuildStatus:
         正在删除文件“Bin\x64\Release\DEULog.unsuccessfulbuild”。
         正在对“Bin\x64\Release\DEULog.lastbuildstate”执行 Touch 任务。
     1>已完成生成项目“E:\DEU_Trunk\DEU3D_Common\DEULog\DEULog.vcxproj”(build 个目标)的操作。

生成成功。

已用时间 00:00:02.20
