e:\deu_trunk\deu3d_osg\bin\x64\release\enginega\version.obj
e:\deu_trunk\deu3d_osg\bin\x64\release\enginega\trackballmanipulator.obj
e:\deu_trunk\deu3d_osg\bin\x64\release\enginega\statesetmanipulator.obj
e:\deu_trunk\deu3d_osg\bin\x64\release\enginega\standardmanipulator.obj
e:\deu_trunk\deu3d_osg\bin\x64\release\enginega\orbitmanipulator.obj
e:\deu_trunk\deu3d_osg\bin\x64\release\enginega\cameramanipulator.obj
e:\deu_trunk\deu3d_osg\bin\x64\release\enginega\guieventhandler.obj
e:\deu_trunk\deu3d_osg\bin\x64\release\enginega\guieventadapter.obj
e:\deu_trunk\deu3d_osg\bin\x64\release\enginega\eventvisitor.obj
e:\deu_trunk\deu3d_osg\bin\x64\release\enginega\eventqueue.obj
e:\deu_trunk\deu3d_osg\bin\x64\release\enginega\animationpathmanipulator.obj
e:\deu_trunk\deu3d_osg\bin\x64\enginega.dll
e:\deu_trunk\deu3d_osg\bin\x64\release\enginega\enginega.dll.intermediate.manifest
e:\deu_trunk\deu3d_osg\bin\x64\enginega.lib
e:\deu_trunk\deu3d_osg\bin\x64\enginega.exp
e:\deu_trunk\deu3d_osg\bin\x64\release\enginega\deuglobeversioninfo.res
e:\deu_trunk\deu3d_osg\bin\x64\release\enginega\cl.command.1.tlog
e:\deu_trunk\deu3d_osg\bin\x64\release\enginega\cl.read.1.tlog
e:\deu_trunk\deu3d_osg\bin\x64\release\enginega\cl.write.1.tlog
e:\deu_trunk\deu3d_osg\bin\x64\release\enginega\link-cvtres.read.1.tlog
e:\deu_trunk\deu3d_osg\bin\x64\release\enginega\link-cvtres.write.1.tlog
e:\deu_trunk\deu3d_osg\bin\x64\release\enginega\link.command.1.tlog
e:\deu_trunk\deu3d_osg\bin\x64\release\enginega\link.read.1.tlog
e:\deu_trunk\deu3d_osg\bin\x64\release\enginega\link.write.1.tlog
e:\deu_trunk\deu3d_osg\bin\x64\release\enginega\mt.command.1.tlog
e:\deu_trunk\deu3d_osg\bin\x64\release\enginega\mt.read.1.tlog
e:\deu_trunk\deu3d_osg\bin\x64\release\enginega\mt.write.1.tlog
e:\deu_trunk\deu3d_osg\bin\x64\release\enginega\osgga.write.1.tlog
e:\deu_trunk\deu3d_osg\bin\x64\release\enginega\rc.command.1.tlog
e:\deu_trunk\deu3d_osg\bin\x64\release\enginega\rc.read.1.tlog
e:\deu_trunk\deu3d_osg\bin\x64\release\enginega\rc.write.1.tlog
e:\deu_trunk\deu3d_osg\src\osgga\..\..\bin\x64\enginega.dll
