e:\deu_trunk\deu3d_osg\bin\win32\release\enginetext\version.obj
e:\deu_trunk\deu3d_osg\bin\win32\release\enginetext\text3d.obj
e:\deu_trunk\deu3d_osg\bin\win32\release\enginetext\text.obj
e:\deu_trunk\deu3d_osg\bin\win32\release\enginetext\textbase.obj
e:\deu_trunk\deu3d_osg\bin\win32\release\enginetext\style.obj
e:\deu_trunk\deu3d_osg\bin\win32\release\enginetext\string.obj
e:\deu_trunk\deu3d_osg\bin\win32\release\enginetext\glyph.obj
e:\deu_trunk\deu3d_osg\bin\win32\release\enginetext\fadetext.obj
e:\deu_trunk\deu3d_osg\bin\win32\release\enginetext\font.obj
e:\deu_trunk\deu3d_osg\bin\win32\release\enginetext\glyphgeometry.obj
e:\deu_trunk\deu3d_osg\bin\win32\release\enginetext\defaultfont.obj
e:\deu_trunk\deu3d_osg\bin\win32\enginetext.dll
e:\deu_trunk\deu3d_osg\bin\win32\release\enginetext\enginetext.dll.intermediate.manifest
e:\deu_trunk\deu3d_osg\bin\win32\enginetext.lib
e:\deu_trunk\deu3d_osg\bin\win32\enginetext.exp
e:\deu_trunk\deu3d_osg\bin\win32\release\enginetext\deuglobeversioninfo.res
e:\deu_trunk\deu3d_osg\bin\win32\release\enginetext\cl.command.1.tlog
e:\deu_trunk\deu3d_osg\bin\win32\release\enginetext\cl.read.1.tlog
e:\deu_trunk\deu3d_osg\bin\win32\release\enginetext\cl.write.1.tlog
e:\deu_trunk\deu3d_osg\bin\win32\release\enginetext\link-cvtres.read.1.tlog
e:\deu_trunk\deu3d_osg\bin\win32\release\enginetext\link-cvtres.write.1.tlog
e:\deu_trunk\deu3d_osg\bin\win32\release\enginetext\link.command.1.tlog
e:\deu_trunk\deu3d_osg\bin\win32\release\enginetext\link.read.1.tlog
e:\deu_trunk\deu3d_osg\bin\win32\release\enginetext\link.write.1.tlog
e:\deu_trunk\deu3d_osg\bin\win32\release\enginetext\mt.command.1.tlog
e:\deu_trunk\deu3d_osg\bin\win32\release\enginetext\mt.read.1.tlog
e:\deu_trunk\deu3d_osg\bin\win32\release\enginetext\mt.write.1.tlog
e:\deu_trunk\deu3d_osg\bin\win32\release\enginetext\osgtext.write.1.tlog
e:\deu_trunk\deu3d_osg\bin\win32\release\enginetext\rc.command.1.tlog
e:\deu_trunk\deu3d_osg\bin\win32\release\enginetext\rc.read.1.tlog
e:\deu_trunk\deu3d_osg\bin\win32\release\enginetext\rc.write.1.tlog
e:\deu_trunk\deu3d_osg\src\osgtext\..\..\bin\win32\enginetext.dll
