e:\deu_trunk\deu3d_platformcore\externalservice\bin\x64\debug\bboxfilter.obj
e:\deu_trunk\deu3d_platformcore\externalservice\bin\x64\debug\comparefilter.obj
e:\deu_trunk\deu3d_platformcore\externalservice\bin\x64\debug\csimplehttpclient.obj
e:\deu_trunk\deu3d_platformcore\externalservice\bin\x64\debug\deuutils.obj
e:\deu_trunk\deu3d_platformcore\externalservice\bin\x64\debug\featurelayer.obj
e:\deu_trunk\deu3d_platformcore\externalservice\bin\x64\debug\mercatordriver.obj
e:\deu_trunk\deu3d_platformcore\externalservice\bin\x64\debug\mercatortileset.obj
e:\deu_trunk\deu3d_platformcore\externalservice\bin\x64\debug\ogcfilter.obj
e:\deu_trunk\deu3d_platformcore\externalservice\bin\x64\debug\tileset.obj
e:\deu_trunk\deu3d_platformcore\externalservice\bin\x64\debug\wfsdriver.obj
e:\deu_trunk\deu3d_platformcore\externalservice\bin\x64\debug\wmsdriver.obj
e:\deu_trunk\deu3d_platformcore\externalservice\bin\x64\debug\wmstileset.obj
e:\deu_trunk\deu3d_platformcore\externalservice\bin\x64\debug\wmtsdriver.obj
e:\deu_trunk\deu3d_platformcore\externalservice\bin\x64\debug\vc100.pdb
e:\deu_trunk\deu3d_platformcore\externalservice\bin\x64\externalserviced.lib
e:\deu_trunk\deu3d_platformcore\externalservice\bin\x64\externalserviced.exp
e:\deu_trunk\deu3d_platformcore\externalservice\bin\x64\externalserviced.ilk
e:\deu_trunk\deu3d_platformcore\externalservice\bin\x64\externalserviced.dll
e:\deu_trunk\deu3d_platformcore\externalservice\bin\x64\debug\externalserviced.dll.intermediate.manifest
e:\deu_trunk\deu3d_platformcore\externalservice\bin\x64\externalserviced.pdb
e:\deu_trunk\deu3d_platformcore\externalservice\bin\x64\debug\cl.command.1.tlog
e:\deu_trunk\deu3d_platformcore\externalservice\bin\x64\debug\cl.read.1.tlog
e:\deu_trunk\deu3d_platformcore\externalservice\bin\x64\debug\cl.write.1.tlog
e:\deu_trunk\deu3d_platformcore\externalservice\bin\x64\debug\externalservice.write.1.tlog
e:\deu_trunk\deu3d_platformcore\externalservice\bin\x64\debug\link.command.1.tlog
e:\deu_trunk\deu3d_platformcore\externalservice\bin\x64\debug\link.read.1.tlog
e:\deu_trunk\deu3d_platformcore\externalservice\bin\x64\debug\link.write.1.tlog
e:\deu_trunk\deu3d_platformcore\externalservice\bin\x64\debug\mt.command.1.tlog
e:\deu_trunk\deu3d_platformcore\externalservice\bin\x64\debug\mt.read.1.tlog
e:\deu_trunk\deu3d_platformcore\externalservice\bin\x64\debug\mt.write.1.tlog
e:\deu_trunk\deu3d_platformcore\externalservice\bin\x64\debug\vc100.idb
