e:\deu_trunk\deu3d_tools\tilebuilder\bin\x64\debug\itilebuilder.obj
e:\deu_trunk\deu3d_tools\tilebuilder\bin\x64\debug\readwritetiff.obj
e:\deu_trunk\deu3d_tools\tilebuilder\bin\x64\debug\source.obj
e:\deu_trunk\deu3d_tools\tilebuilder\bin\x64\debug\taskqueue.obj
e:\deu_trunk\deu3d_tools\tilebuilder\bin\x64\debug\tilebuilderimpl.obj
e:\deu_trunk\deu3d_tools\tilebuilder\bin\x64\debug\tilingthread.obj
e:\deu_trunk\deu3d_tools\tilebuilder\bin\x64\debug\tilingthreadpool.obj
e:\deu_trunk\deu3d_tools\tilebuilder\bin\x64\debug\vc100.pdb
e:\deu_trunk\deu3d_tools\tilebuilder\bin\x64\tilebuilderd.ilk
e:\deu_trunk\deu3d_tools\tilebuilder\bin\x64\tilebuilderd.dll
e:\deu_trunk\deu3d_tools\tilebuilder\bin\x64\tilebuilderd.pdb
e:\deu_trunk\deu3d_tools\tilebuilder\bin\x64\debug\deuglobeversioninfo.res
e:\deu_trunk\deu3d_tools\tilebuilder\bin\x64\tilebuilderd.lib
e:\deu_trunk\deu3d_tools\tilebuilder\bin\x64\tilebuilderd.exp
e:\deu_trunk\deu3d_tools\tilebuilder\bin\x64\debug\cl.command.1.tlog
e:\deu_trunk\deu3d_tools\tilebuilder\bin\x64\debug\cl.read.1.tlog
e:\deu_trunk\deu3d_tools\tilebuilder\bin\x64\debug\cl.write.1.tlog
e:\deu_trunk\deu3d_tools\tilebuilder\bin\x64\debug\link.15612-cvtres.read.1.tlog
e:\deu_trunk\deu3d_tools\tilebuilder\bin\x64\debug\link.15612-cvtres.write.1.tlog
e:\deu_trunk\deu3d_tools\tilebuilder\bin\x64\debug\link.15612.read.1.tlog
e:\deu_trunk\deu3d_tools\tilebuilder\bin\x64\debug\link.15612.write.1.tlog
e:\deu_trunk\deu3d_tools\tilebuilder\bin\x64\debug\link.command.1.tlog
e:\deu_trunk\deu3d_tools\tilebuilder\bin\x64\debug\link.read.1.tlog
e:\deu_trunk\deu3d_tools\tilebuilder\bin\x64\debug\link.write.1.tlog
e:\deu_trunk\deu3d_tools\tilebuilder\bin\x64\debug\rc.command.1.tlog
e:\deu_trunk\deu3d_tools\tilebuilder\bin\x64\debug\rc.read.1.tlog
e:\deu_trunk\deu3d_tools\tilebuilder\bin\x64\debug\rc.write.1.tlog
e:\deu_trunk\deu3d_tools\tilebuilder\bin\x64\debug\tilebuilder.write.1.tlog
e:\deu_trunk\deu3d_tools\tilebuilder\bin\x64\debug\vc100.idb
