Build started 2017/11/10 12:04:01.
     1>Project "E:\DEU_Trunk\DEU3D_Common\DEUDBServer\DEUDBServer.vcxproj" on node 3 (build target(s)).
     1>InitializeBuildStatus:
         Creating "Bin\Win32\Debug\DEUDBServer.unsuccessfulbuild" because "AlwaysCreate" was specified.
       ClCompile:
         C:\Program Files (x86)\Microsoft Visual Studio 10.0\VC\bin\CL.exe /c /I.\include /I..\..\DEU3D_3rdParty\3rdParty_DEU3D\Include /ZI /nologo /W3 /WX- /Od /Oy- /D x64 /D WIN32 /D _WINDLL /D _MBCS /Gm /EHsc /RTC1 /MDd /GS /fp:precise /Zc:wchar_t /Zc:forScope /Fo"Bin\Win32\Debug\\" /Fd"Bin\Win32\Debug\vc100.pdb" /Gd /TP /analyze- /errorReport:prompt src\DEUSem.cpp src\DEUShareMem.cpp src\main.cpp
         DEUSem.cpp
         正在生成代码...
         正在编译...
         DEUShareMem.cpp
         正在生成代码...
         正在编译...
         main.cpp
         正在生成代码...
       ResourceCompile:
         All outputs are up-to-date.
       Link:
         C:\Program Files (x86)\Microsoft Visual Studio 10.0\VC\bin\link.exe /ERRORREPORT:PROMPT /OUT:"Bin\Win32\DEUDBServerd.exe" /NOLOGO /LIBPATH:..\..\DEU3D_3rdParty\3rdParty_DEU3D\Lib\Win32 IDProviderd.lib DEUDBd.lib Commond.lib kernel32.lib user32.lib gdi32.lib winspool.lib comdlg32.lib advapi32.lib shell32.lib ole32.lib oleaut32.lib uuid.lib odbc32.lib odbccp32.lib /MANIFEST /ManifestFile:"Bin\Win32\Debug\DEUDBServerd.exe.intermediate.manifest" /MANIFESTUAC:"level='asInvoker' uiAccess='false'" /DEBUG /PDB:"E:\DEU_Trunk\DEU3D_Common\DEUDBServer\Bin\Win32\DEUDBServerd.pdb" /TLBID:1 /DYNAMICBASE /NXCOMPAT /IMPLIB:"Bin\Win32\DEUDBServerd.lib" /MACHINE:X86 Bin\Win32\Debug\DEUGlobeVersionInfo.res
         Bin\Win32\Debug\DEUSem.obj
         Bin\Win32\Debug\DEUShareMem.obj
         Bin\Win32\Debug\main.obj
         LINK : 没有找到 Bin\Win32\DEUDBServerd.exe 或上一个增量链接没有生成它；正在执行完全链接
         DEUDBServer.vcxproj -> E:\DEU_Trunk\DEU3D_Common\DEUDBServer\Bin\Win32\DEUDBServerd.exe
       Manifest:
         C:\Program Files (x86)\Microsoft SDKs\Windows\v7.0A\bin\mt.exe /nologo /verbose /outputresource:"Bin\Win32\DEUDBServerd.exe;#1" /manifest Bin\Win32\Debug\DEUDBServerd.exe.intermediate.manifest
       PostBuildEvent:
         copy E:\DEU_Trunk\DEU3D_Common\DEUDBServer\Bin\Win32\DEUDBServerd.exe ..\..\DEU3D_Bin\Win32\ /Y
         :VCEnd
         已复制         1 个文件。
       FinalizeBuildStatus:
         Deleting file "Bin\Win32\Debug\DEUDBServer.unsuccessfulbuild".
         Touching "Bin\Win32\Debug\DEUDBServer.lastbuildstate".
     1>Done Building Project "E:\DEU_Trunk\DEU3D_Common\DEUDBServer\DEUDBServer.vcxproj" (build target(s)).

生成成功。

Time Elapsed 00:00:03.27
