e:\deu_trunk\deu3d_osg\bin\win32\release\engine\clampcolor.obj
e:\deu_trunk\deu3d_osg\bin\win32\release\engine\cameraview.obj
e:\deu_trunk\deu3d_osg\bin\win32\release\engine\camera.obj
e:\deu_trunk\deu3d_osg\bin\win32\release\engine\bufferobject.obj
e:\deu_trunk\deu3d_osg\bin\win32\release\engine\bufferindexbinding.obj
e:\deu_trunk\deu3d_osg\bin\win32\release\engine\blendfunc.obj
e:\deu_trunk\deu3d_osg\bin\win32\release\engine\blendequation.obj
e:\deu_trunk\deu3d_osg\bin\win32\release\engine\blendcolor.obj
e:\deu_trunk\deu3d_osg\bin\win32\release\engine\billboard.obj
e:\deu_trunk\deu3d_osg\bin\win32\release\engine\autotransform.obj
e:\deu_trunk\deu3d_osg\bin\win32\release\engine\arraydispatchers.obj
e:\deu_trunk\deu3d_osg\bin\win32\release\engine\array.obj
e:\deu_trunk\deu3d_osg\bin\win32\release\engine\animationpath.obj
e:\deu_trunk\deu3d_osg\bin\win32\release\engine\alphafunc.obj
e:\deu_trunk\deu3d_osg\bin\win32\release\engine\singlelinegeode.obj
e:\deu_trunk\deu3d_osg\bin\win32\release\engine\sharedstateattributes.obj
e:\deu_trunk\deu3d_osg\bin\win32\release\engine\sharedobjectpool.obj
e:\deu_trunk\deu3d_osg\bin\win32\release\engine\pagedlod_multicenter.obj
e:\deu_trunk\deu3d_osg\bin\win32\release\engine\multilinedrawable.obj
e:\deu_trunk\deu3d_osg\bin\win32\release\engine\linenode.obj
e:\deu_trunk\deu3d_osg\bin\win32\release\engine\drawpixels.obj
e:\deu_trunk\deu3d_osg\bin\win32\release\engine\drawable.obj
e:\deu_trunk\deu3d_osg\bin\win32\release\engine\displaysettings.obj
e:\deu_trunk\deu3d_osg\bin\win32\release\engine\depth.obj
e:\deu_trunk\deu3d_osg\bin\win32\release\engine\cullstack.obj
e:\deu_trunk\deu3d_osg\bin\win32\release\engine\cullsettings.obj
e:\deu_trunk\deu3d_osg\bin\win32\release\engine\cullingset.obj
e:\deu_trunk\deu3d_osg\bin\win32\release\engine\cullface.obj
e:\deu_trunk\deu3d_osg\bin\win32\release\engine\copyop.obj
e:\deu_trunk\deu3d_osg\bin\win32\release\engine\coordinatesystemnode.obj
e:\deu_trunk\deu3d_osg\bin\win32\release\engine\convexplanarpolygon.obj
e:\deu_trunk\deu3d_osg\bin\win32\release\engine\convexplanaroccluder.obj
e:\deu_trunk\deu3d_osg\bin\win32\release\engine\computeboundsvisitor.obj
e:\deu_trunk\deu3d_osg\bin\win32\release\engine\colormatrix.obj
e:\deu_trunk\deu3d_osg\bin\win32\release\engine\colormask.obj
e:\deu_trunk\deu3d_osg\bin\win32\release\engine\collectoccludersvisitor.obj
e:\deu_trunk\deu3d_osg\bin\win32\release\engine\clustercullingcallback.obj
e:\deu_trunk\deu3d_osg\bin\win32\release\engine\clipplane.obj
e:\deu_trunk\deu3d_osg\bin\win32\release\engine\clipnode.obj
e:\deu_trunk\deu3d_osg\bin\win32\release\engine\clearnode.obj
e:\deu_trunk\deu3d_osg\bin\win32\release\engine\kdtree.obj
e:\deu_trunk\deu3d_osg\bin\win32\release\engine\imageutils.obj
e:\deu_trunk\deu3d_osg\bin\win32\release\engine\image.obj
e:\deu_trunk\deu3d_osg\bin\win32\release\engine\hint.obj
e:\deu_trunk\deu3d_osg\bin\win32\release\engine\group.obj
e:\deu_trunk\deu3d_osg\bin\win32\release\engine\graphicsthread.obj
e:\deu_trunk\deu3d_osg\bin\win32\release\engine\graphicscontext.obj
e:\deu_trunk\deu3d_osg\bin\win32\release\engine\glstaticlibrary.obj
e:\deu_trunk\deu3d_osg\bin\win32\release\engine\globjects.obj
e:\deu_trunk\deu3d_osg\bin\win32\release\engine\glbeginendadapter.obj
e:\deu_trunk\deu3d_osg\bin\win32\release\engine\glextensions.obj
e:\deu_trunk\deu3d_osg\bin\win32\release\engine\gl2extensions.obj
e:\deu_trunk\deu3d_osg\bin\win32\release\engine\geometry.obj
e:\deu_trunk\deu3d_osg\bin\win32\release\engine\geode.obj
e:\deu_trunk\deu3d_osg\bin\win32\release\engine\frontface.obj
e:\deu_trunk\deu3d_osg\bin\win32\release\engine\framestamp.obj
e:\deu_trunk\deu3d_osg\bin\win32\release\engine\framebufferobject.obj
e:\deu_trunk\deu3d_osg\bin\win32\release\engine\fragmentprogram.obj
e:\deu_trunk\deu3d_osg\bin\win32\release\engine\fog.obj
e:\deu_trunk\deu3d_osg\bin\win32\release\engine\dxtctool.obj
e:\deu_trunk\deu3d_osg\bin\win32\release\engine\object.obj
e:\deu_trunk\deu3d_osg\bin\win32\release\engine\notify.obj
e:\deu_trunk\deu3d_osg\bin\win32\release\engine\nodevisitor.obj
e:\deu_trunk\deu3d_osg\bin\win32\release\engine\node.obj
e:\deu_trunk\deu3d_osg\bin\win32\release\engine\nodecallback.obj
e:\deu_trunk\deu3d_osg\bin\win32\release\engine\multisample.obj
e:\deu_trunk\deu3d_osg\bin\win32\release\engine\matrixtransform.obj
e:\deu_trunk\deu3d_osg\bin\win32\release\engine\matrixf.obj
e:\deu_trunk\deu3d_osg\bin\win32\release\engine\matrixdecomposition.obj
e:\deu_trunk\deu3d_osg\bin\win32\release\engine\matrixd.obj
e:\deu_trunk\deu3d_osg\bin\win32\release\engine\math.obj
e:\deu_trunk\deu3d_osg\bin\win32\release\engine\material.obj
e:\deu_trunk\deu3d_osg\bin\win32\release\engine\logicop.obj
e:\deu_trunk\deu3d_osg\bin\win32\release\engine\lod.obj
e:\deu_trunk\deu3d_osg\bin\win32\release\engine\linewidth.obj
e:\deu_trunk\deu3d_osg\bin\win32\release\engine\linestipple.obj
e:\deu_trunk\deu3d_osg\bin\win32\release\engine\linesegment.obj
e:\deu_trunk\deu3d_osg\bin\win32\release\engine\lightsource.obj
e:\deu_trunk\deu3d_osg\bin\win32\release\engine\lightmodel.obj
e:\deu_trunk\deu3d_osg\bin\win32\release\engine\light.obj
e:\deu_trunk\deu3d_osg\bin\win32\release\engine\shademodel.obj
e:\deu_trunk\deu3d_osg\bin\win32\release\engine\sequence.obj
e:\deu_trunk\deu3d_osg\bin\win32\release\engine\scissor.obj
e:\deu_trunk\deu3d_osg\bin\win32\release\engine\referenced.obj
e:\deu_trunk\deu3d_osg\bin\win32\release\engine\quat.obj
e:\deu_trunk\deu3d_osg\bin\win32\release\engine\proxynode.obj
e:\deu_trunk\deu3d_osg\bin\win32\release\engine\projection.obj
e:\deu_trunk\deu3d_osg\bin\win32\release\engine\program.obj
e:\deu_trunk\deu3d_osg\bin\win32\release\engine\primitiveset.obj
e:\deu_trunk\deu3d_osg\bin\win32\release\engine\positionattitudetransform.obj
e:\deu_trunk\deu3d_osg\bin\win32\release\engine\polygonstipple.obj
e:\deu_trunk\deu3d_osg\bin\win32\release\engine\polygonoffset.obj
e:\deu_trunk\deu3d_osg\bin\win32\release\engine\polygonmode.obj
e:\deu_trunk\deu3d_osg\bin\win32\release\engine\pointsprite.obj
e:\deu_trunk\deu3d_osg\bin\win32\release\engine\point.obj
e:\deu_trunk\deu3d_osg\bin\win32\release\engine\pagedlod.obj
e:\deu_trunk\deu3d_osg\bin\win32\release\engine\operationthread.obj
e:\deu_trunk\deu3d_osg\bin\win32\release\engine\occlusionquerynode.obj
e:\deu_trunk\deu3d_osg\bin\win32\release\engine\occludernode.obj
e:\deu_trunk\deu3d_osg\bin\win32\release\engine\observernodepath.obj
e:\deu_trunk\deu3d_osg\bin\win32\release\engine\texture1d.obj
e:\deu_trunk\deu3d_osg\bin\win32\release\engine\texmat.obj
e:\deu_trunk\deu3d_osg\bin\win32\release\engine\texgennode.obj
e:\deu_trunk\deu3d_osg\bin\win32\release\engine\texgen.obj
e:\deu_trunk\deu3d_osg\bin\win32\release\engine\texenvfilter.obj
e:\deu_trunk\deu3d_osg\bin\win32\release\engine\texenv.obj
e:\deu_trunk\deu3d_osg\bin\win32\release\engine\texenvcombine.obj
e:\deu_trunk\deu3d_osg\bin\win32\release\engine\switch.obj
e:\deu_trunk\deu3d_osg\bin\win32\release\engine\stenciltwosided.obj
e:\deu_trunk\deu3d_osg\bin\win32\release\engine\stencil.obj
e:\deu_trunk\deu3d_osg\bin\win32\release\engine\stats.obj
e:\deu_trunk\deu3d_osg\bin\win32\release\engine\stateset.obj
e:\deu_trunk\deu3d_osg\bin\win32\release\engine\state.obj
e:\deu_trunk\deu3d_osg\bin\win32\release\engine\stateattribute.obj
e:\deu_trunk\deu3d_osg\bin\win32\release\engine\shapedrawable.obj
e:\deu_trunk\deu3d_osg\bin\win32\release\engine\shape.obj
e:\deu_trunk\deu3d_osg\bin\win32\release\engine\shadowvolumeoccluder.obj
e:\deu_trunk\deu3d_osg\bin\win32\release\engine\shadercomposer.obj
e:\deu_trunk\deu3d_osg\bin\win32\release\engine\shaderattribute.obj
e:\deu_trunk\deu3d_osg\bin\win32\release\engine\shader.obj
e:\deu_trunk\deu3d_osg\bin\win32\release\engine\priorityq.obj
e:\deu_trunk\deu3d_osg\bin\win32\release\engine\memalloc.obj
e:\deu_trunk\deu3d_osg\bin\win32\release\engine\normal.obj
e:\deu_trunk\deu3d_osg\bin\win32\release\engine\mipmap.obj
e:\deu_trunk\deu3d_osg\bin\win32\release\engine\error.obj
e:\deu_trunk\deu3d_osg\bin\win32\release\engine\viewport.obj
e:\deu_trunk\deu3d_osg\bin\win32\release\engine\view.obj
e:\deu_trunk\deu3d_osg\bin\win32\release\engine\vertexprogram.obj
e:\deu_trunk\deu3d_osg\bin\win32\release\engine\version.obj
e:\deu_trunk\deu3d_osg\bin\win32\release\engine\userdatacontainer.obj
e:\deu_trunk\deu3d_osg\bin\win32\release\engine\uniform.obj
e:\deu_trunk\deu3d_osg\bin\win32\release\engine\transform.obj
e:\deu_trunk\deu3d_osg\bin\win32\release\engine\timer.obj
e:\deu_trunk\deu3d_osg\bin\win32\release\engine\texturerectangle.obj
e:\deu_trunk\deu3d_osg\bin\win32\release\engine\texturecubemap.obj
e:\deu_trunk\deu3d_osg\bin\win32\release\engine\texture.obj
e:\deu_trunk\deu3d_osg\bin\win32\release\engine\texture3d.obj
e:\deu_trunk\deu3d_osg\bin\win32\release\engine\texture2dmultisample.obj
e:\deu_trunk\deu3d_osg\bin\win32\release\engine\texture2d.obj
e:\deu_trunk\deu3d_osg\bin\win32\release\engine\texture2darray.obj
e:\deu_trunk\deu3d_osg\bin\win32\release\engine\tess.obj
e:\deu_trunk\deu3d_osg\bin\win32\release\engine\geom.obj
e:\deu_trunk\deu3d_osg\bin\win32\release\engine\dict.obj
e:\deu_trunk\deu3d_osg\bin\win32\release\engine\sweep.obj
e:\deu_trunk\deu3d_osg\bin\win32\release\engine\tessmono.obj
e:\deu_trunk\deu3d_osg\bin\win32\release\engine\mesh.obj
e:\deu_trunk\deu3d_osg\bin\win32\release\engine\render.obj
e:\deu_trunk\deu3d_osg\bin\win32\engine.dll
e:\deu_trunk\deu3d_osg\bin\win32\release\engine\engine.dll.intermediate.manifest
e:\deu_trunk\deu3d_osg\bin\win32\engine.lib
e:\deu_trunk\deu3d_osg\bin\win32\engine.exp
e:\deu_trunk\deu3d_osg\bin\win32\release\engine\deuglobeversioninfo.res
e:\deu_trunk\deu3d_osg\bin\win32\release\engine\cl.command.1.tlog
e:\deu_trunk\deu3d_osg\bin\win32\release\engine\cl.read.1.tlog
e:\deu_trunk\deu3d_osg\bin\win32\release\engine\cl.write.1.tlog
e:\deu_trunk\deu3d_osg\bin\win32\release\engine\link-cvtres.read.1.tlog
e:\deu_trunk\deu3d_osg\bin\win32\release\engine\link-cvtres.write.1.tlog
e:\deu_trunk\deu3d_osg\bin\win32\release\engine\link.command.1.tlog
e:\deu_trunk\deu3d_osg\bin\win32\release\engine\link.read.1.tlog
e:\deu_trunk\deu3d_osg\bin\win32\release\engine\link.write.1.tlog
e:\deu_trunk\deu3d_osg\bin\win32\release\engine\mt.command.1.tlog
e:\deu_trunk\deu3d_osg\bin\win32\release\engine\mt.read.1.tlog
e:\deu_trunk\deu3d_osg\bin\win32\release\engine\mt.write.1.tlog
e:\deu_trunk\deu3d_osg\bin\win32\release\engine\osg.write.1.tlog
e:\deu_trunk\deu3d_osg\bin\win32\release\engine\rc.command.1.tlog
e:\deu_trunk\deu3d_osg\bin\win32\release\engine\rc.read.1.tlog
e:\deu_trunk\deu3d_osg\bin\win32\release\engine\rc.write.1.tlog
e:\deu_trunk\deu3d_osg\src\osg\..\..\bin\win32\engine.dll
