Build started 2017/11/9 16:17:47.
     1>Project "E:\DEU_Trunk\DEU3D_Common\OpenThreads\OpenThreads.vcxproj" on node 2 (build target(s)).
     1>InitializeBuildStatus:
         Creating "Bin\Win32\Debug\OpenThreads.unsuccessfulbuild" because "AlwaysCreate" was specified.
       ClCompile:
         All outputs are up-to-date.
       ResourceCompile:
         C:\Program Files (x86)\Microsoft SDKs\Windows\v7.0A\bin\rc.exe /l"0x0409" /nologo /fo"Bin\Win32\Debug\DEUGlobeVersionInfo.res" ..\..\DEU3D_VersionRes\DEUGlobeVersionInfo.rc 
       ManifestResourceCompile:
         All outputs are up-to-date.
       Link:
         C:\Program Files (x86)\Microsoft Visual Studio 10.0\VC\bin\link.exe /ERRORREPORT:PROMPT /OUT:"Bin\Win32\OpenThreadsd.dll" /INCREMENTAL /NOLOGO kernel32.lib user32.lib gdi32.lib winspool.lib comdlg32.lib advapi32.lib shell32.lib ole32.lib oleaut32.lib uuid.lib odbc32.lib odbccp32.lib /MANIFEST /ManifestFile:"Bin\Win32\Debug\OpenThreadsd.dll.intermediate.manifest" /MANIFESTUAC:"level='asInvoker' uiAccess='false'" /DEBUG /PDB:"E:\DEU_Trunk\DEU3D_Common\OpenThreads\Bin\Win32\OpenThreadsd.pdb" /SUBSYSTEM:WINDOWS /TLBID:1 /DYNAMICBASE /NXCOMPAT /IMPLIB:"Bin\Win32\OpenThreadsd.lib" /MACHINE:X86 /DLL Bin\Win32\Debug\DEUGlobeVersionInfo.res
         Bin\Win32\Debug\OpenThreadsd.dll.embed.manifest.res
         Bin\Win32\Debug\Atomic.obj
         Bin\Win32\Debug\Version.obj
         Bin\Win32\Debug\WIN32Condition.obj
         Bin\Win32\Debug\Win32Mutex.obj
         Bin\Win32\Debug\Win32Thread.obj
         Bin\Win32\Debug\Win32ThreadBarrier.obj
       Manifest:
         C:\Program Files (x86)\Microsoft SDKs\Windows\v7.0A\bin\mt.exe /nologo /verbose /out:"Bin\Win32\Debug\OpenThreadsd.dll.embed.manifest" /manifest Bin\Win32\Debug\OpenThreadsd.dll.intermediate.manifest
         All outputs are up-to-date.
       LinkEmbedManifest:
         All outputs are up-to-date.
         OpenThreads.vcxproj -> E:\DEU_Trunk\DEU3D_Common\OpenThreads\Bin\Win32\OpenThreadsd.dll
       PostBuildEvent:
         copy E:\DEU_Trunk\DEU3D_Common\OpenThreads\Bin\Win32\OpenThreadsd.dll ..\..\DEU3D_Bin\Win32\ /Y
         copy E:\DEU_Trunk\DEU3D_Common\OpenThreads\Bin\Win32\OpenThreadsd.lib ..\..\DEU3D_3rdParty\3rdParty_DEU3D\Lib\Win32\ /Y
         :VCEnd
         另一个程序正在使用此文件，进程无法访问。
         已复制         0 个文件。
         已复制         1 个文件。
       FinalizeBuildStatus:
         Deleting file "Bin\Win32\Debug\OpenThreads.unsuccessfulbuild".
         Touching "Bin\Win32\Debug\OpenThreads.lastbuildstate".
     1>Done Building Project "E:\DEU_Trunk\DEU3D_Common\OpenThreads\OpenThreads.vcxproj" (build target(s)).

生成成功。

Time Elapsed 00:00:00.81
