e:\deu_trunk\deu3d_osg\bin\x64\debug\enginedb_tga\readerwritertga.obj
e:\deu_trunk\deu3d_osg\bin\x64\enginedb_tgad.pdb
e:\deu_trunk\deu3d_osg\bin\x64\enginedb_tgad.ilk
e:\deu_trunk\deu3d_osg\bin\x64\enginedb_tgad.dll
e:\deu_trunk\deu3d_osg\bin\x64\debug\enginedb_tga\enginedb_tgad.dll.intermediate.manifest
e:\deu_trunk\deu3d_osg\bin\x64\debug\enginedb_tga\enginedb_tgad.dll.embed.manifest
e:\deu_trunk\deu3d_osg\bin\x64\debug\enginedb_tga\deuglobeversioninfo.res
e:\deu_trunk\deu3d_osg\bin\x64\debug\enginedb_tga\enginedb_tgad.dll.embed.manifest.res
e:\deu_trunk\deu3d_osg\bin\x64\debug\enginedb_tga\cl.command.1.tlog
e:\deu_trunk\deu3d_osg\bin\x64\debug\enginedb_tga\cl.read.1.tlog
e:\deu_trunk\deu3d_osg\bin\x64\debug\enginedb_tga\cl.write.1.tlog
e:\deu_trunk\deu3d_osg\bin\x64\debug\enginedb_tga\link-cvtres.read.1.tlog
e:\deu_trunk\deu3d_osg\bin\x64\debug\enginedb_tga\link-cvtres.write.1.tlog
e:\deu_trunk\deu3d_osg\bin\x64\debug\enginedb_tga\link.16280-cvtres.read.1.tlog
e:\deu_trunk\deu3d_osg\bin\x64\debug\enginedb_tga\link.16280-cvtres.write.1.tlog
e:\deu_trunk\deu3d_osg\bin\x64\debug\enginedb_tga\link.16280.read.1.tlog
e:\deu_trunk\deu3d_osg\bin\x64\debug\enginedb_tga\link.16280.write.1.tlog
e:\deu_trunk\deu3d_osg\bin\x64\debug\enginedb_tga\link.5436-cvtres.read.1.tlog
e:\deu_trunk\deu3d_osg\bin\x64\debug\enginedb_tga\link.5436-cvtres.write.1.tlog
e:\deu_trunk\deu3d_osg\bin\x64\debug\enginedb_tga\link.5436.read.1.tlog
e:\deu_trunk\deu3d_osg\bin\x64\debug\enginedb_tga\link.5436.write.1.tlog
e:\deu_trunk\deu3d_osg\bin\x64\debug\enginedb_tga\link.command.1.tlog
e:\deu_trunk\deu3d_osg\bin\x64\debug\enginedb_tga\link.read.1.tlog
e:\deu_trunk\deu3d_osg\bin\x64\debug\enginedb_tga\link.write.1.tlog
e:\deu_trunk\deu3d_osg\bin\x64\debug\enginedb_tga\mt.command.1.tlog
e:\deu_trunk\deu3d_osg\bin\x64\debug\enginedb_tga\mt.read.1.tlog
e:\deu_trunk\deu3d_osg\bin\x64\debug\enginedb_tga\mt.write.1.tlog
e:\deu_trunk\deu3d_osg\bin\x64\debug\enginedb_tga\rc.command.1.tlog
e:\deu_trunk\deu3d_osg\bin\x64\debug\enginedb_tga\rc.read.1.tlog
e:\deu_trunk\deu3d_osg\bin\x64\debug\enginedb_tga\rc.write.1.tlog
e:\deu_trunk\deu3d_osg\bin\x64\debug\enginedb_tga\enginedb_tgad_manifest.rc
e:\deu_trunk\deu3d_osg\src\osgplugins\tga\..\..\..\bin\x64\enginedb_tgad.dll
