e:\deu_trunk\deu3d_osg\bin\win32\debug\enginewidget\windowmanager.obj
e:\deu_trunk\deu3d_osg\bin\win32\debug\enginewidget\window.obj
e:\deu_trunk\deu3d_osg\bin\win32\debug\enginewidget\widget.obj
e:\deu_trunk\deu3d_osg\bin\win32\debug\enginewidget\viewereventhandlers.obj
e:\deu_trunk\deu3d_osg\bin\win32\debug\enginewidget\version.obj
e:\deu_trunk\deu3d_osg\bin\win32\debug\enginewidget\util.obj
e:\deu_trunk\deu3d_osg\bin\win32\debug\enginewidget\table.obj
e:\deu_trunk\deu3d_osg\bin\win32\debug\enginewidget\stylemanager.obj
e:\deu_trunk\deu3d_osg\bin\win32\debug\enginewidget\python.obj
e:\deu_trunk\deu3d_osg\bin\win32\debug\enginewidget\lua.obj
e:\deu_trunk\deu3d_osg\bin\win32\debug\enginewidget\label.obj
e:\deu_trunk\deu3d_osg\bin\win32\debug\enginewidget\input.obj
e:\deu_trunk\deu3d_osg\bin\win32\debug\enginewidget\frame.obj
e:\deu_trunk\deu3d_osg\bin\win32\debug\enginewidget\canvas.obj
e:\deu_trunk\deu3d_osg\bin\win32\debug\enginewidget\box.obj
e:\deu_trunk\deu3d_osg\bin\win32\enginewidgetd.pdb
e:\deu_trunk\deu3d_osg\bin\win32\enginewidgetd.ilk
e:\deu_trunk\deu3d_osg\bin\win32\enginewidgetd.dll
e:\deu_trunk\deu3d_osg\bin\win32\debug\enginewidget\enginewidgetd.dll.intermediate.manifest
e:\deu_trunk\deu3d_osg\bin\win32\debug\enginewidget\enginewidgetd.dll.embed.manifest
e:\deu_trunk\deu3d_osg\bin\win32\enginewidgetd.lib
e:\deu_trunk\deu3d_osg\bin\win32\enginewidgetd.exp
e:\deu_trunk\deu3d_osg\bin\win32\debug\enginewidget\deuglobeversioninfo.res
e:\deu_trunk\deu3d_osg\bin\win32\debug\enginewidget\enginewidgetd.dll.embed.manifest.res
e:\deu_trunk\deu3d_osg\bin\win32\debug\enginewidget\cl.command.1.tlog
e:\deu_trunk\deu3d_osg\bin\win32\debug\enginewidget\cl.read.1.tlog
e:\deu_trunk\deu3d_osg\bin\win32\debug\enginewidget\cl.write.1.tlog
e:\deu_trunk\deu3d_osg\bin\win32\debug\enginewidget\link-cvtres.read.1.tlog
e:\deu_trunk\deu3d_osg\bin\win32\debug\enginewidget\link-cvtres.write.1.tlog
e:\deu_trunk\deu3d_osg\bin\win32\debug\enginewidget\link.1204-cvtres.read.1.tlog
e:\deu_trunk\deu3d_osg\bin\win32\debug\enginewidget\link.1204-cvtres.write.1.tlog
e:\deu_trunk\deu3d_osg\bin\win32\debug\enginewidget\link.1204.read.1.tlog
e:\deu_trunk\deu3d_osg\bin\win32\debug\enginewidget\link.1204.write.1.tlog
e:\deu_trunk\deu3d_osg\bin\win32\debug\enginewidget\link.14828-cvtres.read.1.tlog
e:\deu_trunk\deu3d_osg\bin\win32\debug\enginewidget\link.14828-cvtres.write.1.tlog
e:\deu_trunk\deu3d_osg\bin\win32\debug\enginewidget\link.14828.read.1.tlog
e:\deu_trunk\deu3d_osg\bin\win32\debug\enginewidget\link.14828.write.1.tlog
e:\deu_trunk\deu3d_osg\bin\win32\debug\enginewidget\link.command.1.tlog
e:\deu_trunk\deu3d_osg\bin\win32\debug\enginewidget\link.read.1.tlog
e:\deu_trunk\deu3d_osg\bin\win32\debug\enginewidget\link.write.1.tlog
e:\deu_trunk\deu3d_osg\bin\win32\debug\enginewidget\mt.command.1.tlog
e:\deu_trunk\deu3d_osg\bin\win32\debug\enginewidget\mt.read.1.tlog
e:\deu_trunk\deu3d_osg\bin\win32\debug\enginewidget\mt.write.1.tlog
e:\deu_trunk\deu3d_osg\bin\win32\debug\enginewidget\osgwidget.write.1.tlog
e:\deu_trunk\deu3d_osg\bin\win32\debug\enginewidget\rc.command.1.tlog
e:\deu_trunk\deu3d_osg\bin\win32\debug\enginewidget\rc.read.1.tlog
e:\deu_trunk\deu3d_osg\bin\win32\debug\enginewidget\rc.write.1.tlog
e:\deu_trunk\deu3d_osg\bin\win32\debug\enginewidget\enginewidgetd_manifest.rc
e:\deu_trunk\deu3d_osg\src\osgwidget\..\..\bin\win32\enginewidgetd.dll
