生成启动时间为 2017/12/23 13:57:44。
     1>项目“E:\DEU_Trunk\DEU3D_Common\Common\Common.vcxproj”在节点 2 上(build 个目标)。
     1>InitializeBuildStatus:
         正在创建“Bin\x64\Debug\Common.unsuccessfulbuild”，因为已指定“AlwaysCreate”。
       ClCompile:
         d:\Program Files (x86)\Microsoft Visual Studio 10.0\VC\bin\x86_amd64\CL.exe /c /I.\include /I..\..\DEU3D_3rdParty\3rdParty_DEU3D\Include /Zi /nologo /W3 /WX- /Od /D WIN32 /D _DEBUG /D _WINDOWS /D _USRDLL /D COMMON_EXPORTS /D _WINDLL /D _MBCS /Gm /EHsc /RTC1 /MDd /GS /fp:precise /Zc:wchar_t /Zc:forScope /Fo"Bin\x64\Debug\\" /Fd"Bin\x64\Debug\vc100.pdb" /Gd /TC /wd4251 /errorReport:prompt src\cJSON.c
         cJSON.c
     1>src\cJSON.c(347): warning C4267: “+=”: 从“size_t”转换到“int”，可能丢失数据
     1>src\cJSON.c(437): warning C4267: “+=”: 从“size_t”转换到“int”，可能丢失数据
         d:\Program Files (x86)\Microsoft Visual Studio 10.0\VC\bin\x86_amd64\CL.exe /c /I.\include /I..\..\DEU3D_3rdParty\3rdParty_DEU3D\Include /Zi /nologo /W3 /WX- /Od /D WIN32 /D _DEBUG /D _WINDOWS /D _USRDLL /D COMMON_EXPORTS /D _WINDLL /D _MBCS /Gm /EHsc /RTC1 /MDd /GS /fp:precise /Zc:wchar_t /Zc:forScope /Fo"Bin\x64\Debug\\" /Fd"Bin\x64\Debug\vc100.pdb" /Gd /TP /wd4251 /errorReport:prompt src\Common.cpp src\Conv2Py.cpp src\CoordinateTransform.cpp src\crc.cpp src\DEUBson.cpp src\DEUException.cpp src\deuImage.cpp src\deuMath.cpp src\md2.cpp src\membuf.cpp src\memPool.cpp src\Pyramid.cpp src\variant.cpp
         variant.cpp
         Pyramid.cpp
         memPool.cpp
     1>E:\DEU_Trunk\DEU3D_Common\Common\include\memPool.h(98): warning C4244: “初始化”: 从“__int64”转换到“const unsigned int”，可能丢失数据
         membuf.cpp
         md2.cpp
     1>src\md2.cpp(160): warning C4267: “参数”: 从“size_t”转换到“unsigned int”，可能丢失数据
         deuMath.cpp
     1>src\deuMath.cpp(333): warning C4267: “初始化”: 从“size_t”转换到“const unsigned int”，可能丢失数据
     1>src\deuMath.cpp(344): warning C4267: “初始化”: 从“size_t”转换到“const unsigned int”，可能丢失数据
         deuImage.cpp
         DEUException.cpp
         DEUBson.cpp
     1>E:\DEU_Trunk\DEU3D_Common\Common\include\MemPool.h(98): warning C4244: “初始化”: 从“__int64”转换到“const unsigned int”，可能丢失数据
     1>src\DEUBson.cpp(262): warning C4267: “参数”: 从“size_t”转换到“unsigned int”，可能丢失数据
     1>src\DEUBson.cpp(275): warning C4267: “+=”: 从“size_t”转换到“unsigned int”，可能丢失数据
     1>src\DEUBson.cpp(343): warning C4267: “return”: 从“size_t”转换到“unsigned int”，可能丢失数据
     1>src\DEUBson.cpp(439): warning C4267: “return”: 从“size_t”转换到“unsigned int”，可能丢失数据
     1>src\DEUBson.cpp(475): warning C4267: “初始化”: 从“size_t”转换到“bson::bsonInt32”，可能丢失数据
     1>src\DEUBson.cpp(543): warning C4267: “return”: 从“size_t”转换到“unsigned int”，可能丢失数据
     1>src\DEUBson.cpp(545): warning C4267: “return”: 从“size_t”转换到“unsigned int”，可能丢失数据
     1>src\DEUBson.cpp(636): warning C4267: “return”: 从“size_t”转换到“unsigned int”，可能丢失数据
     1>src\DEUBson.cpp(730): warning C4267: “return”: 从“size_t”转换到“unsigned int”，可能丢失数据
     1>src\DEUBson.cpp(823): warning C4267: “return”: 从“size_t”转换到“unsigned int”，可能丢失数据
     1>src\DEUBson.cpp(917): warning C4267: “初始化”: 从“size_t”转换到“unsigned int”，可能丢失数据
     1>src\DEUBson.cpp(991): warning C4267: “return”: 从“size_t”转换到“unsigned int”，可能丢失数据
     1>src\DEUBson.cpp(1203): warning C4267: “return”: 从“size_t”转换到“unsigned int”，可能丢失数据
     1>src\DEUBson.cpp(1652): warning C4267: “return”: 从“size_t”转换到“unsigned int”，可能丢失数据
     1>src\DEUBson.cpp(1979): warning C4267: “return”: 从“size_t”转换到“unsigned int”，可能丢失数据
         crc.cpp
         CoordinateTransform.cpp
         Conv2Py.cpp
     1>src\Conv2Py.cpp(27): warning C4996: 'fopen': This function or variable may be unsafe. Consider using fopen_s instead. To disable deprecation, use _CRT_SECURE_NO_WARNINGS. See online help for details.
                 d:\Program Files (x86)\Microsoft Visual Studio 10.0\VC\include\stdio.h(234) : 参见“fopen”的声明
     1>src\Conv2Py.cpp(47): warning C4996: 'fopen': This function or variable may be unsafe. Consider using fopen_s instead. To disable deprecation, use _CRT_SECURE_NO_WARNINGS. See online help for details.
                 d:\Program Files (x86)\Microsoft Visual Studio 10.0\VC\include\stdio.h(234) : 参见“fopen”的声明
         Common.cpp
         Generating Code...
       ResourceCompile:
         C:\Program Files (x86)\Microsoft SDKs\Windows\v7.0A\bin\rc.exe /l"0x0409" /nologo /fo"Bin\x64\Debug\DEUGlobeVersionInfo.res" ..\..\DEU3D_VersionRes\DEUGlobeVersionInfo.rc 
       ManifestResourceCompile:
         C:\Program Files (x86)\Microsoft SDKs\Windows\v7.0A\bin\rc.exe /nologo /fo"Bin\x64\Debug\Commond.dll.embed.manifest.res" Bin\x64\Debug\Commond_manifest.rc 
       Link:
         d:\Program Files (x86)\Microsoft Visual Studio 10.0\VC\bin\x86_amd64\link.exe /ERRORREPORT:PROMPT /OUT:"Bin\x64\Commond.dll" /INCREMENTAL /NOLOGO /LIBPATH:..\..\DEU3D_3rdParty\3rdParty_DEU3D\Lib\x64 IDProviderd.lib Sensapi.lib OpenSPd.lib OpenThreadsd.lib Psapi.lib kernel32.lib user32.lib gdi32.lib winspool.lib comdlg32.lib advapi32.lib shell32.lib ole32.lib oleaut32.lib uuid.lib odbc32.lib odbccp32.lib /MANIFEST /ManifestFile:"Bin\x64\Debug\Commond.dll.intermediate.manifest" /MANIFESTUAC:"level='asInvoker' uiAccess='false'" /DEBUG /PDB:"E:\DEU_Trunk\DEU3D_Common\Common\Bin\x64\Commond.pdb" /SUBSYSTEM:WINDOWS /TLBID:1 /DYNAMICBASE /NXCOMPAT /IMPLIB:"Bin\x64\Commond.lib" /MACHINE:X64 /DLL Bin\x64\Debug\DEUGlobeVersionInfo.res
         Bin\x64\Debug\Commond.dll.embed.manifest.res
         Bin\x64\Debug\cJSON.obj
         Bin\x64\Debug\Common.obj
         Bin\x64\Debug\Conv2Py.obj
         Bin\x64\Debug\CoordinateTransform.obj
         Bin\x64\Debug\crc.obj
         Bin\x64\Debug\DEUBson.obj
         Bin\x64\Debug\DEUException.obj
         Bin\x64\Debug\deuImage.obj
         Bin\x64\Debug\deuMath.obj
         Bin\x64\Debug\md2.obj
         Bin\x64\Debug\membuf.obj
         Bin\x64\Debug\memPool.obj
         Bin\x64\Debug\Pyramid.obj
         Bin\x64\Debug\variant.obj
            正在创建库 Bin\x64\Commond.lib 和对象 Bin\x64\Commond.exp
         Common.vcxproj -> E:\DEU_Trunk\DEU3D_Common\Common\Bin\x64\Commond.dll
       Manifest:
         C:\Program Files (x86)\Microsoft SDKs\Windows\v7.0A\bin\mt.exe /nologo /verbose /out:"Bin\x64\Debug\Commond.dll.embed.manifest" /manifest Bin\x64\Debug\Commond.dll.intermediate.manifest
         C:\Program Files (x86)\Microsoft SDKs\Windows\v7.0A\bin\rc.exe /nologo /fo"Bin\x64\Debug\Commond.dll.embed.manifest.res" Bin\x64\Debug\Commond_manifest.rc 
       LinkEmbedManifest:
         d:\Program Files (x86)\Microsoft Visual Studio 10.0\VC\bin\x86_amd64\link.exe /ERRORREPORT:PROMPT /OUT:"Bin\x64\Commond.dll" /INCREMENTAL /NOLOGO /LIBPATH:..\..\DEU3D_3rdParty\3rdParty_DEU3D\Lib\x64 IDProviderd.lib Sensapi.lib OpenSPd.lib OpenThreadsd.lib Psapi.lib kernel32.lib user32.lib gdi32.lib winspool.lib comdlg32.lib advapi32.lib shell32.lib ole32.lib oleaut32.lib uuid.lib odbc32.lib odbccp32.lib /MANIFEST /ManifestFile:"Bin\x64\Debug\Commond.dll.intermediate.manifest" /MANIFESTUAC:"level='asInvoker' uiAccess='false'" /DEBUG /PDB:"E:\DEU_Trunk\DEU3D_Common\Common\Bin\x64\Commond.pdb" /SUBSYSTEM:WINDOWS /TLBID:1 /DYNAMICBASE /NXCOMPAT /IMPLIB:"Bin\x64\Commond.lib" /MACHINE:X64 /DLL Bin\x64\Debug\DEUGlobeVersionInfo.res
         Bin\x64\Debug\Commond.dll.embed.manifest.res
         Bin\x64\Debug\cJSON.obj
         Bin\x64\Debug\Common.obj
         Bin\x64\Debug\Conv2Py.obj
         Bin\x64\Debug\CoordinateTransform.obj
         Bin\x64\Debug\crc.obj
         Bin\x64\Debug\DEUBson.obj
         Bin\x64\Debug\DEUException.obj
         Bin\x64\Debug\deuImage.obj
         Bin\x64\Debug\deuMath.obj
         Bin\x64\Debug\md2.obj
         Bin\x64\Debug\membuf.obj
         Bin\x64\Debug\memPool.obj
         Bin\x64\Debug\Pyramid.obj
         Bin\x64\Debug\variant.obj
            正在创建库 Bin\x64\Commond.lib 和对象 Bin\x64\Commond.exp
         Common.vcxproj -> E:\DEU_Trunk\DEU3D_Common\Common\Bin\x64\Commond.dll
       PostBuildEvent:
         copy E:\DEU_Trunk\DEU3D_Common\Common\Bin\x64\Commond.dll ..\..\DEU3D_Bin\x64\ /Y
         copy E:\DEU_Trunk\DEU3D_Common\Common\Bin\x64\Commond.lib ..\..\DEU3D_3rdParty\3rdParty_DEU3D\Lib\x64\ /Y
         :VCEnd
         已复制         1 个文件。
         已复制         1 个文件。
       FinalizeBuildStatus:
         正在删除文件“Bin\x64\Debug\Common.unsuccessfulbuild”。
         正在对“Bin\x64\Debug\Common.lastbuildstate”执行 Touch 任务。
     1>已完成生成项目“E:\DEU_Trunk\DEU3D_Common\Common\Common.vcxproj”(build 个目标)的操作。

生成成功。

已用时间 00:00:06.25
