e:\deu_trunk\deu3d_osg\bin\x64\release\engineutil\linesegmentintersector.obj
e:\deu_trunk\deu3d_osg\bin\x64\release\engineutil\incrementalcompileoperation.obj
e:\deu_trunk\deu3d_osg\bin\x64\release\engineutil\intersectvisitor.obj
e:\deu_trunk\deu3d_osg\bin\x64\release\engineutil\intersectionvisitor.obj
e:\deu_trunk\deu3d_osg\bin\x64\release\engineutil\highlightmapgenerator.obj
e:\deu_trunk\deu3d_osg\bin\x64\release\engineutil\halfwaymapgenerator.obj
e:\deu_trunk\deu3d_osg\bin\x64\release\engineutil\globjectsvisitor.obj
e:\deu_trunk\deu3d_osg\bin\x64\release\engineutil\edgecollector.obj
e:\deu_trunk\deu3d_osg\bin\x64\release\engineutil\drawelementtypesimplifier.obj
e:\deu_trunk\deu3d_osg\bin\x64\release\engineutil\displayrequirementsvisitor.obj
e:\deu_trunk\deu3d_osg\bin\x64\release\engineutil\delaunaytriangulator.obj
e:\deu_trunk\deu3d_osg\bin\x64\release\engineutil\cullvisitor.obj
e:\deu_trunk\deu3d_osg\bin\x64\release\engineutil\cubemapgenerator.obj
e:\deu_trunk\deu3d_osg\bin\x64\release\engineutil\radial.obj
e:\deu_trunk\deu3d_osg\bin\x64\release\engineutil\geospatialextents.obj
e:\deu_trunk\deu3d_osg\bin\x64\release\engineutil\findnodevisitor.obj
e:\deu_trunk\deu3d_osg\bin\x64\release\engineutil\distancepixelcomputer.obj
e:\deu_trunk\deu3d_osg\bin\x64\release\engineutil\commonosg.obj
e:\deu_trunk\deu3d_osg\bin\x64\release\engineutil\commonmodelcreater.obj
e:\deu_trunk\deu3d_osg\bin\x64\release\engineutil\clustercullingcreator.obj
e:\deu_trunk\deu3d_osg\bin\x64\release\engineutil\transformcallback.obj
e:\deu_trunk\deu3d_osg\bin\x64\release\engineutil\transformattributefunctor.obj
e:\deu_trunk\deu3d_osg\bin\x64\release\engineutil\tessellator.obj
e:\deu_trunk\deu3d_osg\bin\x64\release\engineutil\tangentspacegenerator.obj
e:\deu_trunk\deu3d_osg\bin\x64\release\engineutil\statistics.obj
e:\deu_trunk\deu3d_osg\bin\x64\release\engineutil\stategraph.obj
e:\deu_trunk\deu3d_osg\bin\x64\release\engineutil\smoothingvisitor.obj
e:\deu_trunk\deu3d_osg\bin\x64\release\engineutil\simplifier.obj
e:\deu_trunk\deu3d_osg\bin\x64\release\engineutil\shadergen.obj
e:\deu_trunk\deu3d_osg\bin\x64\release\engineutil\sceneview.obj
e:\deu_trunk\deu3d_osg\bin\x64\release\engineutil\reverseprimitivefunctor.obj
e:\deu_trunk\deu3d_osg\bin\x64\release\engineutil\renderstage.obj
e:\deu_trunk\deu3d_osg\bin\x64\release\engineutil\renderleaf.obj
e:\deu_trunk\deu3d_osg\bin\x64\release\engineutil\renderbin.obj
e:\deu_trunk\deu3d_osg\bin\x64\release\engineutil\printvisitor.obj
e:\deu_trunk\deu3d_osg\bin\x64\release\engineutil\positionalstatecontainer.obj
e:\deu_trunk\deu3d_osg\bin\x64\release\engineutil\polytopeintersector.obj
e:\deu_trunk\deu3d_osg\bin\x64\release\engineutil\planeintersector.obj
e:\deu_trunk\deu3d_osg\bin\x64\release\engineutil\optimizer.obj
e:\deu_trunk\deu3d_osg\bin\x64\release\engineutil\meshoptimizers.obj
e:\deu_trunk\deu3d_osg\bin\x64\release\engineutil\version.obj
e:\deu_trunk\deu3d_osg\bin\x64\release\engineutil\updatevisitor.obj
e:\deu_trunk\deu3d_osg\bin\x64\release\engineutil\tristripvisitor.obj
e:\deu_trunk\deu3d_osg\bin\x64\release\engineutil\connectivity_graph.obj
e:\deu_trunk\deu3d_osg\bin\x64\release\engineutil\policy.obj
e:\deu_trunk\deu3d_osg\bin\x64\release\engineutil\tri_stripper.obj
e:\deu_trunk\deu3d_osg\bin\x64\engineutil.dll
e:\deu_trunk\deu3d_osg\bin\x64\release\engineutil\engineutil.dll.intermediate.manifest
e:\deu_trunk\deu3d_osg\bin\x64\engineutil.lib
e:\deu_trunk\deu3d_osg\bin\x64\engineutil.exp
e:\deu_trunk\deu3d_osg\bin\x64\release\engineutil\deuglobeversioninfo.res
e:\deu_trunk\deu3d_osg\bin\x64\release\engineutil\cl.command.1.tlog
e:\deu_trunk\deu3d_osg\bin\x64\release\engineutil\cl.read.1.tlog
e:\deu_trunk\deu3d_osg\bin\x64\release\engineutil\cl.write.1.tlog
e:\deu_trunk\deu3d_osg\bin\x64\release\engineutil\link-cvtres.read.1.tlog
e:\deu_trunk\deu3d_osg\bin\x64\release\engineutil\link-cvtres.write.1.tlog
e:\deu_trunk\deu3d_osg\bin\x64\release\engineutil\link.command.1.tlog
e:\deu_trunk\deu3d_osg\bin\x64\release\engineutil\link.read.1.tlog
e:\deu_trunk\deu3d_osg\bin\x64\release\engineutil\link.write.1.tlog
e:\deu_trunk\deu3d_osg\bin\x64\release\engineutil\mt.command.1.tlog
e:\deu_trunk\deu3d_osg\bin\x64\release\engineutil\mt.read.1.tlog
e:\deu_trunk\deu3d_osg\bin\x64\release\engineutil\mt.write.1.tlog
e:\deu_trunk\deu3d_osg\bin\x64\release\engineutil\osgutil.write.1.tlog
e:\deu_trunk\deu3d_osg\bin\x64\release\engineutil\rc.command.1.tlog
e:\deu_trunk\deu3d_osg\bin\x64\release\engineutil\rc.read.1.tlog
e:\deu_trunk\deu3d_osg\bin\x64\release\engineutil\rc.write.1.tlog
e:\deu_trunk\deu3d_osg\src\osgutil\..\..\bin\x64\engineutil.dll
