e:\deu_trunk\deu3d_osg\bin\win32\release\engineshadow\viewdependentshadowtechnique.obj
e:\deu_trunk\deu3d_osg\bin\win32\release\engineshadow\version.obj
e:\deu_trunk\deu3d_osg\bin\win32\release\engineshadow\standardshadowmap.obj
e:\deu_trunk\deu3d_osg\bin\win32\release\engineshadow\softshadowmap.obj
e:\deu_trunk\deu3d_osg\bin\win32\release\engineshadow\shadowvolume.obj
e:\deu_trunk\deu3d_osg\bin\win32\release\engineshadow\shadowtexture.obj
e:\deu_trunk\deu3d_osg\bin\win32\release\engineshadow\shadowtechnique.obj
e:\deu_trunk\deu3d_osg\bin\win32\release\engineshadow\shadowmap.obj
e:\deu_trunk\deu3d_osg\bin\win32\release\engineshadow\shadowedscene.obj
e:\deu_trunk\deu3d_osg\bin\win32\release\engineshadow\parallelsplitshadowmap.obj
e:\deu_trunk\deu3d_osg\bin\win32\release\engineshadow\occludergeometry.obj
e:\deu_trunk\deu3d_osg\bin\win32\release\engineshadow\minimalshadowmap.obj
e:\deu_trunk\deu3d_osg\bin\win32\release\engineshadow\minimaldrawboundsshadowmap.obj
e:\deu_trunk\deu3d_osg\bin\win32\release\engineshadow\minimalcullboundsshadowmap.obj
e:\deu_trunk\deu3d_osg\bin\win32\release\engineshadow\lightspaceperspectiveshadowmap.obj
e:\deu_trunk\deu3d_osg\bin\win32\release\engineshadow\debugshadowmap.obj
e:\deu_trunk\deu3d_osg\bin\win32\release\engineshadow\convexpolyhedron.obj
e:\deu_trunk\deu3d_osg\bin\win32\engineshadow.dll
e:\deu_trunk\deu3d_osg\bin\win32\release\engineshadow\engineshadow.dll.intermediate.manifest
e:\deu_trunk\deu3d_osg\bin\win32\engineshadow.lib
e:\deu_trunk\deu3d_osg\bin\win32\engineshadow.exp
e:\deu_trunk\deu3d_osg\bin\win32\release\engineshadow\deuglobeversioninfo.res
e:\deu_trunk\deu3d_osg\bin\win32\release\engineshadow\cl.command.1.tlog
e:\deu_trunk\deu3d_osg\bin\win32\release\engineshadow\cl.read.1.tlog
e:\deu_trunk\deu3d_osg\bin\win32\release\engineshadow\cl.write.1.tlog
e:\deu_trunk\deu3d_osg\bin\win32\release\engineshadow\link-cvtres.read.1.tlog
e:\deu_trunk\deu3d_osg\bin\win32\release\engineshadow\link-cvtres.write.1.tlog
e:\deu_trunk\deu3d_osg\bin\win32\release\engineshadow\link.command.1.tlog
e:\deu_trunk\deu3d_osg\bin\win32\release\engineshadow\link.read.1.tlog
e:\deu_trunk\deu3d_osg\bin\win32\release\engineshadow\link.write.1.tlog
e:\deu_trunk\deu3d_osg\bin\win32\release\engineshadow\mt.command.1.tlog
e:\deu_trunk\deu3d_osg\bin\win32\release\engineshadow\mt.read.1.tlog
e:\deu_trunk\deu3d_osg\bin\win32\release\engineshadow\mt.write.1.tlog
e:\deu_trunk\deu3d_osg\bin\win32\release\engineshadow\osgshadow.write.1.tlog
e:\deu_trunk\deu3d_osg\bin\win32\release\engineshadow\rc.command.1.tlog
e:\deu_trunk\deu3d_osg\bin\win32\release\engineshadow\rc.read.1.tlog
e:\deu_trunk\deu3d_osg\bin\win32\release\engineshadow\rc.write.1.tlog
e:\deu_trunk\deu3d_osg\src\osgshadow\..\..\bin\win32\engineshadow.dll
