e:\deu_trunk\deu3d_osg\bin\x64\release\enginedb_jpeg\readerwriterjpeg.obj
e:\deu_trunk\deu3d_osg\bin\x64\enginedb_jpeg.dll
e:\deu_trunk\deu3d_osg\bin\x64\release\enginedb_jpeg\enginedb_jpeg.dll.intermediate.manifest
e:\deu_trunk\deu3d_osg\bin\x64\release\enginedb_jpeg\deuglobeversioninfo.res
e:\deu_trunk\deu3d_osg\bin\x64\release\enginedb_jpeg\cl.command.1.tlog
e:\deu_trunk\deu3d_osg\bin\x64\release\enginedb_jpeg\cl.read.1.tlog
e:\deu_trunk\deu3d_osg\bin\x64\release\enginedb_jpeg\cl.write.1.tlog
e:\deu_trunk\deu3d_osg\bin\x64\release\enginedb_jpeg\link.4824-cvtres.read.1.tlog
e:\deu_trunk\deu3d_osg\bin\x64\release\enginedb_jpeg\link.4824-cvtres.write.1.tlog
e:\deu_trunk\deu3d_osg\bin\x64\release\enginedb_jpeg\link.4824.read.1.tlog
e:\deu_trunk\deu3d_osg\bin\x64\release\enginedb_jpeg\link.4824.write.1.tlog
e:\deu_trunk\deu3d_osg\bin\x64\release\enginedb_jpeg\link.7768-cvtres.read.1.tlog
e:\deu_trunk\deu3d_osg\bin\x64\release\enginedb_jpeg\link.7768-cvtres.write.1.tlog
e:\deu_trunk\deu3d_osg\bin\x64\release\enginedb_jpeg\link.7768.read.1.tlog
e:\deu_trunk\deu3d_osg\bin\x64\release\enginedb_jpeg\link.7768.write.1.tlog
e:\deu_trunk\deu3d_osg\bin\x64\release\enginedb_jpeg\link.command.1.tlog
e:\deu_trunk\deu3d_osg\bin\x64\release\enginedb_jpeg\link.read.1.tlog
e:\deu_trunk\deu3d_osg\bin\x64\release\enginedb_jpeg\link.write.1.tlog
e:\deu_trunk\deu3d_osg\bin\x64\release\enginedb_jpeg\mt.command.1.tlog
e:\deu_trunk\deu3d_osg\bin\x64\release\enginedb_jpeg\mt.read.1.tlog
e:\deu_trunk\deu3d_osg\bin\x64\release\enginedb_jpeg\mt.write.1.tlog
e:\deu_trunk\deu3d_osg\bin\x64\release\enginedb_jpeg\rc.command.1.tlog
e:\deu_trunk\deu3d_osg\bin\x64\release\enginedb_jpeg\rc.read.1.tlog
e:\deu_trunk\deu3d_osg\bin\x64\release\enginedb_jpeg\rc.write.1.tlog
e:\deu_trunk\deu3d_osg\src\osgplugins\jpeg\..\..\..\bin\x64\enginedb_jpeg.dll
