e:\deu_trunk\deu3d_osg\bin\win32\release\engineterrain\version.obj
e:\deu_trunk\deu3d_osg\bin\win32\release\engineterrain\geometrytechnique.obj
e:\deu_trunk\deu3d_osg\bin\win32\release\engineterrain\terraintechnique.obj
e:\deu_trunk\deu3d_osg\bin\win32\release\engineterrain\terraintile.obj
e:\deu_trunk\deu3d_osg\bin\win32\release\engineterrain\locator.obj
e:\deu_trunk\deu3d_osg\bin\win32\release\engineterrain\layer.obj
e:\deu_trunk\deu3d_osg\bin\win32\engineterrain.dll
e:\deu_trunk\deu3d_osg\bin\win32\release\engineterrain\engineterrain.dll.intermediate.manifest
e:\deu_trunk\deu3d_osg\bin\win32\engineterrain.lib
e:\deu_trunk\deu3d_osg\bin\win32\engineterrain.exp
e:\deu_trunk\deu3d_osg\bin\win32\release\engineterrain\deuglobeversioninfo.res
e:\deu_trunk\deu3d_osg\bin\win32\release\engineterrain\cl.command.1.tlog
e:\deu_trunk\deu3d_osg\bin\win32\release\engineterrain\cl.read.1.tlog
e:\deu_trunk\deu3d_osg\bin\win32\release\engineterrain\cl.write.1.tlog
e:\deu_trunk\deu3d_osg\bin\win32\release\engineterrain\link-cvtres.read.1.tlog
e:\deu_trunk\deu3d_osg\bin\win32\release\engineterrain\link-cvtres.write.1.tlog
e:\deu_trunk\deu3d_osg\bin\win32\release\engineterrain\link.command.1.tlog
e:\deu_trunk\deu3d_osg\bin\win32\release\engineterrain\link.read.1.tlog
e:\deu_trunk\deu3d_osg\bin\win32\release\engineterrain\link.write.1.tlog
e:\deu_trunk\deu3d_osg\bin\win32\release\engineterrain\mt.command.1.tlog
e:\deu_trunk\deu3d_osg\bin\win32\release\engineterrain\mt.read.1.tlog
e:\deu_trunk\deu3d_osg\bin\win32\release\engineterrain\mt.write.1.tlog
e:\deu_trunk\deu3d_osg\bin\win32\release\engineterrain\osgterrain.write.1.tlog
e:\deu_trunk\deu3d_osg\bin\win32\release\engineterrain\rc.command.1.tlog
e:\deu_trunk\deu3d_osg\bin\win32\release\engineterrain\rc.read.1.tlog
e:\deu_trunk\deu3d_osg\bin\win32\release\engineterrain\rc.write.1.tlog
e:\deu_trunk\deu3d_osg\src\osgterrain\..\..\bin\win32\engineterrain.dll
