e:\deu_trunk\deu3d_platformcore\network\bin\win32\debug\cid2url.obj
e:\deu_trunk\deu3d_platformcore\network\bin\win32\debug\csimplehttpclient.obj
e:\deu_trunk\deu3d_platformcore\network\bin\win32\debug\deunetwork.obj
e:\deu_trunk\deu3d_platformcore\network\bin\win32\debug\deuquerydata.obj
e:\deu_trunk\deu3d_platformcore\network\bin\win32\debug\deurcdinfo.obj
e:\deu_trunk\deu3d_platformcore\network\bin\win32\debug\deuserverconf.obj
e:\deu_trunk\deu3d_platformcore\network\bin\win32\debug\rcd.obj
e:\deu_trunk\deu3d_platformcore\network\bin\win32\debug\vc100.pdb
e:\deu_trunk\deu3d_platformcore\network\bin\win32\networkd.ilk
e:\deu_trunk\deu3d_platformcore\network\bin\win32\networkd.dll
e:\deu_trunk\deu3d_platformcore\network\bin\win32\debug\networkd.dll.intermediate.manifest
e:\deu_trunk\deu3d_platformcore\network\bin\win32\networkd.pdb
e:\deu_trunk\deu3d_platformcore\network\bin\win32\networkd.lib
e:\deu_trunk\deu3d_platformcore\network\bin\win32\networkd.exp
e:\deu_trunk\deu3d_platformcore\network\bin\win32\debug\deuglobeversioninfo.res
e:\deu_trunk\deu3d_platformcore\network\bin\win32\debug\cl.command.1.tlog
e:\deu_trunk\deu3d_platformcore\network\bin\win32\debug\cl.read.1.tlog
e:\deu_trunk\deu3d_platformcore\network\bin\win32\debug\cl.write.1.tlog
e:\deu_trunk\deu3d_platformcore\network\bin\win32\debug\link-cvtres.read.1.tlog
e:\deu_trunk\deu3d_platformcore\network\bin\win32\debug\link-cvtres.write.1.tlog
e:\deu_trunk\deu3d_platformcore\network\bin\win32\debug\link.command.1.tlog
e:\deu_trunk\deu3d_platformcore\network\bin\win32\debug\link.read.1.tlog
e:\deu_trunk\deu3d_platformcore\network\bin\win32\debug\link.write.1.tlog
e:\deu_trunk\deu3d_platformcore\network\bin\win32\debug\mt.command.1.tlog
e:\deu_trunk\deu3d_platformcore\network\bin\win32\debug\mt.read.1.tlog
e:\deu_trunk\deu3d_platformcore\network\bin\win32\debug\mt.write.1.tlog
e:\deu_trunk\deu3d_platformcore\network\bin\win32\debug\network.write.1.tlog
e:\deu_trunk\deu3d_platformcore\network\bin\win32\debug\rc.command.1.tlog
e:\deu_trunk\deu3d_platformcore\network\bin\win32\debug\rc.read.1.tlog
e:\deu_trunk\deu3d_platformcore\network\bin\win32\debug\rc.write.1.tlog
e:\deu_trunk\deu3d_platformcore\network\bin\win32\debug\vc100.idb
