e:\deu_trunk\deu3d_platformcore\platformcore\bin\win32\debug\terraindommodification.obj
e:\deu_trunk\deu3d_platformcore\platformcore\bin\win32\debug\terrainelevationmodification.obj
e:\deu_trunk\deu3d_platformcore\platformcore\bin\win32\debug\terrainmodification.obj
e:\deu_trunk\deu3d_platformcore\platformcore\bin\win32\debug\terrainmodificationmanager.obj
e:\deu_trunk\deu3d_platformcore\platformcore\bin\win32\debug\textcenterlayouter.obj
e:\deu_trunk\deu3d_platformcore\platformcore\bin\win32\debug\tileobjblender.obj
e:\deu_trunk\deu3d_platformcore\platformcore\bin\win32\debug\toolbase.obj
e:\deu_trunk\deu3d_platformcore\platformcore\bin\win32\debug\toolmanager.obj
e:\deu_trunk\deu3d_platformcore\platformcore\bin\win32\debug\utility.obj
e:\deu_trunk\deu3d_platformcore\platformcore\bin\win32\debug\vcubechanged_operation.obj
e:\deu_trunk\deu3d_platformcore\platformcore\bin\win32\debug\vcubechanginglistener.obj
e:\deu_trunk\deu3d_platformcore\platformcore\bin\win32\debug\virtualcubenode.obj
e:\deu_trunk\deu3d_platformcore\platformcore\bin\win32\debug\viewstate.obj
e:\deu_trunk\deu3d_platformcore\platformcore\bin\win32\debug\virtualcubereaderwriter.obj
e:\deu_trunk\deu3d_platformcore\platformcore\bin\win32\debug\virtualtilereaderwriter.obj
e:\deu_trunk\deu3d_platformcore\platformcore\bin\win32\debug\visibilityanalysistool.obj
e:\deu_trunk\deu3d_platformcore\platformcore\bin\win32\debug\visiblestate.obj
e:\deu_trunk\deu3d_platformcore\platformcore\bin\win32\debug\vtilechanged_operation.obj
e:\deu_trunk\deu3d_platformcore\platformcore\bin\win32\debug\vtilechanginglistener.obj
e:\deu_trunk\deu3d_platformcore\platformcore\bin\win32\debug\wireframestate.obj
e:\deu_trunk\deu3d_platformcore\platformcore\bin\win32\debug\polygontool.obj
e:\deu_trunk\deu3d_platformcore\platformcore\bin\win32\debug\polylinetool.obj
e:\deu_trunk\deu3d_platformcore\platformcore\bin\win32\debug\projectionmatrixfixer.obj
e:\deu_trunk\deu3d_platformcore\platformcore\bin\win32\debug\recttool.obj
e:\deu_trunk\deu3d_platformcore\platformcore\bin\win32\debug\refreshingterrainthread.obj
e:\deu_trunk\deu3d_platformcore\platformcore\bin\win32\debug\refreshingthread.obj
e:\deu_trunk\deu3d_platformcore\platformcore\bin\win32\debug\registry.obj
e:\deu_trunk\deu3d_platformcore\platformcore\bin\win32\debug\ripplestate.obj
e:\deu_trunk\deu3d_platformcore\platformcore\bin\win32\debug\skydome.obj
e:\deu_trunk\deu3d_platformcore\platformcore\bin\win32\debug\smokestate.obj
e:\deu_trunk\deu3d_platformcore\platformcore\bin\win32\debug\initializationparam.obj
e:\deu_trunk\deu3d_platformcore\platformcore\bin\win32\debug\outlinelayouter.obj
e:\deu_trunk\deu3d_platformcore\platformcore\bin\win32\debug\outlinestate.obj
e:\deu_trunk\deu3d_platformcore\platformcore\bin\win32\debug\stardata.obj
e:\deu_trunk\deu3d_platformcore\platformcore\bin\win32\debug\statebase.obj
e:\deu_trunk\deu3d_platformcore\platformcore\bin\win32\debug\statemanager.obj
e:\deu_trunk\deu3d_platformcore\platformcore\bin\win32\debug\statusbar.obj
e:\deu_trunk\deu3d_platformcore\platformcore\bin\win32\debug\subground.obj
e:\deu_trunk\deu3d_platformcore\platformcore\bin\win32\debug\terraincolormodification.obj
e:\deu_trunk\deu3d_platformcore\platformcore\bin\win32\debug\terraindemmodification.obj
e:\deu_trunk\deu3d_platformcore\platformcore\bin\win32\debug\topmoststate.obj
e:\deu_trunk\deu3d_platformcore\platformcore\bin\win32\debug\deuplatformcore.obj
e:\deu_trunk\deu3d_platformcore\platformcore\bin\win32\debug\deuproxynode.obj
e:\deu_trunk\deu3d_platformcore\platformcore\bin\win32\debug\deusceneviewer.obj
e:\deu_trunk\deu3d_platformcore\platformcore\bin\win32\debug\directionstate.obj
e:\deu_trunk\deu3d_platformcore\platformcore\bin\win32\debug\ellipsetool.obj
e:\deu_trunk\deu3d_platformcore\platformcore\bin\win32\debug\facetool.obj
e:\deu_trunk\deu3d_platformcore\platformcore\bin\win32\debug\filereadinterceptor.obj
e:\deu_trunk\deu3d_platformcore\platformcore\bin\win32\debug\fluoroscope.obj
e:\deu_trunk\deu3d_platformcore\platformcore\bin\win32\debug\frameimagefetcher.obj
e:\deu_trunk\deu3d_platformcore\platformcore\bin\win32\debug\hudlayouter.obj
e:\deu_trunk\deu3d_platformcore\platformcore\bin\win32\debug\linetool.obj
e:\deu_trunk\deu3d_platformcore\platformcore\bin\win32\debug\measuretool.obj
e:\deu_trunk\deu3d_platformcore\platformcore\bin\win32\debug\navigationparam.obj
e:\deu_trunk\deu3d_platformcore\platformcore\bin\win32\debug\navigationpath.obj
e:\deu_trunk\deu3d_platformcore\platformcore\bin\win32\debug\navigationpathplayer.obj
e:\deu_trunk\deu3d_platformcore\platformcore\bin\win32\debug\navigatorbase.obj
e:\deu_trunk\deu3d_platformcore\platformcore\bin\win32\debug\navigatormanager.obj
e:\deu_trunk\deu3d_platformcore\platformcore\bin\win32\debug\planetnavigator.obj
e:\deu_trunk\deu3d_platformcore\platformcore\bin\win32\debug\pointtool.obj
e:\deu_trunk\deu3d_platformcore\platformcore\bin\win32\debug\camerainfo.obj
e:\deu_trunk\deu3d_platformcore\platformcore\bin\win32\debug\capabilities.obj
e:\deu_trunk\deu3d_platformcore\platformcore\bin\win32\debug\colorstate.obj
e:\deu_trunk\deu3d_platformcore\platformcore\bin\win32\debug\compass.obj
e:\deu_trunk\deu3d_platformcore\platformcore\bin\win32\debug\editingtool.obj
e:\deu_trunk\deu3d_platformcore\platformcore\bin\win32\debug\effectpagedlod.obj
e:\deu_trunk\deu3d_platformcore\platformcore\bin\win32\debug\fetchingelevation_operation.obj
e:\deu_trunk\deu3d_platformcore\platformcore\bin\win32\debug\findbottomterraintile_operation.obj
e:\deu_trunk\deu3d_platformcore\platformcore\bin\win32\debug\intersect_operation.obj
e:\deu_trunk\deu3d_platformcore\platformcore\bin\win32\debug\lodfixer.obj
e:\deu_trunk\deu3d_platformcore\platformcore\bin\win32\debug\removetilebylevel_operation.obj
e:\deu_trunk\deu3d_platformcore\platformcore\bin\win32\debug\replacechildren_operation.obj
e:\deu_trunk\deu3d_platformcore\platformcore\bin\win32\debug\scenegraphoperationbase.obj
e:\deu_trunk\deu3d_platformcore\platformcore\bin\win32\debug\scenegraphoperator.obj
e:\deu_trunk\deu3d_platformcore\platformcore\bin\win32\debug\selecting_operation.obj
e:\deu_trunk\deu3d_platformcore\platformcore\bin\win32\debug\shadowstate.obj
e:\deu_trunk\deu3d_platformcore\platformcore\bin\win32\debug\sharedobjectpool.obj
e:\deu_trunk\deu3d_platformcore\platformcore\bin\win32\debug\smartlod.obj
e:\deu_trunk\deu3d_platformcore\platformcore\bin\win32\debug\statechanged_operation.obj
e:\deu_trunk\deu3d_platformcore\platformcore\bin\win32\debug\terraintilechanged_operation.obj
e:\deu_trunk\deu3d_platformcore\platformcore\bin\win32\debug\addorremove_operation.obj
e:\deu_trunk\deu3d_platformcore\platformcore\bin\win32\debug\aerocalculator.obj
e:\deu_trunk\deu3d_platformcore\platformcore\bin\win32\debug\analysisbasetool.obj
e:\deu_trunk\deu3d_platformcore\platformcore\bin\win32\debug\animationmodel.obj
e:\deu_trunk\deu3d_platformcore\platformcore\bin\win32\debug\areatool.obj
e:\deu_trunk\deu3d_platformcore\platformcore\bin\win32\debug\vc100.pdb
e:\deu_trunk\deu3d_platformcore\platformcore\bin\win32\platformcored.ilk
e:\deu_trunk\deu3d_platformcore\platformcore\bin\win32\platformcored.dll
e:\deu_trunk\deu3d_platformcore\platformcore\bin\win32\debug\platformcored.dll.intermediate.manifest
e:\deu_trunk\deu3d_platformcore\platformcore\bin\win32\platformcored.pdb
e:\deu_trunk\deu3d_platformcore\platformcore\bin\win32\debug\platformcored.dll.embed.manifest
e:\deu_trunk\deu3d_platformcore\platformcore\bin\win32\platformcored.lib
e:\deu_trunk\deu3d_platformcore\platformcore\bin\win32\platformcored.exp
e:\deu_trunk\deu3d_platformcore\platformcore\bin\win32\debug\deuglobeversioninfo.res
e:\deu_trunk\deu3d_platformcore\platformcore\bin\win32\debug\platformcored.dll.embed.manifest.res
e:\deu_trunk\deu3d_platformcore\platformcore\bin\win32\debug\cl.command.1.tlog
e:\deu_trunk\deu3d_platformcore\platformcore\bin\win32\debug\cl.read.1.tlog
e:\deu_trunk\deu3d_platformcore\platformcore\bin\win32\debug\cl.write.1.tlog
e:\deu_trunk\deu3d_platformcore\platformcore\bin\win32\debug\link-cvtres.read.1.tlog
e:\deu_trunk\deu3d_platformcore\platformcore\bin\win32\debug\link-cvtres.write.1.tlog
e:\deu_trunk\deu3d_platformcore\platformcore\bin\win32\debug\link.17712-cvtres.read.1.tlog
e:\deu_trunk\deu3d_platformcore\platformcore\bin\win32\debug\link.17712-cvtres.write.1.tlog
e:\deu_trunk\deu3d_platformcore\platformcore\bin\win32\debug\link.17712.read.1.tlog
e:\deu_trunk\deu3d_platformcore\platformcore\bin\win32\debug\link.17712.write.1.tlog
e:\deu_trunk\deu3d_platformcore\platformcore\bin\win32\debug\link.3844-cvtres.read.1.tlog
e:\deu_trunk\deu3d_platformcore\platformcore\bin\win32\debug\link.3844-cvtres.write.1.tlog
e:\deu_trunk\deu3d_platformcore\platformcore\bin\win32\debug\link.3844.read.1.tlog
e:\deu_trunk\deu3d_platformcore\platformcore\bin\win32\debug\link.3844.write.1.tlog
e:\deu_trunk\deu3d_platformcore\platformcore\bin\win32\debug\link.4576-cvtres.read.1.tlog
e:\deu_trunk\deu3d_platformcore\platformcore\bin\win32\debug\link.4576-cvtres.write.1.tlog
e:\deu_trunk\deu3d_platformcore\platformcore\bin\win32\debug\link.4576.read.1.tlog
e:\deu_trunk\deu3d_platformcore\platformcore\bin\win32\debug\link.4576.write.1.tlog
e:\deu_trunk\deu3d_platformcore\platformcore\bin\win32\debug\link.6324-cvtres.read.1.tlog
e:\deu_trunk\deu3d_platformcore\platformcore\bin\win32\debug\link.6324-cvtres.write.1.tlog
e:\deu_trunk\deu3d_platformcore\platformcore\bin\win32\debug\link.6324.read.1.tlog
e:\deu_trunk\deu3d_platformcore\platformcore\bin\win32\debug\link.6324.write.1.tlog
e:\deu_trunk\deu3d_platformcore\platformcore\bin\win32\debug\link.command.1.tlog
e:\deu_trunk\deu3d_platformcore\platformcore\bin\win32\debug\link.read.1.tlog
e:\deu_trunk\deu3d_platformcore\platformcore\bin\win32\debug\link.write.1.tlog
e:\deu_trunk\deu3d_platformcore\platformcore\bin\win32\debug\mt.command.1.tlog
e:\deu_trunk\deu3d_platformcore\platformcore\bin\win32\debug\mt.read.1.tlog
e:\deu_trunk\deu3d_platformcore\platformcore\bin\win32\debug\mt.write.1.tlog
e:\deu_trunk\deu3d_platformcore\platformcore\bin\win32\debug\platformcore.write.1.tlog
e:\deu_trunk\deu3d_platformcore\platformcore\bin\win32\debug\rc.command.1.tlog
e:\deu_trunk\deu3d_platformcore\platformcore\bin\win32\debug\rc.read.1.tlog
e:\deu_trunk\deu3d_platformcore\platformcore\bin\win32\debug\rc.write.1.tlog
e:\deu_trunk\deu3d_platformcore\platformcore\bin\win32\debug\vc100.idb
e:\deu_trunk\deu3d_platformcore\platformcore\bin\win32\debug\platformcored_manifest.rc
