e:\deu_trunk\deu3d_platformcore\parametersys\bin\win32\release\prismdetail.obj
e:\deu_trunk\deu3d_platformcore\parametersys\bin\win32\release\polygonpipeconnectordetail.obj
e:\deu_trunk\deu3d_platformcore\parametersys\bin\win32\release\polygonpipeconnectorbuilder.obj
e:\deu_trunk\deu3d_platformcore\parametersys\bin\win32\release\polygondetail.obj
e:\deu_trunk\deu3d_platformcore\parametersys\bin\win32\release\pointparameter.obj
e:\deu_trunk\deu3d_platformcore\parametersys\bin\win32\release\pipeconnectordetail.obj
e:\deu_trunk\deu3d_platformcore\parametersys\bin\win32\release\pipeconnectorbuilder.obj
e:\deu_trunk\deu3d_platformcore\parametersys\bin\win32\release\parameter.obj
e:\deu_trunk\deu3d_platformcore\parametersys\bin\win32\release\lineparameter.obj
e:\deu_trunk\deu3d_platformcore\parametersys\bin\win32\release\faceparameter.obj
e:\deu_trunk\deu3d_platformcore\parametersys\bin\win32\release\dynpointdetail.obj
e:\deu_trunk\deu3d_platformcore\parametersys\bin\win32\release\dynpointclouddetail.obj
e:\deu_trunk\deu3d_platformcore\parametersys\bin\win32\release\dynmodeldetail.obj
e:\deu_trunk\deu3d_platformcore\parametersys\bin\win32\release\dynlinedetail.obj
e:\deu_trunk\deu3d_platformcore\parametersys\bin\win32\release\dynimagedetail.obj
e:\deu_trunk\deu3d_platformcore\parametersys\bin\win32\release\dynfacedetail.obj
e:\deu_trunk\deu3d_platformcore\parametersys\bin\win32\release\detail.obj
e:\deu_trunk\deu3d_platformcore\parametersys\bin\win32\release\cylinderdetail.obj
e:\deu_trunk\deu3d_platformcore\parametersys\bin\win32\release\cubedetail.obj
e:\deu_trunk\deu3d_platformcore\parametersys\bin\win32\release\bubbletextdetail.obj
e:\deu_trunk\deu3d_platformcore\parametersys\bin\win32\release\staticmodeldetail.obj
e:\deu_trunk\deu3d_platformcore\parametersys\bin\win32\release\spheredetail.obj
e:\deu_trunk\deu3d_platformcore\parametersys\bin\win32\release\sectordetail.obj
e:\deu_trunk\deu3d_platformcore\parametersys\bin\win32\release\roundtabledetail.obj
e:\deu_trunk\deu3d_platformcore\parametersys\bin\win32\release\rectpipeconnectordetail.obj
e:\deu_trunk\deu3d_platformcore\parametersys\bin\win32\release\rectpipeconnectorbuilder.obj
e:\deu_trunk\deu3d_platformcore\parametersys\bin\win32\release\pyramiddetail.obj
e:\deu_trunk\deu3d_platformcore\parametersys\bin\win32\release\vc100.pdb
e:\deu_trunk\deu3d_platformcore\parametersys\bin\win32\parametersys.dll
e:\deu_trunk\deu3d_platformcore\parametersys\bin\win32\release\parametersys.dll.intermediate.manifest
e:\deu_trunk\deu3d_platformcore\parametersys\bin\win32\parametersys.lib
e:\deu_trunk\deu3d_platformcore\parametersys\bin\win32\parametersys.exp
e:\deu_trunk\deu3d_platformcore\parametersys\bin\win32\release\deuglobeversioninfo.res
e:\deu_trunk\deu3d_platformcore\parametersys\bin\win32\release\cl.command.1.tlog
e:\deu_trunk\deu3d_platformcore\parametersys\bin\win32\release\cl.read.1.tlog
e:\deu_trunk\deu3d_platformcore\parametersys\bin\win32\release\cl.write.1.tlog
e:\deu_trunk\deu3d_platformcore\parametersys\bin\win32\release\link-cvtres.read.1.tlog
e:\deu_trunk\deu3d_platformcore\parametersys\bin\win32\release\link-cvtres.write.1.tlog
e:\deu_trunk\deu3d_platformcore\parametersys\bin\win32\release\link.command.1.tlog
e:\deu_trunk\deu3d_platformcore\parametersys\bin\win32\release\link.read.1.tlog
e:\deu_trunk\deu3d_platformcore\parametersys\bin\win32\release\link.write.1.tlog
e:\deu_trunk\deu3d_platformcore\parametersys\bin\win32\release\mt.command.1.tlog
e:\deu_trunk\deu3d_platformcore\parametersys\bin\win32\release\mt.read.1.tlog
e:\deu_trunk\deu3d_platformcore\parametersys\bin\win32\release\mt.write.1.tlog
e:\deu_trunk\deu3d_platformcore\parametersys\bin\win32\release\parametersys.write.1.tlog
e:\deu_trunk\deu3d_platformcore\parametersys\bin\win32\release\rc.command.1.tlog
e:\deu_trunk\deu3d_platformcore\parametersys\bin\win32\release\rc.read.1.tlog
e:\deu_trunk\deu3d_platformcore\parametersys\bin\win32\release\rc.write.1.tlog
