生成启动时间为 2017/12/23 13:57:24。
     1>项目“E:\DEU_Trunk\DEU3D_Common\OpenThreads\OpenThreads.vcxproj”在节点 2 上(build 个目标)。
     1>InitializeBuildStatus:
         正在创建“Bin\x64\Release\OpenThreads.unsuccessfulbuild”，因为已指定“AlwaysCreate”。
       ClCompile:
         d:\Program Files (x86)\Microsoft Visual Studio 10.0\VC\bin\x86_amd64\CL.exe /c /I.\include /Zi /nologo /W3 /WX- /O2 /Oi /GL /D WIN32 /D NDEBUG /D _WINDOWS /D _USRDLL /D OPENTHREADS_EXPORTS /D _WINDLL /D _MBCS /Gm- /EHsc /MD /GS /Gy /fp:precise /Zc:wchar_t /Zc:forScope /Fo"Bin\x64\Release\\" /Fd"Bin\x64\Release\vc100.pdb" /Gd /TP /errorReport:prompt src\Atomic.cpp src\Version.cpp src\WIN32Condition.cpp src\Win32Mutex.cpp src\Win32Thread.cpp src\Win32ThreadBarrier.cpp
         Atomic.cpp
         Version.cpp
     1>src\Version.cpp(32): warning C4996: 'sprintf': This function or variable may be unsafe. Consider using sprintf_s instead. To disable deprecation, use _CRT_SECURE_NO_WARNINGS. See online help for details.
                 d:\Program Files (x86)\Microsoft Visual Studio 10.0\VC\include\stdio.h(371) : 参见“sprintf”的声明
     1>src\Version.cpp(45): warning C4996: 'sprintf': This function or variable may be unsafe. Consider using sprintf_s instead. To disable deprecation, use _CRT_SECURE_NO_WARNINGS. See online help for details.
                 d:\Program Files (x86)\Microsoft Visual Studio 10.0\VC\include\stdio.h(371) : 参见“sprintf”的声明
         WIN32Condition.cpp
         Win32Mutex.cpp
         Win32Thread.cpp
         Win32ThreadBarrier.cpp
       ResourceCompile:
         C:\Program Files (x86)\Microsoft SDKs\Windows\v7.0A\bin\rc.exe /l"0x0409" /nologo /fo"Bin\x64\Release\DEUGlobeVersionInfo.res" ..\..\DEU3D_VersionRes\DEUGlobeVersionInfo.rc 
       Link:
         d:\Program Files (x86)\Microsoft Visual Studio 10.0\VC\bin\x86_amd64\link.exe /ERRORREPORT:PROMPT /OUT:"Bin\x64\OpenThreads.dll" /INCREMENTAL:NO /NOLOGO kernel32.lib user32.lib gdi32.lib winspool.lib comdlg32.lib advapi32.lib shell32.lib ole32.lib oleaut32.lib uuid.lib odbc32.lib odbccp32.lib /MANIFEST /ManifestFile:"Bin\x64\Release\OpenThreads.dll.intermediate.manifest" /MANIFESTUAC:"level='asInvoker' uiAccess='false'" /DEBUG /PDB:"E:\DEU_Trunk\DEU3D_Common\OpenThreads\Bin\x64\OpenThreads.pdb" /SUBSYSTEM:WINDOWS /OPT:REF /OPT:ICF /LTCG /TLBID:1 /DYNAMICBASE /NXCOMPAT /IMPLIB:"Bin\x64\OpenThreads.lib" /MACHINE:X64 /DLL Bin\x64\Release\DEUGlobeVersionInfo.res
         Bin\x64\Release\Atomic.obj
         Bin\x64\Release\Version.obj
         Bin\x64\Release\WIN32Condition.obj
         Bin\x64\Release\Win32Mutex.obj
         Bin\x64\Release\Win32Thread.obj
         Bin\x64\Release\Win32ThreadBarrier.obj
            正在创建库 Bin\x64\OpenThreads.lib 和对象 Bin\x64\OpenThreads.exp
         正在生成代码
         已完成代码的生成
         OpenThreads.vcxproj -> E:\DEU_Trunk\DEU3D_Common\OpenThreads\Bin\x64\OpenThreads.dll
       Manifest:
         C:\Program Files (x86)\Microsoft SDKs\Windows\v7.0A\bin\mt.exe /nologo /verbose /outputresource:"Bin\x64\OpenThreads.dll;#2" /manifest Bin\x64\Release\OpenThreads.dll.intermediate.manifest
       PostBuildEvent:
         copy E:\DEU_Trunk\DEU3D_Common\OpenThreads\Bin\x64\OpenThreads.dll ..\..\DEU3D_Bin\x64\ /Y
         copy E:\DEU_Trunk\DEU3D_Common\OpenThreads\Bin\x64\OpenThreads.lib ..\..\DEU3D_3rdParty\3rdParty_DEU3D\Lib\x64\ /Y
         :VCEnd
         已复制         1 个文件。
         已复制         1 个文件。
       FinalizeBuildStatus:
         正在删除文件“Bin\x64\Release\OpenThreads.unsuccessfulbuild”。
         正在对“Bin\x64\Release\OpenThreads.lastbuildstate”执行 Touch 任务。
     1>已完成生成项目“E:\DEU_Trunk\DEU3D_Common\OpenThreads\OpenThreads.vcxproj”(build 个目标)的操作。

生成成功。

已用时间 00:00:03.79
