e:\deu_trunk\deu3d_osg\bin\win32\debug\enginedb_jpeg\readerwriterjpeg.obj
e:\deu_trunk\deu3d_osg\bin\win32\enginedb_jpegd.pdb
e:\deu_trunk\deu3d_osg\bin\win32\enginedb_jpegd.ilk
e:\deu_trunk\deu3d_osg\bin\win32\enginedb_jpegd.dll
e:\deu_trunk\deu3d_osg\bin\win32\debug\enginedb_jpeg\enginedb_jpegd.dll.intermediate.manifest
e:\deu_trunk\deu3d_osg\bin\win32\debug\enginedb_jpeg\enginedb_jpegd.dll.embed.manifest
e:\deu_trunk\deu3d_osg\bin\win32\debug\enginedb_jpeg\deuglobeversioninfo.res
e:\deu_trunk\deu3d_osg\bin\win32\debug\enginedb_jpeg\enginedb_jpegd.dll.embed.manifest.res
e:\deu_trunk\deu3d_osg\bin\win32\debug\enginedb_jpeg\cl.command.1.tlog
e:\deu_trunk\deu3d_osg\bin\win32\debug\enginedb_jpeg\cl.read.1.tlog
e:\deu_trunk\deu3d_osg\bin\win32\debug\enginedb_jpeg\cl.write.1.tlog
e:\deu_trunk\deu3d_osg\bin\win32\debug\enginedb_jpeg\link.1260-cvtres.read.1.tlog
e:\deu_trunk\deu3d_osg\bin\win32\debug\enginedb_jpeg\link.1260-cvtres.write.1.tlog
e:\deu_trunk\deu3d_osg\bin\win32\debug\enginedb_jpeg\link.1260.read.1.tlog
e:\deu_trunk\deu3d_osg\bin\win32\debug\enginedb_jpeg\link.1260.write.1.tlog
e:\deu_trunk\deu3d_osg\bin\win32\debug\enginedb_jpeg\link.15156-cvtres.read.1.tlog
e:\deu_trunk\deu3d_osg\bin\win32\debug\enginedb_jpeg\link.15156-cvtres.write.1.tlog
e:\deu_trunk\deu3d_osg\bin\win32\debug\enginedb_jpeg\link.15156.read.1.tlog
e:\deu_trunk\deu3d_osg\bin\win32\debug\enginedb_jpeg\link.15156.write.1.tlog
e:\deu_trunk\deu3d_osg\bin\win32\debug\enginedb_jpeg\link.2284-cvtres.read.1.tlog
e:\deu_trunk\deu3d_osg\bin\win32\debug\enginedb_jpeg\link.2284-cvtres.write.1.tlog
e:\deu_trunk\deu3d_osg\bin\win32\debug\enginedb_jpeg\link.2284.read.1.tlog
e:\deu_trunk\deu3d_osg\bin\win32\debug\enginedb_jpeg\link.2284.write.1.tlog
e:\deu_trunk\deu3d_osg\bin\win32\debug\enginedb_jpeg\link.command.1.tlog
e:\deu_trunk\deu3d_osg\bin\win32\debug\enginedb_jpeg\link.read.1.tlog
e:\deu_trunk\deu3d_osg\bin\win32\debug\enginedb_jpeg\link.write.1.tlog
e:\deu_trunk\deu3d_osg\bin\win32\debug\enginedb_jpeg\mt.command.1.tlog
e:\deu_trunk\deu3d_osg\bin\win32\debug\enginedb_jpeg\mt.read.1.tlog
e:\deu_trunk\deu3d_osg\bin\win32\debug\enginedb_jpeg\mt.write.1.tlog
e:\deu_trunk\deu3d_osg\bin\win32\debug\enginedb_jpeg\rc.command.1.tlog
e:\deu_trunk\deu3d_osg\bin\win32\debug\enginedb_jpeg\rc.read.1.tlog
e:\deu_trunk\deu3d_osg\bin\win32\debug\enginedb_jpeg\rc.write.1.tlog
e:\deu_trunk\deu3d_osg\bin\win32\debug\enginedb_jpeg\enginedb_jpegd_manifest.rc
e:\deu_trunk\deu3d_osg\src\osgplugins\jpeg\..\..\..\bin\win32\enginedb_jpegd.dll
