e:\deu_trunk\deu3d_osg\bin\x64\debug\engineterrain\version.obj
e:\deu_trunk\deu3d_osg\bin\x64\debug\engineterrain\geometrytechnique.obj
e:\deu_trunk\deu3d_osg\bin\x64\debug\engineterrain\terraintechnique.obj
e:\deu_trunk\deu3d_osg\bin\x64\debug\engineterrain\terraintile.obj
e:\deu_trunk\deu3d_osg\bin\x64\debug\engineterrain\locator.obj
e:\deu_trunk\deu3d_osg\bin\x64\debug\engineterrain\layer.obj
e:\deu_trunk\deu3d_osg\bin\x64\engineterraind.pdb
e:\deu_trunk\deu3d_osg\bin\x64\engineterraind.ilk
e:\deu_trunk\deu3d_osg\bin\x64\engineterraind.dll
e:\deu_trunk\deu3d_osg\bin\x64\debug\engineterrain\engineterraind.dll.intermediate.manifest
e:\deu_trunk\deu3d_osg\bin\x64\debug\engineterrain\engineterraind.dll.embed.manifest
e:\deu_trunk\deu3d_osg\bin\x64\engineterraind.lib
e:\deu_trunk\deu3d_osg\bin\x64\engineterraind.exp
e:\deu_trunk\deu3d_osg\bin\x64\debug\engineterrain\deuglobeversioninfo.res
e:\deu_trunk\deu3d_osg\bin\x64\debug\engineterrain\engineterraind.dll.embed.manifest.res
e:\deu_trunk\deu3d_osg\bin\x64\debug\engineterrain\cl.command.1.tlog
e:\deu_trunk\deu3d_osg\bin\x64\debug\engineterrain\cl.read.1.tlog
e:\deu_trunk\deu3d_osg\bin\x64\debug\engineterrain\cl.write.1.tlog
e:\deu_trunk\deu3d_osg\bin\x64\debug\engineterrain\link-cvtres.read.1.tlog
e:\deu_trunk\deu3d_osg\bin\x64\debug\engineterrain\link-cvtres.write.1.tlog
e:\deu_trunk\deu3d_osg\bin\x64\debug\engineterrain\link.13536-cvtres.read.1.tlog
e:\deu_trunk\deu3d_osg\bin\x64\debug\engineterrain\link.13536-cvtres.write.1.tlog
e:\deu_trunk\deu3d_osg\bin\x64\debug\engineterrain\link.13536.read.1.tlog
e:\deu_trunk\deu3d_osg\bin\x64\debug\engineterrain\link.13536.write.1.tlog
e:\deu_trunk\deu3d_osg\bin\x64\debug\engineterrain\link.5600-cvtres.read.1.tlog
e:\deu_trunk\deu3d_osg\bin\x64\debug\engineterrain\link.5600-cvtres.write.1.tlog
e:\deu_trunk\deu3d_osg\bin\x64\debug\engineterrain\link.5600.read.1.tlog
e:\deu_trunk\deu3d_osg\bin\x64\debug\engineterrain\link.5600.write.1.tlog
e:\deu_trunk\deu3d_osg\bin\x64\debug\engineterrain\link.command.1.tlog
e:\deu_trunk\deu3d_osg\bin\x64\debug\engineterrain\link.read.1.tlog
e:\deu_trunk\deu3d_osg\bin\x64\debug\engineterrain\link.write.1.tlog
e:\deu_trunk\deu3d_osg\bin\x64\debug\engineterrain\mt.command.1.tlog
e:\deu_trunk\deu3d_osg\bin\x64\debug\engineterrain\mt.read.1.tlog
e:\deu_trunk\deu3d_osg\bin\x64\debug\engineterrain\mt.write.1.tlog
e:\deu_trunk\deu3d_osg\bin\x64\debug\engineterrain\osgterrain.write.1.tlog
e:\deu_trunk\deu3d_osg\bin\x64\debug\engineterrain\rc.command.1.tlog
e:\deu_trunk\deu3d_osg\bin\x64\debug\engineterrain\rc.read.1.tlog
e:\deu_trunk\deu3d_osg\bin\x64\debug\engineterrain\rc.write.1.tlog
e:\deu_trunk\deu3d_osg\bin\x64\debug\engineterrain\engineterraind_manifest.rc
e:\deu_trunk\deu3d_osg\src\osgterrain\..\..\bin\x64\engineterraind.dll
