e:\deu_trunk\deu3d_osg\bin\win32\debug\engineanimation\stackedmatrixelement.obj
e:\deu_trunk\deu3d_osg\bin\win32\debug\engineanimation\skeleton.obj
e:\deu_trunk\deu3d_osg\bin\win32\debug\engineanimation\rigtransformsoftware.obj
e:\deu_trunk\deu3d_osg\bin\win32\debug\engineanimation\rigtransformhardware.obj
e:\deu_trunk\deu3d_osg\bin\win32\debug\engineanimation\riggeometry.obj
e:\deu_trunk\deu3d_osg\bin\win32\debug\engineanimation\morphgeometry.obj
e:\deu_trunk\deu3d_osg\bin\win32\debug\engineanimation\linkvisitor.obj
e:\deu_trunk\deu3d_osg\bin\win32\debug\engineanimation\channel.obj
e:\deu_trunk\deu3d_osg\bin\win32\debug\engineanimation\bonemapvisitor.obj
e:\deu_trunk\deu3d_osg\bin\win32\debug\engineanimation\bone.obj
e:\deu_trunk\deu3d_osg\bin\win32\debug\engineanimation\basicanimationmanager.obj
e:\deu_trunk\deu3d_osg\bin\win32\debug\engineanimation\animationmanagerbase.obj
e:\deu_trunk\deu3d_osg\bin\win32\debug\engineanimation\animation.obj
e:\deu_trunk\deu3d_osg\bin\win32\debug\engineanimation\actionvisitor.obj
e:\deu_trunk\deu3d_osg\bin\win32\debug\engineanimation\actionstripanimation.obj
e:\deu_trunk\deu3d_osg\bin\win32\debug\engineanimation\actioncallback.obj
e:\deu_trunk\deu3d_osg\bin\win32\debug\engineanimation\actionblendout.obj
e:\deu_trunk\deu3d_osg\bin\win32\debug\engineanimation\actionblendin.obj
e:\deu_trunk\deu3d_osg\bin\win32\debug\engineanimation\actionanimation.obj
e:\deu_trunk\deu3d_osg\bin\win32\debug\engineanimation\action.obj
e:\deu_trunk\deu3d_osg\bin\win32\debug\engineanimation\vertexinfluence.obj
e:\deu_trunk\deu3d_osg\bin\win32\debug\engineanimation\updatematrixtransform.obj
e:\deu_trunk\deu3d_osg\bin\win32\debug\engineanimation\updatematerial.obj
e:\deu_trunk\deu3d_osg\bin\win32\debug\engineanimation\updatebone.obj
e:\deu_trunk\deu3d_osg\bin\win32\debug\engineanimation\timelineanimationmanager.obj
e:\deu_trunk\deu3d_osg\bin\win32\debug\engineanimation\timeline.obj
e:\deu_trunk\deu3d_osg\bin\win32\debug\engineanimation\target.obj
e:\deu_trunk\deu3d_osg\bin\win32\debug\engineanimation\statsvisitor.obj
e:\deu_trunk\deu3d_osg\bin\win32\debug\engineanimation\statshandler.obj
e:\deu_trunk\deu3d_osg\bin\win32\debug\engineanimation\stackedtranslateelement.obj
e:\deu_trunk\deu3d_osg\bin\win32\debug\engineanimation\stackedtransform.obj
e:\deu_trunk\deu3d_osg\bin\win32\debug\engineanimation\stackedscaleelement.obj
e:\deu_trunk\deu3d_osg\bin\win32\debug\engineanimation\stackedrotateaxiselement.obj
e:\deu_trunk\deu3d_osg\bin\win32\debug\engineanimation\stackedquaternionelement.obj
e:\deu_trunk\deu3d_osg\bin\win32\engineanimationd.pdb
e:\deu_trunk\deu3d_osg\bin\win32\engineanimationd.ilk
e:\deu_trunk\deu3d_osg\bin\win32\engineanimationd.dll
e:\deu_trunk\deu3d_osg\bin\win32\debug\engineanimation\engineanimationd.dll.intermediate.manifest
e:\deu_trunk\deu3d_osg\bin\win32\debug\engineanimation\engineanimationd.dll.embed.manifest
e:\deu_trunk\deu3d_osg\bin\win32\engineanimationd.lib
e:\deu_trunk\deu3d_osg\bin\win32\engineanimationd.exp
e:\deu_trunk\deu3d_osg\bin\win32\debug\engineanimation\deuglobeversioninfo.res
e:\deu_trunk\deu3d_osg\bin\win32\debug\engineanimation\engineanimationd.dll.embed.manifest.res
e:\deu_trunk\deu3d_osg\bin\win32\debug\engineanimation\cl.command.1.tlog
e:\deu_trunk\deu3d_osg\bin\win32\debug\engineanimation\cl.read.1.tlog
e:\deu_trunk\deu3d_osg\bin\win32\debug\engineanimation\cl.write.1.tlog
e:\deu_trunk\deu3d_osg\bin\win32\debug\engineanimation\link-cvtres.read.1.tlog
e:\deu_trunk\deu3d_osg\bin\win32\debug\engineanimation\link-cvtres.write.1.tlog
e:\deu_trunk\deu3d_osg\bin\win32\debug\engineanimation\link.16708-cvtres.read.1.tlog
e:\deu_trunk\deu3d_osg\bin\win32\debug\engineanimation\link.16708-cvtres.write.1.tlog
e:\deu_trunk\deu3d_osg\bin\win32\debug\engineanimation\link.16708.read.1.tlog
e:\deu_trunk\deu3d_osg\bin\win32\debug\engineanimation\link.16708.write.1.tlog
e:\deu_trunk\deu3d_osg\bin\win32\debug\engineanimation\link.5356-cvtres.read.1.tlog
e:\deu_trunk\deu3d_osg\bin\win32\debug\engineanimation\link.5356-cvtres.write.1.tlog
e:\deu_trunk\deu3d_osg\bin\win32\debug\engineanimation\link.5356.read.1.tlog
e:\deu_trunk\deu3d_osg\bin\win32\debug\engineanimation\link.5356.write.1.tlog
e:\deu_trunk\deu3d_osg\bin\win32\debug\engineanimation\link.command.1.tlog
e:\deu_trunk\deu3d_osg\bin\win32\debug\engineanimation\link.read.1.tlog
e:\deu_trunk\deu3d_osg\bin\win32\debug\engineanimation\link.write.1.tlog
e:\deu_trunk\deu3d_osg\bin\win32\debug\engineanimation\mt.command.1.tlog
e:\deu_trunk\deu3d_osg\bin\win32\debug\engineanimation\mt.read.1.tlog
e:\deu_trunk\deu3d_osg\bin\win32\debug\engineanimation\mt.write.1.tlog
e:\deu_trunk\deu3d_osg\bin\win32\debug\engineanimation\osganimation.write.1.tlog
e:\deu_trunk\deu3d_osg\bin\win32\debug\engineanimation\rc.command.1.tlog
e:\deu_trunk\deu3d_osg\bin\win32\debug\engineanimation\rc.read.1.tlog
e:\deu_trunk\deu3d_osg\bin\win32\debug\engineanimation\rc.write.1.tlog
e:\deu_trunk\deu3d_osg\bin\win32\debug\engineanimation\engineanimationd_manifest.rc
e:\deu_trunk\deu3d_osg\src\osganimation\..\..\bin\win32\engineanimationd.dll
