e:\deu_trunk\deu3d_platformcore\logicalmanager\bin\x64\debug\initializationthread.obj
e:\deu_trunk\deu3d_platformcore\logicalmanager\bin\x64\debug\instance.obj
e:\deu_trunk\deu3d_platformcore\logicalmanager\bin\x64\debug\layer.obj
e:\deu_trunk\deu3d_platformcore\logicalmanager\bin\x64\debug\layermanager.obj
e:\deu_trunk\deu3d_platformcore\logicalmanager\bin\x64\debug\logicalmanager.obj
e:\deu_trunk\deu3d_platformcore\logicalmanager\bin\x64\debug\object.obj
e:\deu_trunk\deu3d_platformcore\logicalmanager\bin\x64\debug\property.obj
e:\deu_trunk\deu3d_platformcore\logicalmanager\bin\x64\debug\propertymanager.obj
e:\deu_trunk\deu3d_platformcore\logicalmanager\bin\x64\debug\staterefreshingthread.obj
e:\deu_trunk\deu3d_platformcore\logicalmanager\bin\x64\debug\symbolcategory.obj
e:\deu_trunk\deu3d_platformcore\logicalmanager\bin\x64\debug\symbolmanager.obj
e:\deu_trunk\deu3d_platformcore\logicalmanager\bin\x64\debug\terraininstance.obj
e:\deu_trunk\deu3d_platformcore\logicalmanager\bin\x64\debug\vc100.pdb
e:\deu_trunk\deu3d_platformcore\logicalmanager\bin\x64\logicalmanagerd.ilk
e:\deu_trunk\deu3d_platformcore\logicalmanager\bin\x64\logicalmanagerd.dll
e:\deu_trunk\deu3d_platformcore\logicalmanager\bin\x64\debug\logicalmanagerd.dll.intermediate.manifest
e:\deu_trunk\deu3d_platformcore\logicalmanager\bin\x64\logicalmanagerd.pdb
e:\deu_trunk\deu3d_platformcore\logicalmanager\bin\x64\logicalmanagerd.lib
e:\deu_trunk\deu3d_platformcore\logicalmanager\bin\x64\logicalmanagerd.exp
e:\deu_trunk\deu3d_platformcore\logicalmanager\bin\x64\debug\logicalmanagerd.dll.embed.manifest
e:\deu_trunk\deu3d_platformcore\logicalmanager\bin\x64\debug\deuglobeversioninfo.res
e:\deu_trunk\deu3d_platformcore\logicalmanager\bin\x64\debug\logicalmanagerd.dll.embed.manifest.res
e:\deu_trunk\deu3d_platformcore\logicalmanager\bin\x64\debug\cl.command.1.tlog
e:\deu_trunk\deu3d_platformcore\logicalmanager\bin\x64\debug\cl.read.1.tlog
e:\deu_trunk\deu3d_platformcore\logicalmanager\bin\x64\debug\cl.write.1.tlog
e:\deu_trunk\deu3d_platformcore\logicalmanager\bin\x64\debug\link-cvtres.read.1.tlog
e:\deu_trunk\deu3d_platformcore\logicalmanager\bin\x64\debug\link-cvtres.write.1.tlog
e:\deu_trunk\deu3d_platformcore\logicalmanager\bin\x64\debug\link.16528-cvtres.read.1.tlog
e:\deu_trunk\deu3d_platformcore\logicalmanager\bin\x64\debug\link.16528-cvtres.write.1.tlog
e:\deu_trunk\deu3d_platformcore\logicalmanager\bin\x64\debug\link.16528.read.1.tlog
e:\deu_trunk\deu3d_platformcore\logicalmanager\bin\x64\debug\link.16528.write.1.tlog
e:\deu_trunk\deu3d_platformcore\logicalmanager\bin\x64\debug\link.command.1.tlog
e:\deu_trunk\deu3d_platformcore\logicalmanager\bin\x64\debug\link.read.1.tlog
e:\deu_trunk\deu3d_platformcore\logicalmanager\bin\x64\debug\link.write.1.tlog
e:\deu_trunk\deu3d_platformcore\logicalmanager\bin\x64\debug\logicalmanager.write.1.tlog
e:\deu_trunk\deu3d_platformcore\logicalmanager\bin\x64\debug\mt.command.1.tlog
e:\deu_trunk\deu3d_platformcore\logicalmanager\bin\x64\debug\mt.read.1.tlog
e:\deu_trunk\deu3d_platformcore\logicalmanager\bin\x64\debug\mt.write.1.tlog
e:\deu_trunk\deu3d_platformcore\logicalmanager\bin\x64\debug\rc.command.1.tlog
e:\deu_trunk\deu3d_platformcore\logicalmanager\bin\x64\debug\rc.read.1.tlog
e:\deu_trunk\deu3d_platformcore\logicalmanager\bin\x64\debug\rc.write.1.tlog
e:\deu_trunk\deu3d_platformcore\logicalmanager\bin\x64\debug\vc100.idb
e:\deu_trunk\deu3d_platformcore\logicalmanager\bin\x64\debug\logicalmanagerd_manifest.rc
