e:\deu_trunk\deu3d_tools\tilebuilder\bin\win32\debug\itilebuilder.obj
e:\deu_trunk\deu3d_tools\tilebuilder\bin\win32\debug\readwritetiff.obj
e:\deu_trunk\deu3d_tools\tilebuilder\bin\win32\debug\source.obj
e:\deu_trunk\deu3d_tools\tilebuilder\bin\win32\debug\taskqueue.obj
e:\deu_trunk\deu3d_tools\tilebuilder\bin\win32\debug\tilebuilderimpl.obj
e:\deu_trunk\deu3d_tools\tilebuilder\bin\win32\debug\tilingthread.obj
e:\deu_trunk\deu3d_tools\tilebuilder\bin\win32\debug\tilingthreadpool.obj
e:\deu_trunk\deu3d_tools\tilebuilder\bin\win32\debug\vc100.pdb
e:\deu_trunk\deu3d_tools\tilebuilder\bin\win32\tilebuilderd.ilk
e:\deu_trunk\deu3d_tools\tilebuilder\bin\win32\tilebuilderd.dll
e:\deu_trunk\deu3d_tools\tilebuilder\bin\win32\tilebuilderd.pdb
e:\deu_trunk\deu3d_tools\tilebuilder\bin\win32\debug\deuglobeversioninfo.res
e:\deu_trunk\deu3d_tools\tilebuilder\bin\win32\tilebuilderd.lib
e:\deu_trunk\deu3d_tools\tilebuilder\bin\win32\tilebuilderd.exp
e:\deu_trunk\deu3d_tools\tilebuilder\bin\win32\debug\cl.command.1.tlog
e:\deu_trunk\deu3d_tools\tilebuilder\bin\win32\debug\cl.read.1.tlog
e:\deu_trunk\deu3d_tools\tilebuilder\bin\win32\debug\cl.write.1.tlog
e:\deu_trunk\deu3d_tools\tilebuilder\bin\win32\debug\link-cvtres.read.1.tlog
e:\deu_trunk\deu3d_tools\tilebuilder\bin\win32\debug\link-cvtres.write.1.tlog
e:\deu_trunk\deu3d_tools\tilebuilder\bin\win32\debug\link.5856-cvtres.read.1.tlog
e:\deu_trunk\deu3d_tools\tilebuilder\bin\win32\debug\link.5856-cvtres.write.1.tlog
e:\deu_trunk\deu3d_tools\tilebuilder\bin\win32\debug\link.5856.read.1.tlog
e:\deu_trunk\deu3d_tools\tilebuilder\bin\win32\debug\link.5856.write.1.tlog
e:\deu_trunk\deu3d_tools\tilebuilder\bin\win32\debug\link.command.1.tlog
e:\deu_trunk\deu3d_tools\tilebuilder\bin\win32\debug\link.read.1.tlog
e:\deu_trunk\deu3d_tools\tilebuilder\bin\win32\debug\link.write.1.tlog
e:\deu_trunk\deu3d_tools\tilebuilder\bin\win32\debug\rc.command.1.tlog
e:\deu_trunk\deu3d_tools\tilebuilder\bin\win32\debug\rc.read.1.tlog
e:\deu_trunk\deu3d_tools\tilebuilder\bin\win32\debug\rc.write.1.tlog
e:\deu_trunk\deu3d_tools\tilebuilder\bin\win32\debug\tilebuilder.write.1.tlog
e:\deu_trunk\deu3d_tools\tilebuilder\bin\win32\debug\vc100.idb
