e:\deu_trunk\deu3d_osg\bin\win32\release\enginedb_ive\dataoutputstream.obj
e:\deu_trunk\deu3d_osg\bin\win32\release\enginedb_ive\datainputstream.obj
e:\deu_trunk\deu3d_osg\bin\win32\release\enginedb_ive\cullface.obj
e:\deu_trunk\deu3d_osg\bin\win32\release\enginedb_ive\coordinatesystemnode.obj
e:\deu_trunk\deu3d_osg\bin\win32\release\enginedb_ive\convexplanarpolygon.obj
e:\deu_trunk\deu3d_osg\bin\win32\release\enginedb_ive\convexplanaroccluder.obj
e:\deu_trunk\deu3d_osg\bin\win32\release\enginedb_ive\colormask.obj
e:\deu_trunk\deu3d_osg\bin\win32\release\enginedb_ive\clustercullingcallback.obj
e:\deu_trunk\deu3d_osg\bin\win32\release\enginedb_ive\clipplane.obj
e:\deu_trunk\deu3d_osg\bin\win32\release\enginedb_ive\clipnode.obj
e:\deu_trunk\deu3d_osg\bin\win32\release\enginedb_ive\cameraview.obj
e:\deu_trunk\deu3d_osg\bin\win32\release\enginedb_ive\camera.obj
e:\deu_trunk\deu3d_osg\bin\win32\release\enginedb_ive\blendfunc.obj
e:\deu_trunk\deu3d_osg\bin\win32\release\enginedb_ive\blendequation.obj
e:\deu_trunk\deu3d_osg\bin\win32\release\enginedb_ive\blendcolor.obj
e:\deu_trunk\deu3d_osg\bin\win32\release\enginedb_ive\billboard.obj
e:\deu_trunk\deu3d_osg\bin\win32\release\enginedb_ive\autotransform.obj
e:\deu_trunk\deu3d_osg\bin\win32\release\enginedb_ive\animationpathcallback.obj
e:\deu_trunk\deu3d_osg\bin\win32\release\enginedb_ive\animationpath.obj
e:\deu_trunk\deu3d_osg\bin\win32\release\enginedb_ive\alphafunc.obj
e:\deu_trunk\deu3d_osg\bin\win32\release\enginedb_ive\lightmodel.obj
e:\deu_trunk\deu3d_osg\bin\win32\release\enginedb_ive\light.obj
e:\deu_trunk\deu3d_osg\bin\win32\release\enginedb_ive\lod.obj
e:\deu_trunk\deu3d_osg\bin\win32\release\enginedb_ive\image.obj
e:\deu_trunk\deu3d_osg\bin\win32\release\enginedb_ive\group.obj
e:\deu_trunk\deu3d_osg\bin\win32\release\enginedb_ive\geometry.obj
e:\deu_trunk\deu3d_osg\bin\win32\release\enginedb_ive\geode.obj
e:\deu_trunk\deu3d_osg\bin\win32\release\enginedb_ive\frontface.obj
e:\deu_trunk\deu3d_osg\bin\win32\release\enginedb_ive\fragmentprogram.obj
e:\deu_trunk\deu3d_osg\bin\win32\release\enginedb_ive\fog.obj
e:\deu_trunk\deu3d_osg\bin\win32\release\enginedb_ive\fadetext.obj
e:\deu_trunk\deu3d_osg\bin\win32\release\enginedb_ive\exception.obj
e:\deu_trunk\deu3d_osg\bin\win32\release\enginedb_ive\ellipsoidmodel.obj
e:\deu_trunk\deu3d_osg\bin\win32\release\enginedb_ive\drawable.obj
e:\deu_trunk\deu3d_osg\bin\win32\release\enginedb_ive\drawelementsushort.obj
e:\deu_trunk\deu3d_osg\bin\win32\release\enginedb_ive\drawelementsuint.obj
e:\deu_trunk\deu3d_osg\bin\win32\release\enginedb_ive\drawelementsubyte.obj
e:\deu_trunk\deu3d_osg\bin\win32\release\enginedb_ive\drawarrays.obj
e:\deu_trunk\deu3d_osg\bin\win32\release\enginedb_ive\drawarraylengths.obj
e:\deu_trunk\deu3d_osg\bin\win32\release\enginedb_ive\depth.obj
e:\deu_trunk\deu3d_osg\bin\win32\release\enginedb_ive\proxynode.obj
e:\deu_trunk\deu3d_osg\bin\win32\release\enginedb_ive\program.obj
e:\deu_trunk\deu3d_osg\bin\win32\release\enginedb_ive\primitiveset.obj
e:\deu_trunk\deu3d_osg\bin\win32\release\enginedb_ive\positionattitudetransform.obj
e:\deu_trunk\deu3d_osg\bin\win32\release\enginedb_ive\polygonstipple.obj
e:\deu_trunk\deu3d_osg\bin\win32\release\enginedb_ive\polygonoffset.obj
e:\deu_trunk\deu3d_osg\bin\win32\release\enginedb_ive\polygonmode.obj
e:\deu_trunk\deu3d_osg\bin\win32\release\enginedb_ive\pointsprite.obj
e:\deu_trunk\deu3d_osg\bin\win32\release\enginedb_ive\point.obj
e:\deu_trunk\deu3d_osg\bin\win32\release\enginedb_ive\pagedlod.obj
e:\deu_trunk\deu3d_osg\bin\win32\release\enginedb_ive\occlusionquerynode.obj
e:\deu_trunk\deu3d_osg\bin\win32\release\enginedb_ive\occludernode.obj
e:\deu_trunk\deu3d_osg\bin\win32\release\enginedb_ive\object.obj
e:\deu_trunk\deu3d_osg\bin\win32\release\enginedb_ive\node.obj
e:\deu_trunk\deu3d_osg\bin\win32\release\enginedb_ive\multisample.obj
e:\deu_trunk\deu3d_osg\bin\win32\release\enginedb_ive\matrixtransform.obj
e:\deu_trunk\deu3d_osg\bin\win32\release\enginedb_ive\material.obj
e:\deu_trunk\deu3d_osg\bin\win32\release\enginedb_ive\linewidth.obj
e:\deu_trunk\deu3d_osg\bin\win32\release\enginedb_ive\linestipple.obj
e:\deu_trunk\deu3d_osg\bin\win32\release\enginedb_ive\lightsource.obj
e:\deu_trunk\deu3d_osg\bin\win32\release\enginedb_ive\texture2d.obj
e:\deu_trunk\deu3d_osg\bin\win32\release\enginedb_ive\texture1d.obj
e:\deu_trunk\deu3d_osg\bin\win32\release\enginedb_ive\texture.obj
e:\deu_trunk\deu3d_osg\bin\win32\release\enginedb_ive\text3d.obj
e:\deu_trunk\deu3d_osg\bin\win32\release\enginedb_ive\text.obj
e:\deu_trunk\deu3d_osg\bin\win32\release\enginedb_ive\texmat.obj
e:\deu_trunk\deu3d_osg\bin\win32\release\enginedb_ive\texgennode.obj
e:\deu_trunk\deu3d_osg\bin\win32\release\enginedb_ive\texgen.obj
e:\deu_trunk\deu3d_osg\bin\win32\release\enginedb_ive\texenvcombine.obj
e:\deu_trunk\deu3d_osg\bin\win32\release\enginedb_ive\texenv.obj
e:\deu_trunk\deu3d_osg\bin\win32\release\enginedb_ive\switch.obj
e:\deu_trunk\deu3d_osg\bin\win32\release\enginedb_ive\stencil.obj
e:\deu_trunk\deu3d_osg\bin\win32\release\enginedb_ive\stateset.obj
e:\deu_trunk\deu3d_osg\bin\win32\release\enginedb_ive\shapedrawable.obj
e:\deu_trunk\deu3d_osg\bin\win32\release\enginedb_ive\shape.obj
e:\deu_trunk\deu3d_osg\bin\win32\release\enginedb_ive\shader.obj
e:\deu_trunk\deu3d_osg\bin\win32\release\enginedb_ive\shademodel.obj
e:\deu_trunk\deu3d_osg\bin\win32\release\enginedb_ive\sequence.obj
e:\deu_trunk\deu3d_osg\bin\win32\release\enginedb_ive\scissor.obj
e:\deu_trunk\deu3d_osg\bin\win32\release\enginedb_ive\readerwriterive.obj
e:\deu_trunk\deu3d_osg\bin\win32\release\enginedb_ive\viewport.obj
e:\deu_trunk\deu3d_osg\bin\win32\release\enginedb_ive\vertexprogram.obj
e:\deu_trunk\deu3d_osg\bin\win32\release\enginedb_ive\uniform.obj
e:\deu_trunk\deu3d_osg\bin\win32\release\enginedb_ive\transform.obj
e:\deu_trunk\deu3d_osg\bin\win32\release\enginedb_ive\texturerectangle.obj
e:\deu_trunk\deu3d_osg\bin\win32\release\enginedb_ive\texturecubemap.obj
e:\deu_trunk\deu3d_osg\bin\win32\release\enginedb_ive\texture3d.obj
e:\deu_trunk\deu3d_osg\bin\win32\release\enginedb_ive\texture2darray.obj
e:\deu_trunk\deu3d_osg\bin\win32\enginedb_ive.dll
e:\deu_trunk\deu3d_osg\bin\win32\release\enginedb_ive\enginedb_ive.dll.intermediate.manifest
e:\deu_trunk\deu3d_osg\bin\win32\release\enginedb_ive\deuglobeversioninfo.res
e:\deu_trunk\deu3d_osg\bin\win32\release\enginedb_ive\cl.command.1.tlog
e:\deu_trunk\deu3d_osg\bin\win32\release\enginedb_ive\cl.read.1.tlog
e:\deu_trunk\deu3d_osg\bin\win32\release\enginedb_ive\cl.write.1.tlog
e:\deu_trunk\deu3d_osg\bin\win32\release\enginedb_ive\link-cvtres.read.1.tlog
e:\deu_trunk\deu3d_osg\bin\win32\release\enginedb_ive\link-cvtres.write.1.tlog
e:\deu_trunk\deu3d_osg\bin\win32\release\enginedb_ive\link.command.1.tlog
e:\deu_trunk\deu3d_osg\bin\win32\release\enginedb_ive\link.read.1.tlog
e:\deu_trunk\deu3d_osg\bin\win32\release\enginedb_ive\link.write.1.tlog
e:\deu_trunk\deu3d_osg\bin\win32\release\enginedb_ive\mt.command.1.tlog
e:\deu_trunk\deu3d_osg\bin\win32\release\enginedb_ive\mt.read.1.tlog
e:\deu_trunk\deu3d_osg\bin\win32\release\enginedb_ive\mt.write.1.tlog
e:\deu_trunk\deu3d_osg\bin\win32\release\enginedb_ive\rc.command.1.tlog
e:\deu_trunk\deu3d_osg\bin\win32\release\enginedb_ive\rc.read.1.tlog
e:\deu_trunk\deu3d_osg\bin\win32\release\enginedb_ive\rc.write.1.tlog
e:\deu_trunk\deu3d_osg\src\osgplugins\ive\..\..\..\bin\win32\enginedb_ive.dll
