e:\deu_trunk\deu3d_tools\wfsbuilder\bin\x64\debug\buildgml.obj
e:\deu_trunk\deu3d_tools\wfsbuilder\bin\x64\debug\convertgml.obj
e:\deu_trunk\deu3d_tools\wfsbuilder\bin\x64\debug\wfsbuilder.obj
e:\deu_trunk\deu3d_tools\wfsbuilder\bin\x64\debug\wfsfilterbuilder.obj
e:\deu_trunk\deu3d_tools\wfsbuilder\bin\x64\debug\vc100.pdb
e:\deu_trunk\deu3d_tools\wfsbuilder\bin\x64\wfsbuilderd.ilk
e:\deu_trunk\deu3d_tools\wfsbuilder\bin\x64\wfsbuilderd.dll
e:\deu_trunk\deu3d_tools\wfsbuilder\bin\x64\debug\wfsbuilderd.dll.intermediate.manifest
e:\deu_trunk\deu3d_tools\wfsbuilder\bin\x64\wfsbuilderd.pdb
e:\deu_trunk\deu3d_tools\wfsbuilder\bin\x64\wfsbuilderd.lib
e:\deu_trunk\deu3d_tools\wfsbuilder\bin\x64\wfsbuilderd.exp
e:\deu_trunk\deu3d_tools\wfsbuilder\bin\x64\debug\cl.command.1.tlog
e:\deu_trunk\deu3d_tools\wfsbuilder\bin\x64\debug\cl.read.1.tlog
e:\deu_trunk\deu3d_tools\wfsbuilder\bin\x64\debug\cl.write.1.tlog
e:\deu_trunk\deu3d_tools\wfsbuilder\bin\x64\debug\link.command.1.tlog
e:\deu_trunk\deu3d_tools\wfsbuilder\bin\x64\debug\link.read.1.tlog
e:\deu_trunk\deu3d_tools\wfsbuilder\bin\x64\debug\link.write.1.tlog
e:\deu_trunk\deu3d_tools\wfsbuilder\bin\x64\debug\mt.command.1.tlog
e:\deu_trunk\deu3d_tools\wfsbuilder\bin\x64\debug\mt.read.1.tlog
e:\deu_trunk\deu3d_tools\wfsbuilder\bin\x64\debug\mt.write.1.tlog
e:\deu_trunk\deu3d_tools\wfsbuilder\bin\x64\debug\wfsbuilder.write.1.tlog
e:\deu_trunk\deu3d_tools\wfsbuilder\bin\x64\debug\vc100.idb
