e:\deu_trunk\deu3d_osg\bin\x64\debug\enginega\version.obj
e:\deu_trunk\deu3d_osg\bin\x64\debug\enginega\trackballmanipulator.obj
e:\deu_trunk\deu3d_osg\bin\x64\debug\enginega\statesetmanipulator.obj
e:\deu_trunk\deu3d_osg\bin\x64\debug\enginega\standardmanipulator.obj
e:\deu_trunk\deu3d_osg\bin\x64\debug\enginega\orbitmanipulator.obj
e:\deu_trunk\deu3d_osg\bin\x64\debug\enginega\cameramanipulator.obj
e:\deu_trunk\deu3d_osg\bin\x64\debug\enginega\guieventhandler.obj
e:\deu_trunk\deu3d_osg\bin\x64\debug\enginega\guieventadapter.obj
e:\deu_trunk\deu3d_osg\bin\x64\debug\enginega\eventvisitor.obj
e:\deu_trunk\deu3d_osg\bin\x64\debug\enginega\eventqueue.obj
e:\deu_trunk\deu3d_osg\bin\x64\debug\enginega\animationpathmanipulator.obj
e:\deu_trunk\deu3d_osg\bin\x64\enginegad.pdb
e:\deu_trunk\deu3d_osg\bin\x64\enginegad.ilk
e:\deu_trunk\deu3d_osg\bin\x64\enginegad.dll
e:\deu_trunk\deu3d_osg\bin\x64\debug\enginega\enginegad.dll.intermediate.manifest
e:\deu_trunk\deu3d_osg\bin\x64\debug\enginega\enginegad.dll.embed.manifest
e:\deu_trunk\deu3d_osg\bin\x64\enginegad.lib
e:\deu_trunk\deu3d_osg\bin\x64\enginegad.exp
e:\deu_trunk\deu3d_osg\bin\x64\debug\enginega\deuglobeversioninfo.res
e:\deu_trunk\deu3d_osg\bin\x64\debug\enginega\enginegad.dll.embed.manifest.res
e:\deu_trunk\deu3d_osg\bin\x64\debug\enginega\cl.command.1.tlog
e:\deu_trunk\deu3d_osg\bin\x64\debug\enginega\cl.read.1.tlog
e:\deu_trunk\deu3d_osg\bin\x64\debug\enginega\cl.write.1.tlog
e:\deu_trunk\deu3d_osg\bin\x64\debug\enginega\link-cvtres.read.1.tlog
e:\deu_trunk\deu3d_osg\bin\x64\debug\enginega\link-cvtres.write.1.tlog
e:\deu_trunk\deu3d_osg\bin\x64\debug\enginega\link.12348-cvtres.read.1.tlog
e:\deu_trunk\deu3d_osg\bin\x64\debug\enginega\link.12348-cvtres.write.1.tlog
e:\deu_trunk\deu3d_osg\bin\x64\debug\enginega\link.12348.read.1.tlog
e:\deu_trunk\deu3d_osg\bin\x64\debug\enginega\link.12348.write.1.tlog
e:\deu_trunk\deu3d_osg\bin\x64\debug\enginega\link.3616-cvtres.read.1.tlog
e:\deu_trunk\deu3d_osg\bin\x64\debug\enginega\link.3616-cvtres.write.1.tlog
e:\deu_trunk\deu3d_osg\bin\x64\debug\enginega\link.3616.read.1.tlog
e:\deu_trunk\deu3d_osg\bin\x64\debug\enginega\link.3616.write.1.tlog
e:\deu_trunk\deu3d_osg\bin\x64\debug\enginega\link.command.1.tlog
e:\deu_trunk\deu3d_osg\bin\x64\debug\enginega\link.read.1.tlog
e:\deu_trunk\deu3d_osg\bin\x64\debug\enginega\link.write.1.tlog
e:\deu_trunk\deu3d_osg\bin\x64\debug\enginega\mt.command.1.tlog
e:\deu_trunk\deu3d_osg\bin\x64\debug\enginega\mt.read.1.tlog
e:\deu_trunk\deu3d_osg\bin\x64\debug\enginega\mt.write.1.tlog
e:\deu_trunk\deu3d_osg\bin\x64\debug\enginega\osgga.write.1.tlog
e:\deu_trunk\deu3d_osg\bin\x64\debug\enginega\rc.command.1.tlog
e:\deu_trunk\deu3d_osg\bin\x64\debug\enginega\rc.read.1.tlog
e:\deu_trunk\deu3d_osg\bin\x64\debug\enginega\rc.write.1.tlog
e:\deu_trunk\deu3d_osg\bin\x64\debug\enginega\enginegad_manifest.rc
e:\deu_trunk\deu3d_osg\src\osgga\..\..\bin\x64\enginegad.dll
