e:\deu_trunk\deu3d_osg\bin\win32\debug\engineshadow\viewdependentshadowtechnique.obj
e:\deu_trunk\deu3d_osg\bin\win32\debug\engineshadow\version.obj
e:\deu_trunk\deu3d_osg\bin\win32\debug\engineshadow\standardshadowmap.obj
e:\deu_trunk\deu3d_osg\bin\win32\debug\engineshadow\softshadowmap.obj
e:\deu_trunk\deu3d_osg\bin\win32\debug\engineshadow\shadowvolume.obj
e:\deu_trunk\deu3d_osg\bin\win32\debug\engineshadow\shadowtexture.obj
e:\deu_trunk\deu3d_osg\bin\win32\debug\engineshadow\shadowtechnique.obj
e:\deu_trunk\deu3d_osg\bin\win32\debug\engineshadow\shadowmap.obj
e:\deu_trunk\deu3d_osg\bin\win32\debug\engineshadow\shadowedscene.obj
e:\deu_trunk\deu3d_osg\bin\win32\debug\engineshadow\parallelsplitshadowmap.obj
e:\deu_trunk\deu3d_osg\bin\win32\debug\engineshadow\occludergeometry.obj
e:\deu_trunk\deu3d_osg\bin\win32\debug\engineshadow\minimalshadowmap.obj
e:\deu_trunk\deu3d_osg\bin\win32\debug\engineshadow\minimaldrawboundsshadowmap.obj
e:\deu_trunk\deu3d_osg\bin\win32\debug\engineshadow\minimalcullboundsshadowmap.obj
e:\deu_trunk\deu3d_osg\bin\win32\debug\engineshadow\lightspaceperspectiveshadowmap.obj
e:\deu_trunk\deu3d_osg\bin\win32\debug\engineshadow\debugshadowmap.obj
e:\deu_trunk\deu3d_osg\bin\win32\debug\engineshadow\convexpolyhedron.obj
e:\deu_trunk\deu3d_osg\bin\win32\engineshadowd.pdb
e:\deu_trunk\deu3d_osg\bin\win32\engineshadowd.ilk
e:\deu_trunk\deu3d_osg\bin\win32\engineshadowd.dll
e:\deu_trunk\deu3d_osg\bin\win32\debug\engineshadow\engineshadowd.dll.intermediate.manifest
e:\deu_trunk\deu3d_osg\bin\win32\debug\engineshadow\engineshadowd.dll.embed.manifest
e:\deu_trunk\deu3d_osg\bin\win32\engineshadowd.lib
e:\deu_trunk\deu3d_osg\bin\win32\engineshadowd.exp
e:\deu_trunk\deu3d_osg\bin\win32\debug\engineshadow\deuglobeversioninfo.res
e:\deu_trunk\deu3d_osg\bin\win32\debug\engineshadow\engineshadowd.dll.embed.manifest.res
e:\deu_trunk\deu3d_osg\bin\win32\debug\engineshadow\cl.command.1.tlog
e:\deu_trunk\deu3d_osg\bin\win32\debug\engineshadow\cl.read.1.tlog
e:\deu_trunk\deu3d_osg\bin\win32\debug\engineshadow\cl.write.1.tlog
e:\deu_trunk\deu3d_osg\bin\win32\debug\engineshadow\link-cvtres.read.1.tlog
e:\deu_trunk\deu3d_osg\bin\win32\debug\engineshadow\link-cvtres.write.1.tlog
e:\deu_trunk\deu3d_osg\bin\win32\debug\engineshadow\link.15740-cvtres.read.1.tlog
e:\deu_trunk\deu3d_osg\bin\win32\debug\engineshadow\link.15740-cvtres.write.1.tlog
e:\deu_trunk\deu3d_osg\bin\win32\debug\engineshadow\link.15740.read.1.tlog
e:\deu_trunk\deu3d_osg\bin\win32\debug\engineshadow\link.15740.write.1.tlog
e:\deu_trunk\deu3d_osg\bin\win32\debug\engineshadow\link.4152-cvtres.read.1.tlog
e:\deu_trunk\deu3d_osg\bin\win32\debug\engineshadow\link.4152-cvtres.write.1.tlog
e:\deu_trunk\deu3d_osg\bin\win32\debug\engineshadow\link.4152.read.1.tlog
e:\deu_trunk\deu3d_osg\bin\win32\debug\engineshadow\link.4152.write.1.tlog
e:\deu_trunk\deu3d_osg\bin\win32\debug\engineshadow\link.command.1.tlog
e:\deu_trunk\deu3d_osg\bin\win32\debug\engineshadow\link.read.1.tlog
e:\deu_trunk\deu3d_osg\bin\win32\debug\engineshadow\link.write.1.tlog
e:\deu_trunk\deu3d_osg\bin\win32\debug\engineshadow\mt.command.1.tlog
e:\deu_trunk\deu3d_osg\bin\win32\debug\engineshadow\mt.read.1.tlog
e:\deu_trunk\deu3d_osg\bin\win32\debug\engineshadow\mt.write.1.tlog
e:\deu_trunk\deu3d_osg\bin\win32\debug\engineshadow\osgshadow.write.1.tlog
e:\deu_trunk\deu3d_osg\bin\win32\debug\engineshadow\rc.command.1.tlog
e:\deu_trunk\deu3d_osg\bin\win32\debug\engineshadow\rc.read.1.tlog
e:\deu_trunk\deu3d_osg\bin\win32\debug\engineshadow\rc.write.1.tlog
e:\deu_trunk\deu3d_osg\bin\win32\debug\engineshadow\engineshadowd_manifest.rc
e:\deu_trunk\deu3d_osg\src\osgshadow\..\..\bin\win32\engineshadowd.dll
