e:\deu_trunk\deu3d_platformcore\parametersys\bin\x64\debug\dynpointclouddetail.obj
e:\deu_trunk\deu3d_platformcore\parametersys\bin\x64\debug\dynpointdetail.obj
e:\deu_trunk\deu3d_platformcore\parametersys\bin\x64\debug\faceparameter.obj
e:\deu_trunk\deu3d_platformcore\parametersys\bin\x64\debug\lineparameter.obj
e:\deu_trunk\deu3d_platformcore\parametersys\bin\x64\debug\parameter.obj
e:\deu_trunk\deu3d_platformcore\parametersys\bin\x64\debug\pipeconnectorbuilder.obj
e:\deu_trunk\deu3d_platformcore\parametersys\bin\x64\debug\pipeconnectordetail.obj
e:\deu_trunk\deu3d_platformcore\parametersys\bin\x64\debug\pointparameter.obj
e:\deu_trunk\deu3d_platformcore\parametersys\bin\x64\debug\detail.obj
e:\deu_trunk\deu3d_platformcore\parametersys\bin\x64\debug\polygondetail.obj
e:\deu_trunk\deu3d_platformcore\parametersys\bin\x64\debug\polygonpipeconnectorbuilder.obj
e:\deu_trunk\deu3d_platformcore\parametersys\bin\x64\debug\polygonpipeconnectordetail.obj
e:\deu_trunk\deu3d_platformcore\parametersys\bin\x64\debug\prismdetail.obj
e:\deu_trunk\deu3d_platformcore\parametersys\bin\x64\debug\pyramiddetail.obj
e:\deu_trunk\deu3d_platformcore\parametersys\bin\x64\debug\rectpipeconnectorbuilder.obj
e:\deu_trunk\deu3d_platformcore\parametersys\bin\x64\debug\rectpipeconnectordetail.obj
e:\deu_trunk\deu3d_platformcore\parametersys\bin\x64\debug\roundtabledetail.obj
e:\deu_trunk\deu3d_platformcore\parametersys\bin\x64\debug\sectordetail.obj
e:\deu_trunk\deu3d_platformcore\parametersys\bin\x64\debug\spheredetail.obj
e:\deu_trunk\deu3d_platformcore\parametersys\bin\x64\debug\staticmodeldetail.obj
e:\deu_trunk\deu3d_platformcore\parametersys\bin\x64\debug\bubbletextdetail.obj
e:\deu_trunk\deu3d_platformcore\parametersys\bin\x64\debug\cubedetail.obj
e:\deu_trunk\deu3d_platformcore\parametersys\bin\x64\debug\cylinderdetail.obj
e:\deu_trunk\deu3d_platformcore\parametersys\bin\x64\debug\dynfacedetail.obj
e:\deu_trunk\deu3d_platformcore\parametersys\bin\x64\debug\dynimagedetail.obj
e:\deu_trunk\deu3d_platformcore\parametersys\bin\x64\debug\dynlinedetail.obj
e:\deu_trunk\deu3d_platformcore\parametersys\bin\x64\debug\dynmodeldetail.obj
e:\deu_trunk\deu3d_platformcore\parametersys\bin\x64\debug\vc100.pdb
e:\deu_trunk\deu3d_platformcore\parametersys\bin\x64\parametersysd.ilk
e:\deu_trunk\deu3d_platformcore\parametersys\bin\x64\parametersysd.dll
e:\deu_trunk\deu3d_platformcore\parametersys\bin\x64\debug\parametersysd.dll.intermediate.manifest
e:\deu_trunk\deu3d_platformcore\parametersys\bin\x64\parametersysd.pdb
e:\deu_trunk\deu3d_platformcore\parametersys\bin\x64\debug\parametersysd.dll.embed.manifest
e:\deu_trunk\deu3d_platformcore\parametersys\bin\x64\parametersysd.lib
e:\deu_trunk\deu3d_platformcore\parametersys\bin\x64\parametersysd.exp
e:\deu_trunk\deu3d_platformcore\parametersys\bin\x64\debug\deuglobeversioninfo.res
e:\deu_trunk\deu3d_platformcore\parametersys\bin\x64\debug\parametersysd.dll.embed.manifest.res
e:\deu_trunk\deu3d_platformcore\parametersys\bin\x64\debug\cl.command.1.tlog
e:\deu_trunk\deu3d_platformcore\parametersys\bin\x64\debug\cl.read.1.tlog
e:\deu_trunk\deu3d_platformcore\parametersys\bin\x64\debug\cl.write.1.tlog
e:\deu_trunk\deu3d_platformcore\parametersys\bin\x64\debug\link-cvtres.read.1.tlog
e:\deu_trunk\deu3d_platformcore\parametersys\bin\x64\debug\link-cvtres.write.1.tlog
e:\deu_trunk\deu3d_platformcore\parametersys\bin\x64\debug\link.16336-cvtres.read.1.tlog
e:\deu_trunk\deu3d_platformcore\parametersys\bin\x64\debug\link.16336-cvtres.write.1.tlog
e:\deu_trunk\deu3d_platformcore\parametersys\bin\x64\debug\link.16336.read.1.tlog
e:\deu_trunk\deu3d_platformcore\parametersys\bin\x64\debug\link.16336.write.1.tlog
e:\deu_trunk\deu3d_platformcore\parametersys\bin\x64\debug\link.command.1.tlog
e:\deu_trunk\deu3d_platformcore\parametersys\bin\x64\debug\link.read.1.tlog
e:\deu_trunk\deu3d_platformcore\parametersys\bin\x64\debug\link.write.1.tlog
e:\deu_trunk\deu3d_platformcore\parametersys\bin\x64\debug\mt.command.1.tlog
e:\deu_trunk\deu3d_platformcore\parametersys\bin\x64\debug\mt.read.1.tlog
e:\deu_trunk\deu3d_platformcore\parametersys\bin\x64\debug\mt.write.1.tlog
e:\deu_trunk\deu3d_platformcore\parametersys\bin\x64\debug\parametersys.write.1.tlog
e:\deu_trunk\deu3d_platformcore\parametersys\bin\x64\debug\rc.command.1.tlog
e:\deu_trunk\deu3d_platformcore\parametersys\bin\x64\debug\rc.read.1.tlog
e:\deu_trunk\deu3d_platformcore\parametersys\bin\x64\debug\rc.write.1.tlog
e:\deu_trunk\deu3d_platformcore\parametersys\bin\x64\debug\vc100.idb
e:\deu_trunk\deu3d_platformcore\parametersys\bin\x64\debug\parametersysd_manifest.rc
