e:\deu_trunk\deu3d_osg\bin\x64\debug\engineparticle\version.obj
e:\deu_trunk\deu3d_osg\bin\x64\debug\engineparticle\smoketraileffect.obj
e:\deu_trunk\deu3d_osg\bin\x64\debug\engineparticle\smokeeffect.obj
e:\deu_trunk\deu3d_osg\bin\x64\debug\engineparticle\program.obj
e:\deu_trunk\deu3d_osg\bin\x64\debug\engineparticle\precipitationeffect.obj
e:\deu_trunk\deu3d_osg\bin\x64\debug\engineparticle\particlesystemupdater.obj
e:\deu_trunk\deu3d_osg\bin\x64\debug\engineparticle\particlesystem.obj
e:\deu_trunk\deu3d_osg\bin\x64\debug\engineparticle\particleprocessor.obj
e:\deu_trunk\deu3d_osg\bin\x64\debug\engineparticle\particleeffect.obj
e:\deu_trunk\deu3d_osg\bin\x64\debug\engineparticle\particle.obj
e:\deu_trunk\deu3d_osg\bin\x64\debug\engineparticle\multisegmentplacer.obj
e:\deu_trunk\deu3d_osg\bin\x64\debug\engineparticle\modularprogram.obj
e:\deu_trunk\deu3d_osg\bin\x64\debug\engineparticle\modularemitter.obj
e:\deu_trunk\deu3d_osg\bin\x64\debug\engineparticle\fluidprogram.obj
e:\deu_trunk\deu3d_osg\bin\x64\debug\engineparticle\fluidfrictionoperator.obj
e:\deu_trunk\deu3d_osg\bin\x64\debug\engineparticle\fireeffect.obj
e:\deu_trunk\deu3d_osg\bin\x64\debug\engineparticle\explosioneffect.obj
e:\deu_trunk\deu3d_osg\bin\x64\debug\engineparticle\explosiondebriseffect.obj
e:\deu_trunk\deu3d_osg\bin\x64\debug\engineparticle\emitter.obj
e:\deu_trunk\deu3d_osg\bin\x64\debug\engineparticle\connectedparticlesystem.obj
e:\deu_trunk\deu3d_osg\bin\x64\debug\engineparticle\sinkoperator.obj
e:\deu_trunk\deu3d_osg\bin\x64\debug\engineparticle\bounceoperator.obj
e:\deu_trunk\deu3d_osg\bin\x64\debug\engineparticle\domainoperator.obj
e:\deu_trunk\deu3d_osg\bin\x64\engineparticled.pdb
e:\deu_trunk\deu3d_osg\bin\x64\engineparticled.ilk
e:\deu_trunk\deu3d_osg\bin\x64\engineparticled.dll
e:\deu_trunk\deu3d_osg\bin\x64\debug\engineparticle\engineparticled.dll.intermediate.manifest
e:\deu_trunk\deu3d_osg\bin\x64\debug\engineparticle\engineparticled.dll.embed.manifest
e:\deu_trunk\deu3d_osg\bin\x64\engineparticled.lib
e:\deu_trunk\deu3d_osg\bin\x64\engineparticled.exp
e:\deu_trunk\deu3d_osg\bin\x64\debug\engineparticle\deuglobeversioninfo.res
e:\deu_trunk\deu3d_osg\bin\x64\debug\engineparticle\engineparticled.dll.embed.manifest.res
e:\deu_trunk\deu3d_osg\bin\x64\debug\engineparticle\cl.command.1.tlog
e:\deu_trunk\deu3d_osg\bin\x64\debug\engineparticle\cl.read.1.tlog
e:\deu_trunk\deu3d_osg\bin\x64\debug\engineparticle\cl.write.1.tlog
e:\deu_trunk\deu3d_osg\bin\x64\debug\engineparticle\link-cvtres.read.1.tlog
e:\deu_trunk\deu3d_osg\bin\x64\debug\engineparticle\link-cvtres.write.1.tlog
e:\deu_trunk\deu3d_osg\bin\x64\debug\engineparticle\link.15940-cvtres.read.1.tlog
e:\deu_trunk\deu3d_osg\bin\x64\debug\engineparticle\link.15940-cvtres.write.1.tlog
e:\deu_trunk\deu3d_osg\bin\x64\debug\engineparticle\link.15940.read.1.tlog
e:\deu_trunk\deu3d_osg\bin\x64\debug\engineparticle\link.15940.write.1.tlog
e:\deu_trunk\deu3d_osg\bin\x64\debug\engineparticle\link.3620-cvtres.read.1.tlog
e:\deu_trunk\deu3d_osg\bin\x64\debug\engineparticle\link.3620-cvtres.write.1.tlog
e:\deu_trunk\deu3d_osg\bin\x64\debug\engineparticle\link.3620.read.1.tlog
e:\deu_trunk\deu3d_osg\bin\x64\debug\engineparticle\link.3620.write.1.tlog
e:\deu_trunk\deu3d_osg\bin\x64\debug\engineparticle\link.command.1.tlog
e:\deu_trunk\deu3d_osg\bin\x64\debug\engineparticle\link.read.1.tlog
e:\deu_trunk\deu3d_osg\bin\x64\debug\engineparticle\link.write.1.tlog
e:\deu_trunk\deu3d_osg\bin\x64\debug\engineparticle\mt.command.1.tlog
e:\deu_trunk\deu3d_osg\bin\x64\debug\engineparticle\mt.read.1.tlog
e:\deu_trunk\deu3d_osg\bin\x64\debug\engineparticle\mt.write.1.tlog
e:\deu_trunk\deu3d_osg\bin\x64\debug\engineparticle\osgparticle.write.1.tlog
e:\deu_trunk\deu3d_osg\bin\x64\debug\engineparticle\rc.command.1.tlog
e:\deu_trunk\deu3d_osg\bin\x64\debug\engineparticle\rc.read.1.tlog
e:\deu_trunk\deu3d_osg\bin\x64\debug\engineparticle\rc.write.1.tlog
e:\deu_trunk\deu3d_osg\bin\x64\debug\engineparticle\engineparticled_manifest.rc
e:\deu_trunk\deu3d_osg\src\osgparticle\..\..\bin\x64\engineparticled.dll
