e:\deu_trunk\deu3d_tools\datakeeper\bin\win32\release\verify.obj
e:\deu_trunk\deu3d_tools\datakeeper\bin\win32\release\servicemanager.obj
e:\deu_trunk\deu3d_tools\datakeeper\bin\win32\release\service.obj
e:\deu_trunk\deu3d_tools\datakeeper\bin\win32\release\deuutils.obj
e:\deu_trunk\deu3d_tools\datakeeper\bin\win32\release\deuurlserver.obj
e:\deu_trunk\deu3d_tools\datakeeper\bin\win32\release\deulog.obj
e:\deu_trunk\deu3d_tools\datakeeper\bin\win32\release\deulocaldataset.obj
e:\deu_trunk\deu3d_tools\datakeeper\bin\win32\release\deudefine.obj
e:\deu_trunk\deu3d_tools\datakeeper\bin\win32\release\deudatalog.obj
e:\deu_trunk\deu3d_tools\datakeeper\bin\win32\release\datasetsegment.obj
e:\deu_trunk\deu3d_tools\datakeeper\bin\win32\release\datasetmanager.obj
e:\deu_trunk\deu3d_tools\datakeeper\bin\win32\release\dataset.obj
e:\deu_trunk\deu3d_tools\datakeeper\bin\win32\release\datakeeper.obj
e:\deu_trunk\deu3d_tools\datakeeper\bin\win32\release\vc100.pdb
e:\deu_trunk\deu3d_tools\datakeeper\bin\win32\datakeeper.lib
e:\deu_trunk\deu3d_tools\datakeeper\bin\win32\datakeeper.exp
e:\deu_trunk\deu3d_tools\datakeeper\bin\win32\datakeeper.dll
e:\deu_trunk\deu3d_tools\datakeeper\bin\win32\release\datakeeper.dll.intermediate.manifest
e:\deu_trunk\deu3d_tools\datakeeper\bin\win32\datakeeper.pdb
e:\deu_trunk\deu3d_tools\datakeeper\bin\win32\release\deuglobeversioninfo.res
e:\deu_trunk\deu3d_tools\datakeeper\bin\win32\release\cl.command.1.tlog
e:\deu_trunk\deu3d_tools\datakeeper\bin\win32\release\cl.read.1.tlog
e:\deu_trunk\deu3d_tools\datakeeper\bin\win32\release\cl.write.1.tlog
e:\deu_trunk\deu3d_tools\datakeeper\bin\win32\release\datakeeper.write.1.tlog
e:\deu_trunk\deu3d_tools\datakeeper\bin\win32\release\link-cvtres.read.1.tlog
e:\deu_trunk\deu3d_tools\datakeeper\bin\win32\release\link-cvtres.write.1.tlog
e:\deu_trunk\deu3d_tools\datakeeper\bin\win32\release\link.command.1.tlog
e:\deu_trunk\deu3d_tools\datakeeper\bin\win32\release\link.read.1.tlog
e:\deu_trunk\deu3d_tools\datakeeper\bin\win32\release\link.write.1.tlog
e:\deu_trunk\deu3d_tools\datakeeper\bin\win32\release\mt.command.1.tlog
e:\deu_trunk\deu3d_tools\datakeeper\bin\win32\release\mt.read.1.tlog
e:\deu_trunk\deu3d_tools\datakeeper\bin\win32\release\mt.write.1.tlog
e:\deu_trunk\deu3d_tools\datakeeper\bin\win32\release\rc.command.1.tlog
e:\deu_trunk\deu3d_tools\datakeeper\bin\win32\release\rc.read.1.tlog
e:\deu_trunk\deu3d_tools\datakeeper\bin\win32\release\rc.write.1.tlog
