e:\deu_trunk\deu3d_osg\bin\win32\debug\engineterrain\version.obj
e:\deu_trunk\deu3d_osg\bin\win32\debug\engineterrain\geometrytechnique.obj
e:\deu_trunk\deu3d_osg\bin\win32\debug\engineterrain\terraintechnique.obj
e:\deu_trunk\deu3d_osg\bin\win32\debug\engineterrain\terraintile.obj
e:\deu_trunk\deu3d_osg\bin\win32\debug\engineterrain\locator.obj
e:\deu_trunk\deu3d_osg\bin\win32\debug\engineterrain\layer.obj
e:\deu_trunk\deu3d_osg\bin\win32\engineterraind.pdb
e:\deu_trunk\deu3d_osg\bin\win32\engineterraind.ilk
e:\deu_trunk\deu3d_osg\bin\win32\engineterraind.dll
e:\deu_trunk\deu3d_osg\bin\win32\debug\engineterrain\engineterraind.dll.intermediate.manifest
e:\deu_trunk\deu3d_osg\bin\win32\debug\engineterrain\engineterraind.dll.embed.manifest
e:\deu_trunk\deu3d_osg\bin\win32\engineterraind.lib
e:\deu_trunk\deu3d_osg\bin\win32\engineterraind.exp
e:\deu_trunk\deu3d_osg\bin\win32\debug\engineterrain\deuglobeversioninfo.res
e:\deu_trunk\deu3d_osg\bin\win32\debug\engineterrain\engineterraind.dll.embed.manifest.res
e:\deu_trunk\deu3d_osg\bin\win32\debug\engineterrain\cl.command.1.tlog
e:\deu_trunk\deu3d_osg\bin\win32\debug\engineterrain\cl.read.1.tlog
e:\deu_trunk\deu3d_osg\bin\win32\debug\engineterrain\cl.write.1.tlog
e:\deu_trunk\deu3d_osg\bin\win32\debug\engineterrain\link-cvtres.read.1.tlog
e:\deu_trunk\deu3d_osg\bin\win32\debug\engineterrain\link-cvtres.write.1.tlog
e:\deu_trunk\deu3d_osg\bin\win32\debug\engineterrain\link.13844-cvtres.read.1.tlog
e:\deu_trunk\deu3d_osg\bin\win32\debug\engineterrain\link.13844-cvtres.write.1.tlog
e:\deu_trunk\deu3d_osg\bin\win32\debug\engineterrain\link.13844.read.1.tlog
e:\deu_trunk\deu3d_osg\bin\win32\debug\engineterrain\link.13844.write.1.tlog
e:\deu_trunk\deu3d_osg\bin\win32\debug\engineterrain\link.5232-cvtres.read.1.tlog
e:\deu_trunk\deu3d_osg\bin\win32\debug\engineterrain\link.5232-cvtres.write.1.tlog
e:\deu_trunk\deu3d_osg\bin\win32\debug\engineterrain\link.5232.read.1.tlog
e:\deu_trunk\deu3d_osg\bin\win32\debug\engineterrain\link.5232.write.1.tlog
e:\deu_trunk\deu3d_osg\bin\win32\debug\engineterrain\link.command.1.tlog
e:\deu_trunk\deu3d_osg\bin\win32\debug\engineterrain\link.read.1.tlog
e:\deu_trunk\deu3d_osg\bin\win32\debug\engineterrain\link.write.1.tlog
e:\deu_trunk\deu3d_osg\bin\win32\debug\engineterrain\mt.command.1.tlog
e:\deu_trunk\deu3d_osg\bin\win32\debug\engineterrain\mt.read.1.tlog
e:\deu_trunk\deu3d_osg\bin\win32\debug\engineterrain\mt.write.1.tlog
e:\deu_trunk\deu3d_osg\bin\win32\debug\engineterrain\osgterrain.write.1.tlog
e:\deu_trunk\deu3d_osg\bin\win32\debug\engineterrain\rc.command.1.tlog
e:\deu_trunk\deu3d_osg\bin\win32\debug\engineterrain\rc.read.1.tlog
e:\deu_trunk\deu3d_osg\bin\win32\debug\engineterrain\rc.write.1.tlog
e:\deu_trunk\deu3d_osg\bin\win32\debug\engineterrain\engineterraind_manifest.rc
e:\deu_trunk\deu3d_osg\src\osgterrain\..\..\bin\win32\engineterraind.dll
