e:\deu_trunk\deu3d_platformcore\logicalmanager\bin\win32\release\terraininstance.obj
e:\deu_trunk\deu3d_platformcore\logicalmanager\bin\win32\release\symbolmanager.obj
e:\deu_trunk\deu3d_platformcore\logicalmanager\bin\win32\release\symbolcategory.obj
e:\deu_trunk\deu3d_platformcore\logicalmanager\bin\win32\release\staterefreshingthread.obj
e:\deu_trunk\deu3d_platformcore\logicalmanager\bin\win32\release\propertymanager.obj
e:\deu_trunk\deu3d_platformcore\logicalmanager\bin\win32\release\property.obj
e:\deu_trunk\deu3d_platformcore\logicalmanager\bin\win32\release\object.obj
e:\deu_trunk\deu3d_platformcore\logicalmanager\bin\win32\release\logicalmanager.obj
e:\deu_trunk\deu3d_platformcore\logicalmanager\bin\win32\release\layermanager.obj
e:\deu_trunk\deu3d_platformcore\logicalmanager\bin\win32\release\layer.obj
e:\deu_trunk\deu3d_platformcore\logicalmanager\bin\win32\release\instance.obj
e:\deu_trunk\deu3d_platformcore\logicalmanager\bin\win32\release\initializationthread.obj
e:\deu_trunk\deu3d_platformcore\logicalmanager\bin\win32\release\vc100.pdb
e:\deu_trunk\deu3d_platformcore\logicalmanager\bin\win32\logicalmanager.dll
e:\deu_trunk\deu3d_platformcore\logicalmanager\bin\win32\release\logicalmanager.dll.intermediate.manifest
e:\deu_trunk\deu3d_platformcore\logicalmanager\bin\win32\logicalmanager.pdb
e:\deu_trunk\deu3d_platformcore\logicalmanager\bin\win32\logicalmanager.lib
e:\deu_trunk\deu3d_platformcore\logicalmanager\bin\win32\logicalmanager.exp
e:\deu_trunk\deu3d_platformcore\logicalmanager\bin\win32\release\deuglobeversioninfo.res
e:\deu_trunk\deu3d_platformcore\logicalmanager\bin\win32\release\cl.command.1.tlog
e:\deu_trunk\deu3d_platformcore\logicalmanager\bin\win32\release\cl.read.1.tlog
e:\deu_trunk\deu3d_platformcore\logicalmanager\bin\win32\release\cl.write.1.tlog
e:\deu_trunk\deu3d_platformcore\logicalmanager\bin\win32\release\link-cvtres.read.1.tlog
e:\deu_trunk\deu3d_platformcore\logicalmanager\bin\win32\release\link-cvtres.write.1.tlog
e:\deu_trunk\deu3d_platformcore\logicalmanager\bin\win32\release\link.command.1.tlog
e:\deu_trunk\deu3d_platformcore\logicalmanager\bin\win32\release\link.read.1.tlog
e:\deu_trunk\deu3d_platformcore\logicalmanager\bin\win32\release\link.write.1.tlog
e:\deu_trunk\deu3d_platformcore\logicalmanager\bin\win32\release\logicalmanager.write.1.tlog
e:\deu_trunk\deu3d_platformcore\logicalmanager\bin\win32\release\mt.command.1.tlog
e:\deu_trunk\deu3d_platformcore\logicalmanager\bin\win32\release\mt.read.1.tlog
e:\deu_trunk\deu3d_platformcore\logicalmanager\bin\win32\release\mt.write.1.tlog
e:\deu_trunk\deu3d_platformcore\logicalmanager\bin\win32\release\rc.command.1.tlog
e:\deu_trunk\deu3d_platformcore\logicalmanager\bin\win32\release\rc.read.1.tlog
e:\deu_trunk\deu3d_platformcore\logicalmanager\bin\win32\release\rc.write.1.tlog
