e:\deu_trunk\deu3d_osg\bin\x64\release\enginedb\imageoptions.obj
e:\deu_trunk\deu3d_osg\bin\x64\release\enginedb\fstream.obj
e:\deu_trunk\deu3d_osg\bin\x64\release\enginedb\fileutils.obj
e:\deu_trunk\deu3d_osg\bin\x64\release\enginedb\filenameutils.obj
e:\deu_trunk\deu3d_osg\bin\x64\release\enginedb\fieldreaderiterator.obj
e:\deu_trunk\deu3d_osg\bin\x64\release\enginedb\fieldreader.obj
e:\deu_trunk\deu3d_osg\bin\x64\release\enginedb\field.obj
e:\deu_trunk\deu3d_osg\bin\x64\release\enginedb\externalfilewriter.obj
e:\deu_trunk\deu3d_osg\bin\x64\release\enginedb\dynamiclibrary.obj
e:\deu_trunk\deu3d_osg\bin\x64\release\enginedb\dotosgwrapper.obj
e:\deu_trunk\deu3d_osg\bin\x64\release\enginedb\databaserevisions.obj
e:\deu_trunk\deu3d_osg\bin\x64\release\enginedb\databasepager.obj
e:\deu_trunk\deu3d_osg\bin\x64\release\enginedb\convertutf.obj
e:\deu_trunk\deu3d_osg\bin\x64\release\enginedb\callbacks.obj
e:\deu_trunk\deu3d_osg\bin\x64\release\enginedb\authenticationmap.obj
e:\deu_trunk\deu3d_osg\bin\x64\release\enginedb\archive.obj
e:\deu_trunk\deu3d_osg\bin\x64\release\enginedb\compressors.obj
e:\deu_trunk\deu3d_osg\bin\x64\release\enginedb\outputstream.obj
e:\deu_trunk\deu3d_osg\bin\x64\release\enginedb\inputstream.obj
e:\deu_trunk\deu3d_osg\bin\x64\release\enginedb\objectwrapper.obj
e:\deu_trunk\deu3d_osg\bin\x64\release\enginedb\requestprison.obj
e:\deu_trunk\deu3d_osg\bin\x64\release\enginedb\writefile.obj
e:\deu_trunk\deu3d_osg\bin\x64\release\enginedb\version.obj
e:\deu_trunk\deu3d_osg\bin\x64\release\enginedb\sharedstatemanager.obj
e:\deu_trunk\deu3d_osg\bin\x64\release\enginedb\registry.obj
e:\deu_trunk\deu3d_osg\bin\x64\release\enginedb\readfile.obj
e:\deu_trunk\deu3d_osg\bin\x64\release\enginedb\readerwriter.obj
e:\deu_trunk\deu3d_osg\bin\x64\release\enginedb\pluginquery.obj
e:\deu_trunk\deu3d_osg\bin\x64\release\enginedb\options.obj
e:\deu_trunk\deu3d_osg\bin\x64\release\enginedb\output.obj
e:\deu_trunk\deu3d_osg\bin\x64\release\enginedb\mimetypes.obj
e:\deu_trunk\deu3d_osg\bin\x64\release\enginedb\input.obj
e:\deu_trunk\deu3d_osg\bin\x64\release\enginedb\imagepager.obj
e:\deu_trunk\deu3d_osg\bin\x64\enginedb.dll
e:\deu_trunk\deu3d_osg\bin\x64\release\enginedb\enginedb.dll.intermediate.manifest
e:\deu_trunk\deu3d_osg\bin\x64\enginedb.lib
e:\deu_trunk\deu3d_osg\bin\x64\enginedb.exp
e:\deu_trunk\deu3d_osg\bin\x64\release\enginedb\deuglobeversioninfo.res
e:\deu_trunk\deu3d_osg\bin\x64\release\enginedb\cl.command.1.tlog
e:\deu_trunk\deu3d_osg\bin\x64\release\enginedb\cl.read.1.tlog
e:\deu_trunk\deu3d_osg\bin\x64\release\enginedb\cl.write.1.tlog
e:\deu_trunk\deu3d_osg\bin\x64\release\enginedb\link-cvtres.read.1.tlog
e:\deu_trunk\deu3d_osg\bin\x64\release\enginedb\link-cvtres.write.1.tlog
e:\deu_trunk\deu3d_osg\bin\x64\release\enginedb\link.command.1.tlog
e:\deu_trunk\deu3d_osg\bin\x64\release\enginedb\link.read.1.tlog
e:\deu_trunk\deu3d_osg\bin\x64\release\enginedb\link.write.1.tlog
e:\deu_trunk\deu3d_osg\bin\x64\release\enginedb\mt.command.1.tlog
e:\deu_trunk\deu3d_osg\bin\x64\release\enginedb\mt.read.1.tlog
e:\deu_trunk\deu3d_osg\bin\x64\release\enginedb\mt.write.1.tlog
e:\deu_trunk\deu3d_osg\bin\x64\release\enginedb\osgdb.write.1.tlog
e:\deu_trunk\deu3d_osg\bin\x64\release\enginedb\rc.command.1.tlog
e:\deu_trunk\deu3d_osg\bin\x64\release\enginedb\rc.read.1.tlog
e:\deu_trunk\deu3d_osg\bin\x64\release\enginedb\rc.write.1.tlog
e:\deu_trunk\deu3d_osg\src\osgdb\..\..\bin\x64\enginedb.dll
