e:\deu_trunk\deu3d_osg\bin\win32\release\engineparticle\version.obj
e:\deu_trunk\deu3d_osg\bin\win32\release\engineparticle\smoketraileffect.obj
e:\deu_trunk\deu3d_osg\bin\win32\release\engineparticle\smokeeffect.obj
e:\deu_trunk\deu3d_osg\bin\win32\release\engineparticle\program.obj
e:\deu_trunk\deu3d_osg\bin\win32\release\engineparticle\precipitationeffect.obj
e:\deu_trunk\deu3d_osg\bin\win32\release\engineparticle\particlesystemupdater.obj
e:\deu_trunk\deu3d_osg\bin\win32\release\engineparticle\particlesystem.obj
e:\deu_trunk\deu3d_osg\bin\win32\release\engineparticle\particleprocessor.obj
e:\deu_trunk\deu3d_osg\bin\win32\release\engineparticle\particleeffect.obj
e:\deu_trunk\deu3d_osg\bin\win32\release\engineparticle\particle.obj
e:\deu_trunk\deu3d_osg\bin\win32\release\engineparticle\multisegmentplacer.obj
e:\deu_trunk\deu3d_osg\bin\win32\release\engineparticle\modularprogram.obj
e:\deu_trunk\deu3d_osg\bin\win32\release\engineparticle\modularemitter.obj
e:\deu_trunk\deu3d_osg\bin\win32\release\engineparticle\fluidprogram.obj
e:\deu_trunk\deu3d_osg\bin\win32\release\engineparticle\fluidfrictionoperator.obj
e:\deu_trunk\deu3d_osg\bin\win32\release\engineparticle\fireeffect.obj
e:\deu_trunk\deu3d_osg\bin\win32\release\engineparticle\explosioneffect.obj
e:\deu_trunk\deu3d_osg\bin\win32\release\engineparticle\explosiondebriseffect.obj
e:\deu_trunk\deu3d_osg\bin\win32\release\engineparticle\emitter.obj
e:\deu_trunk\deu3d_osg\bin\win32\release\engineparticle\connectedparticlesystem.obj
e:\deu_trunk\deu3d_osg\bin\win32\release\engineparticle\sinkoperator.obj
e:\deu_trunk\deu3d_osg\bin\win32\release\engineparticle\bounceoperator.obj
e:\deu_trunk\deu3d_osg\bin\win32\release\engineparticle\domainoperator.obj
e:\deu_trunk\deu3d_osg\bin\win32\engineparticle.dll
e:\deu_trunk\deu3d_osg\bin\win32\release\engineparticle\engineparticle.dll.intermediate.manifest
e:\deu_trunk\deu3d_osg\bin\win32\engineparticle.lib
e:\deu_trunk\deu3d_osg\bin\win32\engineparticle.exp
e:\deu_trunk\deu3d_osg\bin\win32\release\engineparticle\deuglobeversioninfo.res
e:\deu_trunk\deu3d_osg\bin\win32\release\engineparticle\cl.command.1.tlog
e:\deu_trunk\deu3d_osg\bin\win32\release\engineparticle\cl.read.1.tlog
e:\deu_trunk\deu3d_osg\bin\win32\release\engineparticle\cl.write.1.tlog
e:\deu_trunk\deu3d_osg\bin\win32\release\engineparticle\link-cvtres.read.1.tlog
e:\deu_trunk\deu3d_osg\bin\win32\release\engineparticle\link-cvtres.write.1.tlog
e:\deu_trunk\deu3d_osg\bin\win32\release\engineparticle\link.command.1.tlog
e:\deu_trunk\deu3d_osg\bin\win32\release\engineparticle\link.read.1.tlog
e:\deu_trunk\deu3d_osg\bin\win32\release\engineparticle\link.write.1.tlog
e:\deu_trunk\deu3d_osg\bin\win32\release\engineparticle\mt.command.1.tlog
e:\deu_trunk\deu3d_osg\bin\win32\release\engineparticle\mt.read.1.tlog
e:\deu_trunk\deu3d_osg\bin\win32\release\engineparticle\mt.write.1.tlog
e:\deu_trunk\deu3d_osg\bin\win32\release\engineparticle\osgparticle.write.1.tlog
e:\deu_trunk\deu3d_osg\bin\win32\release\engineparticle\rc.command.1.tlog
e:\deu_trunk\deu3d_osg\bin\win32\release\engineparticle\rc.read.1.tlog
e:\deu_trunk\deu3d_osg\bin\win32\release\engineparticle\rc.write.1.tlog
e:\deu_trunk\deu3d_osg\src\osgparticle\..\..\bin\win32\engineparticle.dll
