e:\deu_trunk\deu3d_platformcore\virtualtilemanager\bin\win32\debug\ellipsoidmodel.obj
e:\deu_trunk\deu3d_platformcore\virtualtilemanager\bin\win32\debug\virtualcubemanager.obj
e:\deu_trunk\deu3d_platformcore\virtualtilemanager\bin\win32\debug\virtualtilemanager.obj
e:\deu_trunk\deu3d_platformcore\virtualtilemanager\bin\win32\debug\vc100.pdb
e:\deu_trunk\deu3d_platformcore\virtualtilemanager\bin\win32\virtualtilemanagerd.ilk
e:\deu_trunk\deu3d_platformcore\virtualtilemanager\bin\win32\virtualtilemanagerd.dll
e:\deu_trunk\deu3d_platformcore\virtualtilemanager\bin\win32\debug\virtualtilemanagerd.dll.intermediate.manifest
e:\deu_trunk\deu3d_platformcore\virtualtilemanager\bin\win32\virtualtilemanagerd.pdb
e:\deu_trunk\deu3d_platformcore\virtualtilemanager\bin\win32\debug\virtualtilemanagerd.dll.embed.manifest
e:\deu_trunk\deu3d_platformcore\virtualtilemanager\bin\win32\debug\virtualtilemanagerd.dll.embed.manifest.res
e:\deu_trunk\deu3d_platformcore\virtualtilemanager\bin\win32\debug\deuglobeversioninfo.res
e:\deu_trunk\deu3d_platformcore\virtualtilemanager\bin\win32\virtualtilemanagerd.lib
e:\deu_trunk\deu3d_platformcore\virtualtilemanager\bin\win32\virtualtilemanagerd.exp
e:\deu_trunk\deu3d_platformcore\virtualtilemanager\bin\win32\debug\cl.command.1.tlog
e:\deu_trunk\deu3d_platformcore\virtualtilemanager\bin\win32\debug\cl.read.1.tlog
e:\deu_trunk\deu3d_platformcore\virtualtilemanager\bin\win32\debug\cl.write.1.tlog
e:\deu_trunk\deu3d_platformcore\virtualtilemanager\bin\win32\debug\link-cvtres.read.1.tlog
e:\deu_trunk\deu3d_platformcore\virtualtilemanager\bin\win32\debug\link-cvtres.write.1.tlog
e:\deu_trunk\deu3d_platformcore\virtualtilemanager\bin\win32\debug\link.2620-cvtres.read.1.tlog
e:\deu_trunk\deu3d_platformcore\virtualtilemanager\bin\win32\debug\link.2620-cvtres.write.1.tlog
e:\deu_trunk\deu3d_platformcore\virtualtilemanager\bin\win32\debug\link.2620.read.1.tlog
e:\deu_trunk\deu3d_platformcore\virtualtilemanager\bin\win32\debug\link.2620.write.1.tlog
e:\deu_trunk\deu3d_platformcore\virtualtilemanager\bin\win32\debug\link.2852-cvtres.read.1.tlog
e:\deu_trunk\deu3d_platformcore\virtualtilemanager\bin\win32\debug\link.2852-cvtres.write.1.tlog
e:\deu_trunk\deu3d_platformcore\virtualtilemanager\bin\win32\debug\link.2852.read.1.tlog
e:\deu_trunk\deu3d_platformcore\virtualtilemanager\bin\win32\debug\link.2852.write.1.tlog
e:\deu_trunk\deu3d_platformcore\virtualtilemanager\bin\win32\debug\link.3268-cvtres.read.1.tlog
e:\deu_trunk\deu3d_platformcore\virtualtilemanager\bin\win32\debug\link.3268-cvtres.write.1.tlog
e:\deu_trunk\deu3d_platformcore\virtualtilemanager\bin\win32\debug\link.3268.read.1.tlog
e:\deu_trunk\deu3d_platformcore\virtualtilemanager\bin\win32\debug\link.3268.write.1.tlog
e:\deu_trunk\deu3d_platformcore\virtualtilemanager\bin\win32\debug\link.command.1.tlog
e:\deu_trunk\deu3d_platformcore\virtualtilemanager\bin\win32\debug\link.read.1.tlog
e:\deu_trunk\deu3d_platformcore\virtualtilemanager\bin\win32\debug\link.write.1.tlog
e:\deu_trunk\deu3d_platformcore\virtualtilemanager\bin\win32\debug\mt.command.1.tlog
e:\deu_trunk\deu3d_platformcore\virtualtilemanager\bin\win32\debug\mt.read.1.tlog
e:\deu_trunk\deu3d_platformcore\virtualtilemanager\bin\win32\debug\mt.write.1.tlog
e:\deu_trunk\deu3d_platformcore\virtualtilemanager\bin\win32\debug\rc.command.1.tlog
e:\deu_trunk\deu3d_platformcore\virtualtilemanager\bin\win32\debug\rc.read.1.tlog
e:\deu_trunk\deu3d_platformcore\virtualtilemanager\bin\win32\debug\rc.write.1.tlog
e:\deu_trunk\deu3d_platformcore\virtualtilemanager\bin\win32\debug\virtualtilemanager.write.1.tlog
e:\deu_trunk\deu3d_platformcore\virtualtilemanager\bin\win32\debug\vc100.idb
e:\deu_trunk\deu3d_platformcore\virtualtilemanager\bin\win32\debug\virtualtilemanagerd_manifest.rc
