e:\deu_trunk\deu3d_platformcore\network\bin\x64\release\rcd.obj
e:\deu_trunk\deu3d_platformcore\network\bin\x64\release\deuserverconf.obj
e:\deu_trunk\deu3d_platformcore\network\bin\x64\release\deurcdinfo.obj
e:\deu_trunk\deu3d_platformcore\network\bin\x64\release\deuquerydata.obj
e:\deu_trunk\deu3d_platformcore\network\bin\x64\release\deunetwork.obj
e:\deu_trunk\deu3d_platformcore\network\bin\x64\release\csimplehttpclient.obj
e:\deu_trunk\deu3d_platformcore\network\bin\x64\release\cid2url.obj
e:\deu_trunk\deu3d_platformcore\network\bin\x64\release\vc100.pdb
e:\deu_trunk\deu3d_platformcore\network\bin\x64\network.dll
e:\deu_trunk\deu3d_platformcore\network\bin\x64\release\network.dll.intermediate.manifest
e:\deu_trunk\deu3d_platformcore\network\bin\x64\network.pdb
e:\deu_trunk\deu3d_platformcore\network\bin\x64\network.lib
e:\deu_trunk\deu3d_platformcore\network\bin\x64\network.exp
e:\deu_trunk\deu3d_platformcore\network\bin\x64\release\deuglobeversioninfo.res
e:\deu_trunk\deu3d_platformcore\network\bin\x64\release\cl.command.1.tlog
e:\deu_trunk\deu3d_platformcore\network\bin\x64\release\cl.read.1.tlog
e:\deu_trunk\deu3d_platformcore\network\bin\x64\release\cl.write.1.tlog
e:\deu_trunk\deu3d_platformcore\network\bin\x64\release\link-cvtres.read.1.tlog
e:\deu_trunk\deu3d_platformcore\network\bin\x64\release\link-cvtres.write.1.tlog
e:\deu_trunk\deu3d_platformcore\network\bin\x64\release\link.command.1.tlog
e:\deu_trunk\deu3d_platformcore\network\bin\x64\release\link.read.1.tlog
e:\deu_trunk\deu3d_platformcore\network\bin\x64\release\link.write.1.tlog
e:\deu_trunk\deu3d_platformcore\network\bin\x64\release\mt.command.1.tlog
e:\deu_trunk\deu3d_platformcore\network\bin\x64\release\mt.read.1.tlog
e:\deu_trunk\deu3d_platformcore\network\bin\x64\release\mt.write.1.tlog
e:\deu_trunk\deu3d_platformcore\network\bin\x64\release\network.write.1.tlog
e:\deu_trunk\deu3d_platformcore\network\bin\x64\release\rc.command.1.tlog
e:\deu_trunk\deu3d_platformcore\network\bin\x64\release\rc.read.1.tlog
e:\deu_trunk\deu3d_platformcore\network\bin\x64\release\rc.write.1.tlog
