e:\deu_trunk\deu3d_platformcore\virtualtilemanager\bin\win32\release\virtualtilemanager.obj
e:\deu_trunk\deu3d_platformcore\virtualtilemanager\bin\win32\release\virtualcubemanager.obj
e:\deu_trunk\deu3d_platformcore\virtualtilemanager\bin\win32\release\ellipsoidmodel.obj
e:\deu_trunk\deu3d_platformcore\virtualtilemanager\bin\win32\release\vc100.pdb
e:\deu_trunk\deu3d_platformcore\virtualtilemanager\bin\win32\virtualtilemanager.dll
e:\deu_trunk\deu3d_platformcore\virtualtilemanager\bin\win32\release\virtualtilemanager.dll.intermediate.manifest
e:\deu_trunk\deu3d_platformcore\virtualtilemanager\bin\win32\release\deuglobeversioninfo.res
e:\deu_trunk\deu3d_platformcore\virtualtilemanager\bin\win32\virtualtilemanager.lib
e:\deu_trunk\deu3d_platformcore\virtualtilemanager\bin\win32\virtualtilemanager.exp
e:\deu_trunk\deu3d_platformcore\virtualtilemanager\bin\win32\release\cl.command.1.tlog
e:\deu_trunk\deu3d_platformcore\virtualtilemanager\bin\win32\release\cl.read.1.tlog
e:\deu_trunk\deu3d_platformcore\virtualtilemanager\bin\win32\release\cl.write.1.tlog
e:\deu_trunk\deu3d_platformcore\virtualtilemanager\bin\win32\release\link-cvtres.read.1.tlog
e:\deu_trunk\deu3d_platformcore\virtualtilemanager\bin\win32\release\link-cvtres.write.1.tlog
e:\deu_trunk\deu3d_platformcore\virtualtilemanager\bin\win32\release\link.command.1.tlog
e:\deu_trunk\deu3d_platformcore\virtualtilemanager\bin\win32\release\link.read.1.tlog
e:\deu_trunk\deu3d_platformcore\virtualtilemanager\bin\win32\release\link.write.1.tlog
e:\deu_trunk\deu3d_platformcore\virtualtilemanager\bin\win32\release\mt.command.1.tlog
e:\deu_trunk\deu3d_platformcore\virtualtilemanager\bin\win32\release\mt.read.1.tlog
e:\deu_trunk\deu3d_platformcore\virtualtilemanager\bin\win32\release\mt.write.1.tlog
e:\deu_trunk\deu3d_platformcore\virtualtilemanager\bin\win32\release\rc.command.1.tlog
e:\deu_trunk\deu3d_platformcore\virtualtilemanager\bin\win32\release\rc.read.1.tlog
e:\deu_trunk\deu3d_platformcore\virtualtilemanager\bin\win32\release\rc.write.1.tlog
e:\deu_trunk\deu3d_platformcore\virtualtilemanager\bin\win32\release\virtualtilemanager.write.1.tlog
