e:\deu_trunk\deu3d_osg\bin\win32\debug\enginedb_tiff\readerwritertiff.obj
e:\deu_trunk\deu3d_osg\bin\win32\enginedb_tiffd.pdb
e:\deu_trunk\deu3d_osg\bin\win32\enginedb_tiffd.ilk
e:\deu_trunk\deu3d_osg\bin\win32\enginedb_tiffd.dll
e:\deu_trunk\deu3d_osg\bin\win32\debug\enginedb_tiff\enginedb_tiffd.dll.intermediate.manifest
e:\deu_trunk\deu3d_osg\bin\win32\debug\enginedb_tiff\enginedb_tiffd.dll.embed.manifest
e:\deu_trunk\deu3d_osg\bin\win32\debug\enginedb_tiff\deuglobeversioninfo.res
e:\deu_trunk\deu3d_osg\bin\win32\debug\enginedb_tiff\enginedb_tiffd.dll.embed.manifest.res
e:\deu_trunk\deu3d_osg\bin\win32\debug\enginedb_tiff\cl.command.1.tlog
e:\deu_trunk\deu3d_osg\bin\win32\debug\enginedb_tiff\cl.read.1.tlog
e:\deu_trunk\deu3d_osg\bin\win32\debug\enginedb_tiff\cl.write.1.tlog
e:\deu_trunk\deu3d_osg\bin\win32\debug\enginedb_tiff\link-cvtres.read.1.tlog
e:\deu_trunk\deu3d_osg\bin\win32\debug\enginedb_tiff\link-cvtres.write.1.tlog
e:\deu_trunk\deu3d_osg\bin\win32\debug\enginedb_tiff\link.1008-cvtres.read.1.tlog
e:\deu_trunk\deu3d_osg\bin\win32\debug\enginedb_tiff\link.1008-cvtres.write.1.tlog
e:\deu_trunk\deu3d_osg\bin\win32\debug\enginedb_tiff\link.1008.read.1.tlog
e:\deu_trunk\deu3d_osg\bin\win32\debug\enginedb_tiff\link.1008.write.1.tlog
e:\deu_trunk\deu3d_osg\bin\win32\debug\enginedb_tiff\link.15192-cvtres.read.1.tlog
e:\deu_trunk\deu3d_osg\bin\win32\debug\enginedb_tiff\link.15192-cvtres.write.1.tlog
e:\deu_trunk\deu3d_osg\bin\win32\debug\enginedb_tiff\link.15192.read.1.tlog
e:\deu_trunk\deu3d_osg\bin\win32\debug\enginedb_tiff\link.15192.write.1.tlog
e:\deu_trunk\deu3d_osg\bin\win32\debug\enginedb_tiff\link.command.1.tlog
e:\deu_trunk\deu3d_osg\bin\win32\debug\enginedb_tiff\link.read.1.tlog
e:\deu_trunk\deu3d_osg\bin\win32\debug\enginedb_tiff\link.write.1.tlog
e:\deu_trunk\deu3d_osg\bin\win32\debug\enginedb_tiff\mt.command.1.tlog
e:\deu_trunk\deu3d_osg\bin\win32\debug\enginedb_tiff\mt.read.1.tlog
e:\deu_trunk\deu3d_osg\bin\win32\debug\enginedb_tiff\mt.write.1.tlog
e:\deu_trunk\deu3d_osg\bin\win32\debug\enginedb_tiff\rc.command.1.tlog
e:\deu_trunk\deu3d_osg\bin\win32\debug\enginedb_tiff\rc.read.1.tlog
e:\deu_trunk\deu3d_osg\bin\win32\debug\enginedb_tiff\rc.write.1.tlog
e:\deu_trunk\deu3d_osg\bin\win32\debug\enginedb_tiff\enginedb_tiffd_manifest.rc
e:\deu_trunk\deu3d_osg\src\osgplugins\tiff\..\..\..\bin\win32\enginedb_tiffd.dll
