e:\deu_trunk\deu3d_osg\bin\x64\debug\enginedb_dds\readerwriterdds.obj
e:\deu_trunk\deu3d_osg\bin\x64\enginedb_ddsd.pdb
e:\deu_trunk\deu3d_osg\bin\x64\enginedb_ddsd.ilk
e:\deu_trunk\deu3d_osg\bin\x64\enginedb_ddsd.dll
e:\deu_trunk\deu3d_osg\bin\x64\debug\enginedb_dds\enginedb_ddsd.dll.intermediate.manifest
e:\deu_trunk\deu3d_osg\bin\x64\debug\enginedb_dds\enginedb_ddsd.dll.embed.manifest
e:\deu_trunk\deu3d_osg\bin\x64\debug\enginedb_dds\deuglobeversioninfo.res
e:\deu_trunk\deu3d_osg\bin\x64\debug\enginedb_dds\enginedb_ddsd.dll.embed.manifest.res
e:\deu_trunk\deu3d_osg\bin\x64\debug\enginedb_dds\cl.command.1.tlog
e:\deu_trunk\deu3d_osg\bin\x64\debug\enginedb_dds\cl.read.1.tlog
e:\deu_trunk\deu3d_osg\bin\x64\debug\enginedb_dds\cl.write.1.tlog
e:\deu_trunk\deu3d_osg\bin\x64\debug\enginedb_dds\link-cvtres.read.1.tlog
e:\deu_trunk\deu3d_osg\bin\x64\debug\enginedb_dds\link-cvtres.write.1.tlog
e:\deu_trunk\deu3d_osg\bin\x64\debug\enginedb_dds\link.13376-cvtres.read.1.tlog
e:\deu_trunk\deu3d_osg\bin\x64\debug\enginedb_dds\link.13376-cvtres.write.1.tlog
e:\deu_trunk\deu3d_osg\bin\x64\debug\enginedb_dds\link.13376.read.1.tlog
e:\deu_trunk\deu3d_osg\bin\x64\debug\enginedb_dds\link.13376.write.1.tlog
e:\deu_trunk\deu3d_osg\bin\x64\debug\enginedb_dds\link.4484-cvtres.read.1.tlog
e:\deu_trunk\deu3d_osg\bin\x64\debug\enginedb_dds\link.4484-cvtres.write.1.tlog
e:\deu_trunk\deu3d_osg\bin\x64\debug\enginedb_dds\link.4484.read.1.tlog
e:\deu_trunk\deu3d_osg\bin\x64\debug\enginedb_dds\link.4484.write.1.tlog
e:\deu_trunk\deu3d_osg\bin\x64\debug\enginedb_dds\link.command.1.tlog
e:\deu_trunk\deu3d_osg\bin\x64\debug\enginedb_dds\link.read.1.tlog
e:\deu_trunk\deu3d_osg\bin\x64\debug\enginedb_dds\link.write.1.tlog
e:\deu_trunk\deu3d_osg\bin\x64\debug\enginedb_dds\mt.command.1.tlog
e:\deu_trunk\deu3d_osg\bin\x64\debug\enginedb_dds\mt.read.1.tlog
e:\deu_trunk\deu3d_osg\bin\x64\debug\enginedb_dds\mt.write.1.tlog
e:\deu_trunk\deu3d_osg\bin\x64\debug\enginedb_dds\rc.command.1.tlog
e:\deu_trunk\deu3d_osg\bin\x64\debug\enginedb_dds\rc.read.1.tlog
e:\deu_trunk\deu3d_osg\bin\x64\debug\enginedb_dds\rc.write.1.tlog
e:\deu_trunk\deu3d_osg\bin\x64\debug\enginedb_dds\enginedb_ddsd_manifest.rc
e:\deu_trunk\deu3d_osg\src\osgplugins\dds\..\..\..\bin\x64\enginedb_ddsd.dll
