e:\deu_trunk\deu3d_osg\bin\win32\debug\enginedb\imageoptions.obj
e:\deu_trunk\deu3d_osg\bin\win32\debug\enginedb\fstream.obj
e:\deu_trunk\deu3d_osg\bin\win32\debug\enginedb\fileutils.obj
e:\deu_trunk\deu3d_osg\bin\win32\debug\enginedb\filenameutils.obj
e:\deu_trunk\deu3d_osg\bin\win32\debug\enginedb\fieldreaderiterator.obj
e:\deu_trunk\deu3d_osg\bin\win32\debug\enginedb\fieldreader.obj
e:\deu_trunk\deu3d_osg\bin\win32\debug\enginedb\field.obj
e:\deu_trunk\deu3d_osg\bin\win32\debug\enginedb\externalfilewriter.obj
e:\deu_trunk\deu3d_osg\bin\win32\debug\enginedb\dynamiclibrary.obj
e:\deu_trunk\deu3d_osg\bin\win32\debug\enginedb\dotosgwrapper.obj
e:\deu_trunk\deu3d_osg\bin\win32\debug\enginedb\databaserevisions.obj
e:\deu_trunk\deu3d_osg\bin\win32\debug\enginedb\databasepager.obj
e:\deu_trunk\deu3d_osg\bin\win32\debug\enginedb\convertutf.obj
e:\deu_trunk\deu3d_osg\bin\win32\debug\enginedb\callbacks.obj
e:\deu_trunk\deu3d_osg\bin\win32\debug\enginedb\authenticationmap.obj
e:\deu_trunk\deu3d_osg\bin\win32\debug\enginedb\archive.obj
e:\deu_trunk\deu3d_osg\bin\win32\debug\enginedb\compressors.obj
e:\deu_trunk\deu3d_osg\bin\win32\debug\enginedb\outputstream.obj
e:\deu_trunk\deu3d_osg\bin\win32\debug\enginedb\inputstream.obj
e:\deu_trunk\deu3d_osg\bin\win32\debug\enginedb\objectwrapper.obj
e:\deu_trunk\deu3d_osg\bin\win32\debug\enginedb\requestprison.obj
e:\deu_trunk\deu3d_osg\bin\win32\debug\enginedb\writefile.obj
e:\deu_trunk\deu3d_osg\bin\win32\debug\enginedb\version.obj
e:\deu_trunk\deu3d_osg\bin\win32\debug\enginedb\sharedstatemanager.obj
e:\deu_trunk\deu3d_osg\bin\win32\debug\enginedb\registry.obj
e:\deu_trunk\deu3d_osg\bin\win32\debug\enginedb\readfile.obj
e:\deu_trunk\deu3d_osg\bin\win32\debug\enginedb\readerwriter.obj
e:\deu_trunk\deu3d_osg\bin\win32\debug\enginedb\pluginquery.obj
e:\deu_trunk\deu3d_osg\bin\win32\debug\enginedb\options.obj
e:\deu_trunk\deu3d_osg\bin\win32\debug\enginedb\output.obj
e:\deu_trunk\deu3d_osg\bin\win32\debug\enginedb\mimetypes.obj
e:\deu_trunk\deu3d_osg\bin\win32\debug\enginedb\input.obj
e:\deu_trunk\deu3d_osg\bin\win32\debug\enginedb\imagepager.obj
e:\deu_trunk\deu3d_osg\bin\win32\enginedbd.pdb
e:\deu_trunk\deu3d_osg\bin\win32\enginedbd.ilk
e:\deu_trunk\deu3d_osg\bin\win32\enginedbd.dll
e:\deu_trunk\deu3d_osg\bin\win32\debug\enginedb\enginedbd.dll.intermediate.manifest
e:\deu_trunk\deu3d_osg\bin\win32\debug\enginedb\enginedbd.dll.embed.manifest
e:\deu_trunk\deu3d_osg\bin\win32\enginedbd.lib
e:\deu_trunk\deu3d_osg\bin\win32\enginedbd.exp
e:\deu_trunk\deu3d_osg\bin\win32\debug\enginedb\deuglobeversioninfo.res
e:\deu_trunk\deu3d_osg\bin\win32\debug\enginedb\enginedbd.dll.embed.manifest.res
e:\deu_trunk\deu3d_osg\bin\win32\debug\enginedb\cl.command.1.tlog
e:\deu_trunk\deu3d_osg\bin\win32\debug\enginedb\cl.read.1.tlog
e:\deu_trunk\deu3d_osg\bin\win32\debug\enginedb\cl.write.1.tlog
e:\deu_trunk\deu3d_osg\bin\win32\debug\enginedb\link-cvtres.read.1.tlog
e:\deu_trunk\deu3d_osg\bin\win32\debug\enginedb\link-cvtres.write.1.tlog
e:\deu_trunk\deu3d_osg\bin\win32\debug\enginedb\link.13448-cvtres.read.1.tlog
e:\deu_trunk\deu3d_osg\bin\win32\debug\enginedb\link.13448-cvtres.write.1.tlog
e:\deu_trunk\deu3d_osg\bin\win32\debug\enginedb\link.13448.read.1.tlog
e:\deu_trunk\deu3d_osg\bin\win32\debug\enginedb\link.13448.write.1.tlog
e:\deu_trunk\deu3d_osg\bin\win32\debug\enginedb\link.3260-cvtres.read.1.tlog
e:\deu_trunk\deu3d_osg\bin\win32\debug\enginedb\link.3260-cvtres.write.1.tlog
e:\deu_trunk\deu3d_osg\bin\win32\debug\enginedb\link.3260.read.1.tlog
e:\deu_trunk\deu3d_osg\bin\win32\debug\enginedb\link.3260.write.1.tlog
e:\deu_trunk\deu3d_osg\bin\win32\debug\enginedb\link.command.1.tlog
e:\deu_trunk\deu3d_osg\bin\win32\debug\enginedb\link.read.1.tlog
e:\deu_trunk\deu3d_osg\bin\win32\debug\enginedb\link.write.1.tlog
e:\deu_trunk\deu3d_osg\bin\win32\debug\enginedb\mt.command.1.tlog
e:\deu_trunk\deu3d_osg\bin\win32\debug\enginedb\mt.read.1.tlog
e:\deu_trunk\deu3d_osg\bin\win32\debug\enginedb\mt.write.1.tlog
e:\deu_trunk\deu3d_osg\bin\win32\debug\enginedb\osgdb.write.1.tlog
e:\deu_trunk\deu3d_osg\bin\win32\debug\enginedb\rc.command.1.tlog
e:\deu_trunk\deu3d_osg\bin\win32\debug\enginedb\rc.read.1.tlog
e:\deu_trunk\deu3d_osg\bin\win32\debug\enginedb\rc.write.1.tlog
e:\deu_trunk\deu3d_osg\bin\win32\debug\enginedb\enginedbd_manifest.rc
e:\deu_trunk\deu3d_osg\src\osgdb\..\..\bin\win32\enginedbd.dll
