e:\deu_trunk\deu3d_platformcore\platformcore\bin\x64\release\selecting_operation.obj
e:\deu_trunk\deu3d_platformcore\platformcore\bin\x64\release\scenegraphoperator.obj
e:\deu_trunk\deu3d_platformcore\platformcore\bin\x64\release\scenegraphoperationbase.obj
e:\deu_trunk\deu3d_platformcore\platformcore\bin\x64\release\replacechildren_operation.obj
e:\deu_trunk\deu3d_platformcore\platformcore\bin\x64\release\removetilebylevel_operation.obj
e:\deu_trunk\deu3d_platformcore\platformcore\bin\x64\release\lodfixer.obj
e:\deu_trunk\deu3d_platformcore\platformcore\bin\x64\release\intersect_operation.obj
e:\deu_trunk\deu3d_platformcore\platformcore\bin\x64\release\findbottomterraintile_operation.obj
e:\deu_trunk\deu3d_platformcore\platformcore\bin\x64\release\fetchingelevation_operation.obj
e:\deu_trunk\deu3d_platformcore\platformcore\bin\x64\release\effectpagedlod.obj
e:\deu_trunk\deu3d_platformcore\platformcore\bin\x64\release\editingtool.obj
e:\deu_trunk\deu3d_platformcore\platformcore\bin\x64\release\compass.obj
e:\deu_trunk\deu3d_platformcore\platformcore\bin\x64\release\colorstate.obj
e:\deu_trunk\deu3d_platformcore\platformcore\bin\x64\release\capabilities.obj
e:\deu_trunk\deu3d_platformcore\platformcore\bin\x64\release\camerainfo.obj
e:\deu_trunk\deu3d_platformcore\platformcore\bin\x64\release\areatool.obj
e:\deu_trunk\deu3d_platformcore\platformcore\bin\x64\release\animationmodel.obj
e:\deu_trunk\deu3d_platformcore\platformcore\bin\x64\release\analysisbasetool.obj
e:\deu_trunk\deu3d_platformcore\platformcore\bin\x64\release\aerocalculator.obj
e:\deu_trunk\deu3d_platformcore\platformcore\bin\x64\release\addorremove_operation.obj
e:\deu_trunk\deu3d_platformcore\platformcore\bin\x64\release\navigationpath.obj
e:\deu_trunk\deu3d_platformcore\platformcore\bin\x64\release\navigationparam.obj
e:\deu_trunk\deu3d_platformcore\platformcore\bin\x64\release\measuretool.obj
e:\deu_trunk\deu3d_platformcore\platformcore\bin\x64\release\linetool.obj
e:\deu_trunk\deu3d_platformcore\platformcore\bin\x64\release\hudlayouter.obj
e:\deu_trunk\deu3d_platformcore\platformcore\bin\x64\release\frameimagefetcher.obj
e:\deu_trunk\deu3d_platformcore\platformcore\bin\x64\release\fluoroscope.obj
e:\deu_trunk\deu3d_platformcore\platformcore\bin\x64\release\filereadinterceptor.obj
e:\deu_trunk\deu3d_platformcore\platformcore\bin\x64\release\facetool.obj
e:\deu_trunk\deu3d_platformcore\platformcore\bin\x64\release\ellipsetool.obj
e:\deu_trunk\deu3d_platformcore\platformcore\bin\x64\release\directionstate.obj
e:\deu_trunk\deu3d_platformcore\platformcore\bin\x64\release\deusceneviewer.obj
e:\deu_trunk\deu3d_platformcore\platformcore\bin\x64\release\deuproxynode.obj
e:\deu_trunk\deu3d_platformcore\platformcore\bin\x64\release\deuplatformcore.obj
e:\deu_trunk\deu3d_platformcore\platformcore\bin\x64\release\topmoststate.obj
e:\deu_trunk\deu3d_platformcore\platformcore\bin\x64\release\terraintilechanged_operation.obj
e:\deu_trunk\deu3d_platformcore\platformcore\bin\x64\release\statechanged_operation.obj
e:\deu_trunk\deu3d_platformcore\platformcore\bin\x64\release\smartlod.obj
e:\deu_trunk\deu3d_platformcore\platformcore\bin\x64\release\sharedobjectpool.obj
e:\deu_trunk\deu3d_platformcore\platformcore\bin\x64\release\shadowstate.obj
e:\deu_trunk\deu3d_platformcore\platformcore\bin\x64\release\statebase.obj
e:\deu_trunk\deu3d_platformcore\platformcore\bin\x64\release\stardata.obj
e:\deu_trunk\deu3d_platformcore\platformcore\bin\x64\release\outlinestate.obj
e:\deu_trunk\deu3d_platformcore\platformcore\bin\x64\release\outlinelayouter.obj
e:\deu_trunk\deu3d_platformcore\platformcore\bin\x64\release\initializationparam.obj
e:\deu_trunk\deu3d_platformcore\platformcore\bin\x64\release\smokestate.obj
e:\deu_trunk\deu3d_platformcore\platformcore\bin\x64\release\skydome.obj
e:\deu_trunk\deu3d_platformcore\platformcore\bin\x64\release\ripplestate.obj
e:\deu_trunk\deu3d_platformcore\platformcore\bin\x64\release\registry.obj
e:\deu_trunk\deu3d_platformcore\platformcore\bin\x64\release\refreshingthread.obj
e:\deu_trunk\deu3d_platformcore\platformcore\bin\x64\release\refreshingterrainthread.obj
e:\deu_trunk\deu3d_platformcore\platformcore\bin\x64\release\recttool.obj
e:\deu_trunk\deu3d_platformcore\platformcore\bin\x64\release\projectionmatrixfixer.obj
e:\deu_trunk\deu3d_platformcore\platformcore\bin\x64\release\polylinetool.obj
e:\deu_trunk\deu3d_platformcore\platformcore\bin\x64\release\polygontool.obj
e:\deu_trunk\deu3d_platformcore\platformcore\bin\x64\release\pointtool.obj
e:\deu_trunk\deu3d_platformcore\platformcore\bin\x64\release\planetnavigator.obj
e:\deu_trunk\deu3d_platformcore\platformcore\bin\x64\release\navigatormanager.obj
e:\deu_trunk\deu3d_platformcore\platformcore\bin\x64\release\navigatorbase.obj
e:\deu_trunk\deu3d_platformcore\platformcore\bin\x64\release\navigationpathplayer.obj
e:\deu_trunk\deu3d_platformcore\platformcore\bin\x64\release\virtualtilereaderwriter.obj
e:\deu_trunk\deu3d_platformcore\platformcore\bin\x64\release\virtualcubereaderwriter.obj
e:\deu_trunk\deu3d_platformcore\platformcore\bin\x64\release\viewstate.obj
e:\deu_trunk\deu3d_platformcore\platformcore\bin\x64\release\virtualcubenode.obj
e:\deu_trunk\deu3d_platformcore\platformcore\bin\x64\release\vcubechanginglistener.obj
e:\deu_trunk\deu3d_platformcore\platformcore\bin\x64\release\vcubechanged_operation.obj
e:\deu_trunk\deu3d_platformcore\platformcore\bin\x64\release\utility.obj
e:\deu_trunk\deu3d_platformcore\platformcore\bin\x64\release\toolmanager.obj
e:\deu_trunk\deu3d_platformcore\platformcore\bin\x64\release\toolbase.obj
e:\deu_trunk\deu3d_platformcore\platformcore\bin\x64\release\tileobjblender.obj
e:\deu_trunk\deu3d_platformcore\platformcore\bin\x64\release\textcenterlayouter.obj
e:\deu_trunk\deu3d_platformcore\platformcore\bin\x64\release\terrainmodificationmanager.obj
e:\deu_trunk\deu3d_platformcore\platformcore\bin\x64\release\terrainmodification.obj
e:\deu_trunk\deu3d_platformcore\platformcore\bin\x64\release\terrainelevationmodification.obj
e:\deu_trunk\deu3d_platformcore\platformcore\bin\x64\release\terraindommodification.obj
e:\deu_trunk\deu3d_platformcore\platformcore\bin\x64\release\terraindemmodification.obj
e:\deu_trunk\deu3d_platformcore\platformcore\bin\x64\release\terraincolormodification.obj
e:\deu_trunk\deu3d_platformcore\platformcore\bin\x64\release\subground.obj
e:\deu_trunk\deu3d_platformcore\platformcore\bin\x64\release\statusbar.obj
e:\deu_trunk\deu3d_platformcore\platformcore\bin\x64\release\statemanager.obj
e:\deu_trunk\deu3d_platformcore\platformcore\bin\x64\release\wireframestate.obj
e:\deu_trunk\deu3d_platformcore\platformcore\bin\x64\release\vtilechanginglistener.obj
e:\deu_trunk\deu3d_platformcore\platformcore\bin\x64\release\vtilechanged_operation.obj
e:\deu_trunk\deu3d_platformcore\platformcore\bin\x64\release\visiblestate.obj
e:\deu_trunk\deu3d_platformcore\platformcore\bin\x64\release\visibilityanalysistool.obj
e:\deu_trunk\deu3d_platformcore\platformcore\bin\x64\release\vc100.pdb
e:\deu_trunk\deu3d_platformcore\platformcore\bin\x64\platformcore.dll
e:\deu_trunk\deu3d_platformcore\platformcore\bin\x64\release\platformcore.dll.intermediate.manifest
e:\deu_trunk\deu3d_platformcore\platformcore\bin\x64\platformcore.pdb
e:\deu_trunk\deu3d_platformcore\platformcore\bin\x64\platformcore.lib
e:\deu_trunk\deu3d_platformcore\platformcore\bin\x64\platformcore.exp
e:\deu_trunk\deu3d_platformcore\platformcore\bin\x64\release\deuglobeversioninfo.res
e:\deu_trunk\deu3d_platformcore\platformcore\bin\x64\release\cl.command.1.tlog
e:\deu_trunk\deu3d_platformcore\platformcore\bin\x64\release\cl.read.1.tlog
e:\deu_trunk\deu3d_platformcore\platformcore\bin\x64\release\cl.write.1.tlog
e:\deu_trunk\deu3d_platformcore\platformcore\bin\x64\release\link-cvtres.read.1.tlog
e:\deu_trunk\deu3d_platformcore\platformcore\bin\x64\release\link-cvtres.write.1.tlog
e:\deu_trunk\deu3d_platformcore\platformcore\bin\x64\release\link.command.1.tlog
e:\deu_trunk\deu3d_platformcore\platformcore\bin\x64\release\link.read.1.tlog
e:\deu_trunk\deu3d_platformcore\platformcore\bin\x64\release\link.write.1.tlog
e:\deu_trunk\deu3d_platformcore\platformcore\bin\x64\release\mt.command.1.tlog
e:\deu_trunk\deu3d_platformcore\platformcore\bin\x64\release\mt.read.1.tlog
e:\deu_trunk\deu3d_platformcore\platformcore\bin\x64\release\mt.write.1.tlog
e:\deu_trunk\deu3d_platformcore\platformcore\bin\x64\release\platformcore.write.1.tlog
e:\deu_trunk\deu3d_platformcore\platformcore\bin\x64\release\rc.command.1.tlog
e:\deu_trunk\deu3d_platformcore\platformcore\bin\x64\release\rc.read.1.tlog
e:\deu_trunk\deu3d_platformcore\platformcore\bin\x64\release\rc.write.1.tlog
