e:\deu_trunk\deu3d_osg\bin\x64\debug\enginedb_freetype\readerwriterfreetype.obj
e:\deu_trunk\deu3d_osg\bin\x64\debug\enginedb_freetype\freetypelibrary.obj
e:\deu_trunk\deu3d_osg\bin\x64\debug\enginedb_freetype\freetypefont.obj
e:\deu_trunk\deu3d_osg\bin\x64\enginedb_freetyped.pdb
e:\deu_trunk\deu3d_osg\bin\x64\enginedb_freetyped.ilk
e:\deu_trunk\deu3d_osg\bin\x64\enginedb_freetyped.dll
e:\deu_trunk\deu3d_osg\bin\x64\debug\enginedb_freetype\enginedb_freetyped.dll.intermediate.manifest
e:\deu_trunk\deu3d_osg\bin\x64\debug\enginedb_freetype\enginedb_freetyped.dll.embed.manifest
e:\deu_trunk\deu3d_osg\bin\x64\debug\enginedb_freetype\deuglobeversioninfo.res
e:\deu_trunk\deu3d_osg\bin\x64\debug\enginedb_freetype\enginedb_freetyped.dll.embed.manifest.res
e:\deu_trunk\deu3d_osg\bin\x64\debug\enginedb_freetype\cl.14392.read.1.tlog
e:\deu_trunk\deu3d_osg\bin\x64\debug\enginedb_freetype\cl.14392.write.1.tlog
e:\deu_trunk\deu3d_osg\bin\x64\debug\enginedb_freetype\cl.14664.read.1.tlog
e:\deu_trunk\deu3d_osg\bin\x64\debug\enginedb_freetype\cl.14664.write.1.tlog
e:\deu_trunk\deu3d_osg\bin\x64\debug\enginedb_freetype\cl.15200.read.1.tlog
e:\deu_trunk\deu3d_osg\bin\x64\debug\enginedb_freetype\cl.15200.write.1.tlog
e:\deu_trunk\deu3d_osg\bin\x64\debug\enginedb_freetype\cl.3712.read.1.tlog
e:\deu_trunk\deu3d_osg\bin\x64\debug\enginedb_freetype\cl.3712.write.1.tlog
e:\deu_trunk\deu3d_osg\bin\x64\debug\enginedb_freetype\cl.4364.read.1.tlog
e:\deu_trunk\deu3d_osg\bin\x64\debug\enginedb_freetype\cl.4364.write.1.tlog
e:\deu_trunk\deu3d_osg\bin\x64\debug\enginedb_freetype\cl.4436.read.1.tlog
e:\deu_trunk\deu3d_osg\bin\x64\debug\enginedb_freetype\cl.4436.write.1.tlog
e:\deu_trunk\deu3d_osg\bin\x64\debug\enginedb_freetype\cl.command.1.tlog
e:\deu_trunk\deu3d_osg\bin\x64\debug\enginedb_freetype\cl.read.1.tlog
e:\deu_trunk\deu3d_osg\bin\x64\debug\enginedb_freetype\cl.write.1.tlog
e:\deu_trunk\deu3d_osg\bin\x64\debug\enginedb_freetype\link-cvtres.read.1.tlog
e:\deu_trunk\deu3d_osg\bin\x64\debug\enginedb_freetype\link-cvtres.write.1.tlog
e:\deu_trunk\deu3d_osg\bin\x64\debug\enginedb_freetype\link.15308-cvtres.read.1.tlog
e:\deu_trunk\deu3d_osg\bin\x64\debug\enginedb_freetype\link.15308-cvtres.write.1.tlog
e:\deu_trunk\deu3d_osg\bin\x64\debug\enginedb_freetype\link.15308.read.1.tlog
e:\deu_trunk\deu3d_osg\bin\x64\debug\enginedb_freetype\link.15308.read.2.tlog
e:\deu_trunk\deu3d_osg\bin\x64\debug\enginedb_freetype\link.15308.write.1.tlog
e:\deu_trunk\deu3d_osg\bin\x64\debug\enginedb_freetype\link.2628-cvtres.read.1.tlog
e:\deu_trunk\deu3d_osg\bin\x64\debug\enginedb_freetype\link.2628-cvtres.write.1.tlog
e:\deu_trunk\deu3d_osg\bin\x64\debug\enginedb_freetype\link.2628.read.1.tlog
e:\deu_trunk\deu3d_osg\bin\x64\debug\enginedb_freetype\link.2628.read.2.tlog
e:\deu_trunk\deu3d_osg\bin\x64\debug\enginedb_freetype\link.2628.write.1.tlog
e:\deu_trunk\deu3d_osg\bin\x64\debug\enginedb_freetype\link.command.1.tlog
e:\deu_trunk\deu3d_osg\bin\x64\debug\enginedb_freetype\link.read.1.tlog
e:\deu_trunk\deu3d_osg\bin\x64\debug\enginedb_freetype\link.read.2.tlog
e:\deu_trunk\deu3d_osg\bin\x64\debug\enginedb_freetype\link.write.1.tlog
e:\deu_trunk\deu3d_osg\bin\x64\debug\enginedb_freetype\mt.command.1.tlog
e:\deu_trunk\deu3d_osg\bin\x64\debug\enginedb_freetype\mt.read.1.tlog
e:\deu_trunk\deu3d_osg\bin\x64\debug\enginedb_freetype\mt.write.1.tlog
e:\deu_trunk\deu3d_osg\bin\x64\debug\enginedb_freetype\rc.command.1.tlog
e:\deu_trunk\deu3d_osg\bin\x64\debug\enginedb_freetype\rc.read.1.tlog
e:\deu_trunk\deu3d_osg\bin\x64\debug\enginedb_freetype\rc.write.1.tlog
e:\deu_trunk\deu3d_osg\bin\x64\debug\enginedb_freetype\enginedb_freetyped_manifest.rc
e:\deu_trunk\deu3d_osg\src\osgplugins\freetype\..\..\..\bin\x64\enginedb_freetyped.dll
