e:\deu_trunk\deu3d_platformcore\externalservice\bin\win32\release\wmtsdriver.obj
e:\deu_trunk\deu3d_platformcore\externalservice\bin\win32\release\wmstileset.obj
e:\deu_trunk\deu3d_platformcore\externalservice\bin\win32\release\wmsdriver.obj
e:\deu_trunk\deu3d_platformcore\externalservice\bin\win32\release\wfsdriver.obj
e:\deu_trunk\deu3d_platformcore\externalservice\bin\win32\release\tileset.obj
e:\deu_trunk\deu3d_platformcore\externalservice\bin\win32\release\ogcfilter.obj
e:\deu_trunk\deu3d_platformcore\externalservice\bin\win32\release\mercatortileset.obj
e:\deu_trunk\deu3d_platformcore\externalservice\bin\win32\release\mercatordriver.obj
e:\deu_trunk\deu3d_platformcore\externalservice\bin\win32\release\featurelayer.obj
e:\deu_trunk\deu3d_platformcore\externalservice\bin\win32\release\deuutils.obj
e:\deu_trunk\deu3d_platformcore\externalservice\bin\win32\release\comparefilter.obj
e:\deu_trunk\deu3d_platformcore\externalservice\bin\win32\release\bboxfilter.obj
e:\deu_trunk\deu3d_platformcore\externalservice\bin\win32\release\csimplehttpclient.obj
e:\deu_trunk\deu3d_platformcore\externalservice\bin\win32\release\vc100.pdb
e:\deu_trunk\deu3d_platformcore\externalservice\bin\win32\externalservice.lib
e:\deu_trunk\deu3d_platformcore\externalservice\bin\win32\externalservice.exp
e:\deu_trunk\deu3d_platformcore\externalservice\bin\win32\externalservice.dll
e:\deu_trunk\deu3d_platformcore\externalservice\bin\win32\release\externalservice.dll.intermediate.manifest
e:\deu_trunk\deu3d_platformcore\externalservice\bin\win32\externalservice.pdb
e:\deu_trunk\deu3d_platformcore\externalservice\bin\win32\release\cl.command.1.tlog
e:\deu_trunk\deu3d_platformcore\externalservice\bin\win32\release\cl.read.1.tlog
e:\deu_trunk\deu3d_platformcore\externalservice\bin\win32\release\cl.write.1.tlog
e:\deu_trunk\deu3d_platformcore\externalservice\bin\win32\release\externalservice.write.1.tlog
e:\deu_trunk\deu3d_platformcore\externalservice\bin\win32\release\link.command.1.tlog
e:\deu_trunk\deu3d_platformcore\externalservice\bin\win32\release\link.read.1.tlog
e:\deu_trunk\deu3d_platformcore\externalservice\bin\win32\release\link.write.1.tlog
e:\deu_trunk\deu3d_platformcore\externalservice\bin\win32\release\mt.command.1.tlog
e:\deu_trunk\deu3d_platformcore\externalservice\bin\win32\release\mt.read.1.tlog
e:\deu_trunk\deu3d_platformcore\externalservice\bin\win32\release\mt.write.1.tlog
