e:\deu_trunk\deu3d_tools\datakeeper\bin\win32\debug\datakeeper.obj
e:\deu_trunk\deu3d_tools\datakeeper\bin\win32\debug\dataset.obj
e:\deu_trunk\deu3d_tools\datakeeper\bin\win32\debug\datasetmanager.obj
e:\deu_trunk\deu3d_tools\datakeeper\bin\win32\debug\datasetsegment.obj
e:\deu_trunk\deu3d_tools\datakeeper\bin\win32\debug\deudatalog.obj
e:\deu_trunk\deu3d_tools\datakeeper\bin\win32\debug\deudefine.obj
e:\deu_trunk\deu3d_tools\datakeeper\bin\win32\debug\deulocaldataset.obj
e:\deu_trunk\deu3d_tools\datakeeper\bin\win32\debug\deulog.obj
e:\deu_trunk\deu3d_tools\datakeeper\bin\win32\debug\deuurlserver.obj
e:\deu_trunk\deu3d_tools\datakeeper\bin\win32\debug\deuutils.obj
e:\deu_trunk\deu3d_tools\datakeeper\bin\win32\debug\service.obj
e:\deu_trunk\deu3d_tools\datakeeper\bin\win32\debug\servicemanager.obj
e:\deu_trunk\deu3d_tools\datakeeper\bin\win32\debug\verify.obj
e:\deu_trunk\deu3d_tools\datakeeper\bin\win32\debug\vc100.pdb
e:\deu_trunk\deu3d_tools\datakeeper\bin\win32\datakeeperd.lib
e:\deu_trunk\deu3d_tools\datakeeper\bin\win32\datakeeperd.exp
e:\deu_trunk\deu3d_tools\datakeeper\bin\win32\datakeeperd.ilk
e:\deu_trunk\deu3d_tools\datakeeper\bin\win32\datakeeperd.dll
e:\deu_trunk\deu3d_tools\datakeeper\bin\win32\debug\datakeeperd.dll.intermediate.manifest
e:\deu_trunk\deu3d_tools\datakeeper\bin\win32\datakeeperd.pdb
e:\deu_trunk\deu3d_tools\datakeeper\bin\win32\debug\datakeeperd.dll.embed.manifest
e:\deu_trunk\deu3d_tools\datakeeper\bin\win32\debug\datakeeperd.dll.embed.manifest.res
e:\deu_trunk\deu3d_tools\datakeeper\bin\win32\debug\deuglobeversioninfo.res
e:\deu_trunk\deu3d_tools\datakeeper\bin\win32\debug\cl.command.1.tlog
e:\deu_trunk\deu3d_tools\datakeeper\bin\win32\debug\cl.read.1.tlog
e:\deu_trunk\deu3d_tools\datakeeper\bin\win32\debug\cl.write.1.tlog
e:\deu_trunk\deu3d_tools\datakeeper\bin\win32\debug\datakeeper.write.1.tlog
e:\deu_trunk\deu3d_tools\datakeeper\bin\win32\debug\link-cvtres.read.1.tlog
e:\deu_trunk\deu3d_tools\datakeeper\bin\win32\debug\link-cvtres.write.1.tlog
e:\deu_trunk\deu3d_tools\datakeeper\bin\win32\debug\link.12448-cvtres.read.1.tlog
e:\deu_trunk\deu3d_tools\datakeeper\bin\win32\debug\link.12448-cvtres.write.1.tlog
e:\deu_trunk\deu3d_tools\datakeeper\bin\win32\debug\link.12448.read.1.tlog
e:\deu_trunk\deu3d_tools\datakeeper\bin\win32\debug\link.12448.write.1.tlog
e:\deu_trunk\deu3d_tools\datakeeper\bin\win32\debug\link.4484-cvtres.read.1.tlog
e:\deu_trunk\deu3d_tools\datakeeper\bin\win32\debug\link.4484-cvtres.write.1.tlog
e:\deu_trunk\deu3d_tools\datakeeper\bin\win32\debug\link.4484.read.1.tlog
e:\deu_trunk\deu3d_tools\datakeeper\bin\win32\debug\link.4484.write.1.tlog
e:\deu_trunk\deu3d_tools\datakeeper\bin\win32\debug\link.4664-cvtres.read.1.tlog
e:\deu_trunk\deu3d_tools\datakeeper\bin\win32\debug\link.4664-cvtres.write.1.tlog
e:\deu_trunk\deu3d_tools\datakeeper\bin\win32\debug\link.4664.read.1.tlog
e:\deu_trunk\deu3d_tools\datakeeper\bin\win32\debug\link.4664.write.1.tlog
e:\deu_trunk\deu3d_tools\datakeeper\bin\win32\debug\link.command.1.tlog
e:\deu_trunk\deu3d_tools\datakeeper\bin\win32\debug\link.read.1.tlog
e:\deu_trunk\deu3d_tools\datakeeper\bin\win32\debug\link.write.1.tlog
e:\deu_trunk\deu3d_tools\datakeeper\bin\win32\debug\mt.command.1.tlog
e:\deu_trunk\deu3d_tools\datakeeper\bin\win32\debug\mt.read.1.tlog
e:\deu_trunk\deu3d_tools\datakeeper\bin\win32\debug\mt.write.1.tlog
e:\deu_trunk\deu3d_tools\datakeeper\bin\win32\debug\rc.command.1.tlog
e:\deu_trunk\deu3d_tools\datakeeper\bin\win32\debug\rc.read.1.tlog
e:\deu_trunk\deu3d_tools\datakeeper\bin\win32\debug\rc.write.1.tlog
e:\deu_trunk\deu3d_tools\datakeeper\bin\win32\debug\vc100.idb
e:\deu_trunk\deu3d_tools\datakeeper\bin\win32\debug\datakeeperd_manifest.rc
