e:\deu_trunk\deu3d_platformcore\externalservice\bin\win32\debug\bboxfilter.obj
e:\deu_trunk\deu3d_platformcore\externalservice\bin\win32\debug\comparefilter.obj
e:\deu_trunk\deu3d_platformcore\externalservice\bin\win32\debug\csimplehttpclient.obj
e:\deu_trunk\deu3d_platformcore\externalservice\bin\win32\debug\deuutils.obj
e:\deu_trunk\deu3d_platformcore\externalservice\bin\win32\debug\featurelayer.obj
e:\deu_trunk\deu3d_platformcore\externalservice\bin\win32\debug\mercatordriver.obj
e:\deu_trunk\deu3d_platformcore\externalservice\bin\win32\debug\mercatortileset.obj
e:\deu_trunk\deu3d_platformcore\externalservice\bin\win32\debug\ogcfilter.obj
e:\deu_trunk\deu3d_platformcore\externalservice\bin\win32\debug\tileset.obj
e:\deu_trunk\deu3d_platformcore\externalservice\bin\win32\debug\wfsdriver.obj
e:\deu_trunk\deu3d_platformcore\externalservice\bin\win32\debug\wmsdriver.obj
e:\deu_trunk\deu3d_platformcore\externalservice\bin\win32\debug\wmstileset.obj
e:\deu_trunk\deu3d_platformcore\externalservice\bin\win32\debug\wmtsdriver.obj
e:\deu_trunk\deu3d_platformcore\externalservice\bin\win32\debug\vc100.pdb
e:\deu_trunk\deu3d_platformcore\externalservice\bin\win32\externalserviced.lib
e:\deu_trunk\deu3d_platformcore\externalservice\bin\win32\externalserviced.exp
e:\deu_trunk\deu3d_platformcore\externalservice\bin\win32\externalserviced.ilk
e:\deu_trunk\deu3d_platformcore\externalservice\bin\win32\externalserviced.dll
e:\deu_trunk\deu3d_platformcore\externalservice\bin\win32\debug\externalserviced.dll.intermediate.manifest
e:\deu_trunk\deu3d_platformcore\externalservice\bin\win32\externalserviced.pdb
e:\deu_trunk\deu3d_platformcore\externalservice\bin\win32\debug\cl.command.1.tlog
e:\deu_trunk\deu3d_platformcore\externalservice\bin\win32\debug\cl.read.1.tlog
e:\deu_trunk\deu3d_platformcore\externalservice\bin\win32\debug\cl.write.1.tlog
e:\deu_trunk\deu3d_platformcore\externalservice\bin\win32\debug\externalservice.write.1.tlog
e:\deu_trunk\deu3d_platformcore\externalservice\bin\win32\debug\link.command.1.tlog
e:\deu_trunk\deu3d_platformcore\externalservice\bin\win32\debug\link.read.1.tlog
e:\deu_trunk\deu3d_platformcore\externalservice\bin\win32\debug\link.write.1.tlog
e:\deu_trunk\deu3d_platformcore\externalservice\bin\win32\debug\mt.command.1.tlog
e:\deu_trunk\deu3d_platformcore\externalservice\bin\win32\debug\mt.read.1.tlog
e:\deu_trunk\deu3d_platformcore\externalservice\bin\win32\debug\mt.write.1.tlog
e:\deu_trunk\deu3d_platformcore\externalservice\bin\win32\debug\vc100.idb
