e:\deu_trunk\deu3d_osg\bin\x64\debug\engineutil\linesegmentintersector.obj
e:\deu_trunk\deu3d_osg\bin\x64\debug\engineutil\incrementalcompileoperation.obj
e:\deu_trunk\deu3d_osg\bin\x64\debug\engineutil\intersectvisitor.obj
e:\deu_trunk\deu3d_osg\bin\x64\debug\engineutil\intersectionvisitor.obj
e:\deu_trunk\deu3d_osg\bin\x64\debug\engineutil\highlightmapgenerator.obj
e:\deu_trunk\deu3d_osg\bin\x64\debug\engineutil\halfwaymapgenerator.obj
e:\deu_trunk\deu3d_osg\bin\x64\debug\engineutil\globjectsvisitor.obj
e:\deu_trunk\deu3d_osg\bin\x64\debug\engineutil\edgecollector.obj
e:\deu_trunk\deu3d_osg\bin\x64\debug\engineutil\drawelementtypesimplifier.obj
e:\deu_trunk\deu3d_osg\bin\x64\debug\engineutil\displayrequirementsvisitor.obj
e:\deu_trunk\deu3d_osg\bin\x64\debug\engineutil\delaunaytriangulator.obj
e:\deu_trunk\deu3d_osg\bin\x64\debug\engineutil\cullvisitor.obj
e:\deu_trunk\deu3d_osg\bin\x64\debug\engineutil\cubemapgenerator.obj
e:\deu_trunk\deu3d_osg\bin\x64\debug\engineutil\radial.obj
e:\deu_trunk\deu3d_osg\bin\x64\debug\engineutil\geospatialextents.obj
e:\deu_trunk\deu3d_osg\bin\x64\debug\engineutil\findnodevisitor.obj
e:\deu_trunk\deu3d_osg\bin\x64\debug\engineutil\distancepixelcomputer.obj
e:\deu_trunk\deu3d_osg\bin\x64\debug\engineutil\commonosg.obj
e:\deu_trunk\deu3d_osg\bin\x64\debug\engineutil\commonmodelcreater.obj
e:\deu_trunk\deu3d_osg\bin\x64\debug\engineutil\clustercullingcreator.obj
e:\deu_trunk\deu3d_osg\bin\x64\debug\engineutil\transformcallback.obj
e:\deu_trunk\deu3d_osg\bin\x64\debug\engineutil\transformattributefunctor.obj
e:\deu_trunk\deu3d_osg\bin\x64\debug\engineutil\tessellator.obj
e:\deu_trunk\deu3d_osg\bin\x64\debug\engineutil\tangentspacegenerator.obj
e:\deu_trunk\deu3d_osg\bin\x64\debug\engineutil\statistics.obj
e:\deu_trunk\deu3d_osg\bin\x64\debug\engineutil\stategraph.obj
e:\deu_trunk\deu3d_osg\bin\x64\debug\engineutil\smoothingvisitor.obj
e:\deu_trunk\deu3d_osg\bin\x64\debug\engineutil\simplifier.obj
e:\deu_trunk\deu3d_osg\bin\x64\debug\engineutil\shadergen.obj
e:\deu_trunk\deu3d_osg\bin\x64\debug\engineutil\sceneview.obj
e:\deu_trunk\deu3d_osg\bin\x64\debug\engineutil\reverseprimitivefunctor.obj
e:\deu_trunk\deu3d_osg\bin\x64\debug\engineutil\renderstage.obj
e:\deu_trunk\deu3d_osg\bin\x64\debug\engineutil\renderleaf.obj
e:\deu_trunk\deu3d_osg\bin\x64\debug\engineutil\renderbin.obj
e:\deu_trunk\deu3d_osg\bin\x64\debug\engineutil\printvisitor.obj
e:\deu_trunk\deu3d_osg\bin\x64\debug\engineutil\positionalstatecontainer.obj
e:\deu_trunk\deu3d_osg\bin\x64\debug\engineutil\polytopeintersector.obj
e:\deu_trunk\deu3d_osg\bin\x64\debug\engineutil\planeintersector.obj
e:\deu_trunk\deu3d_osg\bin\x64\debug\engineutil\optimizer.obj
e:\deu_trunk\deu3d_osg\bin\x64\debug\engineutil\meshoptimizers.obj
e:\deu_trunk\deu3d_osg\bin\x64\debug\engineutil\version.obj
e:\deu_trunk\deu3d_osg\bin\x64\debug\engineutil\updatevisitor.obj
e:\deu_trunk\deu3d_osg\bin\x64\debug\engineutil\tristripvisitor.obj
e:\deu_trunk\deu3d_osg\bin\x64\debug\engineutil\connectivity_graph.obj
e:\deu_trunk\deu3d_osg\bin\x64\debug\engineutil\policy.obj
e:\deu_trunk\deu3d_osg\bin\x64\debug\engineutil\tri_stripper.obj
e:\deu_trunk\deu3d_osg\bin\x64\engineutild.pdb
e:\deu_trunk\deu3d_osg\bin\x64\engineutild.ilk
e:\deu_trunk\deu3d_osg\bin\x64\engineutild.dll
e:\deu_trunk\deu3d_osg\bin\x64\debug\engineutil\engineutild.dll.intermediate.manifest
e:\deu_trunk\deu3d_osg\bin\x64\debug\engineutil\engineutild.dll.embed.manifest
e:\deu_trunk\deu3d_osg\bin\x64\engineutild.lib
e:\deu_trunk\deu3d_osg\bin\x64\engineutild.exp
e:\deu_trunk\deu3d_osg\bin\x64\debug\engineutil\deuglobeversioninfo.res
e:\deu_trunk\deu3d_osg\bin\x64\debug\engineutil\engineutild.dll.embed.manifest.res
e:\deu_trunk\deu3d_osg\bin\x64\debug\engineutil\cl.command.1.tlog
e:\deu_trunk\deu3d_osg\bin\x64\debug\engineutil\cl.read.1.tlog
e:\deu_trunk\deu3d_osg\bin\x64\debug\engineutil\cl.write.1.tlog
e:\deu_trunk\deu3d_osg\bin\x64\debug\engineutil\link-cvtres.read.1.tlog
e:\deu_trunk\deu3d_osg\bin\x64\debug\engineutil\link-cvtres.write.1.tlog
e:\deu_trunk\deu3d_osg\bin\x64\debug\engineutil\link.10500-cvtres.read.1.tlog
e:\deu_trunk\deu3d_osg\bin\x64\debug\engineutil\link.10500-cvtres.write.1.tlog
e:\deu_trunk\deu3d_osg\bin\x64\debug\engineutil\link.10500.read.1.tlog
e:\deu_trunk\deu3d_osg\bin\x64\debug\engineutil\link.10500.write.1.tlog
e:\deu_trunk\deu3d_osg\bin\x64\debug\engineutil\link.4844-cvtres.read.1.tlog
e:\deu_trunk\deu3d_osg\bin\x64\debug\engineutil\link.4844-cvtres.write.1.tlog
e:\deu_trunk\deu3d_osg\bin\x64\debug\engineutil\link.4844.read.1.tlog
e:\deu_trunk\deu3d_osg\bin\x64\debug\engineutil\link.4844.write.1.tlog
e:\deu_trunk\deu3d_osg\bin\x64\debug\engineutil\link.command.1.tlog
e:\deu_trunk\deu3d_osg\bin\x64\debug\engineutil\link.read.1.tlog
e:\deu_trunk\deu3d_osg\bin\x64\debug\engineutil\link.write.1.tlog
e:\deu_trunk\deu3d_osg\bin\x64\debug\engineutil\mt.command.1.tlog
e:\deu_trunk\deu3d_osg\bin\x64\debug\engineutil\mt.read.1.tlog
e:\deu_trunk\deu3d_osg\bin\x64\debug\engineutil\mt.write.1.tlog
e:\deu_trunk\deu3d_osg\bin\x64\debug\engineutil\osgutil.write.1.tlog
e:\deu_trunk\deu3d_osg\bin\x64\debug\engineutil\rc.command.1.tlog
e:\deu_trunk\deu3d_osg\bin\x64\debug\engineutil\rc.read.1.tlog
e:\deu_trunk\deu3d_osg\bin\x64\debug\engineutil\rc.write.1.tlog
e:\deu_trunk\deu3d_osg\bin\x64\debug\engineutil\engineutild_manifest.rc
e:\deu_trunk\deu3d_osg\src\osgutil\..\..\bin\x64\engineutild.dll
