e:\deu_trunk\deu3d_tools\tilebuilder\bin\win32\release\tilingthreadpool.obj
e:\deu_trunk\deu3d_tools\tilebuilder\bin\win32\release\tilingthread.obj
e:\deu_trunk\deu3d_tools\tilebuilder\bin\win32\release\tilebuilderimpl.obj
e:\deu_trunk\deu3d_tools\tilebuilder\bin\win32\release\taskqueue.obj
e:\deu_trunk\deu3d_tools\tilebuilder\bin\win32\release\source.obj
e:\deu_trunk\deu3d_tools\tilebuilder\bin\win32\release\readwritetiff.obj
e:\deu_trunk\deu3d_tools\tilebuilder\bin\win32\release\itilebuilder.obj
e:\deu_trunk\deu3d_tools\tilebuilder\bin\win32\release\vc100.pdb
e:\deu_trunk\deu3d_tools\tilebuilder\bin\win32\tilebuilder.dll
e:\deu_trunk\deu3d_tools\tilebuilder\bin\win32\release\deuglobeversioninfo.res
e:\deu_trunk\deu3d_tools\tilebuilder\bin\win32\tilebuilder.lib
e:\deu_trunk\deu3d_tools\tilebuilder\bin\win32\tilebuilder.exp
e:\deu_trunk\deu3d_tools\tilebuilder\bin\win32\release\cl.command.1.tlog
e:\deu_trunk\deu3d_tools\tilebuilder\bin\win32\release\cl.read.1.tlog
e:\deu_trunk\deu3d_tools\tilebuilder\bin\win32\release\cl.write.1.tlog
e:\deu_trunk\deu3d_tools\tilebuilder\bin\win32\release\link-cvtres.read.1.tlog
e:\deu_trunk\deu3d_tools\tilebuilder\bin\win32\release\link-cvtres.write.1.tlog
e:\deu_trunk\deu3d_tools\tilebuilder\bin\win32\release\link.command.1.tlog
e:\deu_trunk\deu3d_tools\tilebuilder\bin\win32\release\link.read.1.tlog
e:\deu_trunk\deu3d_tools\tilebuilder\bin\win32\release\link.write.1.tlog
e:\deu_trunk\deu3d_tools\tilebuilder\bin\win32\release\rc.command.1.tlog
e:\deu_trunk\deu3d_tools\tilebuilder\bin\win32\release\rc.read.1.tlog
e:\deu_trunk\deu3d_tools\tilebuilder\bin\win32\release\rc.write.1.tlog
e:\deu_trunk\deu3d_tools\tilebuilder\bin\win32\release\tilebuilder.write.1.tlog
