e:\deu_trunk\deu3d_osg\bin\win32\release\enginewidget\windowmanager.obj
e:\deu_trunk\deu3d_osg\bin\win32\release\enginewidget\window.obj
e:\deu_trunk\deu3d_osg\bin\win32\release\enginewidget\widget.obj
e:\deu_trunk\deu3d_osg\bin\win32\release\enginewidget\viewereventhandlers.obj
e:\deu_trunk\deu3d_osg\bin\win32\release\enginewidget\version.obj
e:\deu_trunk\deu3d_osg\bin\win32\release\enginewidget\util.obj
e:\deu_trunk\deu3d_osg\bin\win32\release\enginewidget\table.obj
e:\deu_trunk\deu3d_osg\bin\win32\release\enginewidget\stylemanager.obj
e:\deu_trunk\deu3d_osg\bin\win32\release\enginewidget\python.obj
e:\deu_trunk\deu3d_osg\bin\win32\release\enginewidget\lua.obj
e:\deu_trunk\deu3d_osg\bin\win32\release\enginewidget\label.obj
e:\deu_trunk\deu3d_osg\bin\win32\release\enginewidget\input.obj
e:\deu_trunk\deu3d_osg\bin\win32\release\enginewidget\frame.obj
e:\deu_trunk\deu3d_osg\bin\win32\release\enginewidget\canvas.obj
e:\deu_trunk\deu3d_osg\bin\win32\release\enginewidget\box.obj
e:\deu_trunk\deu3d_osg\bin\win32\enginewidget.dll
e:\deu_trunk\deu3d_osg\bin\win32\release\enginewidget\enginewidget.dll.intermediate.manifest
e:\deu_trunk\deu3d_osg\bin\win32\enginewidget.lib
e:\deu_trunk\deu3d_osg\bin\win32\enginewidget.exp
e:\deu_trunk\deu3d_osg\bin\win32\release\enginewidget\deuglobeversioninfo.res
e:\deu_trunk\deu3d_osg\bin\win32\release\enginewidget\cl.command.1.tlog
e:\deu_trunk\deu3d_osg\bin\win32\release\enginewidget\cl.read.1.tlog
e:\deu_trunk\deu3d_osg\bin\win32\release\enginewidget\cl.write.1.tlog
e:\deu_trunk\deu3d_osg\bin\win32\release\enginewidget\link-cvtres.read.1.tlog
e:\deu_trunk\deu3d_osg\bin\win32\release\enginewidget\link-cvtres.write.1.tlog
e:\deu_trunk\deu3d_osg\bin\win32\release\enginewidget\link.command.1.tlog
e:\deu_trunk\deu3d_osg\bin\win32\release\enginewidget\link.read.1.tlog
e:\deu_trunk\deu3d_osg\bin\win32\release\enginewidget\link.write.1.tlog
e:\deu_trunk\deu3d_osg\bin\win32\release\enginewidget\mt.command.1.tlog
e:\deu_trunk\deu3d_osg\bin\win32\release\enginewidget\mt.read.1.tlog
e:\deu_trunk\deu3d_osg\bin\win32\release\enginewidget\mt.write.1.tlog
e:\deu_trunk\deu3d_osg\bin\win32\release\enginewidget\osgwidget.write.1.tlog
e:\deu_trunk\deu3d_osg\bin\win32\release\enginewidget\rc.command.1.tlog
e:\deu_trunk\deu3d_osg\bin\win32\release\enginewidget\rc.read.1.tlog
e:\deu_trunk\deu3d_osg\bin\win32\release\enginewidget\rc.write.1.tlog
e:\deu_trunk\deu3d_osg\src\osgwidget\..\..\bin\win32\enginewidget.dll
