e:\deu_trunk\deu3d_platformcore\parametersys\bin\x64\release\prismdetail.obj
e:\deu_trunk\deu3d_platformcore\parametersys\bin\x64\release\polygonpipeconnectordetail.obj
e:\deu_trunk\deu3d_platformcore\parametersys\bin\x64\release\polygonpipeconnectorbuilder.obj
e:\deu_trunk\deu3d_platformcore\parametersys\bin\x64\release\polygondetail.obj
e:\deu_trunk\deu3d_platformcore\parametersys\bin\x64\release\detail.obj
e:\deu_trunk\deu3d_platformcore\parametersys\bin\x64\release\pointparameter.obj
e:\deu_trunk\deu3d_platformcore\parametersys\bin\x64\release\pipeconnectordetail.obj
e:\deu_trunk\deu3d_platformcore\parametersys\bin\x64\release\pipeconnectorbuilder.obj
e:\deu_trunk\deu3d_platformcore\parametersys\bin\x64\release\parameter.obj
e:\deu_trunk\deu3d_platformcore\parametersys\bin\x64\release\lineparameter.obj
e:\deu_trunk\deu3d_platformcore\parametersys\bin\x64\release\faceparameter.obj
e:\deu_trunk\deu3d_platformcore\parametersys\bin\x64\release\dynpointdetail.obj
e:\deu_trunk\deu3d_platformcore\parametersys\bin\x64\release\dynpointclouddetail.obj
e:\deu_trunk\deu3d_platformcore\parametersys\bin\x64\release\dynmodeldetail.obj
e:\deu_trunk\deu3d_platformcore\parametersys\bin\x64\release\dynlinedetail.obj
e:\deu_trunk\deu3d_platformcore\parametersys\bin\x64\release\dynimagedetail.obj
e:\deu_trunk\deu3d_platformcore\parametersys\bin\x64\release\dynfacedetail.obj
e:\deu_trunk\deu3d_platformcore\parametersys\bin\x64\release\cylinderdetail.obj
e:\deu_trunk\deu3d_platformcore\parametersys\bin\x64\release\cubedetail.obj
e:\deu_trunk\deu3d_platformcore\parametersys\bin\x64\release\bubbletextdetail.obj
e:\deu_trunk\deu3d_platformcore\parametersys\bin\x64\release\staticmodeldetail.obj
e:\deu_trunk\deu3d_platformcore\parametersys\bin\x64\release\spheredetail.obj
e:\deu_trunk\deu3d_platformcore\parametersys\bin\x64\release\sectordetail.obj
e:\deu_trunk\deu3d_platformcore\parametersys\bin\x64\release\roundtabledetail.obj
e:\deu_trunk\deu3d_platformcore\parametersys\bin\x64\release\rectpipeconnectordetail.obj
e:\deu_trunk\deu3d_platformcore\parametersys\bin\x64\release\rectpipeconnectorbuilder.obj
e:\deu_trunk\deu3d_platformcore\parametersys\bin\x64\release\pyramiddetail.obj
e:\deu_trunk\deu3d_platformcore\parametersys\bin\x64\release\vc100.pdb
e:\deu_trunk\deu3d_platformcore\parametersys\bin\x64\parametersys.dll
e:\deu_trunk\deu3d_platformcore\parametersys\bin\x64\release\parametersys.dll.intermediate.manifest
e:\deu_trunk\deu3d_platformcore\parametersys\bin\x64\parametersys.pdb
e:\deu_trunk\deu3d_platformcore\parametersys\bin\x64\parametersys.lib
e:\deu_trunk\deu3d_platformcore\parametersys\bin\x64\parametersys.exp
e:\deu_trunk\deu3d_platformcore\parametersys\bin\x64\release\deuglobeversioninfo.res
e:\deu_trunk\deu3d_platformcore\parametersys\bin\x64\release\cl.command.1.tlog
e:\deu_trunk\deu3d_platformcore\parametersys\bin\x64\release\cl.read.1.tlog
e:\deu_trunk\deu3d_platformcore\parametersys\bin\x64\release\cl.write.1.tlog
e:\deu_trunk\deu3d_platformcore\parametersys\bin\x64\release\link-cvtres.read.1.tlog
e:\deu_trunk\deu3d_platformcore\parametersys\bin\x64\release\link-cvtres.write.1.tlog
e:\deu_trunk\deu3d_platformcore\parametersys\bin\x64\release\link.command.1.tlog
e:\deu_trunk\deu3d_platformcore\parametersys\bin\x64\release\link.read.1.tlog
e:\deu_trunk\deu3d_platformcore\parametersys\bin\x64\release\link.write.1.tlog
e:\deu_trunk\deu3d_platformcore\parametersys\bin\x64\release\mt.command.1.tlog
e:\deu_trunk\deu3d_platformcore\parametersys\bin\x64\release\mt.read.1.tlog
e:\deu_trunk\deu3d_platformcore\parametersys\bin\x64\release\mt.write.1.tlog
e:\deu_trunk\deu3d_platformcore\parametersys\bin\x64\release\parametersys.write.1.tlog
e:\deu_trunk\deu3d_platformcore\parametersys\bin\x64\release\rc.command.1.tlog
e:\deu_trunk\deu3d_platformcore\parametersys\bin\x64\release\rc.read.1.tlog
e:\deu_trunk\deu3d_platformcore\parametersys\bin\x64\release\rc.write.1.tlog
