e:\deu_trunk\deu3d_osg\bin\win32\release\engineviewer\pixelbufferwin32.obj
e:\deu_trunk\deu3d_osg\bin\win32\release\engineviewer\graphicswindowwin32.obj
e:\deu_trunk\deu3d_osg\bin\win32\release\engineviewer\viewerbase.obj
e:\deu_trunk\deu3d_osg\bin\win32\release\engineviewer\viewer.obj
e:\deu_trunk\deu3d_osg\bin\win32\release\engineviewer\view.obj
e:\deu_trunk\deu3d_osg\bin\win32\release\engineviewer\version.obj
e:\deu_trunk\deu3d_osg\bin\win32\release\engineviewer\statshandler.obj
e:\deu_trunk\deu3d_osg\bin\win32\release\engineviewer\scene.obj
e:\deu_trunk\deu3d_osg\bin\win32\release\engineviewer\renderer.obj
e:\deu_trunk\deu3d_osg\bin\win32\release\engineviewer\graphicswindow.obj
e:\deu_trunk\deu3d_osg\bin\win32\release\engineviewer\compositeviewer.obj
e:\deu_trunk\deu3d_osg\bin\win32\engineviewer.dll
e:\deu_trunk\deu3d_osg\bin\win32\release\engineviewer\engineviewer.dll.intermediate.manifest
e:\deu_trunk\deu3d_osg\bin\win32\engineviewer.lib
e:\deu_trunk\deu3d_osg\bin\win32\engineviewer.exp
e:\deu_trunk\deu3d_osg\bin\win32\release\engineviewer\deuglobeversioninfo.res
e:\deu_trunk\deu3d_osg\bin\win32\release\engineviewer\cl.command.1.tlog
e:\deu_trunk\deu3d_osg\bin\win32\release\engineviewer\cl.read.1.tlog
e:\deu_trunk\deu3d_osg\bin\win32\release\engineviewer\cl.write.1.tlog
e:\deu_trunk\deu3d_osg\bin\win32\release\engineviewer\link-cvtres.read.1.tlog
e:\deu_trunk\deu3d_osg\bin\win32\release\engineviewer\link-cvtres.write.1.tlog
e:\deu_trunk\deu3d_osg\bin\win32\release\engineviewer\link.command.1.tlog
e:\deu_trunk\deu3d_osg\bin\win32\release\engineviewer\link.read.1.tlog
e:\deu_trunk\deu3d_osg\bin\win32\release\engineviewer\link.write.1.tlog
e:\deu_trunk\deu3d_osg\bin\win32\release\engineviewer\mt.command.1.tlog
e:\deu_trunk\deu3d_osg\bin\win32\release\engineviewer\mt.read.1.tlog
e:\deu_trunk\deu3d_osg\bin\win32\release\engineviewer\mt.write.1.tlog
e:\deu_trunk\deu3d_osg\bin\win32\release\engineviewer\osgviewer.write.1.tlog
e:\deu_trunk\deu3d_osg\bin\win32\release\engineviewer\rc.command.1.tlog
e:\deu_trunk\deu3d_osg\bin\win32\release\engineviewer\rc.read.1.tlog
e:\deu_trunk\deu3d_osg\bin\win32\release\engineviewer\rc.write.1.tlog
e:\deu_trunk\deu3d_osg\src\osgviewer\..\..\bin\win32\engineviewer.dll
