e:\deu_trunk\deu3d_osg\bin\win32\release\enginedb_freetype\freetypefont.obj
e:\deu_trunk\deu3d_osg\bin\win32\release\enginedb_freetype\freetypelibrary.obj
e:\deu_trunk\deu3d_osg\bin\win32\release\enginedb_freetype\readerwriterfreetype.obj
e:\deu_trunk\deu3d_osg\bin\win32\enginedb_freetype.dll
e:\deu_trunk\deu3d_osg\bin\win32\release\enginedb_freetype\enginedb_freetype.dll.intermediate.manifest
e:\deu_trunk\deu3d_osg\bin\win32\release\enginedb_freetype\deuglobeversioninfo.res
e:\deu_trunk\deu3d_osg\bin\win32\release\enginedb_freetype\cl.14760.read.1.tlog
e:\deu_trunk\deu3d_osg\bin\win32\release\enginedb_freetype\cl.14760.write.1.tlog
e:\deu_trunk\deu3d_osg\bin\win32\release\enginedb_freetype\cl.15068.read.1.tlog
e:\deu_trunk\deu3d_osg\bin\win32\release\enginedb_freetype\cl.15068.write.1.tlog
e:\deu_trunk\deu3d_osg\bin\win32\release\enginedb_freetype\cl.1812.read.1.tlog
e:\deu_trunk\deu3d_osg\bin\win32\release\enginedb_freetype\cl.1812.write.1.tlog
e:\deu_trunk\deu3d_osg\bin\win32\release\enginedb_freetype\cl.2096.read.1.tlog
e:\deu_trunk\deu3d_osg\bin\win32\release\enginedb_freetype\cl.2096.write.1.tlog
e:\deu_trunk\deu3d_osg\bin\win32\release\enginedb_freetype\cl.5164.read.1.tlog
e:\deu_trunk\deu3d_osg\bin\win32\release\enginedb_freetype\cl.5164.write.1.tlog
e:\deu_trunk\deu3d_osg\bin\win32\release\enginedb_freetype\cl.7024.read.1.tlog
e:\deu_trunk\deu3d_osg\bin\win32\release\enginedb_freetype\cl.7024.write.1.tlog
e:\deu_trunk\deu3d_osg\bin\win32\release\enginedb_freetype\cl.command.1.tlog
e:\deu_trunk\deu3d_osg\bin\win32\release\enginedb_freetype\cl.read.1.tlog
e:\deu_trunk\deu3d_osg\bin\win32\release\enginedb_freetype\cl.write.1.tlog
e:\deu_trunk\deu3d_osg\bin\win32\release\enginedb_freetype\link-cvtres.read.1.tlog
e:\deu_trunk\deu3d_osg\bin\win32\release\enginedb_freetype\link-cvtres.write.1.tlog
e:\deu_trunk\deu3d_osg\bin\win32\release\enginedb_freetype\link.command.1.tlog
e:\deu_trunk\deu3d_osg\bin\win32\release\enginedb_freetype\link.read.1.tlog
e:\deu_trunk\deu3d_osg\bin\win32\release\enginedb_freetype\link.write.1.tlog
e:\deu_trunk\deu3d_osg\bin\win32\release\enginedb_freetype\mt.command.1.tlog
e:\deu_trunk\deu3d_osg\bin\win32\release\enginedb_freetype\mt.read.1.tlog
e:\deu_trunk\deu3d_osg\bin\win32\release\enginedb_freetype\mt.write.1.tlog
e:\deu_trunk\deu3d_osg\bin\win32\release\enginedb_freetype\rc.command.1.tlog
e:\deu_trunk\deu3d_osg\bin\win32\release\enginedb_freetype\rc.read.1.tlog
e:\deu_trunk\deu3d_osg\bin\win32\release\enginedb_freetype\rc.write.1.tlog
e:\deu_trunk\deu3d_osg\src\osgplugins\freetype\..\..\..\bin\win32\enginedb_freetype.dll
