生成启动时间为 2017/12/23 13:58:03。
     1>项目“E:\DEU_Trunk\DEU3D_Common\EventAdapter\EventAdapter.vcxproj”在节点 3 上(build 个目标)。
     1>InitializeBuildStatus:
         正在创建“Bin\x64\Release\EventAdapter.unsuccessfulbuild”，因为已指定“AlwaysCreate”。
       ClCompile:
         d:\Program Files (x86)\Microsoft Visual Studio 10.0\VC\bin\x86_amd64\CL.exe /c /I.\include /I..\..\DEU3D_3rdParty\3rdParty_DEU3D\Include /Zi /nologo /W3 /WX- /O2 /Oi /GL /D WIN32 /D NDEBUG /D _WINDOWS /D _USRDLL /D EVENTADAPTER_EXPORTS /D _WINDLL /D _MBCS /Gm- /EHsc /MD /GS /Gy /fp:precise /Zc:wchar_t /Zc:forScope /Fo"Bin\x64\Release\\" /Fd"Bin\x64\Release\vc100.pdb" /Gd /TP /wd4251 /errorReport:prompt src\EventAdapter.cpp src\EventFilter.cpp src\EventObject.cpp
         EventAdapter.cpp
         EventFilter.cpp
         EventObject.cpp
       ResourceCompile:
         C:\Program Files (x86)\Microsoft SDKs\Windows\v7.0A\bin\rc.exe /l"0x0409" /nologo /fo"Bin\x64\Release\DEUGlobeVersionInfo.res" ..\..\DEU3D_VersionRes\DEUGlobeVersionInfo.rc 
       Link:
         d:\Program Files (x86)\Microsoft Visual Studio 10.0\VC\bin\x86_amd64\link.exe /ERRORREPORT:PROMPT /OUT:"Bin\x64\EventAdapter.dll" /INCREMENTAL:NO /NOLOGO /LIBPATH:..\..\DEU3D_3rdParty\3rdParty_DEU3D\Lib\x64 OpenSP.lib Common.lib OpenThreads.lib kernel32.lib user32.lib gdi32.lib winspool.lib comdlg32.lib advapi32.lib shell32.lib ole32.lib oleaut32.lib uuid.lib odbc32.lib odbccp32.lib /MANIFEST /ManifestFile:"Bin\x64\Release\EventAdapter.dll.intermediate.manifest" /MANIFESTUAC:"level='asInvoker' uiAccess='false'" /PDB:"E:\DEU_Trunk\DEU3D_Common\EventAdapter\Bin\x64\EventAdapter.pdb" /SUBSYSTEM:WINDOWS /OPT:REF /OPT:ICF /LTCG /TLBID:1 /DYNAMICBASE /NXCOMPAT /IMPLIB:"Bin\x64\EventAdapter.lib" /MACHINE:X64 /DLL Bin\x64\Release\DEUGlobeVersionInfo.res
         Bin\x64\Release\EventAdapter.obj
         Bin\x64\Release\EventFilter.obj
         Bin\x64\Release\EventObject.obj
            正在创建库 Bin\x64\EventAdapter.lib 和对象 Bin\x64\EventAdapter.exp
         正在生成代码
         已完成代码的生成
         EventAdapter.vcxproj -> E:\DEU_Trunk\DEU3D_Common\EventAdapter\Bin\x64\EventAdapter.dll
       Manifest:
         C:\Program Files (x86)\Microsoft SDKs\Windows\v7.0A\bin\mt.exe /nologo /verbose /outputresource:"Bin\x64\EventAdapter.dll;#2" /manifest Bin\x64\Release\EventAdapter.dll.intermediate.manifest
       PostBuildEvent:
         copy E:\DEU_Trunk\DEU3D_Common\EventAdapter\Bin\x64\EventAdapter.dll ..\..\DEU3D_Bin\x64\ /Y
         copy E:\DEU_Trunk\DEU3D_Common\EventAdapter\Bin\x64\EventAdapter.lib ..\..\DEU3D_3rdParty\3rdParty_DEU3D\Lib\x64\ /Y
         :VCEnd
         已复制         1 个文件。
         已复制         1 个文件。
       FinalizeBuildStatus:
         正在删除文件“Bin\x64\Release\EventAdapter.unsuccessfulbuild”。
         正在对“Bin\x64\Release\EventAdapter.lastbuildstate”执行 Touch 任务。
     1>已完成生成项目“E:\DEU_Trunk\DEU3D_Common\EventAdapter\EventAdapter.vcxproj”(build 个目标)的操作。

生成成功。

已用时间 00:00:02.39
