Build started 2017/11/10 12:04:41.
     1>Project "E:\DEU_Trunk\DEU3D_Common\Common\Common.vcxproj" on node 3 (build target(s)).
     1>InitializeBuildStatus:
         Creating "Bin\Win32\Release\Common.unsuccessfulbuild" because "AlwaysCreate" was specified.
       ClCompile:
         All outputs are up-to-date.
         C:\Program Files (x86)\Microsoft Visual Studio 10.0\VC\bin\CL.exe /c /I.\include /I..\..\DEU3D_3rdParty\3rdParty_DEU3D\Include /Zi /nologo /W3 /WX- /O2 /Oi /Oy- /GL /D WIN32 /D NDEBUG /D _WINDOWS /D _USRDLL /D COMMON_EXPORTS /D _WINDLL /D _MBCS /Gm- /EHsc /MD /GS /Gy /fp:precise /Zc:wchar_t /Zc:forScope /Fo"Bin\Win32\Release\\" /Fd"Bin\Win32\Release\vc100.pdb" /Gd /TP /wd4251 /analyze- /errorReport:prompt src\Common.cpp src\DEUBson.cpp src\DEUException.cpp src\deuImage.cpp src\memPool.cpp src\variant.cpp
         Common.cpp
         DEUBson.cpp
         DEUException.cpp
         deuImage.cpp
         memPool.cpp
         variant.cpp
       ResourceCompile:
         C:\Program Files (x86)\Microsoft SDKs\Windows\v7.0A\bin\rc.exe /l"0x0409" /nologo /fo"Bin\Win32\Release\DEUGlobeVersionInfo.res" ..\..\DEU3D_VersionRes\DEUGlobeVersionInfo.rc 
       Link:
         C:\Program Files (x86)\Microsoft Visual Studio 10.0\VC\bin\link.exe /ERRORREPORT:PROMPT /OUT:"Bin\Win32\Common.dll" /INCREMENTAL:NO /NOLOGO /LIBPATH:..\..\DEU3D_3rdParty\3rdParty_DEU3D\Lib\Win32 IDProvider.lib Sensapi.lib OpenSP.lib OpenThreads.lib Psapi.lib kernel32.lib user32.lib gdi32.lib winspool.lib comdlg32.lib advapi32.lib shell32.lib ole32.lib oleaut32.lib uuid.lib odbc32.lib odbccp32.lib /MANIFEST /ManifestFile:"Bin\Win32\Release\Common.dll.intermediate.manifest" /MANIFESTUAC:"level='asInvoker' uiAccess='false'" /PDB:"E:\DEU_Trunk\DEU3D_Common\Common\Bin\Win32\Common.pdb" /SUBSYSTEM:WINDOWS /OPT:REF /OPT:ICF /LTCG /TLBID:1 /DYNAMICBASE /NXCOMPAT /IMPLIB:"Bin\Win32\Common.lib" /MACHINE:X86 /DLL Bin\Win32\Release\DEUGlobeVersionInfo.res
         Bin\Win32\Release\cJSON.obj
         Bin\Win32\Release\Common.obj
         Bin\Win32\Release\Conv2Py.obj
         Bin\Win32\Release\CoordinateTransform.obj
         Bin\Win32\Release\crc.obj
         Bin\Win32\Release\DEUBson.obj
         Bin\Win32\Release\DEUException.obj
         Bin\Win32\Release\deuImage.obj
         Bin\Win32\Release\deuMath.obj
         Bin\Win32\Release\md2.obj
         Bin\Win32\Release\membuf.obj
         Bin\Win32\Release\memPool.obj
         Bin\Win32\Release\Pyramid.obj
         Bin\Win32\Release\variant.obj
            正在创建库 Bin\Win32\Common.lib 和对象 Bin\Win32\Common.exp
         正在生成代码
         已完成代码的生成
         Common.vcxproj -> E:\DEU_Trunk\DEU3D_Common\Common\Bin\Win32\Common.dll
       Manifest:
         C:\Program Files (x86)\Microsoft SDKs\Windows\v7.0A\bin\mt.exe /nologo /verbose /outputresource:"Bin\Win32\Common.dll;#2" /manifest Bin\Win32\Release\Common.dll.intermediate.manifest
       PostBuildEvent:
         copy E:\DEU_Trunk\DEU3D_Common\Common\Bin\Win32\Common.dll ..\..\DEU3D_Bin\Win32\ /Y
         copy E:\DEU_Trunk\DEU3D_Common\Common\Bin\Win32\Common.lib ..\..\DEU3D_3rdParty\3rdParty_DEU3D\Lib\Win32\ /Y
         :VCEnd
         已复制         1 个文件。
         已复制         1 个文件。
       FinalizeBuildStatus:
         Deleting file "Bin\Win32\Release\Common.unsuccessfulbuild".
         Touching "Bin\Win32\Release\Common.lastbuildstate".
     1>Done Building Project "E:\DEU_Trunk\DEU3D_Common\Common\Common.vcxproj" (build target(s)).

生成成功。

Time Elapsed 00:00:04.38
