e:\deu_trunk\deu3d_osg\bin\win32\debug\enginetext\version.obj
e:\deu_trunk\deu3d_osg\bin\win32\debug\enginetext\text3d.obj
e:\deu_trunk\deu3d_osg\bin\win32\debug\enginetext\text.obj
e:\deu_trunk\deu3d_osg\bin\win32\debug\enginetext\textbase.obj
e:\deu_trunk\deu3d_osg\bin\win32\debug\enginetext\style.obj
e:\deu_trunk\deu3d_osg\bin\win32\debug\enginetext\string.obj
e:\deu_trunk\deu3d_osg\bin\win32\debug\enginetext\glyph.obj
e:\deu_trunk\deu3d_osg\bin\win32\debug\enginetext\fadetext.obj
e:\deu_trunk\deu3d_osg\bin\win32\debug\enginetext\font.obj
e:\deu_trunk\deu3d_osg\bin\win32\debug\enginetext\glyphgeometry.obj
e:\deu_trunk\deu3d_osg\bin\win32\debug\enginetext\defaultfont.obj
e:\deu_trunk\deu3d_osg\bin\win32\enginetextd.pdb
e:\deu_trunk\deu3d_osg\bin\win32\enginetextd.ilk
e:\deu_trunk\deu3d_osg\bin\win32\enginetextd.dll
e:\deu_trunk\deu3d_osg\bin\win32\debug\enginetext\enginetextd.dll.intermediate.manifest
e:\deu_trunk\deu3d_osg\bin\win32\debug\enginetext\enginetextd.dll.embed.manifest
e:\deu_trunk\deu3d_osg\bin\win32\enginetextd.lib
e:\deu_trunk\deu3d_osg\bin\win32\enginetextd.exp
e:\deu_trunk\deu3d_osg\bin\win32\debug\enginetext\deuglobeversioninfo.res
e:\deu_trunk\deu3d_osg\bin\win32\debug\enginetext\enginetextd.dll.embed.manifest.res
e:\deu_trunk\deu3d_osg\bin\win32\debug\enginetext\cl.command.1.tlog
e:\deu_trunk\deu3d_osg\bin\win32\debug\enginetext\cl.read.1.tlog
e:\deu_trunk\deu3d_osg\bin\win32\debug\enginetext\cl.write.1.tlog
e:\deu_trunk\deu3d_osg\bin\win32\debug\enginetext\link-cvtres.read.1.tlog
e:\deu_trunk\deu3d_osg\bin\win32\debug\enginetext\link-cvtres.write.1.tlog
e:\deu_trunk\deu3d_osg\bin\win32\debug\enginetext\link.11660-cvtres.read.1.tlog
e:\deu_trunk\deu3d_osg\bin\win32\debug\enginetext\link.11660-cvtres.write.1.tlog
e:\deu_trunk\deu3d_osg\bin\win32\debug\enginetext\link.11660.read.1.tlog
e:\deu_trunk\deu3d_osg\bin\win32\debug\enginetext\link.11660.write.1.tlog
e:\deu_trunk\deu3d_osg\bin\win32\debug\enginetext\link.4928-cvtres.read.1.tlog
e:\deu_trunk\deu3d_osg\bin\win32\debug\enginetext\link.4928-cvtres.write.1.tlog
e:\deu_trunk\deu3d_osg\bin\win32\debug\enginetext\link.4928.read.1.tlog
e:\deu_trunk\deu3d_osg\bin\win32\debug\enginetext\link.4928.write.1.tlog
e:\deu_trunk\deu3d_osg\bin\win32\debug\enginetext\link.command.1.tlog
e:\deu_trunk\deu3d_osg\bin\win32\debug\enginetext\link.read.1.tlog
e:\deu_trunk\deu3d_osg\bin\win32\debug\enginetext\link.write.1.tlog
e:\deu_trunk\deu3d_osg\bin\win32\debug\enginetext\mt.command.1.tlog
e:\deu_trunk\deu3d_osg\bin\win32\debug\enginetext\mt.read.1.tlog
e:\deu_trunk\deu3d_osg\bin\win32\debug\enginetext\mt.write.1.tlog
e:\deu_trunk\deu3d_osg\bin\win32\debug\enginetext\osgtext.write.1.tlog
e:\deu_trunk\deu3d_osg\bin\win32\debug\enginetext\rc.command.1.tlog
e:\deu_trunk\deu3d_osg\bin\win32\debug\enginetext\rc.read.1.tlog
e:\deu_trunk\deu3d_osg\bin\win32\debug\enginetext\rc.write.1.tlog
e:\deu_trunk\deu3d_osg\bin\win32\debug\enginetext\enginetextd_manifest.rc
e:\deu_trunk\deu3d_osg\src\osgtext\..\..\bin\win32\enginetextd.dll
