e:\deu_trunk\deu3d_platformcore\logicalmanager\bin\win32\debug\initializationthread.obj
e:\deu_trunk\deu3d_platformcore\logicalmanager\bin\win32\debug\instance.obj
e:\deu_trunk\deu3d_platformcore\logicalmanager\bin\win32\debug\layer.obj
e:\deu_trunk\deu3d_platformcore\logicalmanager\bin\win32\debug\layermanager.obj
e:\deu_trunk\deu3d_platformcore\logicalmanager\bin\win32\debug\logicalmanager.obj
e:\deu_trunk\deu3d_platformcore\logicalmanager\bin\win32\debug\object.obj
e:\deu_trunk\deu3d_platformcore\logicalmanager\bin\win32\debug\property.obj
e:\deu_trunk\deu3d_platformcore\logicalmanager\bin\win32\debug\propertymanager.obj
e:\deu_trunk\deu3d_platformcore\logicalmanager\bin\win32\debug\staterefreshingthread.obj
e:\deu_trunk\deu3d_platformcore\logicalmanager\bin\win32\debug\symbolcategory.obj
e:\deu_trunk\deu3d_platformcore\logicalmanager\bin\win32\debug\symbolmanager.obj
e:\deu_trunk\deu3d_platformcore\logicalmanager\bin\win32\debug\terraininstance.obj
e:\deu_trunk\deu3d_platformcore\logicalmanager\bin\win32\debug\vc100.pdb
e:\deu_trunk\deu3d_platformcore\logicalmanager\bin\win32\logicalmanagerd.ilk
e:\deu_trunk\deu3d_platformcore\logicalmanager\bin\win32\logicalmanagerd.dll
e:\deu_trunk\deu3d_platformcore\logicalmanager\bin\win32\debug\logicalmanagerd.dll.intermediate.manifest
e:\deu_trunk\deu3d_platformcore\logicalmanager\bin\win32\logicalmanagerd.pdb
e:\deu_trunk\deu3d_platformcore\logicalmanager\bin\win32\logicalmanagerd.lib
e:\deu_trunk\deu3d_platformcore\logicalmanager\bin\win32\logicalmanagerd.exp
e:\deu_trunk\deu3d_platformcore\logicalmanager\bin\win32\debug\logicalmanagerd.dll.embed.manifest
e:\deu_trunk\deu3d_platformcore\logicalmanager\bin\win32\debug\logicalmanagerd.dll.embed.manifest.res
e:\deu_trunk\deu3d_platformcore\logicalmanager\bin\win32\debug\deuglobeversioninfo.res
e:\deu_trunk\deu3d_platformcore\logicalmanager\bin\win32\debug\cl.command.1.tlog
e:\deu_trunk\deu3d_platformcore\logicalmanager\bin\win32\debug\cl.read.1.tlog
e:\deu_trunk\deu3d_platformcore\logicalmanager\bin\win32\debug\cl.write.1.tlog
e:\deu_trunk\deu3d_platformcore\logicalmanager\bin\win32\debug\link-cvtres.read.1.tlog
e:\deu_trunk\deu3d_platformcore\logicalmanager\bin\win32\debug\link-cvtres.write.1.tlog
e:\deu_trunk\deu3d_platformcore\logicalmanager\bin\win32\debug\link.17448-cvtres.read.1.tlog
e:\deu_trunk\deu3d_platformcore\logicalmanager\bin\win32\debug\link.17448-cvtres.write.1.tlog
e:\deu_trunk\deu3d_platformcore\logicalmanager\bin\win32\debug\link.17448.read.1.tlog
e:\deu_trunk\deu3d_platformcore\logicalmanager\bin\win32\debug\link.17448.write.1.tlog
e:\deu_trunk\deu3d_platformcore\logicalmanager\bin\win32\debug\link.2352-cvtres.read.1.tlog
e:\deu_trunk\deu3d_platformcore\logicalmanager\bin\win32\debug\link.2352-cvtres.write.1.tlog
e:\deu_trunk\deu3d_platformcore\logicalmanager\bin\win32\debug\link.2352.read.1.tlog
e:\deu_trunk\deu3d_platformcore\logicalmanager\bin\win32\debug\link.2352.write.1.tlog
e:\deu_trunk\deu3d_platformcore\logicalmanager\bin\win32\debug\link.4224-cvtres.read.1.tlog
e:\deu_trunk\deu3d_platformcore\logicalmanager\bin\win32\debug\link.4224-cvtres.write.1.tlog
e:\deu_trunk\deu3d_platformcore\logicalmanager\bin\win32\debug\link.4224.read.1.tlog
e:\deu_trunk\deu3d_platformcore\logicalmanager\bin\win32\debug\link.4224.write.1.tlog
e:\deu_trunk\deu3d_platformcore\logicalmanager\bin\win32\debug\link.4532-cvtres.read.1.tlog
e:\deu_trunk\deu3d_platformcore\logicalmanager\bin\win32\debug\link.4532-cvtres.write.1.tlog
e:\deu_trunk\deu3d_platformcore\logicalmanager\bin\win32\debug\link.4532.read.1.tlog
e:\deu_trunk\deu3d_platformcore\logicalmanager\bin\win32\debug\link.4532.write.1.tlog
e:\deu_trunk\deu3d_platformcore\logicalmanager\bin\win32\debug\link.4552-cvtres.read.1.tlog
e:\deu_trunk\deu3d_platformcore\logicalmanager\bin\win32\debug\link.4552-cvtres.write.1.tlog
e:\deu_trunk\deu3d_platformcore\logicalmanager\bin\win32\debug\link.4552.read.1.tlog
e:\deu_trunk\deu3d_platformcore\logicalmanager\bin\win32\debug\link.4552.write.1.tlog
e:\deu_trunk\deu3d_platformcore\logicalmanager\bin\win32\debug\link.5868-cvtres.read.1.tlog
e:\deu_trunk\deu3d_platformcore\logicalmanager\bin\win32\debug\link.5868-cvtres.write.1.tlog
e:\deu_trunk\deu3d_platformcore\logicalmanager\bin\win32\debug\link.5868.read.1.tlog
e:\deu_trunk\deu3d_platformcore\logicalmanager\bin\win32\debug\link.5868.write.1.tlog
e:\deu_trunk\deu3d_platformcore\logicalmanager\bin\win32\debug\link.command.1.tlog
e:\deu_trunk\deu3d_platformcore\logicalmanager\bin\win32\debug\link.read.1.tlog
e:\deu_trunk\deu3d_platformcore\logicalmanager\bin\win32\debug\link.write.1.tlog
e:\deu_trunk\deu3d_platformcore\logicalmanager\bin\win32\debug\logicalmanager.write.1.tlog
e:\deu_trunk\deu3d_platformcore\logicalmanager\bin\win32\debug\mt.command.1.tlog
e:\deu_trunk\deu3d_platformcore\logicalmanager\bin\win32\debug\mt.read.1.tlog
e:\deu_trunk\deu3d_platformcore\logicalmanager\bin\win32\debug\mt.write.1.tlog
e:\deu_trunk\deu3d_platformcore\logicalmanager\bin\win32\debug\rc.command.1.tlog
e:\deu_trunk\deu3d_platformcore\logicalmanager\bin\win32\debug\rc.read.1.tlog
e:\deu_trunk\deu3d_platformcore\logicalmanager\bin\win32\debug\rc.write.1.tlog
e:\deu_trunk\deu3d_platformcore\logicalmanager\bin\win32\debug\vc100.idb
e:\deu_trunk\deu3d_platformcore\logicalmanager\bin\win32\debug\logicalmanagerd_manifest.rc
