e:\deu_trunk\deu3d_platformcore\platformcore\bin\x64\debug\terraindommodification.obj
e:\deu_trunk\deu3d_platformcore\platformcore\bin\x64\debug\terrainelevationmodification.obj
e:\deu_trunk\deu3d_platformcore\platformcore\bin\x64\debug\terrainmodification.obj
e:\deu_trunk\deu3d_platformcore\platformcore\bin\x64\debug\terrainmodificationmanager.obj
e:\deu_trunk\deu3d_platformcore\platformcore\bin\x64\debug\textcenterlayouter.obj
e:\deu_trunk\deu3d_platformcore\platformcore\bin\x64\debug\tileobjblender.obj
e:\deu_trunk\deu3d_platformcore\platformcore\bin\x64\debug\toolbase.obj
e:\deu_trunk\deu3d_platformcore\platformcore\bin\x64\debug\toolmanager.obj
e:\deu_trunk\deu3d_platformcore\platformcore\bin\x64\debug\utility.obj
e:\deu_trunk\deu3d_platformcore\platformcore\bin\x64\debug\vcubechanged_operation.obj
e:\deu_trunk\deu3d_platformcore\platformcore\bin\x64\debug\vcubechanginglistener.obj
e:\deu_trunk\deu3d_platformcore\platformcore\bin\x64\debug\virtualcubenode.obj
e:\deu_trunk\deu3d_platformcore\platformcore\bin\x64\debug\viewstate.obj
e:\deu_trunk\deu3d_platformcore\platformcore\bin\x64\debug\virtualcubereaderwriter.obj
e:\deu_trunk\deu3d_platformcore\platformcore\bin\x64\debug\virtualtilereaderwriter.obj
e:\deu_trunk\deu3d_platformcore\platformcore\bin\x64\debug\visibilityanalysistool.obj
e:\deu_trunk\deu3d_platformcore\platformcore\bin\x64\debug\visiblestate.obj
e:\deu_trunk\deu3d_platformcore\platformcore\bin\x64\debug\vtilechanged_operation.obj
e:\deu_trunk\deu3d_platformcore\platformcore\bin\x64\debug\vtilechanginglistener.obj
e:\deu_trunk\deu3d_platformcore\platformcore\bin\x64\debug\wireframestate.obj
e:\deu_trunk\deu3d_platformcore\platformcore\bin\x64\debug\polygontool.obj
e:\deu_trunk\deu3d_platformcore\platformcore\bin\x64\debug\polylinetool.obj
e:\deu_trunk\deu3d_platformcore\platformcore\bin\x64\debug\projectionmatrixfixer.obj
e:\deu_trunk\deu3d_platformcore\platformcore\bin\x64\debug\recttool.obj
e:\deu_trunk\deu3d_platformcore\platformcore\bin\x64\debug\refreshingterrainthread.obj
e:\deu_trunk\deu3d_platformcore\platformcore\bin\x64\debug\refreshingthread.obj
e:\deu_trunk\deu3d_platformcore\platformcore\bin\x64\debug\registry.obj
e:\deu_trunk\deu3d_platformcore\platformcore\bin\x64\debug\ripplestate.obj
e:\deu_trunk\deu3d_platformcore\platformcore\bin\x64\debug\skydome.obj
e:\deu_trunk\deu3d_platformcore\platformcore\bin\x64\debug\smokestate.obj
e:\deu_trunk\deu3d_platformcore\platformcore\bin\x64\debug\initializationparam.obj
e:\deu_trunk\deu3d_platformcore\platformcore\bin\x64\debug\outlinelayouter.obj
e:\deu_trunk\deu3d_platformcore\platformcore\bin\x64\debug\outlinestate.obj
e:\deu_trunk\deu3d_platformcore\platformcore\bin\x64\debug\stardata.obj
e:\deu_trunk\deu3d_platformcore\platformcore\bin\x64\debug\statebase.obj
e:\deu_trunk\deu3d_platformcore\platformcore\bin\x64\debug\statemanager.obj
e:\deu_trunk\deu3d_platformcore\platformcore\bin\x64\debug\statusbar.obj
e:\deu_trunk\deu3d_platformcore\platformcore\bin\x64\debug\subground.obj
e:\deu_trunk\deu3d_platformcore\platformcore\bin\x64\debug\terraincolormodification.obj
e:\deu_trunk\deu3d_platformcore\platformcore\bin\x64\debug\terraindemmodification.obj
e:\deu_trunk\deu3d_platformcore\platformcore\bin\x64\debug\topmoststate.obj
e:\deu_trunk\deu3d_platformcore\platformcore\bin\x64\debug\deuplatformcore.obj
e:\deu_trunk\deu3d_platformcore\platformcore\bin\x64\debug\deuproxynode.obj
e:\deu_trunk\deu3d_platformcore\platformcore\bin\x64\debug\deusceneviewer.obj
e:\deu_trunk\deu3d_platformcore\platformcore\bin\x64\debug\directionstate.obj
e:\deu_trunk\deu3d_platformcore\platformcore\bin\x64\debug\ellipsetool.obj
e:\deu_trunk\deu3d_platformcore\platformcore\bin\x64\debug\facetool.obj
e:\deu_trunk\deu3d_platformcore\platformcore\bin\x64\debug\filereadinterceptor.obj
e:\deu_trunk\deu3d_platformcore\platformcore\bin\x64\debug\fluoroscope.obj
e:\deu_trunk\deu3d_platformcore\platformcore\bin\x64\debug\frameimagefetcher.obj
e:\deu_trunk\deu3d_platformcore\platformcore\bin\x64\debug\hudlayouter.obj
e:\deu_trunk\deu3d_platformcore\platformcore\bin\x64\debug\linetool.obj
e:\deu_trunk\deu3d_platformcore\platformcore\bin\x64\debug\measuretool.obj
e:\deu_trunk\deu3d_platformcore\platformcore\bin\x64\debug\navigationparam.obj
e:\deu_trunk\deu3d_platformcore\platformcore\bin\x64\debug\navigationpath.obj
e:\deu_trunk\deu3d_platformcore\platformcore\bin\x64\debug\navigationpathplayer.obj
e:\deu_trunk\deu3d_platformcore\platformcore\bin\x64\debug\navigatorbase.obj
e:\deu_trunk\deu3d_platformcore\platformcore\bin\x64\debug\navigatormanager.obj
e:\deu_trunk\deu3d_platformcore\platformcore\bin\x64\debug\planetnavigator.obj
e:\deu_trunk\deu3d_platformcore\platformcore\bin\x64\debug\pointtool.obj
e:\deu_trunk\deu3d_platformcore\platformcore\bin\x64\debug\camerainfo.obj
e:\deu_trunk\deu3d_platformcore\platformcore\bin\x64\debug\capabilities.obj
e:\deu_trunk\deu3d_platformcore\platformcore\bin\x64\debug\colorstate.obj
e:\deu_trunk\deu3d_platformcore\platformcore\bin\x64\debug\compass.obj
e:\deu_trunk\deu3d_platformcore\platformcore\bin\x64\debug\editingtool.obj
e:\deu_trunk\deu3d_platformcore\platformcore\bin\x64\debug\effectpagedlod.obj
e:\deu_trunk\deu3d_platformcore\platformcore\bin\x64\debug\fetchingelevation_operation.obj
e:\deu_trunk\deu3d_platformcore\platformcore\bin\x64\debug\findbottomterraintile_operation.obj
e:\deu_trunk\deu3d_platformcore\platformcore\bin\x64\debug\intersect_operation.obj
e:\deu_trunk\deu3d_platformcore\platformcore\bin\x64\debug\lodfixer.obj
e:\deu_trunk\deu3d_platformcore\platformcore\bin\x64\debug\removetilebylevel_operation.obj
e:\deu_trunk\deu3d_platformcore\platformcore\bin\x64\debug\replacechildren_operation.obj
e:\deu_trunk\deu3d_platformcore\platformcore\bin\x64\debug\scenegraphoperationbase.obj
e:\deu_trunk\deu3d_platformcore\platformcore\bin\x64\debug\scenegraphoperator.obj
e:\deu_trunk\deu3d_platformcore\platformcore\bin\x64\debug\selecting_operation.obj
e:\deu_trunk\deu3d_platformcore\platformcore\bin\x64\debug\shadowstate.obj
e:\deu_trunk\deu3d_platformcore\platformcore\bin\x64\debug\sharedobjectpool.obj
e:\deu_trunk\deu3d_platformcore\platformcore\bin\x64\debug\smartlod.obj
e:\deu_trunk\deu3d_platformcore\platformcore\bin\x64\debug\statechanged_operation.obj
e:\deu_trunk\deu3d_platformcore\platformcore\bin\x64\debug\terraintilechanged_operation.obj
e:\deu_trunk\deu3d_platformcore\platformcore\bin\x64\debug\addorremove_operation.obj
e:\deu_trunk\deu3d_platformcore\platformcore\bin\x64\debug\aerocalculator.obj
e:\deu_trunk\deu3d_platformcore\platformcore\bin\x64\debug\analysisbasetool.obj
e:\deu_trunk\deu3d_platformcore\platformcore\bin\x64\debug\animationmodel.obj
e:\deu_trunk\deu3d_platformcore\platformcore\bin\x64\debug\areatool.obj
e:\deu_trunk\deu3d_platformcore\platformcore\bin\x64\debug\vc100.pdb
e:\deu_trunk\deu3d_platformcore\platformcore\bin\x64\platformcored.ilk
e:\deu_trunk\deu3d_platformcore\platformcore\bin\x64\platformcored.dll
e:\deu_trunk\deu3d_platformcore\platformcore\bin\x64\debug\platformcored.dll.intermediate.manifest
e:\deu_trunk\deu3d_platformcore\platformcore\bin\x64\platformcored.pdb
e:\deu_trunk\deu3d_platformcore\platformcore\bin\x64\debug\platformcored.dll.embed.manifest
e:\deu_trunk\deu3d_platformcore\platformcore\bin\x64\platformcored.lib
e:\deu_trunk\deu3d_platformcore\platformcore\bin\x64\platformcored.exp
e:\deu_trunk\deu3d_platformcore\platformcore\bin\x64\debug\deuglobeversioninfo.res
e:\deu_trunk\deu3d_platformcore\platformcore\bin\x64\debug\platformcored.dll.embed.manifest.res
e:\deu_trunk\deu3d_platformcore\platformcore\bin\x64\debug\cl.command.1.tlog
e:\deu_trunk\deu3d_platformcore\platformcore\bin\x64\debug\cl.read.1.tlog
e:\deu_trunk\deu3d_platformcore\platformcore\bin\x64\debug\cl.write.1.tlog
e:\deu_trunk\deu3d_platformcore\platformcore\bin\x64\debug\link-cvtres.read.1.tlog
e:\deu_trunk\deu3d_platformcore\platformcore\bin\x64\debug\link-cvtres.write.1.tlog
e:\deu_trunk\deu3d_platformcore\platformcore\bin\x64\debug\link.16860-cvtres.read.1.tlog
e:\deu_trunk\deu3d_platformcore\platformcore\bin\x64\debug\link.16860-cvtres.write.1.tlog
e:\deu_trunk\deu3d_platformcore\platformcore\bin\x64\debug\link.16860.read.1.tlog
e:\deu_trunk\deu3d_platformcore\platformcore\bin\x64\debug\link.16860.write.1.tlog
e:\deu_trunk\deu3d_platformcore\platformcore\bin\x64\debug\link.command.1.tlog
e:\deu_trunk\deu3d_platformcore\platformcore\bin\x64\debug\link.read.1.tlog
e:\deu_trunk\deu3d_platformcore\platformcore\bin\x64\debug\link.write.1.tlog
e:\deu_trunk\deu3d_platformcore\platformcore\bin\x64\debug\mt.command.1.tlog
e:\deu_trunk\deu3d_platformcore\platformcore\bin\x64\debug\mt.read.1.tlog
e:\deu_trunk\deu3d_platformcore\platformcore\bin\x64\debug\mt.write.1.tlog
e:\deu_trunk\deu3d_platformcore\platformcore\bin\x64\debug\platformcore.write.1.tlog
e:\deu_trunk\deu3d_platformcore\platformcore\bin\x64\debug\rc.command.1.tlog
e:\deu_trunk\deu3d_platformcore\platformcore\bin\x64\debug\rc.read.1.tlog
e:\deu_trunk\deu3d_platformcore\platformcore\bin\x64\debug\rc.write.1.tlog
e:\deu_trunk\deu3d_platformcore\platformcore\bin\x64\debug\vc100.idb
e:\deu_trunk\deu3d_platformcore\platformcore\bin\x64\debug\platformcored_manifest.rc
