e:\deu_trunk\deu3d_osg\bin\x64\release\enginedb_freetype\readerwriterfreetype.obj
e:\deu_trunk\deu3d_osg\bin\x64\release\enginedb_freetype\freetypefont.obj
e:\deu_trunk\deu3d_osg\bin\x64\release\enginedb_freetype\freetypelibrary.obj
e:\deu_trunk\deu3d_osg\bin\x64\enginedb_freetype.dll
e:\deu_trunk\deu3d_osg\bin\x64\release\enginedb_freetype\enginedb_freetype.dll.intermediate.manifest
e:\deu_trunk\deu3d_osg\bin\x64\release\enginedb_freetype\deuglobeversioninfo.res
e:\deu_trunk\deu3d_osg\bin\x64\release\enginedb_freetype\cl.14844.read.1.tlog
e:\deu_trunk\deu3d_osg\bin\x64\release\enginedb_freetype\cl.14844.write.1.tlog
e:\deu_trunk\deu3d_osg\bin\x64\release\enginedb_freetype\cl.15048.read.1.tlog
e:\deu_trunk\deu3d_osg\bin\x64\release\enginedb_freetype\cl.15048.write.1.tlog
e:\deu_trunk\deu3d_osg\bin\x64\release\enginedb_freetype\cl.15284.read.1.tlog
e:\deu_trunk\deu3d_osg\bin\x64\release\enginedb_freetype\cl.15284.write.1.tlog
e:\deu_trunk\deu3d_osg\bin\x64\release\enginedb_freetype\cl.4156.read.1.tlog
e:\deu_trunk\deu3d_osg\bin\x64\release\enginedb_freetype\cl.4156.write.1.tlog
e:\deu_trunk\deu3d_osg\bin\x64\release\enginedb_freetype\cl.5580.read.1.tlog
e:\deu_trunk\deu3d_osg\bin\x64\release\enginedb_freetype\cl.5580.write.1.tlog
e:\deu_trunk\deu3d_osg\bin\x64\release\enginedb_freetype\cl.5924.read.1.tlog
e:\deu_trunk\deu3d_osg\bin\x64\release\enginedb_freetype\cl.5924.write.1.tlog
e:\deu_trunk\deu3d_osg\bin\x64\release\enginedb_freetype\cl.command.1.tlog
e:\deu_trunk\deu3d_osg\bin\x64\release\enginedb_freetype\cl.read.1.tlog
e:\deu_trunk\deu3d_osg\bin\x64\release\enginedb_freetype\cl.write.1.tlog
e:\deu_trunk\deu3d_osg\bin\x64\release\enginedb_freetype\link-cvtres.read.1.tlog
e:\deu_trunk\deu3d_osg\bin\x64\release\enginedb_freetype\link-cvtres.write.1.tlog
e:\deu_trunk\deu3d_osg\bin\x64\release\enginedb_freetype\link.command.1.tlog
e:\deu_trunk\deu3d_osg\bin\x64\release\enginedb_freetype\link.read.1.tlog
e:\deu_trunk\deu3d_osg\bin\x64\release\enginedb_freetype\link.write.1.tlog
e:\deu_trunk\deu3d_osg\bin\x64\release\enginedb_freetype\mt.command.1.tlog
e:\deu_trunk\deu3d_osg\bin\x64\release\enginedb_freetype\mt.read.1.tlog
e:\deu_trunk\deu3d_osg\bin\x64\release\enginedb_freetype\mt.write.1.tlog
e:\deu_trunk\deu3d_osg\bin\x64\release\enginedb_freetype\rc.command.1.tlog
e:\deu_trunk\deu3d_osg\bin\x64\release\enginedb_freetype\rc.read.1.tlog
e:\deu_trunk\deu3d_osg\bin\x64\release\enginedb_freetype\rc.write.1.tlog
e:\deu_trunk\deu3d_osg\src\osgplugins\freetype\..\..\..\bin\x64\enginedb_freetype.dll
