e:\deu_trunk\deu3d_tools\datakeeper\bin\x64\release\verify.obj
e:\deu_trunk\deu3d_tools\datakeeper\bin\x64\release\servicemanager.obj
e:\deu_trunk\deu3d_tools\datakeeper\bin\x64\release\service.obj
e:\deu_trunk\deu3d_tools\datakeeper\bin\x64\release\deuutils.obj
e:\deu_trunk\deu3d_tools\datakeeper\bin\x64\release\deuurlserver.obj
e:\deu_trunk\deu3d_tools\datakeeper\bin\x64\release\deulog.obj
e:\deu_trunk\deu3d_tools\datakeeper\bin\x64\release\deulocaldataset.obj
e:\deu_trunk\deu3d_tools\datakeeper\bin\x64\release\deudefine.obj
e:\deu_trunk\deu3d_tools\datakeeper\bin\x64\release\deudatalog.obj
e:\deu_trunk\deu3d_tools\datakeeper\bin\x64\release\datasetsegment.obj
e:\deu_trunk\deu3d_tools\datakeeper\bin\x64\release\datasetmanager.obj
e:\deu_trunk\deu3d_tools\datakeeper\bin\x64\release\dataset.obj
e:\deu_trunk\deu3d_tools\datakeeper\bin\x64\release\datakeeper.obj
e:\deu_trunk\deu3d_tools\datakeeper\bin\x64\release\vc100.pdb
e:\deu_trunk\deu3d_tools\datakeeper\bin\x64\datakeeper.lib
e:\deu_trunk\deu3d_tools\datakeeper\bin\x64\datakeeper.exp
e:\deu_trunk\deu3d_tools\datakeeper\bin\x64\datakeeper.dll
e:\deu_trunk\deu3d_tools\datakeeper\bin\x64\release\datakeeper.dll.intermediate.manifest
e:\deu_trunk\deu3d_tools\datakeeper\bin\x64\datakeeper.pdb
e:\deu_trunk\deu3d_tools\datakeeper\bin\x64\release\deuglobeversioninfo.res
e:\deu_trunk\deu3d_tools\datakeeper\bin\x64\release\cl.command.1.tlog
e:\deu_trunk\deu3d_tools\datakeeper\bin\x64\release\cl.read.1.tlog
e:\deu_trunk\deu3d_tools\datakeeper\bin\x64\release\cl.write.1.tlog
e:\deu_trunk\deu3d_tools\datakeeper\bin\x64\release\datakeeper.write.1.tlog
e:\deu_trunk\deu3d_tools\datakeeper\bin\x64\release\link-cvtres.read.1.tlog
e:\deu_trunk\deu3d_tools\datakeeper\bin\x64\release\link-cvtres.write.1.tlog
e:\deu_trunk\deu3d_tools\datakeeper\bin\x64\release\link.command.1.tlog
e:\deu_trunk\deu3d_tools\datakeeper\bin\x64\release\link.read.1.tlog
e:\deu_trunk\deu3d_tools\datakeeper\bin\x64\release\link.write.1.tlog
e:\deu_trunk\deu3d_tools\datakeeper\bin\x64\release\mt.command.1.tlog
e:\deu_trunk\deu3d_tools\datakeeper\bin\x64\release\mt.read.1.tlog
e:\deu_trunk\deu3d_tools\datakeeper\bin\x64\release\mt.write.1.tlog
e:\deu_trunk\deu3d_tools\datakeeper\bin\x64\release\rc.command.1.tlog
e:\deu_trunk\deu3d_tools\datakeeper\bin\x64\release\rc.read.1.tlog
e:\deu_trunk\deu3d_tools\datakeeper\bin\x64\release\rc.write.1.tlog
