e:\deu_trunk\deu3d_osg\bin\x64\debug\enginewidget\windowmanager.obj
e:\deu_trunk\deu3d_osg\bin\x64\debug\enginewidget\window.obj
e:\deu_trunk\deu3d_osg\bin\x64\debug\enginewidget\widget.obj
e:\deu_trunk\deu3d_osg\bin\x64\debug\enginewidget\viewereventhandlers.obj
e:\deu_trunk\deu3d_osg\bin\x64\debug\enginewidget\version.obj
e:\deu_trunk\deu3d_osg\bin\x64\debug\enginewidget\util.obj
e:\deu_trunk\deu3d_osg\bin\x64\debug\enginewidget\table.obj
e:\deu_trunk\deu3d_osg\bin\x64\debug\enginewidget\stylemanager.obj
e:\deu_trunk\deu3d_osg\bin\x64\debug\enginewidget\python.obj
e:\deu_trunk\deu3d_osg\bin\x64\debug\enginewidget\lua.obj
e:\deu_trunk\deu3d_osg\bin\x64\debug\enginewidget\label.obj
e:\deu_trunk\deu3d_osg\bin\x64\debug\enginewidget\input.obj
e:\deu_trunk\deu3d_osg\bin\x64\debug\enginewidget\frame.obj
e:\deu_trunk\deu3d_osg\bin\x64\debug\enginewidget\canvas.obj
e:\deu_trunk\deu3d_osg\bin\x64\debug\enginewidget\box.obj
e:\deu_trunk\deu3d_osg\bin\x64\enginewidgetd.pdb
e:\deu_trunk\deu3d_osg\bin\x64\enginewidgetd.ilk
e:\deu_trunk\deu3d_osg\bin\x64\enginewidgetd.dll
e:\deu_trunk\deu3d_osg\bin\x64\debug\enginewidget\enginewidgetd.dll.intermediate.manifest
e:\deu_trunk\deu3d_osg\bin\x64\debug\enginewidget\enginewidgetd.dll.embed.manifest
e:\deu_trunk\deu3d_osg\bin\x64\enginewidgetd.lib
e:\deu_trunk\deu3d_osg\bin\x64\enginewidgetd.exp
e:\deu_trunk\deu3d_osg\bin\x64\debug\enginewidget\deuglobeversioninfo.res
e:\deu_trunk\deu3d_osg\bin\x64\debug\enginewidget\enginewidgetd.dll.embed.manifest.res
e:\deu_trunk\deu3d_osg\bin\x64\debug\enginewidget\cl.command.1.tlog
e:\deu_trunk\deu3d_osg\bin\x64\debug\enginewidget\cl.read.1.tlog
e:\deu_trunk\deu3d_osg\bin\x64\debug\enginewidget\cl.write.1.tlog
e:\deu_trunk\deu3d_osg\bin\x64\debug\enginewidget\link-cvtres.read.1.tlog
e:\deu_trunk\deu3d_osg\bin\x64\debug\enginewidget\link-cvtres.write.1.tlog
e:\deu_trunk\deu3d_osg\bin\x64\debug\enginewidget\link.1060-cvtres.read.1.tlog
e:\deu_trunk\deu3d_osg\bin\x64\debug\enginewidget\link.1060-cvtres.write.1.tlog
e:\deu_trunk\deu3d_osg\bin\x64\debug\enginewidget\link.1060.read.1.tlog
e:\deu_trunk\deu3d_osg\bin\x64\debug\enginewidget\link.1060.write.1.tlog
e:\deu_trunk\deu3d_osg\bin\x64\debug\enginewidget\link.14908-cvtres.read.1.tlog
e:\deu_trunk\deu3d_osg\bin\x64\debug\enginewidget\link.14908-cvtres.write.1.tlog
e:\deu_trunk\deu3d_osg\bin\x64\debug\enginewidget\link.14908.read.1.tlog
e:\deu_trunk\deu3d_osg\bin\x64\debug\enginewidget\link.14908.write.1.tlog
e:\deu_trunk\deu3d_osg\bin\x64\debug\enginewidget\link.command.1.tlog
e:\deu_trunk\deu3d_osg\bin\x64\debug\enginewidget\link.read.1.tlog
e:\deu_trunk\deu3d_osg\bin\x64\debug\enginewidget\link.write.1.tlog
e:\deu_trunk\deu3d_osg\bin\x64\debug\enginewidget\mt.command.1.tlog
e:\deu_trunk\deu3d_osg\bin\x64\debug\enginewidget\mt.read.1.tlog
e:\deu_trunk\deu3d_osg\bin\x64\debug\enginewidget\mt.write.1.tlog
e:\deu_trunk\deu3d_osg\bin\x64\debug\enginewidget\osgwidget.write.1.tlog
e:\deu_trunk\deu3d_osg\bin\x64\debug\enginewidget\rc.command.1.tlog
e:\deu_trunk\deu3d_osg\bin\x64\debug\enginewidget\rc.read.1.tlog
e:\deu_trunk\deu3d_osg\bin\x64\debug\enginewidget\rc.write.1.tlog
e:\deu_trunk\deu3d_osg\bin\x64\debug\enginewidget\enginewidgetd_manifest.rc
e:\deu_trunk\deu3d_osg\src\osgwidget\..\..\bin\x64\enginewidgetd.dll
