e:\deu_trunk\deu3d_osg\bin\x64\debug\engineviewer\pixelbufferwin32.obj
e:\deu_trunk\deu3d_osg\bin\x64\debug\engineviewer\graphicswindowwin32.obj
e:\deu_trunk\deu3d_osg\bin\x64\debug\engineviewer\viewerbase.obj
e:\deu_trunk\deu3d_osg\bin\x64\debug\engineviewer\viewer.obj
e:\deu_trunk\deu3d_osg\bin\x64\debug\engineviewer\view.obj
e:\deu_trunk\deu3d_osg\bin\x64\debug\engineviewer\version.obj
e:\deu_trunk\deu3d_osg\bin\x64\debug\engineviewer\statshandler.obj
e:\deu_trunk\deu3d_osg\bin\x64\debug\engineviewer\scene.obj
e:\deu_trunk\deu3d_osg\bin\x64\debug\engineviewer\renderer.obj
e:\deu_trunk\deu3d_osg\bin\x64\debug\engineviewer\graphicswindow.obj
e:\deu_trunk\deu3d_osg\bin\x64\debug\engineviewer\compositeviewer.obj
e:\deu_trunk\deu3d_osg\bin\x64\engineviewerd.pdb
e:\deu_trunk\deu3d_osg\bin\x64\engineviewerd.ilk
e:\deu_trunk\deu3d_osg\bin\x64\engineviewerd.dll
e:\deu_trunk\deu3d_osg\bin\x64\debug\engineviewer\engineviewerd.dll.intermediate.manifest
e:\deu_trunk\deu3d_osg\bin\x64\debug\engineviewer\engineviewerd.dll.embed.manifest
e:\deu_trunk\deu3d_osg\bin\x64\engineviewerd.lib
e:\deu_trunk\deu3d_osg\bin\x64\engineviewerd.exp
e:\deu_trunk\deu3d_osg\bin\x64\debug\engineviewer\deuglobeversioninfo.res
e:\deu_trunk\deu3d_osg\bin\x64\debug\engineviewer\engineviewerd.dll.embed.manifest.res
e:\deu_trunk\deu3d_osg\bin\x64\debug\engineviewer\cl.command.1.tlog
e:\deu_trunk\deu3d_osg\bin\x64\debug\engineviewer\cl.read.1.tlog
e:\deu_trunk\deu3d_osg\bin\x64\debug\engineviewer\cl.write.1.tlog
e:\deu_trunk\deu3d_osg\bin\x64\debug\engineviewer\link-cvtres.read.1.tlog
e:\deu_trunk\deu3d_osg\bin\x64\debug\engineviewer\link-cvtres.write.1.tlog
e:\deu_trunk\deu3d_osg\bin\x64\debug\engineviewer\link.13624-cvtres.read.1.tlog
e:\deu_trunk\deu3d_osg\bin\x64\debug\engineviewer\link.13624-cvtres.write.1.tlog
e:\deu_trunk\deu3d_osg\bin\x64\debug\engineviewer\link.13624.read.1.tlog
e:\deu_trunk\deu3d_osg\bin\x64\debug\engineviewer\link.13624.write.1.tlog
e:\deu_trunk\deu3d_osg\bin\x64\debug\engineviewer\link.5948-cvtres.read.1.tlog
e:\deu_trunk\deu3d_osg\bin\x64\debug\engineviewer\link.5948-cvtres.write.1.tlog
e:\deu_trunk\deu3d_osg\bin\x64\debug\engineviewer\link.5948.read.1.tlog
e:\deu_trunk\deu3d_osg\bin\x64\debug\engineviewer\link.5948.write.1.tlog
e:\deu_trunk\deu3d_osg\bin\x64\debug\engineviewer\link.command.1.tlog
e:\deu_trunk\deu3d_osg\bin\x64\debug\engineviewer\link.read.1.tlog
e:\deu_trunk\deu3d_osg\bin\x64\debug\engineviewer\link.write.1.tlog
e:\deu_trunk\deu3d_osg\bin\x64\debug\engineviewer\mt.command.1.tlog
e:\deu_trunk\deu3d_osg\bin\x64\debug\engineviewer\mt.read.1.tlog
e:\deu_trunk\deu3d_osg\bin\x64\debug\engineviewer\mt.write.1.tlog
e:\deu_trunk\deu3d_osg\bin\x64\debug\engineviewer\osgviewer.write.1.tlog
e:\deu_trunk\deu3d_osg\bin\x64\debug\engineviewer\rc.command.1.tlog
e:\deu_trunk\deu3d_osg\bin\x64\debug\engineviewer\rc.read.1.tlog
e:\deu_trunk\deu3d_osg\bin\x64\debug\engineviewer\rc.write.1.tlog
e:\deu_trunk\deu3d_osg\bin\x64\debug\engineviewer\engineviewerd_manifest.rc
e:\deu_trunk\deu3d_osg\src\osgviewer\..\..\bin\x64\engineviewerd.dll
