e:\deu_trunk\deu3d_platformcore\platformcore\bin\win32\release\shadowstate.obj
e:\deu_trunk\deu3d_platformcore\platformcore\bin\win32\release\selecting_operation.obj
e:\deu_trunk\deu3d_platformcore\platformcore\bin\win32\release\scenegraphoperator.obj
e:\deu_trunk\deu3d_platformcore\platformcore\bin\win32\release\scenegraphoperationbase.obj
e:\deu_trunk\deu3d_platformcore\platformcore\bin\win32\release\replacechildren_operation.obj
e:\deu_trunk\deu3d_platformcore\platformcore\bin\win32\release\removetilebylevel_operation.obj
e:\deu_trunk\deu3d_platformcore\platformcore\bin\win32\release\lodfixer.obj
e:\deu_trunk\deu3d_platformcore\platformcore\bin\win32\release\intersect_operation.obj
e:\deu_trunk\deu3d_platformcore\platformcore\bin\win32\release\findbottomterraintile_operation.obj
e:\deu_trunk\deu3d_platformcore\platformcore\bin\win32\release\fetchingelevation_operation.obj
e:\deu_trunk\deu3d_platformcore\platformcore\bin\win32\release\effectpagedlod.obj
e:\deu_trunk\deu3d_platformcore\platformcore\bin\win32\release\editingtool.obj
e:\deu_trunk\deu3d_platformcore\platformcore\bin\win32\release\compass.obj
e:\deu_trunk\deu3d_platformcore\platformcore\bin\win32\release\colorstate.obj
e:\deu_trunk\deu3d_platformcore\platformcore\bin\win32\release\capabilities.obj
e:\deu_trunk\deu3d_platformcore\platformcore\bin\win32\release\camerainfo.obj
e:\deu_trunk\deu3d_platformcore\platformcore\bin\win32\release\areatool.obj
e:\deu_trunk\deu3d_platformcore\platformcore\bin\win32\release\animationmodel.obj
e:\deu_trunk\deu3d_platformcore\platformcore\bin\win32\release\aerocalculator.obj
e:\deu_trunk\deu3d_platformcore\platformcore\bin\win32\release\addorremove_operation.obj
e:\deu_trunk\deu3d_platformcore\platformcore\bin\win32\release\navigationpathplayer.obj
e:\deu_trunk\deu3d_platformcore\platformcore\bin\win32\release\navigationpath.obj
e:\deu_trunk\deu3d_platformcore\platformcore\bin\win32\release\navigationparam.obj
e:\deu_trunk\deu3d_platformcore\platformcore\bin\win32\release\measuretool.obj
e:\deu_trunk\deu3d_platformcore\platformcore\bin\win32\release\linetool.obj
e:\deu_trunk\deu3d_platformcore\platformcore\bin\win32\release\hudlayouter.obj
e:\deu_trunk\deu3d_platformcore\platformcore\bin\win32\release\frameimagefetcher.obj
e:\deu_trunk\deu3d_platformcore\platformcore\bin\win32\release\fluoroscope.obj
e:\deu_trunk\deu3d_platformcore\platformcore\bin\win32\release\filereadinterceptor.obj
e:\deu_trunk\deu3d_platformcore\platformcore\bin\win32\release\facetool.obj
e:\deu_trunk\deu3d_platformcore\platformcore\bin\win32\release\ellipsetool.obj
e:\deu_trunk\deu3d_platformcore\platformcore\bin\win32\release\directionstate.obj
e:\deu_trunk\deu3d_platformcore\platformcore\bin\win32\release\deusceneviewer.obj
e:\deu_trunk\deu3d_platformcore\platformcore\bin\win32\release\deuproxynode.obj
e:\deu_trunk\deu3d_platformcore\platformcore\bin\win32\release\deuplatformcore.obj
e:\deu_trunk\deu3d_platformcore\platformcore\bin\win32\release\topmoststate.obj
e:\deu_trunk\deu3d_platformcore\platformcore\bin\win32\release\terraintilechanged_operation.obj
e:\deu_trunk\deu3d_platformcore\platformcore\bin\win32\release\statechanged_operation.obj
e:\deu_trunk\deu3d_platformcore\platformcore\bin\win32\release\smartlod.obj
e:\deu_trunk\deu3d_platformcore\platformcore\bin\win32\release\sharedobjectpool.obj
e:\deu_trunk\deu3d_platformcore\platformcore\bin\win32\release\statemanager.obj
e:\deu_trunk\deu3d_platformcore\platformcore\bin\win32\release\statebase.obj
e:\deu_trunk\deu3d_platformcore\platformcore\bin\win32\release\stardata.obj
e:\deu_trunk\deu3d_platformcore\platformcore\bin\win32\release\outlinestate.obj
e:\deu_trunk\deu3d_platformcore\platformcore\bin\win32\release\outlinelayouter.obj
e:\deu_trunk\deu3d_platformcore\platformcore\bin\win32\release\initializationparam.obj
e:\deu_trunk\deu3d_platformcore\platformcore\bin\win32\release\smokestate.obj
e:\deu_trunk\deu3d_platformcore\platformcore\bin\win32\release\skydome.obj
e:\deu_trunk\deu3d_platformcore\platformcore\bin\win32\release\ripplestate.obj
e:\deu_trunk\deu3d_platformcore\platformcore\bin\win32\release\registry.obj
e:\deu_trunk\deu3d_platformcore\platformcore\bin\win32\release\refreshingthread.obj
e:\deu_trunk\deu3d_platformcore\platformcore\bin\win32\release\refreshingterrainthread.obj
e:\deu_trunk\deu3d_platformcore\platformcore\bin\win32\release\recttool.obj
e:\deu_trunk\deu3d_platformcore\platformcore\bin\win32\release\projectionmatrixfixer.obj
e:\deu_trunk\deu3d_platformcore\platformcore\bin\win32\release\polylinetool.obj
e:\deu_trunk\deu3d_platformcore\platformcore\bin\win32\release\polygontool.obj
e:\deu_trunk\deu3d_platformcore\platformcore\bin\win32\release\pointtool.obj
e:\deu_trunk\deu3d_platformcore\platformcore\bin\win32\release\planetnavigator.obj
e:\deu_trunk\deu3d_platformcore\platformcore\bin\win32\release\navigatormanager.obj
e:\deu_trunk\deu3d_platformcore\platformcore\bin\win32\release\navigatorbase.obj
e:\deu_trunk\deu3d_platformcore\platformcore\bin\win32\release\visiblestate.obj
e:\deu_trunk\deu3d_platformcore\platformcore\bin\win32\release\virtualtilereaderwriter.obj
e:\deu_trunk\deu3d_platformcore\platformcore\bin\win32\release\virtualcubereaderwriter.obj
e:\deu_trunk\deu3d_platformcore\platformcore\bin\win32\release\viewstate.obj
e:\deu_trunk\deu3d_platformcore\platformcore\bin\win32\release\virtualcubenode.obj
e:\deu_trunk\deu3d_platformcore\platformcore\bin\win32\release\vcubechanginglistener.obj
e:\deu_trunk\deu3d_platformcore\platformcore\bin\win32\release\vcubechanged_operation.obj
e:\deu_trunk\deu3d_platformcore\platformcore\bin\win32\release\utility.obj
e:\deu_trunk\deu3d_platformcore\platformcore\bin\win32\release\toolmanager.obj
e:\deu_trunk\deu3d_platformcore\platformcore\bin\win32\release\toolbase.obj
e:\deu_trunk\deu3d_platformcore\platformcore\bin\win32\release\tileobjblender.obj
e:\deu_trunk\deu3d_platformcore\platformcore\bin\win32\release\textcenterlayouter.obj
e:\deu_trunk\deu3d_platformcore\platformcore\bin\win32\release\terrainmodificationmanager.obj
e:\deu_trunk\deu3d_platformcore\platformcore\bin\win32\release\terrainmodification.obj
e:\deu_trunk\deu3d_platformcore\platformcore\bin\win32\release\terrainelevationmodification.obj
e:\deu_trunk\deu3d_platformcore\platformcore\bin\win32\release\terraindommodification.obj
e:\deu_trunk\deu3d_platformcore\platformcore\bin\win32\release\terraindemmodification.obj
e:\deu_trunk\deu3d_platformcore\platformcore\bin\win32\release\terraincolormodification.obj
e:\deu_trunk\deu3d_platformcore\platformcore\bin\win32\release\subground.obj
e:\deu_trunk\deu3d_platformcore\platformcore\bin\win32\release\statusbar.obj
e:\deu_trunk\deu3d_platformcore\platformcore\bin\win32\release\wireframestate.obj
e:\deu_trunk\deu3d_platformcore\platformcore\bin\win32\release\vtilechanginglistener.obj
e:\deu_trunk\deu3d_platformcore\platformcore\bin\win32\release\vtilechanged_operation.obj
e:\deu_trunk\deu3d_platformcore\platformcore\bin\win32\release\vc100.pdb
e:\deu_trunk\deu3d_platformcore\platformcore\bin\win32\release\analysisbasetool.obj
e:\deu_trunk\deu3d_platformcore\platformcore\bin\win32\release\visibilityanalysistool.obj
e:\deu_trunk\deu3d_platformcore\platformcore\bin\win32\platformcore.dll
e:\deu_trunk\deu3d_platformcore\platformcore\bin\win32\release\platformcore.dll.intermediate.manifest
e:\deu_trunk\deu3d_platformcore\platformcore\bin\win32\platformcore.lib
e:\deu_trunk\deu3d_platformcore\platformcore\bin\win32\platformcore.exp
e:\deu_trunk\deu3d_platformcore\platformcore\bin\win32\release\deuglobeversioninfo.res
e:\deu_trunk\deu3d_platformcore\platformcore\bin\win32\release\cl.command.1.tlog
e:\deu_trunk\deu3d_platformcore\platformcore\bin\win32\release\cl.read.1.tlog
e:\deu_trunk\deu3d_platformcore\platformcore\bin\win32\release\cl.write.1.tlog
e:\deu_trunk\deu3d_platformcore\platformcore\bin\win32\release\link-cvtres.read.1.tlog
e:\deu_trunk\deu3d_platformcore\platformcore\bin\win32\release\link-cvtres.write.1.tlog
e:\deu_trunk\deu3d_platformcore\platformcore\bin\win32\release\link.command.1.tlog
e:\deu_trunk\deu3d_platformcore\platformcore\bin\win32\release\link.read.1.tlog
e:\deu_trunk\deu3d_platformcore\platformcore\bin\win32\release\link.write.1.tlog
e:\deu_trunk\deu3d_platformcore\platformcore\bin\win32\release\mt.command.1.tlog
e:\deu_trunk\deu3d_platformcore\platformcore\bin\win32\release\mt.read.1.tlog
e:\deu_trunk\deu3d_platformcore\platformcore\bin\win32\release\mt.write.1.tlog
e:\deu_trunk\deu3d_platformcore\platformcore\bin\win32\release\platformcore.write.1.tlog
e:\deu_trunk\deu3d_platformcore\platformcore\bin\win32\release\rc.command.1.tlog
e:\deu_trunk\deu3d_platformcore\platformcore\bin\win32\release\rc.read.1.tlog
e:\deu_trunk\deu3d_platformcore\platformcore\bin\win32\release\rc.write.1.tlog
