e:\deu_trunk\deu3d_tools\tilebuilder\bin\x64\release\tilingthreadpool.obj
e:\deu_trunk\deu3d_tools\tilebuilder\bin\x64\release\tilingthread.obj
e:\deu_trunk\deu3d_tools\tilebuilder\bin\x64\release\tilebuilderimpl.obj
e:\deu_trunk\deu3d_tools\tilebuilder\bin\x64\release\taskqueue.obj
e:\deu_trunk\deu3d_tools\tilebuilder\bin\x64\release\source.obj
e:\deu_trunk\deu3d_tools\tilebuilder\bin\x64\release\readwritetiff.obj
e:\deu_trunk\deu3d_tools\tilebuilder\bin\x64\release\itilebuilder.obj
e:\deu_trunk\deu3d_tools\tilebuilder\bin\x64\release\vc100.pdb
e:\deu_trunk\deu3d_tools\tilebuilder\bin\x64\tilebuilder.dll
e:\deu_trunk\deu3d_tools\tilebuilder\bin\x64\release\deuglobeversioninfo.res
e:\deu_trunk\deu3d_tools\tilebuilder\bin\x64\tilebuilder.lib
e:\deu_trunk\deu3d_tools\tilebuilder\bin\x64\tilebuilder.exp
e:\deu_trunk\deu3d_tools\tilebuilder\bin\x64\release\cl.command.1.tlog
e:\deu_trunk\deu3d_tools\tilebuilder\bin\x64\release\cl.read.1.tlog
e:\deu_trunk\deu3d_tools\tilebuilder\bin\x64\release\cl.write.1.tlog
e:\deu_trunk\deu3d_tools\tilebuilder\bin\x64\release\link-cvtres.read.1.tlog
e:\deu_trunk\deu3d_tools\tilebuilder\bin\x64\release\link-cvtres.write.1.tlog
e:\deu_trunk\deu3d_tools\tilebuilder\bin\x64\release\link.command.1.tlog
e:\deu_trunk\deu3d_tools\tilebuilder\bin\x64\release\link.read.1.tlog
e:\deu_trunk\deu3d_tools\tilebuilder\bin\x64\release\link.write.1.tlog
e:\deu_trunk\deu3d_tools\tilebuilder\bin\x64\release\rc.command.1.tlog
e:\deu_trunk\deu3d_tools\tilebuilder\bin\x64\release\rc.read.1.tlog
e:\deu_trunk\deu3d_tools\tilebuilder\bin\x64\release\rc.write.1.tlog
e:\deu_trunk\deu3d_tools\tilebuilder\bin\x64\release\tilebuilder.write.1.tlog
