e:\deu_trunk\deu3d_osg\bin\win32\debug\enginedb_freetype\freetypefont.obj
e:\deu_trunk\deu3d_osg\bin\win32\debug\enginedb_freetype\readerwriterfreetype.obj
e:\deu_trunk\deu3d_osg\bin\win32\debug\enginedb_freetype\freetypelibrary.obj
e:\deu_trunk\deu3d_osg\bin\win32\enginedb_freetyped.pdb
e:\deu_trunk\deu3d_osg\bin\win32\enginedb_freetyped.ilk
e:\deu_trunk\deu3d_osg\bin\win32\enginedb_freetyped.dll
e:\deu_trunk\deu3d_osg\bin\win32\debug\enginedb_freetype\enginedb_freetyped.dll.intermediate.manifest
e:\deu_trunk\deu3d_osg\bin\win32\debug\enginedb_freetype\enginedb_freetyped.dll.embed.manifest
e:\deu_trunk\deu3d_osg\bin\win32\debug\enginedb_freetype\deuglobeversioninfo.res
e:\deu_trunk\deu3d_osg\bin\win32\debug\enginedb_freetype\enginedb_freetyped.dll.embed.manifest.res
e:\deu_trunk\deu3d_osg\bin\win32\debug\enginedb_freetype\cl.10332.read.1.tlog
e:\deu_trunk\deu3d_osg\bin\win32\debug\enginedb_freetype\cl.10332.write.1.tlog
e:\deu_trunk\deu3d_osg\bin\win32\debug\enginedb_freetype\cl.13816.read.1.tlog
e:\deu_trunk\deu3d_osg\bin\win32\debug\enginedb_freetype\cl.13816.write.1.tlog
e:\deu_trunk\deu3d_osg\bin\win32\debug\enginedb_freetype\cl.4780.read.1.tlog
e:\deu_trunk\deu3d_osg\bin\win32\debug\enginedb_freetype\cl.4780.write.1.tlog
e:\deu_trunk\deu3d_osg\bin\win32\debug\enginedb_freetype\cl.5180.read.1.tlog
e:\deu_trunk\deu3d_osg\bin\win32\debug\enginedb_freetype\cl.5180.write.1.tlog
e:\deu_trunk\deu3d_osg\bin\win32\debug\enginedb_freetype\cl.5348.read.1.tlog
e:\deu_trunk\deu3d_osg\bin\win32\debug\enginedb_freetype\cl.5348.write.1.tlog
e:\deu_trunk\deu3d_osg\bin\win32\debug\enginedb_freetype\cl.6004.read.1.tlog
e:\deu_trunk\deu3d_osg\bin\win32\debug\enginedb_freetype\cl.6004.write.1.tlog
e:\deu_trunk\deu3d_osg\bin\win32\debug\enginedb_freetype\cl.command.1.tlog
e:\deu_trunk\deu3d_osg\bin\win32\debug\enginedb_freetype\cl.read.1.tlog
e:\deu_trunk\deu3d_osg\bin\win32\debug\enginedb_freetype\cl.write.1.tlog
e:\deu_trunk\deu3d_osg\bin\win32\debug\enginedb_freetype\link-cvtres.read.1.tlog
e:\deu_trunk\deu3d_osg\bin\win32\debug\enginedb_freetype\link-cvtres.write.1.tlog
e:\deu_trunk\deu3d_osg\bin\win32\debug\enginedb_freetype\link.15100-cvtres.read.1.tlog
e:\deu_trunk\deu3d_osg\bin\win32\debug\enginedb_freetype\link.15100-cvtres.write.1.tlog
e:\deu_trunk\deu3d_osg\bin\win32\debug\enginedb_freetype\link.15100.read.1.tlog
e:\deu_trunk\deu3d_osg\bin\win32\debug\enginedb_freetype\link.15100.write.1.tlog
e:\deu_trunk\deu3d_osg\bin\win32\debug\enginedb_freetype\link.5520-cvtres.read.1.tlog
e:\deu_trunk\deu3d_osg\bin\win32\debug\enginedb_freetype\link.5520-cvtres.write.1.tlog
e:\deu_trunk\deu3d_osg\bin\win32\debug\enginedb_freetype\link.5520.read.1.tlog
e:\deu_trunk\deu3d_osg\bin\win32\debug\enginedb_freetype\link.5520.write.1.tlog
e:\deu_trunk\deu3d_osg\bin\win32\debug\enginedb_freetype\link.command.1.tlog
e:\deu_trunk\deu3d_osg\bin\win32\debug\enginedb_freetype\link.read.1.tlog
e:\deu_trunk\deu3d_osg\bin\win32\debug\enginedb_freetype\link.write.1.tlog
e:\deu_trunk\deu3d_osg\bin\win32\debug\enginedb_freetype\mt.command.1.tlog
e:\deu_trunk\deu3d_osg\bin\win32\debug\enginedb_freetype\mt.read.1.tlog
e:\deu_trunk\deu3d_osg\bin\win32\debug\enginedb_freetype\mt.write.1.tlog
e:\deu_trunk\deu3d_osg\bin\win32\debug\enginedb_freetype\rc.command.1.tlog
e:\deu_trunk\deu3d_osg\bin\win32\debug\enginedb_freetype\rc.read.1.tlog
e:\deu_trunk\deu3d_osg\bin\win32\debug\enginedb_freetype\rc.write.1.tlog
e:\deu_trunk\deu3d_osg\bin\win32\debug\enginedb_freetype\enginedb_freetyped_manifest.rc
e:\deu_trunk\deu3d_osg\src\osgplugins\freetype\..\..\..\bin\win32\enginedb_freetyped.dll
