e:\deu_trunk\deu3d_osg\bin\x64\debug\enginedb_png\readerwriterpng.obj
e:\deu_trunk\deu3d_osg\bin\x64\enginedb_pngd.pdb
e:\deu_trunk\deu3d_osg\bin\x64\enginedb_pngd.ilk
e:\deu_trunk\deu3d_osg\bin\x64\enginedb_pngd.dll
e:\deu_trunk\deu3d_osg\bin\x64\debug\enginedb_png\enginedb_pngd.dll.intermediate.manifest
e:\deu_trunk\deu3d_osg\bin\x64\debug\enginedb_png\enginedb_pngd.dll.embed.manifest
e:\deu_trunk\deu3d_osg\bin\x64\debug\enginedb_png\deuglobeversioninfo.res
e:\deu_trunk\deu3d_osg\bin\x64\debug\enginedb_png\enginedb_pngd.dll.embed.manifest.res
e:\deu_trunk\deu3d_osg\bin\x64\debug\enginedb_png\cl.command.1.tlog
e:\deu_trunk\deu3d_osg\bin\x64\debug\enginedb_png\cl.read.1.tlog
e:\deu_trunk\deu3d_osg\bin\x64\debug\enginedb_png\cl.write.1.tlog
e:\deu_trunk\deu3d_osg\bin\x64\debug\enginedb_png\link-cvtres.read.1.tlog
e:\deu_trunk\deu3d_osg\bin\x64\debug\enginedb_png\link-cvtres.write.1.tlog
e:\deu_trunk\deu3d_osg\bin\x64\debug\enginedb_png\link.13420-cvtres.read.1.tlog
e:\deu_trunk\deu3d_osg\bin\x64\debug\enginedb_png\link.13420-cvtres.write.1.tlog
e:\deu_trunk\deu3d_osg\bin\x64\debug\enginedb_png\link.13420.read.1.tlog
e:\deu_trunk\deu3d_osg\bin\x64\debug\enginedb_png\link.13420.write.1.tlog
e:\deu_trunk\deu3d_osg\bin\x64\debug\enginedb_png\link.4728-cvtres.read.1.tlog
e:\deu_trunk\deu3d_osg\bin\x64\debug\enginedb_png\link.4728-cvtres.write.1.tlog
e:\deu_trunk\deu3d_osg\bin\x64\debug\enginedb_png\link.4728.read.1.tlog
e:\deu_trunk\deu3d_osg\bin\x64\debug\enginedb_png\link.4728.write.1.tlog
e:\deu_trunk\deu3d_osg\bin\x64\debug\enginedb_png\link.command.1.tlog
e:\deu_trunk\deu3d_osg\bin\x64\debug\enginedb_png\link.read.1.tlog
e:\deu_trunk\deu3d_osg\bin\x64\debug\enginedb_png\link.write.1.tlog
e:\deu_trunk\deu3d_osg\bin\x64\debug\enginedb_png\mt.command.1.tlog
e:\deu_trunk\deu3d_osg\bin\x64\debug\enginedb_png\mt.read.1.tlog
e:\deu_trunk\deu3d_osg\bin\x64\debug\enginedb_png\mt.write.1.tlog
e:\deu_trunk\deu3d_osg\bin\x64\debug\enginedb_png\rc.command.1.tlog
e:\deu_trunk\deu3d_osg\bin\x64\debug\enginedb_png\rc.read.1.tlog
e:\deu_trunk\deu3d_osg\bin\x64\debug\enginedb_png\rc.write.1.tlog
e:\deu_trunk\deu3d_osg\bin\x64\debug\enginedb_png\enginedb_pngd_manifest.rc
e:\deu_trunk\deu3d_osg\src\osgplugins\png\..\..\..\bin\x64\enginedb_pngd.dll
