e:\deu_trunk\deu3d_osg\bin\x64\release\enginedb_tiff\readerwritertiff.obj
e:\deu_trunk\deu3d_osg\bin\x64\enginedb_tiff.dll
e:\deu_trunk\deu3d_osg\bin\x64\release\enginedb_tiff\enginedb_tiff.dll.intermediate.manifest
e:\deu_trunk\deu3d_osg\bin\x64\release\enginedb_tiff\deuglobeversioninfo.res
e:\deu_trunk\deu3d_osg\bin\x64\release\enginedb_tiff\cl.command.1.tlog
e:\deu_trunk\deu3d_osg\bin\x64\release\enginedb_tiff\cl.read.1.tlog
e:\deu_trunk\deu3d_osg\bin\x64\release\enginedb_tiff\cl.write.1.tlog
e:\deu_trunk\deu3d_osg\bin\x64\release\enginedb_tiff\link.16272-cvtres.read.1.tlog
e:\deu_trunk\deu3d_osg\bin\x64\release\enginedb_tiff\link.16272-cvtres.write.1.tlog
e:\deu_trunk\deu3d_osg\bin\x64\release\enginedb_tiff\link.16272.read.1.tlog
e:\deu_trunk\deu3d_osg\bin\x64\release\enginedb_tiff\link.16272.write.1.tlog
e:\deu_trunk\deu3d_osg\bin\x64\release\enginedb_tiff\link.2172-cvtres.read.1.tlog
e:\deu_trunk\deu3d_osg\bin\x64\release\enginedb_tiff\link.2172-cvtres.write.1.tlog
e:\deu_trunk\deu3d_osg\bin\x64\release\enginedb_tiff\link.2172.read.1.tlog
e:\deu_trunk\deu3d_osg\bin\x64\release\enginedb_tiff\link.2172.write.1.tlog
e:\deu_trunk\deu3d_osg\bin\x64\release\enginedb_tiff\link.command.1.tlog
e:\deu_trunk\deu3d_osg\bin\x64\release\enginedb_tiff\link.read.1.tlog
e:\deu_trunk\deu3d_osg\bin\x64\release\enginedb_tiff\link.write.1.tlog
e:\deu_trunk\deu3d_osg\bin\x64\release\enginedb_tiff\mt.command.1.tlog
e:\deu_trunk\deu3d_osg\bin\x64\release\enginedb_tiff\mt.read.1.tlog
e:\deu_trunk\deu3d_osg\bin\x64\release\enginedb_tiff\mt.write.1.tlog
e:\deu_trunk\deu3d_osg\bin\x64\release\enginedb_tiff\rc.command.1.tlog
e:\deu_trunk\deu3d_osg\bin\x64\release\enginedb_tiff\rc.read.1.tlog
e:\deu_trunk\deu3d_osg\bin\x64\release\enginedb_tiff\rc.write.1.tlog
e:\deu_trunk\deu3d_osg\src\osgplugins\tiff\..\..\..\bin\x64\enginedb_tiff.dll
