e:\deu_trunk\deu3d_osg\bin\x64\debug\enginedb_tiff\readerwritertiff.obj
e:\deu_trunk\deu3d_osg\bin\x64\enginedb_tiffd.pdb
e:\deu_trunk\deu3d_osg\bin\x64\enginedb_tiffd.ilk
e:\deu_trunk\deu3d_osg\bin\x64\enginedb_tiffd.dll
e:\deu_trunk\deu3d_osg\bin\x64\debug\enginedb_tiff\enginedb_tiffd.dll.intermediate.manifest
e:\deu_trunk\deu3d_osg\bin\x64\debug\enginedb_tiff\enginedb_tiffd.dll.embed.manifest
e:\deu_trunk\deu3d_osg\bin\x64\debug\enginedb_tiff\deuglobeversioninfo.res
e:\deu_trunk\deu3d_osg\bin\x64\debug\enginedb_tiff\enginedb_tiffd.dll.embed.manifest.res
e:\deu_trunk\deu3d_osg\bin\x64\debug\enginedb_tiff\cl.command.1.tlog
e:\deu_trunk\deu3d_osg\bin\x64\debug\enginedb_tiff\cl.read.1.tlog
e:\deu_trunk\deu3d_osg\bin\x64\debug\enginedb_tiff\cl.write.1.tlog
e:\deu_trunk\deu3d_osg\bin\x64\debug\enginedb_tiff\link.14340-cvtres.read.1.tlog
e:\deu_trunk\deu3d_osg\bin\x64\debug\enginedb_tiff\link.14340-cvtres.write.1.tlog
e:\deu_trunk\deu3d_osg\bin\x64\debug\enginedb_tiff\link.14340.read.1.tlog
e:\deu_trunk\deu3d_osg\bin\x64\debug\enginedb_tiff\link.14340.write.1.tlog
e:\deu_trunk\deu3d_osg\bin\x64\debug\enginedb_tiff\link.4660-cvtres.read.1.tlog
e:\deu_trunk\deu3d_osg\bin\x64\debug\enginedb_tiff\link.4660-cvtres.write.1.tlog
e:\deu_trunk\deu3d_osg\bin\x64\debug\enginedb_tiff\link.4660.read.1.tlog
e:\deu_trunk\deu3d_osg\bin\x64\debug\enginedb_tiff\link.4660.write.1.tlog
e:\deu_trunk\deu3d_osg\bin\x64\debug\enginedb_tiff\link.6124-cvtres.read.1.tlog
e:\deu_trunk\deu3d_osg\bin\x64\debug\enginedb_tiff\link.6124-cvtres.write.1.tlog
e:\deu_trunk\deu3d_osg\bin\x64\debug\enginedb_tiff\link.6124.read.1.tlog
e:\deu_trunk\deu3d_osg\bin\x64\debug\enginedb_tiff\link.6124.write.1.tlog
e:\deu_trunk\deu3d_osg\bin\x64\debug\enginedb_tiff\link.command.1.tlog
e:\deu_trunk\deu3d_osg\bin\x64\debug\enginedb_tiff\link.read.1.tlog
e:\deu_trunk\deu3d_osg\bin\x64\debug\enginedb_tiff\link.write.1.tlog
e:\deu_trunk\deu3d_osg\bin\x64\debug\enginedb_tiff\mt.command.1.tlog
e:\deu_trunk\deu3d_osg\bin\x64\debug\enginedb_tiff\mt.read.1.tlog
e:\deu_trunk\deu3d_osg\bin\x64\debug\enginedb_tiff\mt.write.1.tlog
e:\deu_trunk\deu3d_osg\bin\x64\debug\enginedb_tiff\rc.command.1.tlog
e:\deu_trunk\deu3d_osg\bin\x64\debug\enginedb_tiff\rc.read.1.tlog
e:\deu_trunk\deu3d_osg\bin\x64\debug\enginedb_tiff\rc.write.1.tlog
e:\deu_trunk\deu3d_osg\bin\x64\debug\enginedb_tiff\enginedb_tiffd_manifest.rc
e:\deu_trunk\deu3d_osg\src\osgplugins\tiff\..\..\..\bin\x64\enginedb_tiffd.dll
