e:\deu_trunk\deu3d_osg\bin\win32\debug\enginedb_bmp\readerwriterbmp.obj
e:\deu_trunk\deu3d_osg\bin\win32\enginedb_bmpd.pdb
e:\deu_trunk\deu3d_osg\bin\win32\enginedb_bmpd.ilk
e:\deu_trunk\deu3d_osg\bin\win32\enginedb_bmpd.dll
e:\deu_trunk\deu3d_osg\bin\win32\debug\enginedb_bmp\enginedb_bmpd.dll.intermediate.manifest
e:\deu_trunk\deu3d_osg\bin\win32\debug\enginedb_bmp\enginedb_bmpd.dll.embed.manifest
e:\deu_trunk\deu3d_osg\bin\win32\debug\enginedb_bmp\deuglobeversioninfo.res
e:\deu_trunk\deu3d_osg\bin\win32\debug\enginedb_bmp\enginedb_bmpd.dll.embed.manifest.res
e:\deu_trunk\deu3d_osg\bin\win32\debug\enginedb_bmp\cl.command.1.tlog
e:\deu_trunk\deu3d_osg\bin\win32\debug\enginedb_bmp\cl.read.1.tlog
e:\deu_trunk\deu3d_osg\bin\win32\debug\enginedb_bmp\cl.write.1.tlog
e:\deu_trunk\deu3d_osg\bin\win32\debug\enginedb_bmp\link-cvtres.read.1.tlog
e:\deu_trunk\deu3d_osg\bin\win32\debug\enginedb_bmp\link-cvtres.write.1.tlog
e:\deu_trunk\deu3d_osg\bin\win32\debug\enginedb_bmp\link.14632-cvtres.read.1.tlog
e:\deu_trunk\deu3d_osg\bin\win32\debug\enginedb_bmp\link.14632-cvtres.write.1.tlog
e:\deu_trunk\deu3d_osg\bin\win32\debug\enginedb_bmp\link.14632.read.1.tlog
e:\deu_trunk\deu3d_osg\bin\win32\debug\enginedb_bmp\link.14632.write.1.tlog
e:\deu_trunk\deu3d_osg\bin\win32\debug\enginedb_bmp\link.5224-cvtres.read.1.tlog
e:\deu_trunk\deu3d_osg\bin\win32\debug\enginedb_bmp\link.5224-cvtres.write.1.tlog
e:\deu_trunk\deu3d_osg\bin\win32\debug\enginedb_bmp\link.5224.read.1.tlog
e:\deu_trunk\deu3d_osg\bin\win32\debug\enginedb_bmp\link.5224.write.1.tlog
e:\deu_trunk\deu3d_osg\bin\win32\debug\enginedb_bmp\link.command.1.tlog
e:\deu_trunk\deu3d_osg\bin\win32\debug\enginedb_bmp\link.read.1.tlog
e:\deu_trunk\deu3d_osg\bin\win32\debug\enginedb_bmp\link.write.1.tlog
e:\deu_trunk\deu3d_osg\bin\win32\debug\enginedb_bmp\mt.command.1.tlog
e:\deu_trunk\deu3d_osg\bin\win32\debug\enginedb_bmp\mt.read.1.tlog
e:\deu_trunk\deu3d_osg\bin\win32\debug\enginedb_bmp\mt.write.1.tlog
e:\deu_trunk\deu3d_osg\bin\win32\debug\enginedb_bmp\rc.command.1.tlog
e:\deu_trunk\deu3d_osg\bin\win32\debug\enginedb_bmp\rc.read.1.tlog
e:\deu_trunk\deu3d_osg\bin\win32\debug\enginedb_bmp\rc.write.1.tlog
e:\deu_trunk\deu3d_osg\bin\win32\debug\enginedb_bmp\enginedb_bmpd_manifest.rc
e:\deu_trunk\deu3d_osg\src\osgplugins\bmp\..\..\..\bin\win32\enginedb_bmpd.dll
