e:\deu_trunk\deu3d_platformcore\parametersys\bin\win32\debug\dynpointclouddetail.obj
e:\deu_trunk\deu3d_platformcore\parametersys\bin\win32\debug\dynpointdetail.obj
e:\deu_trunk\deu3d_platformcore\parametersys\bin\win32\debug\faceparameter.obj
e:\deu_trunk\deu3d_platformcore\parametersys\bin\win32\debug\lineparameter.obj
e:\deu_trunk\deu3d_platformcore\parametersys\bin\win32\debug\parameter.obj
e:\deu_trunk\deu3d_platformcore\parametersys\bin\win32\debug\pipeconnectorbuilder.obj
e:\deu_trunk\deu3d_platformcore\parametersys\bin\win32\debug\pipeconnectordetail.obj
e:\deu_trunk\deu3d_platformcore\parametersys\bin\win32\debug\pointparameter.obj
e:\deu_trunk\deu3d_platformcore\parametersys\bin\win32\debug\detail.obj
e:\deu_trunk\deu3d_platformcore\parametersys\bin\win32\debug\polygondetail.obj
e:\deu_trunk\deu3d_platformcore\parametersys\bin\win32\debug\polygonpipeconnectorbuilder.obj
e:\deu_trunk\deu3d_platformcore\parametersys\bin\win32\debug\polygonpipeconnectordetail.obj
e:\deu_trunk\deu3d_platformcore\parametersys\bin\win32\debug\prismdetail.obj
e:\deu_trunk\deu3d_platformcore\parametersys\bin\win32\debug\pyramiddetail.obj
e:\deu_trunk\deu3d_platformcore\parametersys\bin\win32\debug\rectpipeconnectorbuilder.obj
e:\deu_trunk\deu3d_platformcore\parametersys\bin\win32\debug\rectpipeconnectordetail.obj
e:\deu_trunk\deu3d_platformcore\parametersys\bin\win32\debug\roundtabledetail.obj
e:\deu_trunk\deu3d_platformcore\parametersys\bin\win32\debug\sectordetail.obj
e:\deu_trunk\deu3d_platformcore\parametersys\bin\win32\debug\spheredetail.obj
e:\deu_trunk\deu3d_platformcore\parametersys\bin\win32\debug\staticmodeldetail.obj
e:\deu_trunk\deu3d_platformcore\parametersys\bin\win32\debug\bubbletextdetail.obj
e:\deu_trunk\deu3d_platformcore\parametersys\bin\win32\debug\cubedetail.obj
e:\deu_trunk\deu3d_platformcore\parametersys\bin\win32\debug\cylinderdetail.obj
e:\deu_trunk\deu3d_platformcore\parametersys\bin\win32\debug\dynfacedetail.obj
e:\deu_trunk\deu3d_platformcore\parametersys\bin\win32\debug\dynimagedetail.obj
e:\deu_trunk\deu3d_platformcore\parametersys\bin\win32\debug\dynlinedetail.obj
e:\deu_trunk\deu3d_platformcore\parametersys\bin\win32\debug\dynmodeldetail.obj
e:\deu_trunk\deu3d_platformcore\parametersys\bin\win32\debug\vc100.pdb
e:\deu_trunk\deu3d_platformcore\parametersys\bin\win32\parametersysd.ilk
e:\deu_trunk\deu3d_platformcore\parametersys\bin\win32\parametersysd.dll
e:\deu_trunk\deu3d_platformcore\parametersys\bin\win32\debug\parametersysd.dll.intermediate.manifest
e:\deu_trunk\deu3d_platformcore\parametersys\bin\win32\parametersysd.pdb
e:\deu_trunk\deu3d_platformcore\parametersys\bin\win32\debug\parametersysd.dll.embed.manifest
e:\deu_trunk\deu3d_platformcore\parametersys\bin\win32\parametersysd.lib
e:\deu_trunk\deu3d_platformcore\parametersys\bin\win32\parametersysd.exp
e:\deu_trunk\deu3d_platformcore\parametersys\bin\win32\debug\parametersysd.dll.embed.manifest.res
e:\deu_trunk\deu3d_platformcore\parametersys\bin\win32\debug\deuglobeversioninfo.res
e:\deu_trunk\deu3d_platformcore\parametersys\bin\win32\debug\cl.command.1.tlog
e:\deu_trunk\deu3d_platformcore\parametersys\bin\win32\debug\cl.read.1.tlog
e:\deu_trunk\deu3d_platformcore\parametersys\bin\win32\debug\cl.write.1.tlog
e:\deu_trunk\deu3d_platformcore\parametersys\bin\win32\debug\link-cvtres.read.1.tlog
e:\deu_trunk\deu3d_platformcore\parametersys\bin\win32\debug\link-cvtres.write.1.tlog
e:\deu_trunk\deu3d_platformcore\parametersys\bin\win32\debug\link.16376-cvtres.read.1.tlog
e:\deu_trunk\deu3d_platformcore\parametersys\bin\win32\debug\link.16376-cvtres.write.1.tlog
e:\deu_trunk\deu3d_platformcore\parametersys\bin\win32\debug\link.16376.read.1.tlog
e:\deu_trunk\deu3d_platformcore\parametersys\bin\win32\debug\link.16376.write.1.tlog
e:\deu_trunk\deu3d_platformcore\parametersys\bin\win32\debug\link.2664-cvtres.read.1.tlog
e:\deu_trunk\deu3d_platformcore\parametersys\bin\win32\debug\link.2664-cvtres.write.1.tlog
e:\deu_trunk\deu3d_platformcore\parametersys\bin\win32\debug\link.2664.read.1.tlog
e:\deu_trunk\deu3d_platformcore\parametersys\bin\win32\debug\link.2664.write.1.tlog
e:\deu_trunk\deu3d_platformcore\parametersys\bin\win32\debug\link.2704-cvtres.read.1.tlog
e:\deu_trunk\deu3d_platformcore\parametersys\bin\win32\debug\link.2704-cvtres.write.1.tlog
e:\deu_trunk\deu3d_platformcore\parametersys\bin\win32\debug\link.2704.read.1.tlog
e:\deu_trunk\deu3d_platformcore\parametersys\bin\win32\debug\link.2704.write.1.tlog
e:\deu_trunk\deu3d_platformcore\parametersys\bin\win32\debug\link.command.1.tlog
e:\deu_trunk\deu3d_platformcore\parametersys\bin\win32\debug\link.read.1.tlog
e:\deu_trunk\deu3d_platformcore\parametersys\bin\win32\debug\link.write.1.tlog
e:\deu_trunk\deu3d_platformcore\parametersys\bin\win32\debug\mt.command.1.tlog
e:\deu_trunk\deu3d_platformcore\parametersys\bin\win32\debug\mt.read.1.tlog
e:\deu_trunk\deu3d_platformcore\parametersys\bin\win32\debug\mt.write.1.tlog
e:\deu_trunk\deu3d_platformcore\parametersys\bin\win32\debug\parametersys.write.1.tlog
e:\deu_trunk\deu3d_platformcore\parametersys\bin\win32\debug\rc.command.1.tlog
e:\deu_trunk\deu3d_platformcore\parametersys\bin\win32\debug\rc.read.1.tlog
e:\deu_trunk\deu3d_platformcore\parametersys\bin\win32\debug\rc.write.1.tlog
e:\deu_trunk\deu3d_platformcore\parametersys\bin\win32\debug\vc100.idb
e:\deu_trunk\deu3d_platformcore\parametersys\bin\win32\debug\parametersysd_manifest.rc
