e:\deu_trunk\deu3d_osg\bin\x64\debug\engineshadow\viewdependentshadowtechnique.obj
e:\deu_trunk\deu3d_osg\bin\x64\debug\engineshadow\version.obj
e:\deu_trunk\deu3d_osg\bin\x64\debug\engineshadow\standardshadowmap.obj
e:\deu_trunk\deu3d_osg\bin\x64\debug\engineshadow\softshadowmap.obj
e:\deu_trunk\deu3d_osg\bin\x64\debug\engineshadow\shadowvolume.obj
e:\deu_trunk\deu3d_osg\bin\x64\debug\engineshadow\shadowtexture.obj
e:\deu_trunk\deu3d_osg\bin\x64\debug\engineshadow\shadowtechnique.obj
e:\deu_trunk\deu3d_osg\bin\x64\debug\engineshadow\shadowmap.obj
e:\deu_trunk\deu3d_osg\bin\x64\debug\engineshadow\shadowedscene.obj
e:\deu_trunk\deu3d_osg\bin\x64\debug\engineshadow\parallelsplitshadowmap.obj
e:\deu_trunk\deu3d_osg\bin\x64\debug\engineshadow\occludergeometry.obj
e:\deu_trunk\deu3d_osg\bin\x64\debug\engineshadow\minimalshadowmap.obj
e:\deu_trunk\deu3d_osg\bin\x64\debug\engineshadow\minimaldrawboundsshadowmap.obj
e:\deu_trunk\deu3d_osg\bin\x64\debug\engineshadow\minimalcullboundsshadowmap.obj
e:\deu_trunk\deu3d_osg\bin\x64\debug\engineshadow\lightspaceperspectiveshadowmap.obj
e:\deu_trunk\deu3d_osg\bin\x64\debug\engineshadow\debugshadowmap.obj
e:\deu_trunk\deu3d_osg\bin\x64\debug\engineshadow\convexpolyhedron.obj
e:\deu_trunk\deu3d_osg\bin\x64\engineshadowd.pdb
e:\deu_trunk\deu3d_osg\bin\x64\engineshadowd.ilk
e:\deu_trunk\deu3d_osg\bin\x64\engineshadowd.dll
e:\deu_trunk\deu3d_osg\bin\x64\debug\engineshadow\engineshadowd.dll.intermediate.manifest
e:\deu_trunk\deu3d_osg\bin\x64\debug\engineshadow\engineshadowd.dll.embed.manifest
e:\deu_trunk\deu3d_osg\bin\x64\engineshadowd.lib
e:\deu_trunk\deu3d_osg\bin\x64\engineshadowd.exp
e:\deu_trunk\deu3d_osg\bin\x64\debug\engineshadow\deuglobeversioninfo.res
e:\deu_trunk\deu3d_osg\bin\x64\debug\engineshadow\engineshadowd.dll.embed.manifest.res
e:\deu_trunk\deu3d_osg\bin\x64\debug\engineshadow\cl.command.1.tlog
e:\deu_trunk\deu3d_osg\bin\x64\debug\engineshadow\cl.read.1.tlog
e:\deu_trunk\deu3d_osg\bin\x64\debug\engineshadow\cl.write.1.tlog
e:\deu_trunk\deu3d_osg\bin\x64\debug\engineshadow\link-cvtres.read.1.tlog
e:\deu_trunk\deu3d_osg\bin\x64\debug\engineshadow\link-cvtres.write.1.tlog
e:\deu_trunk\deu3d_osg\bin\x64\debug\engineshadow\link.16072-cvtres.read.1.tlog
e:\deu_trunk\deu3d_osg\bin\x64\debug\engineshadow\link.16072-cvtres.write.1.tlog
e:\deu_trunk\deu3d_osg\bin\x64\debug\engineshadow\link.16072.read.1.tlog
e:\deu_trunk\deu3d_osg\bin\x64\debug\engineshadow\link.16072.write.1.tlog
e:\deu_trunk\deu3d_osg\bin\x64\debug\engineshadow\link.5268-cvtres.read.1.tlog
e:\deu_trunk\deu3d_osg\bin\x64\debug\engineshadow\link.5268-cvtres.write.1.tlog
e:\deu_trunk\deu3d_osg\bin\x64\debug\engineshadow\link.5268.read.1.tlog
e:\deu_trunk\deu3d_osg\bin\x64\debug\engineshadow\link.5268.write.1.tlog
e:\deu_trunk\deu3d_osg\bin\x64\debug\engineshadow\link.command.1.tlog
e:\deu_trunk\deu3d_osg\bin\x64\debug\engineshadow\link.read.1.tlog
e:\deu_trunk\deu3d_osg\bin\x64\debug\engineshadow\link.write.1.tlog
e:\deu_trunk\deu3d_osg\bin\x64\debug\engineshadow\mt.command.1.tlog
e:\deu_trunk\deu3d_osg\bin\x64\debug\engineshadow\mt.read.1.tlog
e:\deu_trunk\deu3d_osg\bin\x64\debug\engineshadow\mt.write.1.tlog
e:\deu_trunk\deu3d_osg\bin\x64\debug\engineshadow\osgshadow.write.1.tlog
e:\deu_trunk\deu3d_osg\bin\x64\debug\engineshadow\rc.command.1.tlog
e:\deu_trunk\deu3d_osg\bin\x64\debug\engineshadow\rc.read.1.tlog
e:\deu_trunk\deu3d_osg\bin\x64\debug\engineshadow\rc.write.1.tlog
e:\deu_trunk\deu3d_osg\bin\x64\debug\engineshadow\engineshadowd_manifest.rc
e:\deu_trunk\deu3d_osg\src\osgshadow\..\..\bin\x64\engineshadowd.dll
