e:\deu_trunk\deu3d_platformcore\externalservice\bin\x64\release\wmtsdriver.obj
e:\deu_trunk\deu3d_platformcore\externalservice\bin\x64\release\wmstileset.obj
e:\deu_trunk\deu3d_platformcore\externalservice\bin\x64\release\wmsdriver.obj
e:\deu_trunk\deu3d_platformcore\externalservice\bin\x64\release\wfsdriver.obj
e:\deu_trunk\deu3d_platformcore\externalservice\bin\x64\release\tileset.obj
e:\deu_trunk\deu3d_platformcore\externalservice\bin\x64\release\ogcfilter.obj
e:\deu_trunk\deu3d_platformcore\externalservice\bin\x64\release\mercatortileset.obj
e:\deu_trunk\deu3d_platformcore\externalservice\bin\x64\release\mercatordriver.obj
e:\deu_trunk\deu3d_platformcore\externalservice\bin\x64\release\featurelayer.obj
e:\deu_trunk\deu3d_platformcore\externalservice\bin\x64\release\deuutils.obj
e:\deu_trunk\deu3d_platformcore\externalservice\bin\x64\release\csimplehttpclient.obj
e:\deu_trunk\deu3d_platformcore\externalservice\bin\x64\release\comparefilter.obj
e:\deu_trunk\deu3d_platformcore\externalservice\bin\x64\release\bboxfilter.obj
e:\deu_trunk\deu3d_platformcore\externalservice\bin\x64\release\vc100.pdb
e:\deu_trunk\deu3d_platformcore\externalservice\bin\x64\externalservice.lib
e:\deu_trunk\deu3d_platformcore\externalservice\bin\x64\externalservice.exp
e:\deu_trunk\deu3d_platformcore\externalservice\bin\x64\externalservice.dll
e:\deu_trunk\deu3d_platformcore\externalservice\bin\x64\release\externalservice.dll.intermediate.manifest
e:\deu_trunk\deu3d_platformcore\externalservice\bin\x64\externalservice.pdb
e:\deu_trunk\deu3d_platformcore\externalservice\bin\x64\release\cl.command.1.tlog
e:\deu_trunk\deu3d_platformcore\externalservice\bin\x64\release\cl.read.1.tlog
e:\deu_trunk\deu3d_platformcore\externalservice\bin\x64\release\cl.write.1.tlog
e:\deu_trunk\deu3d_platformcore\externalservice\bin\x64\release\externalservice.write.1.tlog
e:\deu_trunk\deu3d_platformcore\externalservice\bin\x64\release\link.command.1.tlog
e:\deu_trunk\deu3d_platformcore\externalservice\bin\x64\release\link.read.1.tlog
e:\deu_trunk\deu3d_platformcore\externalservice\bin\x64\release\link.write.1.tlog
e:\deu_trunk\deu3d_platformcore\externalservice\bin\x64\release\mt.command.1.tlog
e:\deu_trunk\deu3d_platformcore\externalservice\bin\x64\release\mt.read.1.tlog
e:\deu_trunk\deu3d_platformcore\externalservice\bin\x64\release\mt.write.1.tlog
