e:\deu_trunk\deu3d_osg\bin\x64\release\engineanimation\stackedmatrixelement.obj
e:\deu_trunk\deu3d_osg\bin\x64\release\engineanimation\skeleton.obj
e:\deu_trunk\deu3d_osg\bin\x64\release\engineanimation\rigtransformsoftware.obj
e:\deu_trunk\deu3d_osg\bin\x64\release\engineanimation\rigtransformhardware.obj
e:\deu_trunk\deu3d_osg\bin\x64\release\engineanimation\riggeometry.obj
e:\deu_trunk\deu3d_osg\bin\x64\release\engineanimation\morphgeometry.obj
e:\deu_trunk\deu3d_osg\bin\x64\release\engineanimation\linkvisitor.obj
e:\deu_trunk\deu3d_osg\bin\x64\release\engineanimation\channel.obj
e:\deu_trunk\deu3d_osg\bin\x64\release\engineanimation\bonemapvisitor.obj
e:\deu_trunk\deu3d_osg\bin\x64\release\engineanimation\bone.obj
e:\deu_trunk\deu3d_osg\bin\x64\release\engineanimation\basicanimationmanager.obj
e:\deu_trunk\deu3d_osg\bin\x64\release\engineanimation\animationmanagerbase.obj
e:\deu_trunk\deu3d_osg\bin\x64\release\engineanimation\animation.obj
e:\deu_trunk\deu3d_osg\bin\x64\release\engineanimation\actionvisitor.obj
e:\deu_trunk\deu3d_osg\bin\x64\release\engineanimation\actionstripanimation.obj
e:\deu_trunk\deu3d_osg\bin\x64\release\engineanimation\actioncallback.obj
e:\deu_trunk\deu3d_osg\bin\x64\release\engineanimation\actionblendout.obj
e:\deu_trunk\deu3d_osg\bin\x64\release\engineanimation\actionblendin.obj
e:\deu_trunk\deu3d_osg\bin\x64\release\engineanimation\actionanimation.obj
e:\deu_trunk\deu3d_osg\bin\x64\release\engineanimation\action.obj
e:\deu_trunk\deu3d_osg\bin\x64\release\engineanimation\vertexinfluence.obj
e:\deu_trunk\deu3d_osg\bin\x64\release\engineanimation\updatematrixtransform.obj
e:\deu_trunk\deu3d_osg\bin\x64\release\engineanimation\updatematerial.obj
e:\deu_trunk\deu3d_osg\bin\x64\release\engineanimation\updatebone.obj
e:\deu_trunk\deu3d_osg\bin\x64\release\engineanimation\timelineanimationmanager.obj
e:\deu_trunk\deu3d_osg\bin\x64\release\engineanimation\timeline.obj
e:\deu_trunk\deu3d_osg\bin\x64\release\engineanimation\target.obj
e:\deu_trunk\deu3d_osg\bin\x64\release\engineanimation\statsvisitor.obj
e:\deu_trunk\deu3d_osg\bin\x64\release\engineanimation\statshandler.obj
e:\deu_trunk\deu3d_osg\bin\x64\release\engineanimation\stackedtranslateelement.obj
e:\deu_trunk\deu3d_osg\bin\x64\release\engineanimation\stackedtransform.obj
e:\deu_trunk\deu3d_osg\bin\x64\release\engineanimation\stackedscaleelement.obj
e:\deu_trunk\deu3d_osg\bin\x64\release\engineanimation\stackedrotateaxiselement.obj
e:\deu_trunk\deu3d_osg\bin\x64\release\engineanimation\stackedquaternionelement.obj
e:\deu_trunk\deu3d_osg\bin\x64\engineanimation.dll
e:\deu_trunk\deu3d_osg\bin\x64\release\engineanimation\engineanimation.dll.intermediate.manifest
e:\deu_trunk\deu3d_osg\bin\x64\engineanimation.lib
e:\deu_trunk\deu3d_osg\bin\x64\engineanimation.exp
e:\deu_trunk\deu3d_osg\bin\x64\release\engineanimation\deuglobeversioninfo.res
e:\deu_trunk\deu3d_osg\bin\x64\release\engineanimation\cl.command.1.tlog
e:\deu_trunk\deu3d_osg\bin\x64\release\engineanimation\cl.read.1.tlog
e:\deu_trunk\deu3d_osg\bin\x64\release\engineanimation\cl.write.1.tlog
e:\deu_trunk\deu3d_osg\bin\x64\release\engineanimation\link-cvtres.read.1.tlog
e:\deu_trunk\deu3d_osg\bin\x64\release\engineanimation\link-cvtres.write.1.tlog
e:\deu_trunk\deu3d_osg\bin\x64\release\engineanimation\link.command.1.tlog
e:\deu_trunk\deu3d_osg\bin\x64\release\engineanimation\link.read.1.tlog
e:\deu_trunk\deu3d_osg\bin\x64\release\engineanimation\link.write.1.tlog
e:\deu_trunk\deu3d_osg\bin\x64\release\engineanimation\mt.command.1.tlog
e:\deu_trunk\deu3d_osg\bin\x64\release\engineanimation\mt.read.1.tlog
e:\deu_trunk\deu3d_osg\bin\x64\release\engineanimation\mt.write.1.tlog
e:\deu_trunk\deu3d_osg\bin\x64\release\engineanimation\osganimation.write.1.tlog
e:\deu_trunk\deu3d_osg\bin\x64\release\engineanimation\rc.command.1.tlog
e:\deu_trunk\deu3d_osg\bin\x64\release\engineanimation\rc.read.1.tlog
e:\deu_trunk\deu3d_osg\bin\x64\release\engineanimation\rc.write.1.tlog
e:\deu_trunk\deu3d_osg\src\osganimation\..\..\bin\x64\engineanimation.dll
