e:\deu_trunk\deu3d_platformcore\virtualtilemanager\bin\x64\debug\ellipsoidmodel.obj
e:\deu_trunk\deu3d_platformcore\virtualtilemanager\bin\x64\debug\virtualcubemanager.obj
e:\deu_trunk\deu3d_platformcore\virtualtilemanager\bin\x64\debug\virtualtilemanager.obj
e:\deu_trunk\deu3d_platformcore\virtualtilemanager\bin\x64\debug\vc100.pdb
e:\deu_trunk\deu3d_platformcore\virtualtilemanager\bin\x64\virtualtilemanagerd.ilk
e:\deu_trunk\deu3d_platformcore\virtualtilemanager\bin\x64\virtualtilemanagerd.dll
e:\deu_trunk\deu3d_platformcore\virtualtilemanager\bin\x64\debug\virtualtilemanagerd.dll.intermediate.manifest
e:\deu_trunk\deu3d_platformcore\virtualtilemanager\bin\x64\virtualtilemanagerd.pdb
e:\deu_trunk\deu3d_platformcore\virtualtilemanager\bin\x64\debug\virtualtilemanagerd.dll.embed.manifest
e:\deu_trunk\deu3d_platformcore\virtualtilemanager\bin\x64\debug\deuglobeversioninfo.res
e:\deu_trunk\deu3d_platformcore\virtualtilemanager\bin\x64\debug\virtualtilemanagerd.dll.embed.manifest.res
e:\deu_trunk\deu3d_platformcore\virtualtilemanager\bin\x64\virtualtilemanagerd.lib
e:\deu_trunk\deu3d_platformcore\virtualtilemanager\bin\x64\virtualtilemanagerd.exp
e:\deu_trunk\deu3d_platformcore\virtualtilemanager\bin\x64\debug\cl.command.1.tlog
e:\deu_trunk\deu3d_platformcore\virtualtilemanager\bin\x64\debug\cl.read.1.tlog
e:\deu_trunk\deu3d_platformcore\virtualtilemanager\bin\x64\debug\cl.write.1.tlog
e:\deu_trunk\deu3d_platformcore\virtualtilemanager\bin\x64\debug\link-cvtres.read.1.tlog
e:\deu_trunk\deu3d_platformcore\virtualtilemanager\bin\x64\debug\link-cvtres.write.1.tlog
e:\deu_trunk\deu3d_platformcore\virtualtilemanager\bin\x64\debug\link.15248-cvtres.read.1.tlog
e:\deu_trunk\deu3d_platformcore\virtualtilemanager\bin\x64\debug\link.15248-cvtres.write.1.tlog
e:\deu_trunk\deu3d_platformcore\virtualtilemanager\bin\x64\debug\link.15248.read.1.tlog
e:\deu_trunk\deu3d_platformcore\virtualtilemanager\bin\x64\debug\link.15248.write.1.tlog
e:\deu_trunk\deu3d_platformcore\virtualtilemanager\bin\x64\debug\link.command.1.tlog
e:\deu_trunk\deu3d_platformcore\virtualtilemanager\bin\x64\debug\link.read.1.tlog
e:\deu_trunk\deu3d_platformcore\virtualtilemanager\bin\x64\debug\link.write.1.tlog
e:\deu_trunk\deu3d_platformcore\virtualtilemanager\bin\x64\debug\mt.command.1.tlog
e:\deu_trunk\deu3d_platformcore\virtualtilemanager\bin\x64\debug\mt.read.1.tlog
e:\deu_trunk\deu3d_platformcore\virtualtilemanager\bin\x64\debug\mt.write.1.tlog
e:\deu_trunk\deu3d_platformcore\virtualtilemanager\bin\x64\debug\rc.command.1.tlog
e:\deu_trunk\deu3d_platformcore\virtualtilemanager\bin\x64\debug\rc.read.1.tlog
e:\deu_trunk\deu3d_platformcore\virtualtilemanager\bin\x64\debug\rc.write.1.tlog
e:\deu_trunk\deu3d_platformcore\virtualtilemanager\bin\x64\debug\virtualtilemanager.write.1.tlog
e:\deu_trunk\deu3d_platformcore\virtualtilemanager\bin\x64\debug\vc100.idb
e:\deu_trunk\deu3d_platformcore\virtualtilemanager\bin\x64\debug\virtualtilemanagerd_manifest.rc
