e:\deu_trunk\deu3d_tools\wfsbuilder\bin\x64\release\wfsfilterbuilder.obj
e:\deu_trunk\deu3d_tools\wfsbuilder\bin\x64\release\wfsbuilder.obj
e:\deu_trunk\deu3d_tools\wfsbuilder\bin\x64\release\convertgml.obj
e:\deu_trunk\deu3d_tools\wfsbuilder\bin\x64\release\buildgml.obj
e:\deu_trunk\deu3d_tools\wfsbuilder\bin\x64\release\vc100.pdb
e:\deu_trunk\deu3d_tools\wfsbuilder\bin\x64\wfsbuilder.dll
e:\deu_trunk\deu3d_tools\wfsbuilder\bin\x64\release\wfsbuilder.dll.intermediate.manifest
e:\deu_trunk\deu3d_tools\wfsbuilder\bin\x64\wfsbuilder.pdb
e:\deu_trunk\deu3d_tools\wfsbuilder\bin\x64\wfsbuilder.lib
e:\deu_trunk\deu3d_tools\wfsbuilder\bin\x64\wfsbuilder.exp
e:\deu_trunk\deu3d_tools\wfsbuilder\bin\x64\release\cl.command.1.tlog
e:\deu_trunk\deu3d_tools\wfsbuilder\bin\x64\release\cl.read.1.tlog
e:\deu_trunk\deu3d_tools\wfsbuilder\bin\x64\release\cl.write.1.tlog
e:\deu_trunk\deu3d_tools\wfsbuilder\bin\x64\release\link.command.1.tlog
e:\deu_trunk\deu3d_tools\wfsbuilder\bin\x64\release\link.read.1.tlog
e:\deu_trunk\deu3d_tools\wfsbuilder\bin\x64\release\link.write.1.tlog
e:\deu_trunk\deu3d_tools\wfsbuilder\bin\x64\release\mt.command.1.tlog
e:\deu_trunk\deu3d_tools\wfsbuilder\bin\x64\release\mt.read.1.tlog
e:\deu_trunk\deu3d_tools\wfsbuilder\bin\x64\release\mt.write.1.tlog
e:\deu_trunk\deu3d_tools\wfsbuilder\bin\x64\release\wfsbuilder.write.1.tlog
