e:\deu_trunk\deu3d_platformcore\network\bin\win32\release\rcd.obj
e:\deu_trunk\deu3d_platformcore\network\bin\win32\release\deuserverconf.obj
e:\deu_trunk\deu3d_platformcore\network\bin\win32\release\deurcdinfo.obj
e:\deu_trunk\deu3d_platformcore\network\bin\win32\release\deuquerydata.obj
e:\deu_trunk\deu3d_platformcore\network\bin\win32\release\deunetwork.obj
e:\deu_trunk\deu3d_platformcore\network\bin\win32\release\csimplehttpclient.obj
e:\deu_trunk\deu3d_platformcore\network\bin\win32\release\cid2url.obj
e:\deu_trunk\deu3d_platformcore\network\bin\win32\release\vc100.pdb
e:\deu_trunk\deu3d_platformcore\network\bin\win32\network.dll
e:\deu_trunk\deu3d_platformcore\network\bin\win32\release\network.dll.intermediate.manifest
e:\deu_trunk\deu3d_platformcore\network\bin\win32\network.lib
e:\deu_trunk\deu3d_platformcore\network\bin\win32\network.exp
e:\deu_trunk\deu3d_platformcore\network\bin\win32\release\deuglobeversioninfo.res
e:\deu_trunk\deu3d_platformcore\network\bin\win32\release\cl.command.1.tlog
e:\deu_trunk\deu3d_platformcore\network\bin\win32\release\cl.read.1.tlog
e:\deu_trunk\deu3d_platformcore\network\bin\win32\release\cl.write.1.tlog
e:\deu_trunk\deu3d_platformcore\network\bin\win32\release\link-cvtres.read.1.tlog
e:\deu_trunk\deu3d_platformcore\network\bin\win32\release\link-cvtres.write.1.tlog
e:\deu_trunk\deu3d_platformcore\network\bin\win32\release\link.command.1.tlog
e:\deu_trunk\deu3d_platformcore\network\bin\win32\release\link.read.1.tlog
e:\deu_trunk\deu3d_platformcore\network\bin\win32\release\link.write.1.tlog
e:\deu_trunk\deu3d_platformcore\network\bin\win32\release\mt.command.1.tlog
e:\deu_trunk\deu3d_platformcore\network\bin\win32\release\mt.read.1.tlog
e:\deu_trunk\deu3d_platformcore\network\bin\win32\release\mt.write.1.tlog
e:\deu_trunk\deu3d_platformcore\network\bin\win32\release\network.write.1.tlog
e:\deu_trunk\deu3d_platformcore\network\bin\win32\release\rc.command.1.tlog
e:\deu_trunk\deu3d_platformcore\network\bin\win32\release\rc.read.1.tlog
e:\deu_trunk\deu3d_platformcore\network\bin\win32\release\rc.write.1.tlog
