e:\deu_trunk\deu3d_osg\bin\win32\debug\enginega\version.obj
e:\deu_trunk\deu3d_osg\bin\win32\debug\enginega\trackballmanipulator.obj
e:\deu_trunk\deu3d_osg\bin\win32\debug\enginega\statesetmanipulator.obj
e:\deu_trunk\deu3d_osg\bin\win32\debug\enginega\standardmanipulator.obj
e:\deu_trunk\deu3d_osg\bin\win32\debug\enginega\orbitmanipulator.obj
e:\deu_trunk\deu3d_osg\bin\win32\debug\enginega\cameramanipulator.obj
e:\deu_trunk\deu3d_osg\bin\win32\debug\enginega\guieventhandler.obj
e:\deu_trunk\deu3d_osg\bin\win32\debug\enginega\guieventadapter.obj
e:\deu_trunk\deu3d_osg\bin\win32\debug\enginega\eventvisitor.obj
e:\deu_trunk\deu3d_osg\bin\win32\debug\enginega\eventqueue.obj
e:\deu_trunk\deu3d_osg\bin\win32\debug\enginega\animationpathmanipulator.obj
e:\deu_trunk\deu3d_osg\bin\win32\enginegad.pdb
e:\deu_trunk\deu3d_osg\bin\win32\enginegad.ilk
e:\deu_trunk\deu3d_osg\bin\win32\enginegad.dll
e:\deu_trunk\deu3d_osg\bin\win32\debug\enginega\enginegad.dll.intermediate.manifest
e:\deu_trunk\deu3d_osg\bin\win32\debug\enginega\enginegad.dll.embed.manifest
e:\deu_trunk\deu3d_osg\bin\win32\enginegad.lib
e:\deu_trunk\deu3d_osg\bin\win32\enginegad.exp
e:\deu_trunk\deu3d_osg\bin\win32\debug\enginega\deuglobeversioninfo.res
e:\deu_trunk\deu3d_osg\bin\win32\debug\enginega\enginegad.dll.embed.manifest.res
e:\deu_trunk\deu3d_osg\bin\win32\debug\enginega\cl.command.1.tlog
e:\deu_trunk\deu3d_osg\bin\win32\debug\enginega\cl.read.1.tlog
e:\deu_trunk\deu3d_osg\bin\win32\debug\enginega\cl.write.1.tlog
e:\deu_trunk\deu3d_osg\bin\win32\debug\enginega\link-cvtres.read.1.tlog
e:\deu_trunk\deu3d_osg\bin\win32\debug\enginega\link-cvtres.write.1.tlog
e:\deu_trunk\deu3d_osg\bin\win32\debug\enginega\link.13656-cvtres.read.1.tlog
e:\deu_trunk\deu3d_osg\bin\win32\debug\enginega\link.13656-cvtres.write.1.tlog
e:\deu_trunk\deu3d_osg\bin\win32\debug\enginega\link.13656.read.1.tlog
e:\deu_trunk\deu3d_osg\bin\win32\debug\enginega\link.13656.write.1.tlog
e:\deu_trunk\deu3d_osg\bin\win32\debug\enginega\link.5760-cvtres.read.1.tlog
e:\deu_trunk\deu3d_osg\bin\win32\debug\enginega\link.5760-cvtres.write.1.tlog
e:\deu_trunk\deu3d_osg\bin\win32\debug\enginega\link.5760.read.1.tlog
e:\deu_trunk\deu3d_osg\bin\win32\debug\enginega\link.5760.write.1.tlog
e:\deu_trunk\deu3d_osg\bin\win32\debug\enginega\link.command.1.tlog
e:\deu_trunk\deu3d_osg\bin\win32\debug\enginega\link.read.1.tlog
e:\deu_trunk\deu3d_osg\bin\win32\debug\enginega\link.write.1.tlog
e:\deu_trunk\deu3d_osg\bin\win32\debug\enginega\mt.command.1.tlog
e:\deu_trunk\deu3d_osg\bin\win32\debug\enginega\mt.read.1.tlog
e:\deu_trunk\deu3d_osg\bin\win32\debug\enginega\mt.write.1.tlog
e:\deu_trunk\deu3d_osg\bin\win32\debug\enginega\osgga.write.1.tlog
e:\deu_trunk\deu3d_osg\bin\win32\debug\enginega\rc.command.1.tlog
e:\deu_trunk\deu3d_osg\bin\win32\debug\enginega\rc.read.1.tlog
e:\deu_trunk\deu3d_osg\bin\win32\debug\enginega\rc.write.1.tlog
e:\deu_trunk\deu3d_osg\bin\win32\debug\enginega\enginegad_manifest.rc
e:\deu_trunk\deu3d_osg\src\osgga\..\..\bin\win32\enginegad.dll
